#
# A fatal error has been detected by the Java Runtime Environment:
#
#  SIGSEGV (0xb) at pc=0x00007f2de9719206, pid=19449, tid=0x00007f2dd10eb700
#
# JRE version: Java(TM) SE Runtime Environment (8.0_181-b13) (build 1.8.0_181-b13)
# Java VM: Java HotSpot(TM) 64-Bit Server VM (25.181-b13 mixed mode linux-amd64 compressed oops)
# Problematic frame:
# V  [libjvm.so+0x5f5206]  GenerateOopMap::do_field(int, int, int, int)+0x46
#
# Failed to write core dump. Core dumps have been disabled. To enable core dumping, try "ulimit -c unlimited" before starting Java again
#
# If you would like to submit a bug report, please visit:
#   http://bugreport.java.com/bugreport/crash.jsp
#

---------------  T H R E A D  ---------------

Current thread (0x00007f2de4148800):  VMThread [stack: 0x00007f2dd0fec000,0x00007f2dd10ec000] [id=19463]

siginfo: si_signo: 11 (SIGSEGV), si_code: 1 (SEGV_MAPERR), si_addr: 0x0000000000000008

Registers:
RAX=0x0000000000000000, RBX=0x00007f2dd25fead8, RCX=0x00000000000000ca, RDX=0x00007f2dd260f170
RSP=0x00007f2dd10e9ba0, RBP=0x00007f2dd10e9c00, RSI=0x000000000000ea09, RDI=0x00007f2dd25fead8
R8 =0x000000000000001d, R9 =0x00007f2dd25ff2a8, R10=0x0000000000000007, R11=0x0000000000000000
R12=0x000000000000001d, R13=0x00007f2dd10e9e90, R14=0x00007f2dea0dd320, R15=0x0000000000000001
RIP=0x00007f2de9719206, EFLAGS=0x0000000000010202, CSGSFS=0x002b000000000033, ERR=0x0000000000000004
  TRAPNO=0x000000000000000e

Top of Stack: (sp=0x00007f2dd10e9ba0)
0x00007f2dd10e9ba0:   000000000000001d 00000000d10e9c40
0x00007f2dd10e9bb0:   00007f2dd10e9c00 00007f2de971e65c
0x00007f2dd10e9bc0:   0000000046000016 00007f2de97212ad
0x00007f2dd10e9bd0:   00007f2dd25ff2a8 00000000000000b4
0x00007f2dd10e9be0:   00000000000000b4 00007f2dd10e9e90
0x00007f2dd10e9bf0:   00007f2dea0dd320 00007f2dd25ff26d
0x00007f2dd10e9c00:   00007f2dd10e9ce0 00007f2de971f34b
0x00007f2dd10e9c10:   0000000000000001 00007f2dd10e9c70
0x00007f2dd10e9c20:   00007f2dd10e9c48 00007f2dd10e9c40
0x00007f2dd10e9c30:   00007f2de4057950 0000002bd10e9c80
0x00007f2dd10e9c40:   00007f2dd10e9c58 00007f2dd25ff2a8
0x00007f2dd10e9c50:   00007f2de4148800 000000200000001d
0x00007f2dd10e9c60:   000000b40000002b 000000b400000000
0x00007f2dd10e9c70:   00007f2dd25ff2a8 00007f2de4148800
0x00007f2dd10e9c80:   00007f2dd25ff2a8 00007f2de4148800
0x00007f2dd10e9c90:   00007f2dd25ff2a8 00007f2de4148800
0x00007f2dd10e9ca0:   00007f2dd25ff2a8 00007f2dd25ff2a8
0x00007f2dd10e9cb0:   00007f2de4148800 0000000000000000
0x00007f2dd10e9cc0:   0000000000000000 00007f2dd10e9e90
0x00007f2dd10e9cd0:   00007f2dd10e9cf0 00007f2dd10e9d90
0x00007f2dd10e9ce0:   00007f2dd10e9d40 00007f2de972021a
0x00007f2dd10e9cf0:   00007f2dea090ad0 00007f2deabd8330
0x00007f2dd10e9d00:   0000000000000002 00007f2dd25ff2a8
0x00007f2dd10e9d10:   00007f2de4057980 00007f2d00000001
0x00007f2dd10e9d20:   00007f2dd10e9dc0 00007f2dd10e9e90
0x00007f2dd10e9d30:   00007f2dea0ad9a8 00007f2dd10e9d60
0x00007f2dd10e9d40:   00007f2dd10e9e00 00007f2de97205cd
0x00007f2dd10e9d50:   00007f2dd10e9f00 00007f2de4148800
0x00007f2dd10e9d60:   00007f2dd10e0000 0000000000000000
0x00007f2dd10e9d70:   00007f2dd10e9ec0 0000001c00000000
0x00007f2dd10e9d80:   00007f2dea0765d0 00007f2dd25ff2a8
0x00007f2dd10e9d90:   00007f2de4140100 0000000000000000 

Instructions: (pc=0x00007f2de9719206)
0x00007f2de97191e6:   8b 40 08 48 8b 58 08 48 89 df e8 9b 19 f0 ff 48
0x00007f2de97191f6:   89 df 89 c6 e8 41 1a f0 ff 48 98 48 8b 44 c3 50
0x00007f2de9719206:   0f b6 40 08 3c 4c 0f 84 d6 00 00 00 3c 5b 0f 84
0x00007f2de9719216:   ce 00 00 00 3c 4a 0f 84 9e 01 00 00 3c 44 0f 1f 

Register to memory mapping:

RAX=0x0000000000000000 is an unknown value
RBX=0x00007f2dd25fead8 is pointing into metadata
RCX=0x00000000000000ca is an unknown value
RDX=0x00007f2dd260f170 is pointing into metadata
RSP=0x00007f2dd10e9ba0 is an unknown value
RBP=0x00007f2dd10e9c00 is an unknown value
RSI=0x000000000000ea09 is an unknown value
RDI=0x00007f2dd25fead8 is pointing into metadata
R8 =0x000000000000001d is an unknown value
R9 ={method} {0x00007f2dd25ff2a8} 'createUserSuperiorNotFoundTest' '()V' in 'com/future/OfficeInventorySystem/service/UserServiceImplTest'
R10=0x0000000000000007 is an unknown value
R11=0x0000000000000000 is an unknown value
R12=0x000000000000001d is an unknown value
R13=0x00007f2dd10e9e90 is an unknown value
R14=0x00007f2dea0dd320: <offset 0xfb9320> in /usr/lib/jvm/java-8-oracle/jre/lib/amd64/server/libjvm.so at 0x00007f2de9124000
R15=0x0000000000000001 is an unknown value


Stack: [0x00007f2dd0fec000,0x00007f2dd10ec000],  sp=0x00007f2dd10e9ba0,  free space=1014k
Native frames: (J=compiled Java code, j=interpreted, Vv=VM code, C=native code)
V  [libjvm.so+0x5f5206]  GenerateOopMap::do_field(int, int, int, int)+0x46
V  [libjvm.so+0x5fb34b]  GenerateOopMap::interp_bb(BasicBlock*)+0x2fb
V  [libjvm.so+0x5fc21a]  GenerateOopMap::do_interpretation()+0x17a
V  [libjvm.so+0x5fc5cd]  GenerateOopMap::compute_map(Thread*)+0x34d
V  [libjvm.so+0x91fcd4]  OopMapForCacheEntry::compute_map(Thread*)+0xb4
V  [libjvm.so+0x921a92]  OopMapCacheEntry::fill(methodHandle, int)+0x2d2
V  [libjvm.so+0x922244]  OopMapCache::compute_one_oop_map(methodHandle, int, InterpreterOopMap*)+0x124
V  [libjvm.so+0x922bee]  OopMapCache::lookup(methodHandle, int, InterpreterOopMap*) const+0x6de
V  [libjvm.so+0x64ab92]  InstanceKlass::mask_for(methodHandle, int, InterpreterOopMap*)+0x82
V  [libjvm.so+0x8bd3fd]  Method::mask_for(int, InterpreterOopMap*)+0x9d
V  [libjvm.so+0x7affb4]  VM_GetOrSetLocal::doit()+0x54
V  [libjvm.so+0xadb745]  VM_Operation::evaluate()+0x55
V  [libjvm.so+0xad9b0a]  VMThread::evaluate_operation(VM_Operation*)+0xba
V  [libjvm.so+0xad9e8e]  VMThread::loop()+0x1ce
V  [libjvm.so+0xada300]  VMThread::run()+0x70
V  [libjvm.so+0x930198]  java_start(Thread*)+0x108

VM_Operation (0x00007f2dd0ae2910): GetOrSetLocal, mode: safepoint, requested by thread 0x00007f2de4194800


---------------  P R O C E S S  ---------------

Java Threads: ( => current thread )
  0x00007f2de45b2800 JavaThread "Service Thread" daemon [_thread_blocked, id=19483, stack(0x00007f2dd00b9000,0x00007f2dd01ba000)]
  0x00007f2de45af000 JavaThread "C1 CompilerThread2" daemon [_thread_blocked, id=19482, stack(0x00007f2dd01bb000,0x00007f2dd02bb000)]
  0x00007f2de45ad000 JavaThread "C2 CompilerThread1" daemon [_thread_blocked, id=19481, stack(0x00007f2dd02bc000,0x00007f2dd03bc000)]
  0x00007f2de45a6800 JavaThread "C2 CompilerThread0" daemon [_thread_blocked, id=19480, stack(0x00007f2dd03bd000,0x00007f2dd04bd000)]
  0x00007f2da8001000 JavaThread "JDWP Command Reader" daemon [_thread_in_native, id=19479, stack(0x00007f2dd07e1000,0x00007f2dd08e2000)]
  0x00007f2de4198000 JavaThread "JDWP Event Helper Thread" daemon [_thread_blocked, id=19478, stack(0x00007f2dd08e2000,0x00007f2dd09e3000)]
  0x00007f2de4194800 JavaThread "JDWP Transport Listener: dt_socket" daemon [_thread_blocked, id=19475, stack(0x00007f2dd09e3000,0x00007f2dd0ae4000)]
  0x00007f2de4186000 JavaThread "Signal Dispatcher" daemon [_thread_blocked, id=19474, stack(0x00007f2dd0ce8000,0x00007f2dd0de9000)]
  0x00007f2de4154800 JavaThread "Finalizer" daemon [_thread_blocked, id=19469, stack(0x00007f2dd0de9000,0x00007f2dd0eea000)]
  0x00007f2de4152000 JavaThread "Reference Handler" daemon [_thread_blocked, id=19464, stack(0x00007f2dd0eea000,0x00007f2dd0feb000)]
  0x00007f2de4013000 JavaThread "main" [_thread_blocked, id=19455, stack(0x00007f2deac57000,0x00007f2dead57000)]

Other Threads:
=>0x00007f2de4148800 VMThread [stack: 0x00007f2dd0fec000,0x00007f2dd10ec000] [id=19463]
  0x00007f2de45b7800 WatcherThread [stack: 0x00007f2dc81b0000,0x00007f2dc82b0000] [id=19484]

VM state:at safepoint (normal execution)

VM Mutex/Monitor currently owned by a thread:  ([mutex/lock_event])
[0x00007f2de4007e70] Threads_lock - owner thread: 0x00007f2de4148800

Heap:
 PSYoungGen      total 36864K, used 22458K [0x00000000d7200000, 0x00000000dba00000, 0x0000000100000000)
  eden space 31744K, 60% used [0x00000000d7200000,0x00000000d84ce3a8,0x00000000d9100000)
  from space 5120K, 62% used [0x00000000d9600000,0x00000000d9920770,0x00000000d9b00000)
  to   space 5120K, 0% used [0x00000000d9100000,0x00000000d9100000,0x00000000d9600000)
 ParOldGen       total 84992K, used 8K [0x0000000085600000, 0x000000008a900000, 0x00000000d7200000)
  object space 84992K, 0% used [0x0000000085600000,0x0000000085602000,0x000000008a900000)
 Metaspace       used 9297K, capacity 9464K, committed 9728K, reserved 1056768K
  class space    used 1379K, capacity 1420K, committed 1536K, reserved 1048576K

Card table byte_map: [0x00007f2dd343c000,0x00007f2dd3812000] byte_map_base: 0x00007f2dd3011000

Marking Bits: (ParMarkBitMap*) 0x00007f2dea0f80a0
 Begin Bits: [0x00007f2dc82b0000, 0x00007f2dca158000)
 End Bits:   [0x00007f2dca158000, 0x00007f2dcc000000)

Polling page: 0x00007f2dead75000

CodeCache: size=245760Kb used=3569Kb max_used=3569Kb free=242190Kb
 bounds [0x00007f2dd3bd2000, 0x00007f2dd3f52000, 0x00007f2de2bd2000]
 total_blobs=1289 nmethods=1005 adapters=205
 compilation: enabled

Compilation events (10 events):
Event: 1.734 Thread 0x00007f2de45af000 1001       3       java.lang.Byte::<init> (10 bytes)
Event: 1.734 Thread 0x00007f2de45af000 nmethod 1001 0x00007f2dd3f4a7d0 code [0x00007f2dd3f4a940, 0x00007f2dd3f4ab50]
Event: 1.734 Thread 0x00007f2de45af000 1002       3       java.lang.Short::<init> (10 bytes)
Event: 1.734 Thread 0x00007f2de45af000 nmethod 1002 0x00007f2dd3f4a350 code [0x00007f2dd3f4a4c0, 0x00007f2dd3f4a6d0]
Event: 1.855 Thread 0x00007f2de45af000 1003       3       java.lang.AbstractStringBuilder::append (50 bytes)
Event: 1.856 Thread 0x00007f2de45af000 nmethod 1003 0x00007f2dd3f4fc50 code [0x00007f2dd3f4fe20, 0x00007f2dd3f50558]
Event: 1.901 Thread 0x00007f2de45af000 1004       3       java.lang.StringBuilder::append (8 bytes)
Event: 1.901 Thread 0x00007f2de45af000 nmethod 1004 0x00007f2dd3f49f90 code [0x00007f2dd3f4a100, 0x00007f2dd3f4a2a8]
Event: 47.608 Thread 0x00007f2de45af000 1005       3       java.lang.ThreadLocal::get (38 bytes)
Event: 47.609 Thread 0x00007f2de45af000 nmethod 1005 0x00007f2dd3f50890 code [0x00007f2dd3f50a20, 0x00007f2dd3f50df8]

GC Heap History (4 events):
Event: 0.930 GC heap before
{Heap before GC invocations=1 (full 0):
 PSYoungGen      total 36864K, used 31744K [0x00000000d7200000, 0x00000000d9b00000, 0x0000000100000000)
  eden space 31744K, 100% used [0x00000000d7200000,0x00000000d9100000,0x00000000d9100000)
  from space 5120K, 0% used [0x00000000d9600000,0x00000000d9600000,0x00000000d9b00000)
  to   space 5120K, 0% used [0x00000000d9100000,0x00000000d9100000,0x00000000d9600000)
 ParOldGen       total 84992K, used 0K [0x0000000085600000, 0x000000008a900000, 0x00000000d7200000)
  object space 84992K, 0% used [0x0000000085600000,0x0000000085600000,0x000000008a900000)
 Metaspace       used 6089K, capacity 6470K, committed 6784K, reserved 1056768K
  class space    used 770K, capacity 817K, committed 896K, reserved 1048576K
Event: 0.936 GC heap after
Heap after GC invocations=1 (full 0):
 PSYoungGen      total 36864K, used 2899K [0x00000000d7200000, 0x00000000d9b00000, 0x0000000100000000)
  eden space 31744K, 0% used [0x00000000d7200000,0x00000000d7200000,0x00000000d9100000)
  from space 5120K, 56% used [0x00000000d9100000,0x00000000d93d4e18,0x00000000d9600000)
  to   space 5120K, 0% used [0x00000000d9600000,0x00000000d9600000,0x00000000d9b00000)
 ParOldGen       total 84992K, used 8K [0x0000000085600000, 0x000000008a900000, 0x00000000d7200000)
  object space 84992K, 0% used [0x0000000085600000,0x0000000085602000,0x000000008a900000)
 Metaspace       used 6089K, capacity 6470K, committed 6784K, reserved 1056768K
  class space    used 770K, capacity 817K, committed 896K, reserved 1048576K
}
Event: 1.376 GC heap before
{Heap before GC invocations=2 (full 0):
 PSYoungGen      total 36864K, used 34643K [0x00000000d7200000, 0x00000000d9b00000, 0x0000000100000000)
  eden space 31744K, 100% used [0x00000000d7200000,0x00000000d9100000,0x00000000d9100000)
  from space 5120K, 56% used [0x00000000d9100000,0x00000000d93d4e18,0x00000000d9600000)
  to   space 5120K, 0% used [0x00000000d9600000,0x00000000d9600000,0x00000000d9b00000)
 ParOldGen       total 84992K, used 8K [0x0000000085600000, 0x000000008a900000, 0x00000000d7200000)
  object space 84992K, 0% used [0x0000000085600000,0x0000000085602000,0x000000008a900000)
 Metaspace       used 8139K, capacity 8318K, committed 8448K, reserved 1056768K
  class space    used 1178K, capacity 1221K, committed 1280K, reserved 1048576K
Event: 1.384 GC heap after
Heap after GC invocations=2 (full 0):
 PSYoungGen      total 36864K, used 3201K [0x00000000d7200000, 0x00000000dba00000, 0x0000000100000000)
  eden space 31744K, 0% used [0x00000000d7200000,0x00000000d7200000,0x00000000d9100000)
  from space 5120K, 62% used [0x00000000d9600000,0x00000000d9920770,0x00000000d9b00000)
  to   space 5120K, 0% used [0x00000000d9100000,0x00000000d9100000,0x00000000d9600000)
 ParOldGen       total 84992K, used 8K [0x0000000085600000, 0x000000008a900000, 0x00000000d7200000)
  object space 84992K, 0% used [0x0000000085600000,0x0000000085602000,0x000000008a900000)
 Metaspace       used 8139K, capacity 8318K, committed 8448K, reserved 1056768K
  class space    used 1178K, capacity 1221K, committed 1280K, reserved 1048576K
}

Deoptimization events (3 events):
Event: 1.139 Thread 0x00007f2de4013000 Uncommon trap: reason=range_check action=make_not_entrant pc=0x00007f2dd3e360b0 method=sun.reflect.generics.parser.SignatureParser.current()C @ 34
Event: 1.850 Thread 0x00007f2de4013000 Uncommon trap: reason=unstable_if action=reinterpret pc=0x00007f2dd3e5b76c method=java.lang.AbstractStringBuilder.append(Ljava/lang/String;)Ljava/lang/AbstractStringBuilder; @ 1
Event: 1.850 Thread 0x00007f2de4013000 Uncommon trap: reason=unstable_if action=reinterpret pc=0x00007f2dd3dc6878 method=java.lang.AbstractStringBuilder.append(Ljava/lang/String;)Ljava/lang/AbstractStringBuilder; @ 1

Classes redefined (4 events):
Event: 69.288 Thread 0x00007f2de4148800 redefined class name=com.future.OfficeInventorySystem.service.UserServiceImplTest, count=1
Event: 130.686 Thread 0x00007f2de4148800 redefined class name=com.future.OfficeInventorySystem.service.UserServiceImplTest, count=2
Event: 704.038 Thread 0x00007f2de4148800 redefined class name=com.future.OfficeInventorySystem.service.UserServiceImplTest, count=3
Event: 927.042 Thread 0x00007f2de4148800 redefined class name=com.future.OfficeInventorySystem.service.UserServiceImplTest, count=4

Internal exceptions (10 events):
Event: 0.400 Thread 0x00007f2de4013000 Exception <a 'java/io/FileNotFoundException'> (0x00000000d771ea80) thrown at [/HUDSON/workspace/8-2-build-linux-amd64/jdk8u181/11358/hotspot/src/share/vm/prims/jni.cpp, line 709]
Event: 0.438 Thread 0x00007f2de4013000 Exception <a 'java/security/PrivilegedActionException'> (0x00000000d7774ee8) thrown at [/HUDSON/workspace/8-2-build-linux-amd64/jdk8u181/11358/hotspot/src/share/vm/prims/jvm.cpp, line 1435]
Event: 0.438 Thread 0x00007f2de4013000 Exception <a 'java/security/PrivilegedActionException'> (0x00000000d77750f8) thrown at [/HUDSON/workspace/8-2-build-linux-amd64/jdk8u181/11358/hotspot/src/share/vm/prims/jvm.cpp, line 1435]
Event: 0.438 Thread 0x00007f2de4013000 Exception <a 'java/security/PrivilegedActionException'> (0x00000000d7777560) thrown at [/HUDSON/workspace/8-2-build-linux-amd64/jdk8u181/11358/hotspot/src/share/vm/prims/jvm.cpp, line 1435]
Event: 0.438 Thread 0x00007f2de4013000 Exception <a 'java/security/PrivilegedActionException'> (0x00000000d7777770) thrown at [/HUDSON/workspace/8-2-build-linux-amd64/jdk8u181/11358/hotspot/src/share/vm/prims/jvm.cpp, line 1435]
Event: 1.139 Thread 0x00007f2de4013000 Exception <a 'java/lang/ArrayIndexOutOfBoundsException': 18> (0x00000000d8343700) thrown at [/HUDSON/workspace/8-2-build-linux-amd64/jdk8u181/11358/hotspot/src/share/vm/interpreter/interpreterRuntime.cpp, line 366]
Event: 1.152 Thread 0x00007f2de4013000 Exception <a 'java/lang/ArrayIndexOutOfBoundsException': 22> (0x00000000d8465f40) thrown at [/HUDSON/workspace/8-2-build-linux-amd64/jdk8u181/11358/hotspot/src/share/vm/interpreter/interpreterRuntime.cpp, line 366]
Event: 1.153 Thread 0x00007f2de4013000 Exception <a 'java/lang/ArrayIndexOutOfBoundsException': 160> (0x00000000d846ab28) thrown at [/HUDSON/workspace/8-2-build-linux-amd64/jdk8u181/11358/hotspot/src/share/vm/interpreter/interpreterRuntime.cpp, line 366]
Event: 1.850 Thread 0x00007f2de4013000 Implicit null exception at 0x00007f2dd3e5b236 to 0x00007f2dd3e5b751
Event: 1.850 Thread 0x00007f2de4013000 Implicit null exception at 0x00007f2dd3dc6376 to 0x00007f2dd3dc6861

Events (10 events):
Event: 927.052 Executing VM operation: GetOrSetLocal done
Event: 927.053 Executing VM operation: GetOrSetLocal
Event: 927.053 Executing VM operation: GetOrSetLocal done
Event: 927.055 Executing VM operation: GetOrSetLocal
Event: 927.055 Executing VM operation: GetOrSetLocal done
Event: 927.056 Executing VM operation: GetOrSetLocal
Event: 927.056 Executing VM operation: GetOrSetLocal done
Event: 927.068 Executing VM operation: GetOrSetLocal
Event: 927.068 Executing VM operation: GetOrSetLocal done
Event: 927.095 Executing VM operation: GetOrSetLocal


Dynamic libraries:
00400000-00401000 r-xp 00000000 08:15 2906702                            /usr/lib/jvm/java-8-oracle/bin/java
00600000-00601000 rw-p 00000000 08:15 2906702                            /usr/lib/jvm/java-8-oracle/bin/java
00899000-008ba000 rw-p 00000000 00:00 0                                  [heap]
85600000-8a900000 rw-p 00000000 00:00 0 
8a900000-d7200000 ---p 00000000 00:00 0 
d7200000-dba00000 rw-p 00000000 00:00 0 
dba00000-100000000 ---p 00000000 00:00 0 
100000000-100180000 rw-p 00000000 00:00 0 
100180000-140000000 ---p 00000000 00:00 0 
7f2d84000000-7f2d84021000 rw-p 00000000 00:00 0 
7f2d84021000-7f2d88000000 ---p 00000000 00:00 0 
7f2d8c000000-7f2d8c021000 rw-p 00000000 00:00 0 
7f2d8c021000-7f2d90000000 ---p 00000000 00:00 0 
7f2d90000000-7f2d90372000 rw-p 00000000 00:00 0 
7f2d90372000-7f2d94000000 ---p 00000000 00:00 0 
7f2d94000000-7f2d94226000 rw-p 00000000 00:00 0 
7f2d94226000-7f2d98000000 ---p 00000000 00:00 0 
7f2d98000000-7f2d98214000 rw-p 00000000 00:00 0 
7f2d98214000-7f2d9c000000 ---p 00000000 00:00 0 
7f2d9c000000-7f2d9c029000 rw-p 00000000 00:00 0 
7f2d9c029000-7f2da0000000 ---p 00000000 00:00 0 
7f2da0000000-7f2da0021000 rw-p 00000000 00:00 0 
7f2da0021000-7f2da4000000 ---p 00000000 00:00 0 
7f2da4000000-7f2da4021000 rw-p 00000000 00:00 0 
7f2da4021000-7f2da8000000 ---p 00000000 00:00 0 
7f2da8000000-7f2da8021000 rw-p 00000000 00:00 0 
7f2da8021000-7f2dac000000 ---p 00000000 00:00 0 
7f2dac000000-7f2dac021000 rw-p 00000000 00:00 0 
7f2dac021000-7f2db0000000 ---p 00000000 00:00 0 
7f2db0000000-7f2db0021000 rw-p 00000000 00:00 0 
7f2db0021000-7f2db4000000 ---p 00000000 00:00 0 
7f2db4000000-7f2db4021000 rw-p 00000000 00:00 0 
7f2db4021000-7f2db8000000 ---p 00000000 00:00 0 
7f2db8000000-7f2db8296000 rw-p 00000000 00:00 0 
7f2db8296000-7f2dbc000000 ---p 00000000 00:00 0 
7f2dbc000000-7f2dbc021000 rw-p 00000000 00:00 0 
7f2dbc021000-7f2dc0000000 ---p 00000000 00:00 0 
7f2dc4000000-7f2dc4021000 rw-p 00000000 00:00 0 
7f2dc4021000-7f2dc8000000 ---p 00000000 00:00 0 
7f2dc81af000-7f2dc81b0000 ---p 00000000 00:00 0 
7f2dc81b0000-7f2dcc000000 rw-p 00000000 00:00 0 
7f2dcc000000-7f2dcc021000 rw-p 00000000 00:00 0 
7f2dcc021000-7f2dd0000000 ---p 00000000 00:00 0 
7f2dd00b9000-7f2dd00bc000 ---p 00000000 00:00 0 
7f2dd00bc000-7f2dd01ba000 rw-p 00000000 00:00 0 
7f2dd01ba000-7f2dd01bb000 ---p 00000000 00:00 0 
7f2dd01bb000-7f2dd01be000 ---p 00000000 00:00 0 
7f2dd01be000-7f2dd02bb000 rw-p 00000000 00:00 0 
7f2dd02bb000-7f2dd02bc000 ---p 00000000 00:00 0 
7f2dd02bc000-7f2dd02bf000 ---p 00000000 00:00 0 
7f2dd02bf000-7f2dd03bc000 rw-p 00000000 00:00 0 
7f2dd03bc000-7f2dd03bd000 ---p 00000000 00:00 0 
7f2dd03bd000-7f2dd03c0000 ---p 00000000 00:00 0 
7f2dd03c0000-7f2dd04bd000 rw-p 00000000 00:00 0 
7f2dd04bd000-7f2dd04c4000 r--s 00064000 08:15 1316049                    /opt/idea-IU-182.4323.46/lib/rt/debugger-agent.jar
7f2dd04c4000-7f2dd04d4000 r--s 001c7000 08:15 2507489                    /home/priagung/.m2/repository/com/h2database/h2/1.4.197/h2-1.4.197.jar
7f2dd04d4000-7f2dd04d9000 r--s 00022000 08:15 1577597                    /home/priagung/.m2/repository/org/xmlunit/xmlunit-core/2.5.1/xmlunit-core-2.5.1.jar
7f2dd04d9000-7f2dd04e6000 r--s 00087000 08:15 1577591                    /home/priagung/.m2/repository/org/springframework/spring-test/5.0.8.RELEASE/spring-test-5.0.8.RELEASE.jar
7f2dd04e6000-7f2dd04e8000 r--s 00004000 08:15 1446675                    /home/priagung/.m2/repository/org/springframework/spring-jcl/5.0.8.RELEASE/spring-jcl-5.0.8.RELEASE.jar
7f2dd04e8000-7f2dd0500000 r--s 00114000 08:15 1446658                    /home/priagung/.m2/repository/org/springframework/spring-core/5.0.8.RELEASE/spring-core-5.0.8.RELEASE.jar
7f2dd0500000-7f2dd0501000 r--s 00004000 08:15 1577590                    /home/priagung/.m2/repository/com/vaadin/external/google/android-json/0.0.20131108.vaadin1/android-json-0.0.20131108.vaadin1.jar
7f2dd0501000-7f2dd0503000 r--s 00006000 08:15 1577593                    /home/priagung/.m2/repository/org/skyscreamer/jsonassert/1.5.0/jsonassert-1.5.0.jar
7f2dd0503000-7f2dd0504000 r--s 0000c000 08:15 1577577                    /home/priagung/.m2/repository/org/hamcrest/hamcrest-library/1.3/hamcrest-library-1.3.jar
7f2dd0504000-7f2dd0506000 r--s 00009000 08:15 1577592                    /home/priagung/.m2/repository/org/hamcrest/hamcrest-core/1.3/hamcrest-core-1.3.jar
7f2dd0506000-7f2dd0508000 r--s 0000c000 08:15 1577588                    /home/priagung/.m2/repository/org/objenesis/objenesis/2.6/objenesis-2.6.jar
7f2dd0508000-7f2dd050a000 r--s 00009000 08:15 1577586                    /home/priagung/.m2/repository/net/bytebuddy/byte-buddy-agent/1.7.11/byte-buddy-agent-1.7.11.jar
7f2dd050a000-7f2dd0546000 r--s 00290000 08:15 1577584                    /home/priagung/.m2/repository/net/bytebuddy/byte-buddy/1.7.11/byte-buddy-1.7.11.jar
7f2dd0546000-7f2dd0556000 r--s 00075000 08:15 1577582                    /home/priagung/.m2/repository/org/mockito/mockito-core/2.15.0/mockito-core-2.15.0.jar
7f2dd0556000-7f2dd05ab000 r--s 00367000 08:15 1577579                    /home/priagung/.m2/repository/org/assertj/assertj-core/3.9.1/assertj-core-3.9.1.jar
7f2dd05ab000-7f2dd05b3000 r--s 00045000 08:15 1577564                    /home/priagung/.m2/repository/junit/junit/4.12/junit-4.12.jar
7f2dd05b3000-7f2dd05b5000 r--s 0000c000 08:15 1577575                    /home/priagung/.m2/repository/org/ow2/asm/asm/5.0.4/asm-5.0.4.jar
7f2dd05b5000-7f2dd05b7000 r--s 00006000 08:15 1577573                    /home/priagung/.m2/repository/net/minidev/accessors-smart/1.2/accessors-smart-1.2.jar
7f2dd05b7000-7f2dd05ba000 r--s 0001b000 08:15 1577569                    /home/priagung/.m2/repository/net/minidev/json-smart/2.3/json-smart-2.3.jar
7f2dd05ba000-7f2dd05c0000 r--s 00031000 08:15 1577567                    /home/priagung/.m2/repository/com/jayway/jsonpath/json-path/2.4.0/json-path-2.4.0.jar
7f2dd05c0000-7f2dd05c7000 r--s 00020000 08:15 1577566                    /home/priagung/.m2/repository/org/springframework/boot/spring-boot-test-autoconfigure/2.0.4.RELEASE/spring-boot-test-autoconfigure-2.0.4.RELEASE.jar
7f2dd05c7000-7f2dd05cc000 r--s 0002b000 08:15 1577571                    /home/priagung/.m2/repository/org/springframework/boot/spring-boot-test/2.0.4.RELEASE/spring-boot-test-2.0.4.RELEASE.jar
7f2dd05cc000-7f2dd05cd000 r--s 00000000 08:15 1577559                    /home/priagung/.m2/repository/org/springframework/boot/spring-boot-starter-test/2.0.4.RELEASE/spring-boot-starter-test-2.0.4.RELEASE.jar
7f2dd05cd000-7f2dd05d2000 r--s 00040000 08:15 1446667                    /home/priagung/.m2/repository/org/springframework/spring-expression/5.0.8.RELEASE/spring-expression-5.0.8.RELEASE.jar
7f2dd05d2000-7f2dd05e2000 r--s 000b2000 08:15 1577532                    /home/priagung/.m2/repository/org/springframework/spring-webmvc/5.0.8.RELEASE/spring-webmvc-5.0.8.RELEASE.jar
7f2dd05e2000-7f2dd05fc000 r--s 0011b000 08:15 1577552                    /home/priagung/.m2/repository/org/springframework/spring-web/5.0.8.RELEASE/spring-web-5.0.8.RELEASE.jar
7f2dd05fc000-7f2dd0601000 r--s 00012000 08:15 1577555                    /home/priagung/.m2/repository/javax/validation/validation-api/2.0.1.Final/validation-api-2.0.1.Final.jar
7f2dd0601000-7f2dd061e000 r--s 000fe000 08:15 1577526                    /home/priagung/.m2/repository/org/hibernate/validator/hibernate-validator/6.0.11.Final/hibernate-validator-6.0.11.Final.jar
7f2dd061e000-7f2dd0623000 r--s 0003a000 08:15 1577553                    /home/priagung/.m2/repository/org/apache/tomcat/embed/tomcat-embed-websocket/8.5.32/tomcat-embed-websocket-8.5.32.jar
7f2dd0623000-7f2dd0628000 r--s 00037000 08:15 1577551                    /home/priagung/.m2/repository/org/apache/tomcat/embed/tomcat-embed-el/8.5.32/tomcat-embed-el-8.5.32.jar
7f2dd0628000-7f2dd0651000 r--s 002d3000 08:15 1577533                    /home/priagung/.m2/repository/org/apache/tomcat/embed/tomcat-embed-core/8.5.32/tomcat-embed-core-8.5.32.jar
7f2dd0651000-7f2dd0652000 r--s 00000000 08:15 1577534                    /home/priagung/.m2/repository/org/springframework/boot/spring-boot-starter-tomcat/2.0.4.RELEASE/spring-boot-starter-tomcat-2.0.4.RELEASE.jar
7f2dd0652000-7f2dd0654000 r--s 00001000 08:15 1577535                    /home/priagung/.m2/repository/com/fasterxml/jackson/module/jackson-module-parameter-names/2.9.6/jackson-module-parameter-names-2.9.6.jar
7f2dd0654000-7f2dd0657000 r--s 00016000 08:15 1577543                    /home/priagung/.m2/repository/com/fasterxml/jackson/datatype/jackson-datatype-jsr310/2.9.6/jackson-datatype-jsr310-2.9.6.jar
7f2dd0657000-7f2dd0659000 r--s 00007000 08:15 1577539                    /home/priagung/.m2/repository/com/fasterxml/jackson/datatype/jackson-datatype-jdk8/2.9.6/jackson-datatype-jdk8-2.9.6.jar
7f2dd0659000-7f2dd065e000 r--s 0004b000 08:15 1577542                    /home/priagung/.m2/repository/com/fasterxml/jackson/core/jackson-core/2.9.6/jackson-core-2.9.6.jar
7f2dd065e000-7f2dd0661000 r--s 0000e000 08:15 1577548                    /home/priagung/.m2/repository/com/fasterxml/jackson/core/jackson-annotations/2.9.0/jackson-annotations-2.9.0.jar
7f2dd0661000-7f2dd0674000 r--s 00137000 08:15 1577545                    /home/priagung/.m2/repository/com/fasterxml/jackson/core/jackson-databind/2.9.6/jackson-databind-2.9.6.jar
7f2dd0674000-7f2dd0675000 r--s 00000000 08:15 1577530                    /home/priagung/.m2/repository/org/springframework/boot/spring-boot-starter-json/2.0.4.RELEASE/spring-boot-starter-json-2.0.4.RELEASE.jar
7f2dd0675000-7f2dd0676000 r--s 00000000 08:15 1446650                    /home/priagung/.m2/repository/org/springframework/boot/spring-boot-starter-web/2.0.4.RELEASE/spring-boot-starter-web-2.0.4.RELEASE.jar
7f2dd0676000-7f2dd0680000 r--s 000bd000 08:15 1971275                    /home/priagung/.m2/repository/org/postgresql/postgresql/42.2.4/postgresql-42.2.4.jar
7f2dd0680000-7f2dd0697000 r--s 00173000 08:15 1971277                    /home/priagung/.m2/repository/org/projectlombok/lombok/1.16.22/lombok-1.16.22.jar
7f2dd0697000-7f2dd0699000 r--s 0000a000 08:15 1971247                    /home/priagung/.m2/repository/org/springframework/spring-aspects/5.0.8.RELEASE/spring-aspects-5.0.8.RELEASE.jar
7f2dd0699000-7f2dd069b000 r--s 00009000 08:15 1446681                    /home/priagung/.m2/repository/org/slf4j/slf4j-api/1.7.25/slf4j-api-1.7.25.jar
7f2dd069b000-7f2dd06a8000 r--s 00095000 08:15 1446684                    /home/priagung/.m2/repository/org/springframework/spring-beans/5.0.8.RELEASE/spring-beans-5.0.8.RELEASE.jar
7f2dd06a8000-7f2dd06b0000 r--s 00037000 08:15 1446951                    /home/priagung/.m2/repository/org/springframework/spring-tx/5.0.8.RELEASE/spring-tx-5.0.8.RELEASE.jar
7f2dd06b0000-7f2dd06ca000 r--s 000f1000 08:15 1446683                    /home/priagung/.m2/repository/org/springframework/spring-context/5.0.8.RELEASE/spring-context-5.0.8.RELEASE.jar
7f2dd06ca000-7f2dd06ce000 r--s 0002b000 08:15 1971252                    /home/priagung/.m2/repository/org/springframework/spring-orm/5.0.8.RELEASE/spring-orm-5.0.8.RELEASE.jar
7f2dd06ce000-7f2dd06e5000 r--s 000f1000 08:15 1446953                    /home/priagung/.m2/repository/org/springframework/data/spring-data-commons/2.0.9.RELEASE/spring-data-commons-2.0.9.RELEASE.jar
7f2dd06e5000-7f2dd06ed000 r--s 0004b000 08:15 1971250                    /home/priagung/.m2/repository/org/springframework/data/spring-data-jpa/2.0.9.RELEASE/spring-data-jpa-2.0.9.RELEASE.jar
7f2dd06ed000-7f2dd06ef000 r--s 00006000 08:15 1971248                    /home/priagung/.m2/repository/javax/transaction/javax.transaction-api/1.2/javax.transaction-api-1.2.jar
7f2dd06ef000-7f2dd06f2000 r--s 00010000 08:15 1971246                    /home/priagung/.m2/repository/org/hibernate/common/hibernate-commons-annotations/5.0.1.Final/hibernate-commons-annotations-5.0.1.Final.jar
7f2dd06f2000-7f2dd06f7000 r--s 00048000 08:15 1971244                    /home/priagung/.m2/repository/dom4j/dom4j/1.6.1/dom4j-1.6.1.jar
7f2dd06f7000-7f2dd06f9000 r--s 0000e000 08:15 1446653                    /home/priagung/.m2/repository/com/fasterxml/classmate/1.3.4/classmate-1.3.4.jar
7f2dd06f9000-7f2dd06fc000 r--s 0002b000 08:15 1709576                    /home/priagung/.m2/repository/org/jboss/jandex/2.0.3.Final/jandex-2.0.3.Final.jar
7f2dd06fc000-7f2dd0701000 r--s 00068000 08:15 1971236                    /home/priagung/.m2/repository/antlr/antlr/2.7.7/antlr-2.7.7.jar
7f2dd0701000-7f2dd070b000 r--s 000ab000 08:15 1971232                    /home/priagung/.m2/repository/org/javassist/javassist/3.22.0-GA/javassist-3.22.0-GA.jar
7f2dd070b000-7f2dd0710000 r--s 00017000 08:15 1971230                    /home/priagung/.m2/repository/org/hibernate/javax/persistence/hibernate-jpa-2.1-api/1.0.2.Final/hibernate-jpa-2.1-api-1.0.2.Final.jar
7f2dd0710000-7f2dd0712000 r--s 0000f000 08:15 1577557                    /home/priagung/.m2/repository/org/jboss/logging/jboss-logging/3.3.2.Final/jboss-logging-3.3.2.Final.jar
7f2dd0712000-7f2dd0790000 r--s 005f0000 08:15 1846057                    /home/priagung/.m2/repository/org/hibernate/hibernate-core/5.2.17.Final/hibernate-core-5.2.17.Final.jar
7f2dd0790000-7f2dd0799000 r--s 00059000 08:15 1846054                    /home/priagung/.m2/repository/org/springframework/spring-jdbc/5.0.8.RELEASE/spring-jdbc-5.0.8.RELEASE.jar
7f2dd0799000-7f2dd079d000 r--s 00020000 08:15 1846052                    /home/priagung/.m2/repository/com/zaxxer/HikariCP/2.7.9/HikariCP-2.7.9.jar
7f2dd079d000-7f2dd079e000 r--s 00000000 08:15 1846050                    /home/priagung/.m2/repository/org/springframework/boot/spring-boot-starter-jdbc/2.0.4.RELEASE/spring-boot-starter-jdbc-2.0.4.RELEASE.jar
7f2dd079e000-7f2dd07b7000 r--s 001bf000 08:15 1846044                    /home/priagung/.m2/repository/org/aspectj/aspectjweaver/1.8.13/aspectjweaver-1.8.13.jar
7f2dd07b7000-7f2dd07c0000 r--s 00051000 08:15 1446674                    /home/priagung/.m2/repository/org/springframework/spring-aop/5.0.8.RELEASE/spring-aop-5.0.8.RELEASE.jar
7f2dd07c0000-7f2dd07c1000 r--s 00000000 08:15 1709574                    /home/priagung/.m2/repository/org/springframework/boot/spring-boot-starter-aop/2.0.4.RELEASE/spring-boot-starter-aop-2.0.4.RELEASE.jar
7f2dd07c1000-7f2dd07c8000 r--s 00042000 08:15 1577529                    /home/priagung/.m2/repository/org/yaml/snakeyaml/1.19/snakeyaml-1.19.jar
7f2dd07c8000-7f2dd07ca000 r--s 00005000 08:15 1577549                    /home/priagung/.m2/repository/javax/annotation/javax.annotation-api/1.3.2/javax.annotation-api-1.3.2.jar
7f2dd07ca000-7f2dd07d0000 r--s 00039000 08:15 1577521                    /home/priagung/.m2/repository/org/apache/logging/log4j/log4j-api/2.10.0/log4j-api-2.10.0.jar
7f2dd07d0000-7f2dd07db000 r--s 00069000 08:15 1446666                    /home/priagung/.m2/repository/ch/qos/logback/logback-core/1.2.3/logback-core-1.2.3.jar
7f2dd07db000-7f2dd07e1000 r--s 00041000 08:15 1446664                    /home/priagung/.m2/repository/ch/qos/logback/logback-classic/1.2.3/logback-classic-1.2.3.jar
7f2dd07e1000-7f2dd07e4000 ---p 00000000 00:00 0 
7f2dd07e4000-7f2dd08e2000 rw-p 00000000 00:00 0 
7f2dd08e2000-7f2dd08e5000 ---p 00000000 00:00 0 
7f2dd08e5000-7f2dd09e3000 rw-p 00000000 00:00 0 
7f2dd09e3000-7f2dd09e6000 ---p 00000000 00:00 0 
7f2dd09e6000-7f2dd0ae4000 rw-p 00000000 00:00 0 
7f2dd0ae4000-7f2dd0ae8000 r-xp 00000000 08:15 3023552                    /usr/lib/jvm/java-8-oracle/jre/lib/amd64/libdt_socket.so
7f2dd0ae8000-7f2dd0ce7000 ---p 00004000 08:15 3023552                    /usr/lib/jvm/java-8-oracle/jre/lib/amd64/libdt_socket.so
7f2dd0ce7000-7f2dd0ce8000 rw-p 00003000 08:15 3023552                    /usr/lib/jvm/java-8-oracle/jre/lib/amd64/libdt_socket.so
7f2dd0ce8000-7f2dd0ceb000 ---p 00000000 00:00 0 
7f2dd0ceb000-7f2dd0de9000 rw-p 00000000 00:00 0 
7f2dd0de9000-7f2dd0dec000 ---p 00000000 00:00 0 
7f2dd0dec000-7f2dd0eea000 rw-p 00000000 00:00 0 
7f2dd0eea000-7f2dd0eed000 ---p 00000000 00:00 0 
7f2dd0eed000-7f2dd0feb000 rw-p 00000000 00:00 0 
7f2dd0feb000-7f2dd0fec000 ---p 00000000 00:00 0 
7f2dd0fec000-7f2dd1ffb000 rw-p 00000000 00:00 0 
7f2dd1ffb000-7f2dd21d5000 r--s 03d6b000 08:15 3023515                    /usr/lib/jvm/java-8-oracle/jre/lib/rt.jar
7f2dd21d5000-7f2dd2daa000 rw-p 00000000 00:00 0 
7f2dd2daa000-7f2dd2dab000 ---p 00000000 00:00 0 
7f2dd2dab000-7f2dd2eab000 rw-p 00000000 00:00 0 
7f2dd2eab000-7f2dd2eac000 ---p 00000000 00:00 0 
7f2dd2eac000-7f2dd2fac000 rw-p 00000000 00:00 0 
7f2dd2fac000-7f2dd2fad000 ---p 00000000 00:00 0 
7f2dd2fad000-7f2dd30ad000 rw-p 00000000 00:00 0 
7f2dd30ad000-7f2dd30ae000 ---p 00000000 00:00 0 
7f2dd30ae000-7f2dd31d8000 rw-p 00000000 00:00 0 
7f2dd31d8000-7f2dd343c000 ---p 00000000 00:00 0 
7f2dd343c000-7f2dd3466000 rw-p 00000000 00:00 0 
7f2dd3466000-7f2dd36ca000 ---p 00000000 00:00 0 
7f2dd36ca000-7f2dd36ee000 rw-p 00000000 00:00 0 
7f2dd36ee000-7f2dd3811000 ---p 00000000 00:00 0 
7f2dd3811000-7f2dd3820000 rw-p 00000000 00:00 0 
7f2dd3820000-7f2dd3bd2000 ---p 00000000 00:00 0 
7f2dd3bd2000-7f2dd3f52000 rwxp 00000000 00:00 0 
7f2dd3f52000-7f2de2bd2000 ---p 00000000 00:00 0 
7f2de2bd2000-7f2de2bed000 r-xp 00000000 08:15 3023581                    /usr/lib/jvm/java-8-oracle/jre/lib/amd64/libzip.so
7f2de2bed000-7f2de2ded000 ---p 0001b000 08:15 3023581                    /usr/lib/jvm/java-8-oracle/jre/lib/amd64/libzip.so
7f2de2ded000-7f2de2dee000 rw-p 0001b000 08:15 3023581                    /usr/lib/jvm/java-8-oracle/jre/lib/amd64/libzip.so
7f2de2dee000-7f2de2df9000 r-xp 00000000 08:15 923132                     /lib/x86_64-linux-gnu/libnss_files-2.27.so
7f2de2df9000-7f2de2ff8000 ---p 0000b000 08:15 923132                     /lib/x86_64-linux-gnu/libnss_files-2.27.so
7f2de2ff8000-7f2de2ff9000 r--p 0000a000 08:15 923132                     /lib/x86_64-linux-gnu/libnss_files-2.27.so
7f2de2ff9000-7f2de2ffa000 rw-p 0000b000 08:15 923132                     /lib/x86_64-linux-gnu/libnss_files-2.27.so
7f2de2ffa000-7f2de3000000 rw-p 00000000 00:00 0 
7f2de3000000-7f2de3017000 r-xp 00000000 08:15 923126                     /lib/x86_64-linux-gnu/libnsl-2.27.so
7f2de3017000-7f2de3216000 ---p 00017000 08:15 923126                     /lib/x86_64-linux-gnu/libnsl-2.27.so
7f2de3216000-7f2de3217000 r--p 00016000 08:15 923126                     /lib/x86_64-linux-gnu/libnsl-2.27.so
7f2de3217000-7f2de3218000 rw-p 00017000 08:15 923126                     /lib/x86_64-linux-gnu/libnsl-2.27.so
7f2de3218000-7f2de321a000 rw-p 00000000 00:00 0 
7f2de321a000-7f2de3225000 r-xp 00000000 08:15 923143                     /lib/x86_64-linux-gnu/libnss_nis-2.27.so
7f2de3225000-7f2de3424000 ---p 0000b000 08:15 923143                     /lib/x86_64-linux-gnu/libnss_nis-2.27.so
7f2de3424000-7f2de3425000 r--p 0000a000 08:15 923143                     /lib/x86_64-linux-gnu/libnss_nis-2.27.so
7f2de3425000-7f2de3426000 rw-p 0000b000 08:15 923143                     /lib/x86_64-linux-gnu/libnss_nis-2.27.so
7f2de3426000-7f2de342e000 r-xp 00000000 08:15 923128                     /lib/x86_64-linux-gnu/libnss_compat-2.27.so
7f2de342e000-7f2de362e000 ---p 00008000 08:15 923128                     /lib/x86_64-linux-gnu/libnss_compat-2.27.so
7f2de362e000-7f2de362f000 r--p 00008000 08:15 923128                     /lib/x86_64-linux-gnu/libnss_compat-2.27.so
7f2de362f000-7f2de3630000 rw-p 00009000 08:15 923128                     /lib/x86_64-linux-gnu/libnss_compat-2.27.so
7f2de3630000-7f2de4000000 r--p 00000000 08:15 2759365                    /usr/lib/locale/locale-archive
7f2de4000000-7f2de4870000 rw-p 00000000 00:00 0 
7f2de4870000-7f2de8000000 ---p 00000000 00:00 0 
7f2de8000000-7f2de8002000 r--s 00000000 08:15 1577523                    /home/priagung/.m2/repository/org/slf4j/jul-to-slf4j/1.7.25/jul-to-slf4j-1.7.25.jar
7f2de8002000-7f2de8004000 r--s 00003000 08:15 1446670                    /home/priagung/.m2/repository/org/apache/logging/log4j/log4j-to-slf4j/2.10.0/log4j-to-slf4j-2.10.0.jar
7f2de8004000-7f2de8005000 r--s 00000000 08:15 1446662                    /home/priagung/.m2/repository/org/springframework/boot/spring-boot-starter-logging/2.0.4.RELEASE/spring-boot-starter-logging-2.0.4.RELEASE.jar
7f2de8005000-7f2de8026000 r--s 000fd000 08:15 1446668                    /home/priagung/.m2/repository/org/springframework/boot/spring-boot-autoconfigure/2.0.4.RELEASE/spring-boot-autoconfigure-2.0.4.RELEASE.jar
7f2de8026000-7f2de803b000 r--s 000d0000 08:15 1446657                    /home/priagung/.m2/repository/org/springframework/boot/spring-boot/2.0.4.RELEASE/spring-boot-2.0.4.RELEASE.jar
7f2de803b000-7f2de803c000 r--s 00000000 08:15 1446677                    /home/priagung/.m2/repository/org/springframework/boot/spring-boot-starter/2.0.4.RELEASE/spring-boot-starter-2.0.4.RELEASE.jar
7f2de803c000-7f2de804f000 r--s 00345000 08:15 3023519                    /usr/lib/jvm/java-8-oracle/jre/lib/resources.jar
7f2de804f000-7f2de8062000 r--s 000d6000 08:15 3023500                    /usr/lib/jvm/java-8-oracle/jre/lib/plugin.jar
7f2de8062000-7f2de8067000 r--s 0009d000 08:15 3023520                    /usr/lib/jvm/java-8-oracle/jre/lib/jsse.jar
7f2de8067000-7f2de8069000 r--s 00007000 08:15 3023528                    /usr/lib/jvm/java-8-oracle/jre/lib/jfxswt.jar
7f2de8069000-7f2de8085000 r--s 0020b000 08:15 3023487                    /usr/lib/jvm/java-8-oracle/jre/lib/deploy.jar
7f2de8085000-7f2de80fb000 rw-p 00000000 00:00 0 
7f2de80fb000-7f2de8105000 r-xp 00000000 08:15 3023590                    /usr/lib/jvm/java-8-oracle/jre/lib/amd64/libinstrument.so
7f2de8105000-7f2de8304000 ---p 0000a000 08:15 3023590                    /usr/lib/jvm/java-8-oracle/jre/lib/amd64/libinstrument.so
7f2de8304000-7f2de8305000 rw-p 00009000 08:15 3023590                    /usr/lib/jvm/java-8-oracle/jre/lib/amd64/libinstrument.so
7f2de8305000-7f2de8307000 r-xp 00000000 08:15 3023554                    /usr/lib/jvm/java-8-oracle/jre/lib/amd64/libnpt.so
7f2de8307000-7f2de8507000 ---p 00002000 08:15 3023554                    /usr/lib/jvm/java-8-oracle/jre/lib/amd64/libnpt.so
7f2de8507000-7f2de8508000 rw-p 00002000 08:15 3023554                    /usr/lib/jvm/java-8-oracle/jre/lib/amd64/libnpt.so
7f2de8508000-7f2de8542000 r-xp 00000000 08:15 3023568                    /usr/lib/jvm/java-8-oracle/jre/lib/amd64/libjdwp.so
7f2de8542000-7f2de8741000 ---p 0003a000 08:15 3023568                    /usr/lib/jvm/java-8-oracle/jre/lib/amd64/libjdwp.so
7f2de8741000-7f2de8742000 rw-p 00039000 08:15 3023568                    /usr/lib/jvm/java-8-oracle/jre/lib/amd64/libjdwp.so
7f2de8742000-7f2de8743000 rw-p 00000000 00:00 0 
7f2de8743000-7f2de876e000 r-xp 00000000 08:15 3023575                    /usr/lib/jvm/java-8-oracle/jre/lib/amd64/libjava.so
7f2de876e000-7f2de896d000 ---p 0002b000 08:15 3023575                    /usr/lib/jvm/java-8-oracle/jre/lib/amd64/libjava.so
7f2de896d000-7f2de896f000 rw-p 0002a000 08:15 3023575                    /usr/lib/jvm/java-8-oracle/jre/lib/amd64/libjava.so
7f2de896f000-7f2de897c000 r-xp 00000000 08:15 3023580                    /usr/lib/jvm/java-8-oracle/jre/lib/amd64/libverify.so
7f2de897c000-7f2de8b7c000 ---p 0000d000 08:15 3023580                    /usr/lib/jvm/java-8-oracle/jre/lib/amd64/libverify.so
7f2de8b7c000-7f2de8b7e000 rw-p 0000d000 08:15 3023580                    /usr/lib/jvm/java-8-oracle/jre/lib/amd64/libverify.so
7f2de8b7e000-7f2de8b85000 r-xp 00000000 08:15 923183                     /lib/x86_64-linux-gnu/librt-2.27.so
7f2de8b85000-7f2de8d84000 ---p 00007000 08:15 923183                     /lib/x86_64-linux-gnu/librt-2.27.so
7f2de8d84000-7f2de8d85000 r--p 00006000 08:15 923183                     /lib/x86_64-linux-gnu/librt-2.27.so
7f2de8d85000-7f2de8d86000 rw-p 00007000 08:15 923183                     /lib/x86_64-linux-gnu/librt-2.27.so
7f2de8d86000-7f2de8f23000 r-xp 00000000 08:15 923105                     /lib/x86_64-linux-gnu/libm-2.27.so
7f2de8f23000-7f2de9122000 ---p 0019d000 08:15 923105                     /lib/x86_64-linux-gnu/libm-2.27.so
7f2de9122000-7f2de9123000 r--p 0019c000 08:15 923105                     /lib/x86_64-linux-gnu/libm-2.27.so
7f2de9123000-7f2de9124000 rw-p 0019d000 08:15 923105                     /lib/x86_64-linux-gnu/libm-2.27.so
7f2de9124000-7f2de9e00000 r-xp 00000000 08:15 3157549                    /usr/lib/jvm/java-8-oracle/jre/lib/amd64/server/libjvm.so
7f2de9e00000-7f2dea000000 ---p 00cdc000 08:15 3157549                    /usr/lib/jvm/java-8-oracle/jre/lib/amd64/server/libjvm.so
7f2dea000000-7f2dea0da000 rw-p 00cdc000 08:15 3157549                    /usr/lib/jvm/java-8-oracle/jre/lib/amd64/server/libjvm.so
7f2dea0da000-7f2dea125000 rw-p 00000000 00:00 0 
7f2dea125000-7f2dea30c000 r-xp 00000000 08:15 923042                     /lib/x86_64-linux-gnu/libc-2.27.so
7f2dea30c000-7f2dea50c000 ---p 001e7000 08:15 923042                     /lib/x86_64-linux-gnu/libc-2.27.so
7f2dea50c000-7f2dea510000 r--p 001e7000 08:15 923042                     /lib/x86_64-linux-gnu/libc-2.27.so
7f2dea510000-7f2dea512000 rw-p 001eb000 08:15 923042                     /lib/x86_64-linux-gnu/libc-2.27.so
7f2dea512000-7f2dea516000 rw-p 00000000 00:00 0 
7f2dea516000-7f2dea519000 r-xp 00000000 08:15 923065                     /lib/x86_64-linux-gnu/libdl-2.27.so
7f2dea519000-7f2dea718000 ---p 00003000 08:15 923065                     /lib/x86_64-linux-gnu/libdl-2.27.so
7f2dea718000-7f2dea719000 r--p 00002000 08:15 923065                     /lib/x86_64-linux-gnu/libdl-2.27.so
7f2dea719000-7f2dea71a000 rw-p 00003000 08:15 923065                     /lib/x86_64-linux-gnu/libdl-2.27.so
7f2dea71a000-7f2dea730000 r-xp 00000000 08:15 3283644                    /usr/lib/jvm/java-8-oracle/lib/amd64/jli/libjli.so
7f2dea730000-7f2dea92f000 ---p 00016000 08:15 3283644                    /usr/lib/jvm/java-8-oracle/lib/amd64/jli/libjli.so
7f2dea92f000-7f2dea930000 rw-p 00015000 08:15 3283644                    /usr/lib/jvm/java-8-oracle/lib/amd64/jli/libjli.so
7f2dea930000-7f2dea94a000 r-xp 00000000 08:15 923175                     /lib/x86_64-linux-gnu/libpthread-2.27.so
7f2dea94a000-7f2deab49000 ---p 0001a000 08:15 923175                     /lib/x86_64-linux-gnu/libpthread-2.27.so
7f2deab49000-7f2deab4a000 r--p 00019000 08:15 923175                     /lib/x86_64-linux-gnu/libpthread-2.27.so
7f2deab4a000-7f2deab4b000 rw-p 0001a000 08:15 923175                     /lib/x86_64-linux-gnu/libpthread-2.27.so
7f2deab4b000-7f2deab4f000 rw-p 00000000 00:00 0 
7f2deab4f000-7f2deab76000 r-xp 00000000 08:15 923014                     /lib/x86_64-linux-gnu/ld-2.27.so
7f2deab76000-7f2deab77000 r--s 00000000 08:15 1709572                    /home/priagung/.m2/repository/org/springframework/boot/spring-boot-starter-data-jpa/2.0.4.RELEASE/spring-boot-starter-data-jpa-2.0.4.RELEASE.jar
7f2deab77000-7f2deab7c000 r--s 00084000 08:15 3023486                    /usr/lib/jvm/java-8-oracle/jre/lib/jfr.jar
7f2deab7c000-7f2deab85000 r--s 0006d000 08:15 3023496                    /usr/lib/jvm/java-8-oracle/jre/lib/javaws.jar
7f2deab85000-7f2deac56000 rw-p 00000000 00:00 0 
7f2deac56000-7f2deac57000 ---p 00000000 00:00 0 
7f2deac57000-7f2deac5a000 ---p 00000000 00:00 0 
7f2deac5a000-7f2dead5b000 rw-p 00000000 00:00 0 
7f2dead5b000-7f2dead5c000 r--s 00000000 08:15 3023493                    /usr/lib/jvm/java-8-oracle/jre/lib/management-agent.jar
7f2dead5c000-7f2dead5f000 r--s 0001a000 08:15 3023526                    /usr/lib/jvm/java-8-oracle/jre/lib/jce.jar
7f2dead5f000-7f2dead64000 r--s 002f9000 08:15 3023513                    /usr/lib/jvm/java-8-oracle/jre/lib/charsets.jar
7f2dead64000-7f2dead66000 r--s 00008000 08:15 1967934                    /opt/idea-IU-182.4323.46/plugins/junit/lib/junit5-rt.jar
7f2dead66000-7f2dead68000 r--s 00020000 08:15 1967933                    /opt/idea-IU-182.4323.46/plugins/junit/lib/junit-rt.jar
7f2dead68000-7f2dead6a000 r--s 0001a000 08:15 1188030                    /opt/idea-IU-182.4323.46/lib/idea_rt.jar
7f2dead6a000-7f2dead6c000 r--s 00001000 08:15 1316048                    /opt/idea-IU-182.4323.46/lib/rt/debugger-agent-storage.jar
7f2dead6c000-7f2dead74000 rw-s 00000000 08:15 2907608                    /tmp/hsperfdata_priagung/19449
7f2dead74000-7f2dead75000 rw-p 00000000 00:00 0 
7f2dead75000-7f2dead76000 ---p 00000000 00:00 0 
7f2dead76000-7f2dead77000 r--p 00027000 08:15 923014                     /lib/x86_64-linux-gnu/ld-2.27.so
7f2dead77000-7f2dead78000 rw-p 00028000 08:15 923014                     /lib/x86_64-linux-gnu/ld-2.27.so
7f2dead78000-7f2dead79000 rw-p 00000000 00:00 0 
7ffffe3c7000-7ffffe3ea000 rw-p 00000000 00:00 0                          [stack]
7ffffe3ed000-7ffffe3f0000 r--p 00000000 00:00 0                          [vvar]
7ffffe3f0000-7ffffe3f2000 r-xp 00000000 00:00 0                          [vdso]
ffffffffff600000-ffffffffff601000 r-xp 00000000 00:00 0                  [vsyscall]

VM Arguments:
jvm_args: -agentlib:jdwp=transport=dt_socket,address=127.0.0.1:41363,suspend=y,server=n -ea -Didea.test.cyclic.buffer.size=1048576 -javaagent:/opt/idea-IU-182.4323.46/lib/rt/debugger-agent.jar=file:/tmp/capture.props -Dfile.encoding=UTF-8 
java_command: com.intellij.rt.execution.junit.JUnitStarter -ideVersion5 -junit4 com.future.OfficeInventorySystem.service.UserServiceImplTest
java_class_path (initial): /opt/idea-IU-182.4323.46/lib/idea_rt.jar:/opt/idea-IU-182.4323.46/plugins/junit/lib/junit-rt.jar:/opt/idea-IU-182.4323.46/plugins/junit/lib/junit5-rt.jar:/usr/lib/jvm/java-8-oracle/jre/lib/charsets.jar:/usr/lib/jvm/java-8-oracle/jre/lib/deploy.jar:/usr/lib/jvm/java-8-oracle/jre/lib/ext/cldrdata.jar:/usr/lib/jvm/java-8-oracle/jre/lib/ext/dnsns.jar:/usr/lib/jvm/java-8-oracle/jre/lib/ext/jaccess.jar:/usr/lib/jvm/java-8-oracle/jre/lib/ext/jfxrt.jar:/usr/lib/jvm/java-8-oracle/jre/lib/ext/localedata.jar:/usr/lib/jvm/java-8-oracle/jre/lib/ext/nashorn.jar:/usr/lib/jvm/java-8-oracle/jre/lib/ext/sunec.jar:/usr/lib/jvm/java-8-oracle/jre/lib/ext/sunjce_provider.jar:/usr/lib/jvm/java-8-oracle/jre/lib/ext/sunpkcs11.jar:/usr/lib/jvm/java-8-oracle/jre/lib/ext/zipfs.jar:/usr/lib/jvm/java-8-oracle/jre/lib/javaws.jar:/usr/lib/jvm/java-8-oracle/jre/lib/jce.jar:/usr/lib/jvm/java-8-oracle/jre/lib/jfr.jar:/usr/lib/jvm/java-8-oracle/jre/lib/jfxswt.jar:/usr/lib/jvm/java-8-oracle/jre/lib/jsse.jar:/usr/lib/jvm/java-8-oracle/jre/lib/management-agent.jar:/usr/lib/jvm/java-8-oracle/jre/lib/plugin.jar:/usr/lib/jvm/java-8-oracle/jre/lib/resources.jar:/usr/lib/jvm/java-8-oracle/jre/lib/rt.jar:/home/priagung/future-project-office-inventory-system/target/test-classes:/home/priagung/future-project-office-inventory-system/target/classes:/home/priagung/.m2/repository/org/springframework/boot/spring-boot-starter-data-jpa/2.0.4.RELEASE/spring-boot-starter-data-jpa-2.0.4.RELEASE.jar:/home/priagung/.m2/repository/org/springframework/boot/spring-boot-starter/2.0.4.RELEASE/spring-boot-starter-2.0.4.RELEASE.jar:/home/priagung/.m2/repository/org/springframework/boot/spring-boot/2.0.4.RELEASE/spring-boot-2.0.4.RELEASE.jar:/home/priagung/.m2/repository/org/springframework/boot/spring-boot-autoconfigure/2.0.4.RELEASE/spring-boot-autoconfigure-2.0.4.RELEASE.jar:/home/priagung/.m2/repository/org/springframework/boot/spring-boot-starter-logging/2.0.4.RELEASE/spring-boot-starter-logging-2.
Launcher Type: SUN_STANDARD

Environment Variables:
JAVA_HOME=/usr/lib/jvm/java-8-oracle
PATH=/home/priagung/.local/bin:/usr/local/sbin:/usr/local/bin:/usr/sbin:/usr/bin:/sbin:/bin:/usr/games:/usr/local/games:/snap/bin:/usr/lib/jvm/java-8-oracle/bin:/usr/lib/jvm/java-8-oracle/db/bin:/usr/lib/jvm/java-8-oracle/jre/bin
USERNAME=priagung
SHELL=/usr/bin/zsh
DISPLAY=:0

Signal Handlers:
SIGSEGV: [libjvm.so+0xad2a40], sa_mask[0]=11111111011111111101111111111110, sa_flags=SA_RESTART|SA_SIGINFO
SIGBUS: [libjvm.so+0xad2a40], sa_mask[0]=11111111011111111101111111111110, sa_flags=SA_RESTART|SA_SIGINFO
SIGFPE: [libjvm.so+0x92a610], sa_mask[0]=11111111011111111101111111111110, sa_flags=SA_RESTART|SA_SIGINFO
SIGPIPE: [libjvm.so+0x92a610], sa_mask[0]=11111111011111111101111111111110, sa_flags=SA_RESTART|SA_SIGINFO
SIGXFSZ: [libjvm.so+0x92a610], sa_mask[0]=11111111011111111101111111111110, sa_flags=SA_RESTART|SA_SIGINFO
SIGILL: [libjvm.so+0x92a610], sa_mask[0]=11111111011111111101111111111110, sa_flags=SA_RESTART|SA_SIGINFO
SIGUSR1: SIG_DFL, sa_mask[0]=00000000000000000000000000000000, sa_flags=none
SIGUSR2: [libjvm.so+0x92be70], sa_mask[0]=00100000000000000000000000000000, sa_flags=SA_RESTART|SA_SIGINFO
SIGHUP: [libjvm.so+0x92d270], sa_mask[0]=11111111011111111101111111111110, sa_flags=SA_RESTART|SA_SIGINFO
SIGINT: [libjvm.so+0x92d270], sa_mask[0]=11111111011111111101111111111110, sa_flags=SA_RESTART|SA_SIGINFO
SIGTERM: [libjvm.so+0x92d270], sa_mask[0]=11111111011111111101111111111110, sa_flags=SA_RESTART|SA_SIGINFO
SIGQUIT: [libjvm.so+0x92d270], sa_mask[0]=11111111011111111101111111111110, sa_flags=SA_RESTART|SA_SIGINFO


---------------  S Y S T E M  ---------------

OS:DISTRIB_ID=Ubuntu
DISTRIB_RELEASE=18.04
DISTRIB_CODENAME=bionic
DISTRIB_DESCRIPTION="Ubuntu 18.04.1 LTS"

uname:Linux 4.15.0-36-generic #39-Ubuntu SMP Mon Sep 24 16:19:09 UTC 2018 x86_64
libc:glibc 2.27 NPTL 2.27 
rlimit: STACK 8192k, CORE 0k, NPROC 30868, NOFILE 1048576, AS infinity
load average:2.15 1.93 1.55

/proc/meminfo:
MemTotal:        8033496 kB
MemFree:          156348 kB
MemAvailable:    2313504 kB
Buffers:          339144 kB
Cached:          2021392 kB
SwapCached:            0 kB
Active:          6431584 kB
Inactive:         825656 kB
Active(anon):    4868392 kB
Inactive(anon):   161364 kB
Active(file):    1563192 kB
Inactive(file):   664292 kB
Unevictable:         192 kB
Mlocked:             192 kB
SwapTotal:       2097148 kB
SwapFree:        2097148 kB
Dirty:             19552 kB
Writeback:             0 kB
AnonPages:       4897176 kB
Mapped:           619680 kB
Shmem:            133056 kB
Slab:             321748 kB
SReclaimable:     238512 kB
SUnreclaim:        83236 kB
KernelStack:       23232 kB
PageTables:       102320 kB
NFS_Unstable:          0 kB
Bounce:                0 kB
WritebackTmp:          0 kB
CommitLimit:     6113896 kB
Committed_AS:   17157344 kB
VmallocTotal:   34359738367 kB
VmallocUsed:           0 kB
VmallocChunk:          0 kB
HardwareCorrupted:     0 kB
AnonHugePages:     22528 kB
ShmemHugePages:        0 kB
ShmemPmdMapped:        0 kB
CmaTotal:              0 kB
CmaFree:               0 kB
HugePages_Total:       0
HugePages_Free:        0
HugePages_Rsvd:        0
HugePages_Surp:        0
Hugepagesize:       2048 kB
DirectMap4k:      514676 kB
DirectMap2M:     7739392 kB
DirectMap1G:           0 kB


CPU:total 4 (initial active 4) (2 cores per cpu, 2 threads per core) family 6 model 142 stepping 9, cmov, cx8, fxsr, mmx, sse, sse2, sse3, ssse3, sse4.1, sse4.2, popcnt, avx, avx2, aes, clmul, erms, 3dnowpref, lzcnt, ht, tsc, tscinvbit, bmi1, bmi2, adx

/proc/cpuinfo:
processor	: 0
vendor_id	: GenuineIntel
cpu family	: 6
model		: 142
model name	: Intel(R) Core(TM) i5-7200U CPU @ 2.50GHz
stepping	: 9
microcode	: 0x8e
cpu MHz		: 3100.000
cache size	: 3072 KB
physical id	: 0
siblings	: 4
core id		: 0
cpu cores	: 2
apicid		: 0
initial apicid	: 0
fpu		: yes
fpu_exception	: yes
cpuid level	: 22
wp		: yes
flags		: fpu vme de pse tsc msr pae mce cx8 apic sep mtrr pge mca cmov pat pse36 clflush dts acpi mmx fxsr sse sse2 ss ht tm pbe syscall nx pdpe1gb rdtscp lm constant_tsc art arch_perfmon pebs bts rep_good nopl xtopology nonstop_tsc cpuid aperfmperf tsc_known_freq pni pclmulqdq dtes64 monitor ds_cpl vmx est tm2 ssse3 sdbg fma cx16 xtpr pdcm pcid sse4_1 sse4_2 x2apic movbe popcnt tsc_deadline_timer aes xsave avx f16c rdrand lahf_lm abm 3dnowprefetch cpuid_fault epb invpcid_single pti ssbd ibrs ibpb stibp tpr_shadow vnmi flexpriority ept vpid fsgsbase tsc_adjust bmi1 avx2 smep bmi2 erms invpcid mpx rdseed adx smap clflushopt intel_pt xsaveopt xsavec xgetbv1 xsaves dtherm ida arat pln pts hwp hwp_notify hwp_act_window hwp_epp flush_l1d
bugs		: cpu_meltdown spectre_v1 spectre_v2 spec_store_bypass l1tf
bogomips	: 5424.00
clflush size	: 64
cache_alignment	: 64
address sizes	: 39 bits physical, 48 bits virtual
power management:

processor	: 1
vendor_id	: GenuineIntel
cpu family	: 6
model		: 142
model name	: Intel(R) Core(TM) i5-7200U CPU @ 2.50GHz
stepping	: 9
microcode	: 0x8e
cpu MHz		: 3099.996
cache size	: 3072 KB
physical id	: 0
siblings	: 4
core id		: 1
cpu cores	: 2
apicid		: 2
initial apicid	: 2
fpu		: yes
fpu_exception	: yes
cpuid level	: 22
wp		: yes
flags		: fpu vme de pse tsc msr pae mce cx8 apic sep mtrr pge mca cmov pat pse36 clflush dts acpi mmx fxsr sse sse2 ss ht tm pbe syscall nx pdpe1gb rdtscp lm constant_tsc art arch_perfmon pebs bts rep_good nopl xtopology nonstop_tsc cpuid aperfmperf tsc_known_freq pni pclmulqdq dtes64 monitor ds_cpl vmx est tm2 ssse3 sdbg fma cx16 xtpr pdcm pcid sse4_1 sse4_2 x2apic movbe popcnt tsc_deadline_timer aes xsave avx f16c rdrand lahf_lm abm 3dnowprefetch cpuid_fault epb invpcid_single pti tpr_shadow vnmi flexpriority ept vpid fsgsbase tsc_adjust bmi1 avx2 smep bmi2 erms invpcid mpx rdseed adx smap clflushopt intel_pt xsaveopt xsavec xgetbv1 xsaves dtherm ida arat pln pts hwp hwp_notify hwp_act_window hwp_epp
bugs		: cpu_meltdown spectre_v1 spectre_v2 spec_store_bypass l1tf
bogomips	: 5424.00
clflush size	: 64
cache_alignment	: 64
address sizes	: 39 bits physical, 48 bits virtual
power management:

processor	: 2
vendor_id	: GenuineIntel
cpu family	: 6
model		: 142
model name	: Intel(R) Core(TM) i5-7200U CPU @ 2.50GHz
stepping	: 9
microcode	: 0x8e
cpu MHz		: 3100.000
cache size	: 3072 KB
physical id	: 0
siblings	: 4
core id		: 0
cpu cores	: 2
apicid		: 1
initial apicid	: 1
fpu		: yes
fpu_exception	: yes
cpuid level	: 22
wp		: yes
flags		: fpu vme de pse tsc msr pae mce cx8 apic sep mtrr pge mca cmov pat pse36 clflush dts acpi mmx fxsr sse sse2 ss ht tm pbe syscall nx pdpe1gb rdtscp lm constant_tsc art arch_perfmon pebs bts rep_good nopl xtopology nonstop_tsc cpuid aperfmperf tsc_known_freq pni pclmulqdq dtes64 monitor ds_cpl vmx est tm2 ssse3 sdbg fma cx16 xtpr pdcm pcid sse4_1 sse4_2 x2apic movbe popcnt tsc_deadline_timer aes xsave avx f16c rdrand lahf_lm abm 3dnowprefetch cpuid_fault epb invpcid_single pti ssbd ibrs ibpb stibp tpr_shadow vnmi flexpriority ept vpid fsgsbase tsc_adjust bmi1 avx2 smep bmi2 erms invpcid mpx rdseed adx smap clflushopt intel_pt xsaveopt xsavec xgetbv1 xsaves dtherm ida arat pln pts hwp hwp_notify hwp_act_window hwp_epp flush_l1d
bugs		: cpu_meltdown spectre_v1 spectre_v2 spec_store_bypass l1tf
bogomips	: 5424.00
clflush size	: 64
cache_alignment	: 64
address sizes	: 39 bits physical, 48 bits virtual
power management:

processor	: 3
vendor_id	: GenuineIntel
cpu family	: 6
model		: 142
model name	: Intel(R) Core(TM) i5-7200U CPU @ 2.50GHz
stepping	: 9
microcode	: 0x8e
cpu MHz		: 3099.999
cache size	: 3072 KB
physical id	: 0
siblings	: 4
core id		: 1
cpu cores	: 2
apicid		: 3
initial apicid	: 3
fpu		: yes
fpu_exception	: yes
cpuid level	: 22
wp		: yes
flags		: fpu vme de pse tsc msr pae mce cx8 apic sep mtrr pge mca cmov pat pse36 clflush dts acpi mmx fxsr sse sse2 ss ht tm pbe syscall nx pdpe1gb rdtscp lm constant_tsc art arch_perfmon pebs bts rep_good nopl xtopology nonstop_tsc cpuid aperfmperf tsc_known_freq pni pclmulqdq dtes64 monitor ds_cpl vmx est tm2 ssse3 sdbg fma cx16 xtpr pdcm pcid sse4_1 sse4_2 x2apic movbe popcnt tsc_deadline_timer aes xsave avx f16c rdrand lahf_lm abm 3dnowprefetch cpuid_fault epb invpcid_single pti ssbd ibrs ibpb stibp tpr_shadow vnmi flexpriority ept vpid fsgsbase tsc_adjust bmi1 avx2 smep bmi2 erms invpcid mpx rdseed adx smap clflushopt intel_pt xsaveopt xsavec xgetbv1 xsaves dtherm ida arat pln pts hwp hwp_notify hwp_act_window hwp_epp flush_l1d
bugs		: cpu_meltdown spectre_v1 spectre_v2 spec_store_bypass l1tf
bogomips	: 5424.00
clflush size	: 64
cache_alignment	: 64
address sizes	: 39 bits physical, 48 bits virtual
power management:



Memory: 4k page, physical 8033496k(155852k free), swap 2097148k(2097148k free)

vm_info: Java HotSpot(TM) 64-Bit Server VM (25.181-b13) for linux-amd64 JRE (1.8.0_181-b13), built on Jul  7 2018 00:56:38 by "java_re" with gcc 4.3.0 20080428 (Red Hat 4.3.0-8)

time: Sun Oct 21 14:31:12 2018
elapsed time: 927 seconds (0d 0h 15m 27s)

