#
# A fatal error has been detected by the Java Runtime Environment:
#
#  SIGSEGV (0xb) at pc=0x00007f0adad70206, pid=18897, tid=0x00007f0abea57700
#
# JRE version: Java(TM) SE Runtime Environment (8.0_181-b13) (build 1.8.0_181-b13)
# Java VM: Java HotSpot(TM) 64-Bit Server VM (25.181-b13 mixed mode linux-amd64 compressed oops)
# Problematic frame:
# V  [libjvm.so+0x5f5206]  GenerateOopMap::do_field(int, int, int, int)+0x46
#
# Failed to write core dump. Core dumps have been disabled. To enable core dumping, try "ulimit -c unlimited" before starting Java again
#
# If you would like to submit a bug report, please visit:
#   http://bugreport.java.com/bugreport/crash.jsp
#

---------------  T H R E A D  ---------------

Current thread (0x00007f0ad4148800):  VMThread [stack: 0x00007f0abe958000,0x00007f0abea58000] [id=18903]

siginfo: si_signo: 11 (SIGSEGV), si_code: 1 (SEGV_MAPERR), si_addr: 0x0000000000000008

Registers:
RAX=0x0000000000000000, RBX=0x00007f0abff6aab8, RCX=0x000000000000002b, RDX=0x00007f0abff6e210
RSP=0x00007f0abea55ba0, RBP=0x00007f0abea55c00, RSI=0x0000000000000000, RDI=0x00007f0abff6aab8
R8 =0x000000000000001d, R9 =0x00007f0abff6b278, R10=0x0000000000000007, R11=0x0000000000000000
R12=0x000000000000001d, R13=0x00007f0abea55e90, R14=0x00007f0adb734320, R15=0x0000000000000001
RIP=0x00007f0adad70206, EFLAGS=0x0000000000010206, CSGSFS=0x002b000000000033, ERR=0x0000000000000004
  TRAPNO=0x000000000000000e

Top of Stack: (sp=0x00007f0abea55ba0)
0x00007f0abea55ba0:   000000000000001d 00000000bea55c40
0x00007f0abea55bb0:   00007f0abea55c00 00007f0adad7565c
0x00007f0abea55bc0:   0000000046000016 00007f0adad782ad
0x00007f0abea55bd0:   00007f0abff6b278 00000000000000b4
0x00007f0abea55be0:   00000000000000b4 00007f0abea55e90
0x00007f0abea55bf0:   00007f0adb734320 00007f0abff6b23d
0x00007f0abea55c00:   00007f0abea55ce0 00007f0adad7634b
0x00007f0abea55c10:   0000000000000001 00007f0abea55c70
0x00007f0abea55c20:   00007f0abea55c48 00007f0abea55c40
0x00007f0abea55c30:   00007f0ad4057990 0000002bbea55c80
0x00007f0abea55c40:   00007f0abea55c58 00007f0abff6b278
0x00007f0abea55c50:   00007f0ad4148800 000000200000001d
0x00007f0abea55c60:   000000b40000002b 000000b400000000
0x00007f0abea55c70:   00007f0abff6b278 00007f0ad4148800
0x00007f0abea55c80:   00007f0abff6b278 00007f0ad4148800
0x00007f0abea55c90:   00007f0abff6b278 00007f0ad4148800
0x00007f0abea55ca0:   00007f0abff6b278 00007f0abff6b278
0x00007f0abea55cb0:   00007f0ad4148800 0000000000000000
0x00007f0abea55cc0:   0000000000000000 00007f0abea55e90
0x00007f0abea55cd0:   00007f0abea55cf0 00007f0abea55d90
0x00007f0abea55ce0:   00007f0abea55d40 00007f0adad7721a
0x00007f0abea55cf0:   00007f0adb6e7ad0 00007f0adc22f330
0x00007f0abea55d00:   0000000000000002 00007f0abff6b278
0x00007f0abea55d10:   00007f0ad40579c0 00007f0a00000001
0x00007f0abea55d20:   00007f0abea55dc0 00007f0abea55e90
0x00007f0abea55d30:   00007f0adb7049a8 00007f0abea55d60
0x00007f0abea55d40:   00007f0abea55e00 00007f0adad775cd
0x00007f0abea55d50:   00007f0abea55f00 00007f0ad4148800
0x00007f0abea55d60:   00007f0abff50000 0000000000000000
0x00007f0abea55d70:   00007f0abea55ec0 0000000400000000
0x00007f0abea55d80:   00007f0adb6cd5d0 00007f0abff6b278
0x00007f0abea55d90:   00007f0ad4140100 0000000000000000 

Instructions: (pc=0x00007f0adad70206)
0x00007f0adad701e6:   8b 40 08 48 8b 58 08 48 89 df e8 9b 19 f0 ff 48
0x00007f0adad701f6:   89 df 89 c6 e8 41 1a f0 ff 48 98 48 8b 44 c3 50
0x00007f0adad70206:   0f b6 40 08 3c 4c 0f 84 d6 00 00 00 3c 5b 0f 84
0x00007f0adad70216:   ce 00 00 00 3c 4a 0f 84 9e 01 00 00 3c 44 0f 1f 

Register to memory mapping:

RAX=0x0000000000000000 is an unknown value
RBX=0x00007f0abff6aab8 is pointing into metadata
RCX=0x000000000000002b is an unknown value
RDX=0x00007f0abff6e210 is pointing into metadata
RSP=0x00007f0abea55ba0 is an unknown value
RBP=0x00007f0abea55c00 is an unknown value
RSI=0x0000000000000000 is an unknown value
RDI=0x00007f0abff6aab8 is pointing into metadata
R8 =0x000000000000001d is an unknown value
R9 ={method} {0x00007f0abff6b278} 'createUserSuperiorNotFoundTest' '()V' in 'com/future/OfficeInventorySystem/service/UserServiceImplTest'
R10=0x0000000000000007 is an unknown value
R11=0x0000000000000000 is an unknown value
R12=0x000000000000001d is an unknown value
R13=0x00007f0abea55e90 is an unknown value
R14=0x00007f0adb734320: <offset 0xfb9320> in /usr/lib/jvm/java-8-oracle/jre/lib/amd64/server/libjvm.so at 0x00007f0ada77b000
R15=0x0000000000000001 is an unknown value


Stack: [0x00007f0abe958000,0x00007f0abea58000],  sp=0x00007f0abea55ba0,  free space=1014k
Native frames: (J=compiled Java code, j=interpreted, Vv=VM code, C=native code)
V  [libjvm.so+0x5f5206]  GenerateOopMap::do_field(int, int, int, int)+0x46
V  [libjvm.so+0x5fb34b]  GenerateOopMap::interp_bb(BasicBlock*)+0x2fb
V  [libjvm.so+0x5fc21a]  GenerateOopMap::do_interpretation()+0x17a
V  [libjvm.so+0x5fc5cd]  GenerateOopMap::compute_map(Thread*)+0x34d
V  [libjvm.so+0x91fcd4]  OopMapForCacheEntry::compute_map(Thread*)+0xb4
V  [libjvm.so+0x921a92]  OopMapCacheEntry::fill(methodHandle, int)+0x2d2
V  [libjvm.so+0x922244]  OopMapCache::compute_one_oop_map(methodHandle, int, InterpreterOopMap*)+0x124
V  [libjvm.so+0x922bee]  OopMapCache::lookup(methodHandle, int, InterpreterOopMap*) const+0x6de
V  [libjvm.so+0x64ab92]  InstanceKlass::mask_for(methodHandle, int, InterpreterOopMap*)+0x82
V  [libjvm.so+0x8bd3fd]  Method::mask_for(int, InterpreterOopMap*)+0x9d
V  [libjvm.so+0x7affb4]  VM_GetOrSetLocal::doit()+0x54
V  [libjvm.so+0xadb745]  VM_Operation::evaluate()+0x55
V  [libjvm.so+0xad9b0a]  VMThread::evaluate_operation(VM_Operation*)+0xba
V  [libjvm.so+0xad9e8e]  VMThread::loop()+0x1ce
V  [libjvm.so+0xada300]  VMThread::run()+0x70
V  [libjvm.so+0x930198]  java_start(Thread*)+0x108

VM_Operation (0x00007f0abe44e940): GetOrSetLocal, mode: safepoint, requested by thread 0x00007f0ad4194800


---------------  P R O C E S S  ---------------

Java Threads: ( => current thread )
  0x00007f0ad45b3000 JavaThread "Service Thread" daemon [_thread_blocked, id=18920, stack(0x00007f0abd9c0000,0x00007f0abdac1000)]
  0x00007f0ad45af000 JavaThread "C1 CompilerThread2" daemon [_thread_blocked, id=18919, stack(0x00007f0abdac2000,0x00007f0abdbc2000)]
  0x00007f0ad45ad000 JavaThread "C2 CompilerThread1" daemon [_thread_blocked, id=18918, stack(0x00007f0abdbc3000,0x00007f0abdcc3000)]
  0x00007f0ad45a6800 JavaThread "C2 CompilerThread0" daemon [_thread_blocked, id=18917, stack(0x00007f0abdcc4000,0x00007f0abddc4000)]
  0x00007f0a9c001000 JavaThread "JDWP Command Reader" daemon [_thread_in_native, id=18909, stack(0x00007f0abe14d000,0x00007f0abe24e000)]
  0x00007f0ad4198000 JavaThread "JDWP Event Helper Thread" daemon [_thread_blocked, id=18908, stack(0x00007f0abe24e000,0x00007f0abe34f000)]
  0x00007f0ad4194800 JavaThread "JDWP Transport Listener: dt_socket" daemon [_thread_blocked, id=18907, stack(0x00007f0abe34f000,0x00007f0abe450000)]
  0x00007f0ad4186000 JavaThread "Signal Dispatcher" daemon [_thread_blocked, id=18906, stack(0x00007f0abe654000,0x00007f0abe755000)]
  0x00007f0ad4154800 JavaThread "Finalizer" daemon [_thread_blocked, id=18905, stack(0x00007f0abe755000,0x00007f0abe856000)]
  0x00007f0ad4152000 JavaThread "Reference Handler" daemon [_thread_blocked, id=18904, stack(0x00007f0abe856000,0x00007f0abe957000)]
  0x00007f0ad4013000 JavaThread "main" [_thread_blocked, id=18898, stack(0x00007f0adc2ae000,0x00007f0adc3ae000)]

Other Threads:
=>0x00007f0ad4148800 VMThread [stack: 0x00007f0abe958000,0x00007f0abea58000] [id=18903]
  0x00007f0ad45b8000 WatcherThread [stack: 0x00007f0abd8c0000,0x00007f0abd9c0000] [id=18921]

VM state:at safepoint (normal execution)

VM Mutex/Monitor currently owned by a thread:  ([mutex/lock_event])
[0x00007f0ad4007e70] Threads_lock - owner thread: 0x00007f0ad4148800

Heap:
 PSYoungGen      total 36864K, used 14093K [0x00000000d7200000, 0x00000000d9b00000, 0x0000000100000000)
  eden space 31744K, 44% used [0x00000000d7200000,0x00000000d7fc35a0,0x00000000d9100000)
  from space 5120K, 0% used [0x00000000d9600000,0x00000000d9600000,0x00000000d9b00000)
  to   space 5120K, 0% used [0x00000000d9100000,0x00000000d9100000,0x00000000d9600000)
 ParOldGen       total 84992K, used 0K [0x0000000085600000, 0x000000008a900000, 0x00000000d7200000)
  object space 84992K, 0% used [0x0000000085600000,0x0000000085600000,0x000000008a900000)
 Metaspace       used 4873K, capacity 5350K, committed 5504K, reserved 1056768K
  class space    used 559K, capacity 593K, committed 640K, reserved 1048576K

Card table byte_map: [0x00007f0ac486a000,0x00007f0ac4c40000] byte_map_base: 0x00007f0ac443f000

Marking Bits: (ParMarkBitMap*) 0x00007f0adb74f0a0
 Begin Bits: [0x00007f0ac0716000, 0x00007f0ac25be000)
 End Bits:   [0x00007f0ac25be000, 0x00007f0ac4466000)

Polling page: 0x00007f0adc3cc000

CodeCache: size=245760Kb used=1984Kb max_used=1986Kb free=243775Kb
 bounds [0x00007f0ac5000000, 0x00007f0ac5270000, 0x00007f0ad4000000]
 total_blobs=579 nmethods=322 adapters=179
 compilation: enabled

Compilation events (10 events):
Event: 1.426 Thread 0x00007f0ad45a6800  318       4       java.util.HashMap::get (23 bytes)
Event: 1.431 Thread 0x00007f0ad45a6800 nmethod 318 0x00007f0ac51f0a90 code [0x00007f0ac51f0c00, 0x00007f0ac51f0f38]
Event: 1.431 Thread 0x00007f0ad45af000  319       3       java.util.zip.ZipFile$ZipFileInflaterInputStream::fill (80 bytes)
Event: 1.432 Thread 0x00007f0ad45af000 nmethod 319 0x00007f0ac51f0310 code [0x00007f0ac51f04c0, 0x00007f0ac51f0888]
Event: 1.432 Thread 0x00007f0ad45af000  320   !   3       java.util.zip.Inflater::setInput (74 bytes)
Event: 1.432 Thread 0x00007f0ad45af000 nmethod 320 0x00007f0ac51ef950 code [0x00007f0ac51efb00, 0x00007f0ac51f0098]
Event: 1.433 Thread 0x00007f0ad45af000  321       3       sun.misc.PerfCounter::increment (6 bytes)
Event: 1.433 Thread 0x00007f0ad45af000 nmethod 321 0x00007f0ac51eed10 code [0x00007f0ac51eeec0, 0x00007f0ac51ef5d8]
Event: 2.078 Thread 0x00007f0ad45af000  322       3       java.lang.AbstractStringBuilder::append (50 bytes)
Event: 2.079 Thread 0x00007f0ad45af000 nmethod 322 0x00007f0ac51ee0d0 code [0x00007f0ac51ee2a0, 0x00007f0ac51ee9d8]

GC Heap History (0 events):
No events

Deoptimization events (1 events):
Event: 1.984 Thread 0x00007f0ad4013000 Uncommon trap: reason=unstable_if action=reinterpret pc=0x00007f0ac51d5ab8 method=java.lang.AbstractStringBuilder.append(Ljava/lang/String;)Ljava/lang/AbstractStringBuilder; @ 1

Classes redefined (7 events):
Event: 168.061 Thread 0x00007f0ad4148800 redefined class name=com.future.OfficeInventorySystem.service.UserServiceImplTest, count=1
Event: 240.772 Thread 0x00007f0ad4148800 redefined class name=com.future.OfficeInventorySystem.service.UserServiceImplTest, count=2
Event: 353.191 Thread 0x00007f0ad4148800 redefined class name=com.future.OfficeInventorySystem.service.UserServiceImplTest, count=3
Event: 414.754 Thread 0x00007f0ad4148800 redefined class name=com.future.OfficeInventorySystem.service.UserServiceImplTest, count=4
Event: 988.027 Thread 0x00007f0ad4148800 redefined class name=com.future.OfficeInventorySystem.service.UserServiceImplTest, count=5
Event: 1211.017 Thread 0x00007f0ad4148800 redefined class name=com.future.OfficeInventorySystem.service.UserServiceImplTest, count=6
Event: 1557.276 Thread 0x00007f0ad4148800 redefined class name=com.future.OfficeInventorySystem.service.UserServiceImplTest, count=7

Internal exceptions (8 events):
Event: 0.055 Thread 0x00007f0ad4013000 Exception <a 'java/lang/NoSuchMethodError': Method sun.misc.Unsafe.defineClass(Ljava/lang/String;[BII)Ljava/lang/Class; name or signature does not match> (0x00000000d7207cb0) thrown at [/HUDSON/workspace/8-2-build-linux-amd64/jdk8u181/11358/hotspot/src/sh
Event: 0.055 Thread 0x00007f0ad4013000 Exception <a 'java/lang/NoSuchMethodError': Method sun.misc.Unsafe.prefetchRead(Ljava/lang/Object;J)V name or signature does not match> (0x00000000d7207f98) thrown at [/HUDSON/workspace/8-2-build-linux-amd64/jdk8u181/11358/hotspot/src/share/vm/prims/jni.c
Event: 0.949 Thread 0x00007f0ad4013000 Exception <a 'java/io/FileNotFoundException'> (0x00000000d771eb58) thrown at [/HUDSON/workspace/8-2-build-linux-amd64/jdk8u181/11358/hotspot/src/share/vm/prims/jni.cpp, line 709]
Event: 0.981 Thread 0x00007f0ad4013000 Exception <a 'java/security/PrivilegedActionException'> (0x00000000d7774fc0) thrown at [/HUDSON/workspace/8-2-build-linux-amd64/jdk8u181/11358/hotspot/src/share/vm/prims/jvm.cpp, line 1435]
Event: 0.981 Thread 0x00007f0ad4013000 Exception <a 'java/security/PrivilegedActionException'> (0x00000000d77751d0) thrown at [/HUDSON/workspace/8-2-build-linux-amd64/jdk8u181/11358/hotspot/src/share/vm/prims/jvm.cpp, line 1435]
Event: 0.982 Thread 0x00007f0ad4013000 Exception <a 'java/security/PrivilegedActionException'> (0x00000000d7777638) thrown at [/HUDSON/workspace/8-2-build-linux-amd64/jdk8u181/11358/hotspot/src/share/vm/prims/jvm.cpp, line 1435]
Event: 0.982 Thread 0x00007f0ad4013000 Exception <a 'java/security/PrivilegedActionException'> (0x00000000d7777848) thrown at [/HUDSON/workspace/8-2-build-linux-amd64/jdk8u181/11358/hotspot/src/share/vm/prims/jvm.cpp, line 1435]
Event: 1.984 Thread 0x00007f0ad4013000 Implicit null exception at 0x00007f0ac51d55b6 to 0x00007f0ac51d5aa1

Events (10 events):
Event: 1211.480 Executing VM operation: GetOrSetLocal done
Event: 1211.481 Executing VM operation: GetOrSetLocal
Event: 1211.481 Executing VM operation: GetOrSetLocal done
Event: 1211.481 Executing VM operation: GetOrSetLocal
Event: 1211.481 Executing VM operation: GetOrSetLocal done
Event: 1236.936 Executing VM operation: ChangeBreakpoints
Event: 1236.936 Executing VM operation: ChangeBreakpoints done
Event: 1557.274 Executing VM operation: RedefineClasses
Event: 1557.276 Executing VM operation: RedefineClasses done
Event: 1557.277 Executing VM operation: GetOrSetLocal


Dynamic libraries:
00400000-00401000 r-xp 00000000 08:15 2906702                            /usr/lib/jvm/java-8-oracle/bin/java
00600000-00601000 rw-p 00000000 08:15 2906702                            /usr/lib/jvm/java-8-oracle/bin/java
010f9000-0111a000 rw-p 00000000 00:00 0                                  [heap]
85600000-8a900000 rw-p 00000000 00:00 0 
8a900000-d7200000 ---p 00000000 00:00 0 
d7200000-d9b00000 rw-p 00000000 00:00 0 
d9b00000-100000000 ---p 00000000 00:00 0 
100000000-1000a0000 rw-p 00000000 00:00 0 
1000a0000-140000000 ---p 00000000 00:00 0 
7f0a78000000-7f0a78021000 rw-p 00000000 00:00 0 
7f0a78021000-7f0a7c000000 ---p 00000000 00:00 0 
7f0a80000000-7f0a801c3000 rw-p 00000000 00:00 0 
7f0a801c3000-7f0a84000000 ---p 00000000 00:00 0 
7f0a84000000-7f0a84021000 rw-p 00000000 00:00 0 
7f0a84021000-7f0a88000000 ---p 00000000 00:00 0 
7f0a88000000-7f0a8820e000 rw-p 00000000 00:00 0 
7f0a8820e000-7f0a8c000000 ---p 00000000 00:00 0 
7f0a8c000000-7f0a8c20c000 rw-p 00000000 00:00 0 
7f0a8c20c000-7f0a90000000 ---p 00000000 00:00 0 
7f0a90000000-7f0a90021000 rw-p 00000000 00:00 0 
7f0a90021000-7f0a94000000 ---p 00000000 00:00 0 
7f0a94000000-7f0a94021000 rw-p 00000000 00:00 0 
7f0a94021000-7f0a98000000 ---p 00000000 00:00 0 
7f0a98000000-7f0a98021000 rw-p 00000000 00:00 0 
7f0a98021000-7f0a9c000000 ---p 00000000 00:00 0 
7f0a9c000000-7f0a9c021000 rw-p 00000000 00:00 0 
7f0a9c021000-7f0aa0000000 ---p 00000000 00:00 0 
7f0aa0000000-7f0aa0021000 rw-p 00000000 00:00 0 
7f0aa0021000-7f0aa4000000 ---p 00000000 00:00 0 
7f0aa4000000-7f0aa4021000 rw-p 00000000 00:00 0 
7f0aa4021000-7f0aa8000000 ---p 00000000 00:00 0 
7f0aa8000000-7f0aa8021000 rw-p 00000000 00:00 0 
7f0aa8021000-7f0aac000000 ---p 00000000 00:00 0 
7f0aac000000-7f0aac29b000 rw-p 00000000 00:00 0 
7f0aac29b000-7f0ab0000000 ---p 00000000 00:00 0 
7f0ab0000000-7f0ab0021000 rw-p 00000000 00:00 0 
7f0ab0021000-7f0ab4000000 ---p 00000000 00:00 0 
7f0ab4000000-7f0ab4021000 rw-p 00000000 00:00 0 
7f0ab4021000-7f0ab8000000 ---p 00000000 00:00 0 
7f0ab8000000-7f0ab8021000 rw-p 00000000 00:00 0 
7f0ab8021000-7f0abc000000 ---p 00000000 00:00 0 
7f0abd8bf000-7f0abd8c0000 ---p 00000000 00:00 0 
7f0abd8c0000-7f0abd9c0000 rw-p 00000000 00:00 0 
7f0abd9c0000-7f0abd9c3000 ---p 00000000 00:00 0 
7f0abd9c3000-7f0abdac1000 rw-p 00000000 00:00 0 
7f0abdac1000-7f0abdac2000 ---p 00000000 00:00 0 
7f0abdac2000-7f0abdac5000 ---p 00000000 00:00 0 
7f0abdac5000-7f0abdbc2000 rw-p 00000000 00:00 0 
7f0abdbc2000-7f0abdbc3000 ---p 00000000 00:00 0 
7f0abdbc3000-7f0abdbc6000 ---p 00000000 00:00 0 
7f0abdbc6000-7f0abdcc3000 rw-p 00000000 00:00 0 
7f0abdcc3000-7f0abdcc4000 ---p 00000000 00:00 0 
7f0abdcc4000-7f0abdcc7000 ---p 00000000 00:00 0 
7f0abdcc7000-7f0abddc4000 rw-p 00000000 00:00 0 
7f0abddc4000-7f0abddcb000 r--s 00064000 08:15 1316049                    /opt/idea-IU-182.4323.46/lib/rt/debugger-agent.jar
7f0abddcb000-7f0abdddb000 r--s 001c7000 08:15 2507489                    /home/priagung/.m2/repository/com/h2database/h2/1.4.197/h2-1.4.197.jar
7f0abdddb000-7f0abdde0000 r--s 00022000 08:15 1577597                    /home/priagung/.m2/repository/org/xmlunit/xmlunit-core/2.5.1/xmlunit-core-2.5.1.jar
7f0abdde0000-7f0abdded000 r--s 00087000 08:15 1577591                    /home/priagung/.m2/repository/org/springframework/spring-test/5.0.8.RELEASE/spring-test-5.0.8.RELEASE.jar
7f0abdded000-7f0abddef000 r--s 00004000 08:15 1446675                    /home/priagung/.m2/repository/org/springframework/spring-jcl/5.0.8.RELEASE/spring-jcl-5.0.8.RELEASE.jar
7f0abddef000-7f0abde07000 r--s 00114000 08:15 1446658                    /home/priagung/.m2/repository/org/springframework/spring-core/5.0.8.RELEASE/spring-core-5.0.8.RELEASE.jar
7f0abde07000-7f0abde08000 r--s 00004000 08:15 1577590                    /home/priagung/.m2/repository/com/vaadin/external/google/android-json/0.0.20131108.vaadin1/android-json-0.0.20131108.vaadin1.jar
7f0abde08000-7f0abde0a000 r--s 00006000 08:15 1577593                    /home/priagung/.m2/repository/org/skyscreamer/jsonassert/1.5.0/jsonassert-1.5.0.jar
7f0abde0a000-7f0abde0b000 r--s 0000c000 08:15 1577577                    /home/priagung/.m2/repository/org/hamcrest/hamcrest-library/1.3/hamcrest-library-1.3.jar
7f0abde0b000-7f0abde0d000 r--s 00009000 08:15 1577592                    /home/priagung/.m2/repository/org/hamcrest/hamcrest-core/1.3/hamcrest-core-1.3.jar
7f0abde0d000-7f0abde0f000 r--s 0000c000 08:15 1577588                    /home/priagung/.m2/repository/org/objenesis/objenesis/2.6/objenesis-2.6.jar
7f0abde0f000-7f0abde11000 r--s 00009000 08:15 1577586                    /home/priagung/.m2/repository/net/bytebuddy/byte-buddy-agent/1.7.11/byte-buddy-agent-1.7.11.jar
7f0abde11000-7f0abde4d000 r--s 00290000 08:15 1577584                    /home/priagung/.m2/repository/net/bytebuddy/byte-buddy/1.7.11/byte-buddy-1.7.11.jar
7f0abde4d000-7f0abde5d000 r--s 00075000 08:15 1577582                    /home/priagung/.m2/repository/org/mockito/mockito-core/2.15.0/mockito-core-2.15.0.jar
7f0abde5d000-7f0abdeb2000 r--s 00367000 08:15 1577579                    /home/priagung/.m2/repository/org/assertj/assertj-core/3.9.1/assertj-core-3.9.1.jar
7f0abdeb2000-7f0abdeba000 r--s 00045000 08:15 1577564                    /home/priagung/.m2/repository/junit/junit/4.12/junit-4.12.jar
7f0abdeba000-7f0abdebc000 r--s 0000c000 08:15 1577575                    /home/priagung/.m2/repository/org/ow2/asm/asm/5.0.4/asm-5.0.4.jar
7f0abdebc000-7f0abdebe000 r--s 00006000 08:15 1577573                    /home/priagung/.m2/repository/net/minidev/accessors-smart/1.2/accessors-smart-1.2.jar
7f0abdebe000-7f0abdec1000 r--s 0001b000 08:15 1577569                    /home/priagung/.m2/repository/net/minidev/json-smart/2.3/json-smart-2.3.jar
7f0abdec1000-7f0abdec7000 r--s 00031000 08:15 1577567                    /home/priagung/.m2/repository/com/jayway/jsonpath/json-path/2.4.0/json-path-2.4.0.jar
7f0abdec7000-7f0abdece000 r--s 00020000 08:15 1577566                    /home/priagung/.m2/repository/org/springframework/boot/spring-boot-test-autoconfigure/2.0.4.RELEASE/spring-boot-test-autoconfigure-2.0.4.RELEASE.jar
7f0abdece000-7f0abded3000 r--s 0002b000 08:15 1577571                    /home/priagung/.m2/repository/org/springframework/boot/spring-boot-test/2.0.4.RELEASE/spring-boot-test-2.0.4.RELEASE.jar
7f0abded3000-7f0abded4000 r--s 00000000 08:15 1577559                    /home/priagung/.m2/repository/org/springframework/boot/spring-boot-starter-test/2.0.4.RELEASE/spring-boot-starter-test-2.0.4.RELEASE.jar
7f0abded4000-7f0abded9000 r--s 00040000 08:15 1446667                    /home/priagung/.m2/repository/org/springframework/spring-expression/5.0.8.RELEASE/spring-expression-5.0.8.RELEASE.jar
7f0abded9000-7f0abdee9000 r--s 000b2000 08:15 1577532                    /home/priagung/.m2/repository/org/springframework/spring-webmvc/5.0.8.RELEASE/spring-webmvc-5.0.8.RELEASE.jar
7f0abdee9000-7f0abdf03000 r--s 0011b000 08:15 1577552                    /home/priagung/.m2/repository/org/springframework/spring-web/5.0.8.RELEASE/spring-web-5.0.8.RELEASE.jar
7f0abdf03000-7f0abdf08000 r--s 00012000 08:15 1577555                    /home/priagung/.m2/repository/javax/validation/validation-api/2.0.1.Final/validation-api-2.0.1.Final.jar
7f0abdf08000-7f0abdf25000 r--s 000fe000 08:15 1577526                    /home/priagung/.m2/repository/org/hibernate/validator/hibernate-validator/6.0.11.Final/hibernate-validator-6.0.11.Final.jar
7f0abdf25000-7f0abdf2a000 r--s 0003a000 08:15 1577553                    /home/priagung/.m2/repository/org/apache/tomcat/embed/tomcat-embed-websocket/8.5.32/tomcat-embed-websocket-8.5.32.jar
7f0abdf2a000-7f0abdf2f000 r--s 00037000 08:15 1577551                    /home/priagung/.m2/repository/org/apache/tomcat/embed/tomcat-embed-el/8.5.32/tomcat-embed-el-8.5.32.jar
7f0abdf2f000-7f0abdf58000 r--s 002d3000 08:15 1577533                    /home/priagung/.m2/repository/org/apache/tomcat/embed/tomcat-embed-core/8.5.32/tomcat-embed-core-8.5.32.jar
7f0abdf58000-7f0abdf59000 r--s 00000000 08:15 1577534                    /home/priagung/.m2/repository/org/springframework/boot/spring-boot-starter-tomcat/2.0.4.RELEASE/spring-boot-starter-tomcat-2.0.4.RELEASE.jar
7f0abdf59000-7f0abdf5b000 r--s 00001000 08:15 1577535                    /home/priagung/.m2/repository/com/fasterxml/jackson/module/jackson-module-parameter-names/2.9.6/jackson-module-parameter-names-2.9.6.jar
7f0abdf5b000-7f0abdf5e000 r--s 00016000 08:15 1577543                    /home/priagung/.m2/repository/com/fasterxml/jackson/datatype/jackson-datatype-jsr310/2.9.6/jackson-datatype-jsr310-2.9.6.jar
7f0abdf5e000-7f0abdf60000 r--s 00007000 08:15 1577539                    /home/priagung/.m2/repository/com/fasterxml/jackson/datatype/jackson-datatype-jdk8/2.9.6/jackson-datatype-jdk8-2.9.6.jar
7f0abdf60000-7f0abdf65000 r--s 0004b000 08:15 1577542                    /home/priagung/.m2/repository/com/fasterxml/jackson/core/jackson-core/2.9.6/jackson-core-2.9.6.jar
7f0abdf65000-7f0abdf68000 r--s 0000e000 08:15 1577548                    /home/priagung/.m2/repository/com/fasterxml/jackson/core/jackson-annotations/2.9.0/jackson-annotations-2.9.0.jar
7f0abdf68000-7f0abdf7b000 r--s 00137000 08:15 1577545                    /home/priagung/.m2/repository/com/fasterxml/jackson/core/jackson-databind/2.9.6/jackson-databind-2.9.6.jar
7f0abdf7b000-7f0abdf7c000 r--s 00000000 08:15 1577530                    /home/priagung/.m2/repository/org/springframework/boot/spring-boot-starter-json/2.0.4.RELEASE/spring-boot-starter-json-2.0.4.RELEASE.jar
7f0abdf7c000-7f0abdf7d000 r--s 00000000 08:15 1446650                    /home/priagung/.m2/repository/org/springframework/boot/spring-boot-starter-web/2.0.4.RELEASE/spring-boot-starter-web-2.0.4.RELEASE.jar
7f0abdf7d000-7f0abdf87000 r--s 000bd000 08:15 1971275                    /home/priagung/.m2/repository/org/postgresql/postgresql/42.2.4/postgresql-42.2.4.jar
7f0abdf87000-7f0abdf9e000 r--s 00173000 08:15 1971277                    /home/priagung/.m2/repository/org/projectlombok/lombok/1.16.22/lombok-1.16.22.jar
7f0abdf9e000-7f0abdfa0000 r--s 0000a000 08:15 1971247                    /home/priagung/.m2/repository/org/springframework/spring-aspects/5.0.8.RELEASE/spring-aspects-5.0.8.RELEASE.jar
7f0abdfa0000-7f0abdfa2000 r--s 00009000 08:15 1446681                    /home/priagung/.m2/repository/org/slf4j/slf4j-api/1.7.25/slf4j-api-1.7.25.jar
7f0abdfa2000-7f0abdfaf000 r--s 00095000 08:15 1446684                    /home/priagung/.m2/repository/org/springframework/spring-beans/5.0.8.RELEASE/spring-beans-5.0.8.RELEASE.jar
7f0abdfaf000-7f0abdfb7000 r--s 00037000 08:15 1446951                    /home/priagung/.m2/repository/org/springframework/spring-tx/5.0.8.RELEASE/spring-tx-5.0.8.RELEASE.jar
7f0abdfb7000-7f0abdfd1000 r--s 000f1000 08:15 1446683                    /home/priagung/.m2/repository/org/springframework/spring-context/5.0.8.RELEASE/spring-context-5.0.8.RELEASE.jar
7f0abdfd1000-7f0abdfd5000 r--s 0002b000 08:15 1971252                    /home/priagung/.m2/repository/org/springframework/spring-orm/5.0.8.RELEASE/spring-orm-5.0.8.RELEASE.jar
7f0abdfd5000-7f0abdfec000 r--s 000f1000 08:15 1446953                    /home/priagung/.m2/repository/org/springframework/data/spring-data-commons/2.0.9.RELEASE/spring-data-commons-2.0.9.RELEASE.jar
7f0abdfec000-7f0abdff4000 r--s 0004b000 08:15 1971250                    /home/priagung/.m2/repository/org/springframework/data/spring-data-jpa/2.0.9.RELEASE/spring-data-jpa-2.0.9.RELEASE.jar
7f0abdff4000-7f0abdff6000 r--s 00006000 08:15 1971248                    /home/priagung/.m2/repository/javax/transaction/javax.transaction-api/1.2/javax.transaction-api-1.2.jar
7f0abdff6000-7f0abdff9000 r--s 00010000 08:15 1971246                    /home/priagung/.m2/repository/org/hibernate/common/hibernate-commons-annotations/5.0.1.Final/hibernate-commons-annotations-5.0.1.Final.jar
7f0abdff9000-7f0abdffe000 r--s 00048000 08:15 1971244                    /home/priagung/.m2/repository/dom4j/dom4j/1.6.1/dom4j-1.6.1.jar
7f0abdffe000-7f0abe000000 r--s 0000e000 08:15 1446653                    /home/priagung/.m2/repository/com/fasterxml/classmate/1.3.4/classmate-1.3.4.jar
7f0abe000000-7f0abe003000 r--s 0002b000 08:15 1709576                    /home/priagung/.m2/repository/org/jboss/jandex/2.0.3.Final/jandex-2.0.3.Final.jar
7f0abe003000-7f0abe008000 r--s 00068000 08:15 1971236                    /home/priagung/.m2/repository/antlr/antlr/2.7.7/antlr-2.7.7.jar
7f0abe008000-7f0abe012000 r--s 000ab000 08:15 1971232                    /home/priagung/.m2/repository/org/javassist/javassist/3.22.0-GA/javassist-3.22.0-GA.jar
7f0abe012000-7f0abe017000 r--s 00017000 08:15 1971230                    /home/priagung/.m2/repository/org/hibernate/javax/persistence/hibernate-jpa-2.1-api/1.0.2.Final/hibernate-jpa-2.1-api-1.0.2.Final.jar
7f0abe017000-7f0abe019000 r--s 0000f000 08:15 1577557                    /home/priagung/.m2/repository/org/jboss/logging/jboss-logging/3.3.2.Final/jboss-logging-3.3.2.Final.jar
7f0abe019000-7f0abe097000 r--s 005f0000 08:15 1846057                    /home/priagung/.m2/repository/org/hibernate/hibernate-core/5.2.17.Final/hibernate-core-5.2.17.Final.jar
7f0abe097000-7f0abe0a0000 r--s 00059000 08:15 1846054                    /home/priagung/.m2/repository/org/springframework/spring-jdbc/5.0.8.RELEASE/spring-jdbc-5.0.8.RELEASE.jar
7f0abe0a0000-7f0abe0a4000 r--s 00020000 08:15 1846052                    /home/priagung/.m2/repository/com/zaxxer/HikariCP/2.7.9/HikariCP-2.7.9.jar
7f0abe0a4000-7f0abe0a5000 r--s 00000000 08:15 1846050                    /home/priagung/.m2/repository/org/springframework/boot/spring-boot-starter-jdbc/2.0.4.RELEASE/spring-boot-starter-jdbc-2.0.4.RELEASE.jar
7f0abe0a5000-7f0abe0be000 r--s 001bf000 08:15 1846044                    /home/priagung/.m2/repository/org/aspectj/aspectjweaver/1.8.13/aspectjweaver-1.8.13.jar
7f0abe0be000-7f0abe0c7000 r--s 00051000 08:15 1446674                    /home/priagung/.m2/repository/org/springframework/spring-aop/5.0.8.RELEASE/spring-aop-5.0.8.RELEASE.jar
7f0abe0c7000-7f0abe0c8000 r--s 00000000 08:15 1709574                    /home/priagung/.m2/repository/org/springframework/boot/spring-boot-starter-aop/2.0.4.RELEASE/spring-boot-starter-aop-2.0.4.RELEASE.jar
7f0abe0c8000-7f0abe0cf000 r--s 00042000 08:15 1577529                    /home/priagung/.m2/repository/org/yaml/snakeyaml/1.19/snakeyaml-1.19.jar
7f0abe0cf000-7f0abe0d1000 r--s 00005000 08:15 1577549                    /home/priagung/.m2/repository/javax/annotation/javax.annotation-api/1.3.2/javax.annotation-api-1.3.2.jar
7f0abe0d1000-7f0abe0d3000 r--s 00000000 08:15 1577523                    /home/priagung/.m2/repository/org/slf4j/jul-to-slf4j/1.7.25/jul-to-slf4j-1.7.25.jar
7f0abe0d3000-7f0abe0d9000 r--s 00039000 08:15 1577521                    /home/priagung/.m2/repository/org/apache/logging/log4j/log4j-api/2.10.0/log4j-api-2.10.0.jar
7f0abe0d9000-7f0abe0db000 r--s 00003000 08:15 1446670                    /home/priagung/.m2/repository/org/apache/logging/log4j/log4j-to-slf4j/2.10.0/log4j-to-slf4j-2.10.0.jar
7f0abe0db000-7f0abe0e6000 r--s 00069000 08:15 1446666                    /home/priagung/.m2/repository/ch/qos/logback/logback-core/1.2.3/logback-core-1.2.3.jar
7f0abe0e6000-7f0abe0ec000 r--s 00041000 08:15 1446664                    /home/priagung/.m2/repository/ch/qos/logback/logback-classic/1.2.3/logback-classic-1.2.3.jar
7f0abe0ec000-7f0abe10d000 r--s 000fd000 08:15 1446668                    /home/priagung/.m2/repository/org/springframework/boot/spring-boot-autoconfigure/2.0.4.RELEASE/spring-boot-autoconfigure-2.0.4.RELEASE.jar
7f0abe10d000-7f0abe122000 r--s 000d0000 08:15 1446657                    /home/priagung/.m2/repository/org/springframework/boot/spring-boot/2.0.4.RELEASE/spring-boot-2.0.4.RELEASE.jar
7f0abe122000-7f0abe135000 r--s 00345000 08:15 3023519                    /usr/lib/jvm/java-8-oracle/jre/lib/resources.jar
7f0abe135000-7f0abe148000 r--s 000d6000 08:15 3023500                    /usr/lib/jvm/java-8-oracle/jre/lib/plugin.jar
7f0abe148000-7f0abe14d000 r--s 0009d000 08:15 3023520                    /usr/lib/jvm/java-8-oracle/jre/lib/jsse.jar
7f0abe14d000-7f0abe150000 ---p 00000000 00:00 0 
7f0abe150000-7f0abe24e000 rw-p 00000000 00:00 0 
7f0abe24e000-7f0abe251000 ---p 00000000 00:00 0 
7f0abe251000-7f0abe34f000 rw-p 00000000 00:00 0 
7f0abe34f000-7f0abe352000 ---p 00000000 00:00 0 
7f0abe352000-7f0abe450000 rw-p 00000000 00:00 0 
7f0abe450000-7f0abe454000 r-xp 00000000 08:15 3023552                    /usr/lib/jvm/java-8-oracle/jre/lib/amd64/libdt_socket.so
7f0abe454000-7f0abe653000 ---p 00004000 08:15 3023552                    /usr/lib/jvm/java-8-oracle/jre/lib/amd64/libdt_socket.so
7f0abe653000-7f0abe654000 rw-p 00003000 08:15 3023552                    /usr/lib/jvm/java-8-oracle/jre/lib/amd64/libdt_socket.so
7f0abe654000-7f0abe657000 ---p 00000000 00:00 0 
7f0abe657000-7f0abe755000 rw-p 00000000 00:00 0 
7f0abe755000-7f0abe758000 ---p 00000000 00:00 0 
7f0abe758000-7f0abe856000 rw-p 00000000 00:00 0 
7f0abe856000-7f0abe859000 ---p 00000000 00:00 0 
7f0abe859000-7f0abe957000 rw-p 00000000 00:00 0 
7f0abe957000-7f0abe958000 ---p 00000000 00:00 0 
7f0abe958000-7f0abf967000 rw-p 00000000 00:00 0 
7f0abf967000-7f0abfb41000 r--s 03d6b000 08:15 3023515                    /usr/lib/jvm/java-8-oracle/jre/lib/rt.jar
7f0abfb41000-7f0ac0001000 rw-p 00000000 00:00 0 
7f0ac0001000-7f0ac0341000 ---p 00000000 00:00 0 
7f0ac0341000-7f0ac4466000 rw-p 00000000 00:00 0 
7f0ac4466000-7f0ac4467000 ---p 00000000 00:00 0 
7f0ac4467000-7f0ac4567000 rw-p 00000000 00:00 0 
7f0ac4567000-7f0ac4568000 ---p 00000000 00:00 0 
7f0ac4568000-7f0ac4668000 rw-p 00000000 00:00 0 
7f0ac4668000-7f0ac4669000 ---p 00000000 00:00 0 
7f0ac4669000-7f0ac4769000 rw-p 00000000 00:00 0 
7f0ac4769000-7f0ac476a000 ---p 00000000 00:00 0 
7f0ac476a000-7f0ac4894000 rw-p 00000000 00:00 0 
7f0ac4894000-7f0ac4af8000 ---p 00000000 00:00 0 
7f0ac4af8000-7f0ac4b0d000 rw-p 00000000 00:00 0 
7f0ac4b0d000-7f0ac4c3f000 ---p 00000000 00:00 0 
7f0ac4c3f000-7f0ac4c4a000 rw-p 00000000 00:00 0 
7f0ac4c4a000-7f0ac5000000 ---p 00000000 00:00 0 
7f0ac5000000-7f0ac5270000 rwxp 00000000 00:00 0 
7f0ac5270000-7f0ad4000000 ---p 00000000 00:00 0 
7f0ad4000000-7f0ad4888000 rw-p 00000000 00:00 0 
7f0ad4888000-7f0ad8000000 ---p 00000000 00:00 0 
7f0ad8000000-7f0ad8001000 r--s 00000000 08:15 1446662                    /home/priagung/.m2/repository/org/springframework/boot/spring-boot-starter-logging/2.0.4.RELEASE/spring-boot-starter-logging-2.0.4.RELEASE.jar
7f0ad8001000-7f0ad8002000 r--s 00000000 08:15 1446677                    /home/priagung/.m2/repository/org/springframework/boot/spring-boot-starter/2.0.4.RELEASE/spring-boot-starter-2.0.4.RELEASE.jar
7f0ad8002000-7f0ad8004000 r--s 00007000 08:15 3023528                    /usr/lib/jvm/java-8-oracle/jre/lib/jfxswt.jar
7f0ad8004000-7f0ad8020000 r--s 0020b000 08:15 3023487                    /usr/lib/jvm/java-8-oracle/jre/lib/deploy.jar
7f0ad8020000-7f0ad80c0000 rw-p 00000000 00:00 0 
7f0ad80c0000-7f0ad8324000 ---p 00000000 00:00 0 
7f0ad8324000-7f0ad833f000 r-xp 00000000 08:15 3023581                    /usr/lib/jvm/java-8-oracle/jre/lib/amd64/libzip.so
7f0ad833f000-7f0ad853f000 ---p 0001b000 08:15 3023581                    /usr/lib/jvm/java-8-oracle/jre/lib/amd64/libzip.so
7f0ad853f000-7f0ad8540000 rw-p 0001b000 08:15 3023581                    /usr/lib/jvm/java-8-oracle/jre/lib/amd64/libzip.so
7f0ad8540000-7f0ad854b000 r-xp 00000000 08:15 923132                     /lib/x86_64-linux-gnu/libnss_files-2.27.so
7f0ad854b000-7f0ad874a000 ---p 0000b000 08:15 923132                     /lib/x86_64-linux-gnu/libnss_files-2.27.so
7f0ad874a000-7f0ad874b000 r--p 0000a000 08:15 923132                     /lib/x86_64-linux-gnu/libnss_files-2.27.so
7f0ad874b000-7f0ad874c000 rw-p 0000b000 08:15 923132                     /lib/x86_64-linux-gnu/libnss_files-2.27.so
7f0ad874c000-7f0ad8752000 rw-p 00000000 00:00 0 
7f0ad8752000-7f0ad8769000 r-xp 00000000 08:15 923126                     /lib/x86_64-linux-gnu/libnsl-2.27.so
7f0ad8769000-7f0ad8968000 ---p 00017000 08:15 923126                     /lib/x86_64-linux-gnu/libnsl-2.27.so
7f0ad8968000-7f0ad8969000 r--p 00016000 08:15 923126                     /lib/x86_64-linux-gnu/libnsl-2.27.so
7f0ad8969000-7f0ad896a000 rw-p 00017000 08:15 923126                     /lib/x86_64-linux-gnu/libnsl-2.27.so
7f0ad896a000-7f0ad896c000 rw-p 00000000 00:00 0 
7f0ad896c000-7f0ad8977000 r-xp 00000000 08:15 923143                     /lib/x86_64-linux-gnu/libnss_nis-2.27.so
7f0ad8977000-7f0ad8b76000 ---p 0000b000 08:15 923143                     /lib/x86_64-linux-gnu/libnss_nis-2.27.so
7f0ad8b76000-7f0ad8b77000 r--p 0000a000 08:15 923143                     /lib/x86_64-linux-gnu/libnss_nis-2.27.so
7f0ad8b77000-7f0ad8b78000 rw-p 0000b000 08:15 923143                     /lib/x86_64-linux-gnu/libnss_nis-2.27.so
7f0ad8b78000-7f0ad8b80000 r-xp 00000000 08:15 923128                     /lib/x86_64-linux-gnu/libnss_compat-2.27.so
7f0ad8b80000-7f0ad8d80000 ---p 00008000 08:15 923128                     /lib/x86_64-linux-gnu/libnss_compat-2.27.so
7f0ad8d80000-7f0ad8d81000 r--p 00008000 08:15 923128                     /lib/x86_64-linux-gnu/libnss_compat-2.27.so
7f0ad8d81000-7f0ad8d82000 rw-p 00009000 08:15 923128                     /lib/x86_64-linux-gnu/libnss_compat-2.27.so
7f0ad8d82000-7f0ad8d8c000 r-xp 00000000 08:15 3023590                    /usr/lib/jvm/java-8-oracle/jre/lib/amd64/libinstrument.so
7f0ad8d8c000-7f0ad8f8b000 ---p 0000a000 08:15 3023590                    /usr/lib/jvm/java-8-oracle/jre/lib/amd64/libinstrument.so
7f0ad8f8b000-7f0ad8f8c000 rw-p 00009000 08:15 3023590                    /usr/lib/jvm/java-8-oracle/jre/lib/amd64/libinstrument.so
7f0ad8f8c000-7f0ad995c000 r--p 00000000 08:15 2759365                    /usr/lib/locale/locale-archive
7f0ad995c000-7f0ad995e000 r-xp 00000000 08:15 3023554                    /usr/lib/jvm/java-8-oracle/jre/lib/amd64/libnpt.so
7f0ad995e000-7f0ad9b5e000 ---p 00002000 08:15 3023554                    /usr/lib/jvm/java-8-oracle/jre/lib/amd64/libnpt.so
7f0ad9b5e000-7f0ad9b5f000 rw-p 00002000 08:15 3023554                    /usr/lib/jvm/java-8-oracle/jre/lib/amd64/libnpt.so
7f0ad9b5f000-7f0ad9b99000 r-xp 00000000 08:15 3023568                    /usr/lib/jvm/java-8-oracle/jre/lib/amd64/libjdwp.so
7f0ad9b99000-7f0ad9d98000 ---p 0003a000 08:15 3023568                    /usr/lib/jvm/java-8-oracle/jre/lib/amd64/libjdwp.so
7f0ad9d98000-7f0ad9d99000 rw-p 00039000 08:15 3023568                    /usr/lib/jvm/java-8-oracle/jre/lib/amd64/libjdwp.so
7f0ad9d99000-7f0ad9d9a000 rw-p 00000000 00:00 0 
7f0ad9d9a000-7f0ad9dc5000 r-xp 00000000 08:15 3023575                    /usr/lib/jvm/java-8-oracle/jre/lib/amd64/libjava.so
7f0ad9dc5000-7f0ad9fc4000 ---p 0002b000 08:15 3023575                    /usr/lib/jvm/java-8-oracle/jre/lib/amd64/libjava.so
7f0ad9fc4000-7f0ad9fc6000 rw-p 0002a000 08:15 3023575                    /usr/lib/jvm/java-8-oracle/jre/lib/amd64/libjava.so
7f0ad9fc6000-7f0ad9fd3000 r-xp 00000000 08:15 3023580                    /usr/lib/jvm/java-8-oracle/jre/lib/amd64/libverify.so
7f0ad9fd3000-7f0ada1d3000 ---p 0000d000 08:15 3023580                    /usr/lib/jvm/java-8-oracle/jre/lib/amd64/libverify.so
7f0ada1d3000-7f0ada1d5000 rw-p 0000d000 08:15 3023580                    /usr/lib/jvm/java-8-oracle/jre/lib/amd64/libverify.so
7f0ada1d5000-7f0ada1dc000 r-xp 00000000 08:15 923183                     /lib/x86_64-linux-gnu/librt-2.27.so
7f0ada1dc000-7f0ada3db000 ---p 00007000 08:15 923183                     /lib/x86_64-linux-gnu/librt-2.27.so
7f0ada3db000-7f0ada3dc000 r--p 00006000 08:15 923183                     /lib/x86_64-linux-gnu/librt-2.27.so
7f0ada3dc000-7f0ada3dd000 rw-p 00007000 08:15 923183                     /lib/x86_64-linux-gnu/librt-2.27.so
7f0ada3dd000-7f0ada57a000 r-xp 00000000 08:15 923105                     /lib/x86_64-linux-gnu/libm-2.27.so
7f0ada57a000-7f0ada779000 ---p 0019d000 08:15 923105                     /lib/x86_64-linux-gnu/libm-2.27.so
7f0ada779000-7f0ada77a000 r--p 0019c000 08:15 923105                     /lib/x86_64-linux-gnu/libm-2.27.so
7f0ada77a000-7f0ada77b000 rw-p 0019d000 08:15 923105                     /lib/x86_64-linux-gnu/libm-2.27.so
7f0ada77b000-7f0adb457000 r-xp 00000000 08:15 3157549                    /usr/lib/jvm/java-8-oracle/jre/lib/amd64/server/libjvm.so
7f0adb457000-7f0adb657000 ---p 00cdc000 08:15 3157549                    /usr/lib/jvm/java-8-oracle/jre/lib/amd64/server/libjvm.so
7f0adb657000-7f0adb731000 rw-p 00cdc000 08:15 3157549                    /usr/lib/jvm/java-8-oracle/jre/lib/amd64/server/libjvm.so
7f0adb731000-7f0adb77c000 rw-p 00000000 00:00 0 
7f0adb77c000-7f0adb963000 r-xp 00000000 08:15 923042                     /lib/x86_64-linux-gnu/libc-2.27.so
7f0adb963000-7f0adbb63000 ---p 001e7000 08:15 923042                     /lib/x86_64-linux-gnu/libc-2.27.so
7f0adbb63000-7f0adbb67000 r--p 001e7000 08:15 923042                     /lib/x86_64-linux-gnu/libc-2.27.so
7f0adbb67000-7f0adbb69000 rw-p 001eb000 08:15 923042                     /lib/x86_64-linux-gnu/libc-2.27.so
7f0adbb69000-7f0adbb6d000 rw-p 00000000 00:00 0 
7f0adbb6d000-7f0adbb70000 r-xp 00000000 08:15 923065                     /lib/x86_64-linux-gnu/libdl-2.27.so
7f0adbb70000-7f0adbd6f000 ---p 00003000 08:15 923065                     /lib/x86_64-linux-gnu/libdl-2.27.so
7f0adbd6f000-7f0adbd70000 r--p 00002000 08:15 923065                     /lib/x86_64-linux-gnu/libdl-2.27.so
7f0adbd70000-7f0adbd71000 rw-p 00003000 08:15 923065                     /lib/x86_64-linux-gnu/libdl-2.27.so
7f0adbd71000-7f0adbd87000 r-xp 00000000 08:15 3283644                    /usr/lib/jvm/java-8-oracle/lib/amd64/jli/libjli.so
7f0adbd87000-7f0adbf86000 ---p 00016000 08:15 3283644                    /usr/lib/jvm/java-8-oracle/lib/amd64/jli/libjli.so
7f0adbf86000-7f0adbf87000 rw-p 00015000 08:15 3283644                    /usr/lib/jvm/java-8-oracle/lib/amd64/jli/libjli.so
7f0adbf87000-7f0adbfa1000 r-xp 00000000 08:15 923175                     /lib/x86_64-linux-gnu/libpthread-2.27.so
7f0adbfa1000-7f0adc1a0000 ---p 0001a000 08:15 923175                     /lib/x86_64-linux-gnu/libpthread-2.27.so
7f0adc1a0000-7f0adc1a1000 r--p 00019000 08:15 923175                     /lib/x86_64-linux-gnu/libpthread-2.27.so
7f0adc1a1000-7f0adc1a2000 rw-p 0001a000 08:15 923175                     /lib/x86_64-linux-gnu/libpthread-2.27.so
7f0adc1a2000-7f0adc1a6000 rw-p 00000000 00:00 0 
7f0adc1a6000-7f0adc1cd000 r-xp 00000000 08:15 923014                     /lib/x86_64-linux-gnu/ld-2.27.so
7f0adc1cd000-7f0adc1ce000 r--s 00000000 08:15 1709572                    /home/priagung/.m2/repository/org/springframework/boot/spring-boot-starter-data-jpa/2.0.4.RELEASE/spring-boot-starter-data-jpa-2.0.4.RELEASE.jar
7f0adc1ce000-7f0adc1d3000 r--s 00084000 08:15 3023486                    /usr/lib/jvm/java-8-oracle/jre/lib/jfr.jar
7f0adc1d3000-7f0adc1dc000 r--s 0006d000 08:15 3023496                    /usr/lib/jvm/java-8-oracle/jre/lib/javaws.jar
7f0adc1dc000-7f0adc2ad000 rw-p 00000000 00:00 0 
7f0adc2ad000-7f0adc2ae000 ---p 00000000 00:00 0 
7f0adc2ae000-7f0adc2b1000 ---p 00000000 00:00 0 
7f0adc2b1000-7f0adc3b2000 rw-p 00000000 00:00 0 
7f0adc3b2000-7f0adc3b3000 r--s 00000000 08:15 3023493                    /usr/lib/jvm/java-8-oracle/jre/lib/management-agent.jar
7f0adc3b3000-7f0adc3b6000 r--s 0001a000 08:15 3023526                    /usr/lib/jvm/java-8-oracle/jre/lib/jce.jar
7f0adc3b6000-7f0adc3bb000 r--s 002f9000 08:15 3023513                    /usr/lib/jvm/java-8-oracle/jre/lib/charsets.jar
7f0adc3bb000-7f0adc3bd000 r--s 00008000 08:15 1967934                    /opt/idea-IU-182.4323.46/plugins/junit/lib/junit5-rt.jar
7f0adc3bd000-7f0adc3bf000 r--s 00020000 08:15 1967933                    /opt/idea-IU-182.4323.46/plugins/junit/lib/junit-rt.jar
7f0adc3bf000-7f0adc3c1000 r--s 0001a000 08:15 1188030                    /opt/idea-IU-182.4323.46/lib/idea_rt.jar
7f0adc3c1000-7f0adc3c3000 r--s 00001000 08:15 1316048                    /opt/idea-IU-182.4323.46/lib/rt/debugger-agent-storage.jar
7f0adc3c3000-7f0adc3cb000 rw-s 00000000 08:15 2907602                    /tmp/hsperfdata_priagung/18897
7f0adc3cb000-7f0adc3cc000 rw-p 00000000 00:00 0 
7f0adc3cc000-7f0adc3cd000 ---p 00000000 00:00 0 
7f0adc3cd000-7f0adc3ce000 r--p 00027000 08:15 923014                     /lib/x86_64-linux-gnu/ld-2.27.so
7f0adc3ce000-7f0adc3cf000 rw-p 00028000 08:15 923014                     /lib/x86_64-linux-gnu/ld-2.27.so
7f0adc3cf000-7f0adc3d0000 rw-p 00000000 00:00 0 
7fff643d0000-7fff643f3000 rw-p 00000000 00:00 0                          [stack]
7fff643fb000-7fff643fe000 r--p 00000000 00:00 0                          [vvar]
7fff643fe000-7fff64400000 r-xp 00000000 00:00 0                          [vdso]
ffffffffff600000-ffffffffff601000 r-xp 00000000 00:00 0                  [vsyscall]

VM Arguments:
jvm_args: -agentlib:jdwp=transport=dt_socket,address=127.0.0.1:34477,suspend=y,server=n -ea -Didea.test.cyclic.buffer.size=1048576 -javaagent:/opt/idea-IU-182.4323.46/lib/rt/debugger-agent.jar=file:/tmp/capture.props -Dfile.encoding=UTF-8 
java_command: com.intellij.rt.execution.junit.JUnitStarter -ideVersion5 -junit4 com.future.OfficeInventorySystem.service.UserServiceImplTest,createUserSuperiorNotFoundTest
java_class_path (initial): /opt/idea-IU-182.4323.46/lib/idea_rt.jar:/opt/idea-IU-182.4323.46/plugins/junit/lib/junit-rt.jar:/opt/idea-IU-182.4323.46/plugins/junit/lib/junit5-rt.jar:/usr/lib/jvm/java-8-oracle/jre/lib/charsets.jar:/usr/lib/jvm/java-8-oracle/jre/lib/deploy.jar:/usr/lib/jvm/java-8-oracle/jre/lib/ext/cldrdata.jar:/usr/lib/jvm/java-8-oracle/jre/lib/ext/dnsns.jar:/usr/lib/jvm/java-8-oracle/jre/lib/ext/jaccess.jar:/usr/lib/jvm/java-8-oracle/jre/lib/ext/jfxrt.jar:/usr/lib/jvm/java-8-oracle/jre/lib/ext/localedata.jar:/usr/lib/jvm/java-8-oracle/jre/lib/ext/nashorn.jar:/usr/lib/jvm/java-8-oracle/jre/lib/ext/sunec.jar:/usr/lib/jvm/java-8-oracle/jre/lib/ext/sunjce_provider.jar:/usr/lib/jvm/java-8-oracle/jre/lib/ext/sunpkcs11.jar:/usr/lib/jvm/java-8-oracle/jre/lib/ext/zipfs.jar:/usr/lib/jvm/java-8-oracle/jre/lib/javaws.jar:/usr/lib/jvm/java-8-oracle/jre/lib/jce.jar:/usr/lib/jvm/java-8-oracle/jre/lib/jfr.jar:/usr/lib/jvm/java-8-oracle/jre/lib/jfxswt.jar:/usr/lib/jvm/java-8-oracle/jre/lib/jsse.jar:/usr/lib/jvm/java-8-oracle/jre/lib/management-agent.jar:/usr/lib/jvm/java-8-oracle/jre/lib/plugin.jar:/usr/lib/jvm/java-8-oracle/jre/lib/resources.jar:/usr/lib/jvm/java-8-oracle/jre/lib/rt.jar:/home/priagung/future-project-office-inventory-system/target/test-classes:/home/priagung/future-project-office-inventory-system/target/classes:/home/priagung/.m2/repository/org/springframework/boot/spring-boot-starter-data-jpa/2.0.4.RELEASE/spring-boot-starter-data-jpa-2.0.4.RELEASE.jar:/home/priagung/.m2/repository/org/springframework/boot/spring-boot-starter/2.0.4.RELEASE/spring-boot-starter-2.0.4.RELEASE.jar:/home/priagung/.m2/repository/org/springframework/boot/spring-boot/2.0.4.RELEASE/spring-boot-2.0.4.RELEASE.jar:/home/priagung/.m2/repository/org/springframework/boot/spring-boot-autoconfigure/2.0.4.RELEASE/spring-boot-autoconfigure-2.0.4.RELEASE.jar:/home/priagung/.m2/repository/org/springframework/boot/spring-boot-starter-logging/2.0.4.RELEASE/spring-boot-starter-logging-2.
Launcher Type: SUN_STANDARD

Environment Variables:
JAVA_HOME=/usr/lib/jvm/java-8-oracle
PATH=/home/priagung/.local/bin:/usr/local/sbin:/usr/local/bin:/usr/sbin:/usr/bin:/sbin:/bin:/usr/games:/usr/local/games:/snap/bin:/usr/lib/jvm/java-8-oracle/bin:/usr/lib/jvm/java-8-oracle/db/bin:/usr/lib/jvm/java-8-oracle/jre/bin
USERNAME=priagung
SHELL=/usr/bin/zsh
DISPLAY=:0

Signal Handlers:
SIGSEGV: [libjvm.so+0xad2a40], sa_mask[0]=11111111011111111101111111111110, sa_flags=SA_RESTART|SA_SIGINFO
SIGBUS: [libjvm.so+0xad2a40], sa_mask[0]=11111111011111111101111111111110, sa_flags=SA_RESTART|SA_SIGINFO
SIGFPE: [libjvm.so+0x92a610], sa_mask[0]=11111111011111111101111111111110, sa_flags=SA_RESTART|SA_SIGINFO
SIGPIPE: [libjvm.so+0x92a610], sa_mask[0]=11111111011111111101111111111110, sa_flags=SA_RESTART|SA_SIGINFO
SIGXFSZ: [libjvm.so+0x92a610], sa_mask[0]=11111111011111111101111111111110, sa_flags=SA_RESTART|SA_SIGINFO
SIGILL: [libjvm.so+0x92a610], sa_mask[0]=11111111011111111101111111111110, sa_flags=SA_RESTART|SA_SIGINFO
SIGUSR1: SIG_DFL, sa_mask[0]=00000000000000000000000000000000, sa_flags=none
SIGUSR2: [libjvm.so+0x92be70], sa_mask[0]=00100000000000000000000000000000, sa_flags=SA_RESTART|SA_SIGINFO
SIGHUP: [libjvm.so+0x92d270], sa_mask[0]=11111111011111111101111111111110, sa_flags=SA_RESTART|SA_SIGINFO
SIGINT: [libjvm.so+0x92d270], sa_mask[0]=11111111011111111101111111111110, sa_flags=SA_RESTART|SA_SIGINFO
SIGTERM: [libjvm.so+0x92d270], sa_mask[0]=11111111011111111101111111111110, sa_flags=SA_RESTART|SA_SIGINFO
SIGQUIT: [libjvm.so+0x92d270], sa_mask[0]=11111111011111111101111111111110, sa_flags=SA_RESTART|SA_SIGINFO


---------------  S Y S T E M  ---------------

OS:DISTRIB_ID=Ubuntu
DISTRIB_RELEASE=18.04
DISTRIB_CODENAME=bionic
DISTRIB_DESCRIPTION="Ubuntu 18.04.1 LTS"

uname:Linux 4.15.0-36-generic #39-Ubuntu SMP Mon Sep 24 16:19:09 UTC 2018 x86_64
libc:glibc 2.27 NPTL 2.27 
rlimit: STACK 8192k, CORE 0k, NPROC 30868, NOFILE 1048576, AS infinity
load average:5.67 3.51 2.53

/proc/meminfo:
MemTotal:        8033496 kB
MemFree:          671248 kB
MemAvailable:    2179480 kB
Buffers:          285984 kB
Cached:          1467752 kB
SwapCached:            0 kB
Active:          6078108 kB
Inactive:         702632 kB
Active(anon):    4865804 kB
Inactive(anon):   296132 kB
Active(file):    1212304 kB
Inactive(file):   406500 kB
Unevictable:         192 kB
Mlocked:             192 kB
SwapTotal:       2097148 kB
SwapFree:        2096892 kB
Dirty:             32952 kB
Writeback:             0 kB
AnonPages:       5027296 kB
Mapped:           593736 kB
Shmem:            134916 kB
Slab:             282056 kB
SReclaimable:     198268 kB
SUnreclaim:        83788 kB
KernelStack:       21332 kB
PageTables:       103192 kB
NFS_Unstable:          0 kB
Bounce:                0 kB
WritebackTmp:          0 kB
CommitLimit:     6113896 kB
Committed_AS:   15887452 kB
VmallocTotal:   34359738367 kB
VmallocUsed:           0 kB
VmallocChunk:          0 kB
HardwareCorrupted:     0 kB
AnonHugePages:     22528 kB
ShmemHugePages:        0 kB
ShmemPmdMapped:        0 kB
CmaTotal:              0 kB
CmaFree:               0 kB
HugePages_Total:       0
HugePages_Free:        0
HugePages_Rsvd:        0
HugePages_Surp:        0
Hugepagesize:       2048 kB
DirectMap4k:      514676 kB
DirectMap2M:     7739392 kB
DirectMap1G:           0 kB


CPU:total 4 (initial active 4) (2 cores per cpu, 2 threads per core) family 6 model 142 stepping 9, cmov, cx8, fxsr, mmx, sse, sse2, sse3, ssse3, sse4.1, sse4.2, popcnt, avx, avx2, aes, clmul, erms, 3dnowpref, lzcnt, ht, tsc, tscinvbit, bmi1, bmi2, adx

/proc/cpuinfo:
processor	: 0
vendor_id	: GenuineIntel
cpu family	: 6
model		: 142
model name	: Intel(R) Core(TM) i5-7200U CPU @ 2.50GHz
stepping	: 9
microcode	: 0x8e
cpu MHz		: 3099.999
cache size	: 3072 KB
physical id	: 0
siblings	: 4
core id		: 0
cpu cores	: 2
apicid		: 0
initial apicid	: 0
fpu		: yes
fpu_exception	: yes
cpuid level	: 22
wp		: yes
flags		: fpu vme de pse tsc msr pae mce cx8 apic sep mtrr pge mca cmov pat pse36 clflush dts acpi mmx fxsr sse sse2 ss ht tm pbe syscall nx pdpe1gb rdtscp lm constant_tsc art arch_perfmon pebs bts rep_good nopl xtopology nonstop_tsc cpuid aperfmperf tsc_known_freq pni pclmulqdq dtes64 monitor ds_cpl vmx est tm2 ssse3 sdbg fma cx16 xtpr pdcm pcid sse4_1 sse4_2 x2apic movbe popcnt tsc_deadline_timer aes xsave avx f16c rdrand lahf_lm abm 3dnowprefetch cpuid_fault epb invpcid_single pti ssbd ibrs ibpb stibp tpr_shadow vnmi flexpriority ept vpid fsgsbase tsc_adjust bmi1 avx2 smep bmi2 erms invpcid mpx rdseed adx smap clflushopt intel_pt xsaveopt xsavec xgetbv1 xsaves dtherm ida arat pln pts hwp hwp_notify hwp_act_window hwp_epp flush_l1d
bugs		: cpu_meltdown spectre_v1 spectre_v2 spec_store_bypass l1tf
bogomips	: 5424.00
clflush size	: 64
cache_alignment	: 64
address sizes	: 39 bits physical, 48 bits virtual
power management:

processor	: 1
vendor_id	: GenuineIntel
cpu family	: 6
model		: 142
model name	: Intel(R) Core(TM) i5-7200U CPU @ 2.50GHz
stepping	: 9
microcode	: 0x8e
cpu MHz		: 3100.000
cache size	: 3072 KB
physical id	: 0
siblings	: 4
core id		: 1
cpu cores	: 2
apicid		: 2
initial apicid	: 2
fpu		: yes
fpu_exception	: yes
cpuid level	: 22
wp		: yes
flags		: fpu vme de pse tsc msr pae mce cx8 apic sep mtrr pge mca cmov pat pse36 clflush dts acpi mmx fxsr sse sse2 ss ht tm pbe syscall nx pdpe1gb rdtscp lm constant_tsc art arch_perfmon pebs bts rep_good nopl xtopology nonstop_tsc cpuid aperfmperf tsc_known_freq pni pclmulqdq dtes64 monitor ds_cpl vmx est tm2 ssse3 sdbg fma cx16 xtpr pdcm pcid sse4_1 sse4_2 x2apic movbe popcnt tsc_deadline_timer aes xsave avx f16c rdrand lahf_lm abm 3dnowprefetch cpuid_fault epb invpcid_single pti tpr_shadow vnmi flexpriority ept vpid fsgsbase tsc_adjust bmi1 avx2 smep bmi2 erms invpcid mpx rdseed adx smap clflushopt intel_pt xsaveopt xsavec xgetbv1 xsaves dtherm ida arat pln pts hwp hwp_notify hwp_act_window hwp_epp
bugs		: cpu_meltdown spectre_v1 spectre_v2 spec_store_bypass l1tf
bogomips	: 5424.00
clflush size	: 64
cache_alignment	: 64
address sizes	: 39 bits physical, 48 bits virtual
power management:

processor	: 2
vendor_id	: GenuineIntel
cpu family	: 6
model		: 142
model name	: Intel(R) Core(TM) i5-7200U CPU @ 2.50GHz
stepping	: 9
microcode	: 0x8e
cpu MHz		: 3099.999
cache size	: 3072 KB
physical id	: 0
siblings	: 4
core id		: 0
cpu cores	: 2
apicid		: 1
initial apicid	: 1
fpu		: yes
fpu_exception	: yes
cpuid level	: 22
wp		: yes
flags		: fpu vme de pse tsc msr pae mce cx8 apic sep mtrr pge mca cmov pat pse36 clflush dts acpi mmx fxsr sse sse2 ss ht tm pbe syscall nx pdpe1gb rdtscp lm constant_tsc art arch_perfmon pebs bts rep_good nopl xtopology nonstop_tsc cpuid aperfmperf tsc_known_freq pni pclmulqdq dtes64 monitor ds_cpl vmx est tm2 ssse3 sdbg fma cx16 xtpr pdcm pcid sse4_1 sse4_2 x2apic movbe popcnt tsc_deadline_timer aes xsave avx f16c rdrand lahf_lm abm 3dnowprefetch cpuid_fault epb invpcid_single pti ssbd ibrs ibpb stibp tpr_shadow vnmi flexpriority ept vpid fsgsbase tsc_adjust bmi1 avx2 smep bmi2 erms invpcid mpx rdseed adx smap clflushopt intel_pt xsaveopt xsavec xgetbv1 xsaves dtherm ida arat pln pts hwp hwp_notify hwp_act_window hwp_epp flush_l1d
bugs		: cpu_meltdown spectre_v1 spectre_v2 spec_store_bypass l1tf
bogomips	: 5424.00
clflush size	: 64
cache_alignment	: 64
address sizes	: 39 bits physical, 48 bits virtual
power management:

processor	: 3
vendor_id	: GenuineIntel
cpu family	: 6
model		: 142
model name	: Intel(R) Core(TM) i5-7200U CPU @ 2.50GHz
stepping	: 9
microcode	: 0x8e
cpu MHz		: 3100.000
cache size	: 3072 KB
physical id	: 0
siblings	: 4
core id		: 1
cpu cores	: 2
apicid		: 3
initial apicid	: 3
fpu		: yes
fpu_exception	: yes
cpuid level	: 22
wp		: yes
flags		: fpu vme de pse tsc msr pae mce cx8 apic sep mtrr pge mca cmov pat pse36 clflush dts acpi mmx fxsr sse sse2 ss ht tm pbe syscall nx pdpe1gb rdtscp lm constant_tsc art arch_perfmon pebs bts rep_good nopl xtopology nonstop_tsc cpuid aperfmperf tsc_known_freq pni pclmulqdq dtes64 monitor ds_cpl vmx est tm2 ssse3 sdbg fma cx16 xtpr pdcm pcid sse4_1 sse4_2 x2apic movbe popcnt tsc_deadline_timer aes xsave avx f16c rdrand lahf_lm abm 3dnowprefetch cpuid_fault epb invpcid_single pti ssbd ibrs ibpb stibp tpr_shadow vnmi flexpriority ept vpid fsgsbase tsc_adjust bmi1 avx2 smep bmi2 erms invpcid mpx rdseed adx smap clflushopt intel_pt xsaveopt xsavec xgetbv1 xsaves dtherm ida arat pln pts hwp hwp_notify hwp_act_window hwp_epp flush_l1d
bugs		: cpu_meltdown spectre_v1 spectre_v2 spec_store_bypass l1tf
bogomips	: 5424.00
clflush size	: 64
cache_alignment	: 64
address sizes	: 39 bits physical, 48 bits virtual
power management:



Memory: 4k page, physical 8033496k(671248k free), swap 2097148k(2096892k free)

vm_info: Java HotSpot(TM) 64-Bit Server VM (25.181-b13) for linux-amd64 JRE (1.8.0_181-b13), built on Jul  7 2018 00:56:38 by "java_re" with gcc 4.3.0 20080428 (Red Hat 4.3.0-8)

time: Sun Oct 21 14:36:58 2018
elapsed time: 1557 seconds (0d 0h 25m 57s)

