#
# A fatal error has been detected by the Java Runtime Environment:
#
#  SIGSEGV (0xb) at pc=0x00007f0ada135206, pid=19400, tid=0x00007f0ac1b46700
#
# JRE version: Java(TM) SE Runtime Environment (8.0_181-b13) (build 1.8.0_181-b13)
# Java VM: Java HotSpot(TM) 64-Bit Server VM (25.181-b13 mixed mode linux-amd64 compressed oops)
# Problematic frame:
# V  [libjvm.so+0x5f5206]  GenerateOopMap::do_field(int, int, int, int)+0x46
#
# Failed to write core dump. Core dumps have been disabled. To enable core dumping, try "ulimit -c unlimited" before starting Java again
#
# If you would like to submit a bug report, please visit:
#   http://bugreport.java.com/bugreport/crash.jsp
#

---------------  T H R E A D  ---------------

Current thread (0x00007f0ad4148800):  VMThread [stack: 0x00007f0ac1a47000,0x00007f0ac1b47000] [id=19409]

siginfo: si_signo: 11 (SIGSEGV), si_code: 1 (SEGV_MAPERR), si_addr: 0x0000000000000008

Registers:
RAX=0x0000000000000000, RBX=0x00007f0ac30cfab8, RCX=0x00000000000000ca, RDX=0x00007f0ac30d3220
RSP=0x00007f0ac1b44c20, RBP=0x00007f0ac1b44c80, RSI=0x0000000000000000, RDI=0x00007f0ac30cfab8
R8 =0x000000000000001d, R9 =0x00007f0ac30d0288, R10=0x0000000000000007, R11=0x0000000000000000
R12=0x000000000000001d, R13=0x00007f0ac1b44f10, R14=0x00007f0adaaf9320, R15=0x0000000000000001
RIP=0x00007f0ada135206, EFLAGS=0x0000000000010202, CSGSFS=0x002b000000000033, ERR=0x0000000000000004
  TRAPNO=0x000000000000000e

Top of Stack: (sp=0x00007f0ac1b44c20)
0x00007f0ac1b44c20:   000000000000001d 00000000c1b44cc0
0x00007f0ac1b44c30:   00007f0ac1b44c80 00007f0ada13a65c
0x00007f0ac1b44c40:   0000000046000016 00007f0ada13d2ad
0x00007f0ac1b44c50:   00007f0ac30d0288 00000000000000b4
0x00007f0ac1b44c60:   00000000000000b4 00007f0ac1b44f10
0x00007f0ac1b44c70:   00007f0adaaf9320 00007f0ac30d024d
0x00007f0ac1b44c80:   00007f0ac1b44d60 00007f0ada13b34b
0x00007f0ac1b44c90:   0000000000000001 00007f0ac1b44cf0
0x00007f0ac1b44ca0:   00007f0ac1b44cc8 00007f0ac1b44cc0
0x00007f0ac1b44cb0:   00007f0ad4057990 0000002bc1b44d00
0x00007f0ac1b44cc0:   00007f0ac1b44cd8 00007f0ac30d0288
0x00007f0ac1b44cd0:   00007f0ad4148800 000000200000001d
0x00007f0ac1b44ce0:   000000b40000002b 000000b400000000
0x00007f0ac1b44cf0:   00007f0ac30d0288 00007f0ad4148800
0x00007f0ac1b44d00:   00007f0ac30d0288 00007f0ad4148800
0x00007f0ac1b44d10:   00007f0ac30d0288 00007f0ad4148800
0x00007f0ac1b44d20:   00007f0ac30d0288 00007f0ac30d0288
0x00007f0ac1b44d30:   00007f0ad4148800 0000000000000000
0x00007f0ac1b44d40:   0000000000000000 00007f0ac1b44f10
0x00007f0ac1b44d50:   00007f0ac1b44d70 00007f0ac1b44e10
0x00007f0ac1b44d60:   00007f0ac1b44dc0 00007f0ada13c21a
0x00007f0ac1b44d70:   00007f0adaaacad0 00007f0adb5f4330
0x00007f0ac1b44d80:   0000000000000002 00007f0ac30d0288
0x00007f0ac1b44d90:   00007f0ad40579c0 00007f0a00000001
0x00007f0ac1b44da0:   00007f0ac1b44e40 00007f0ac1b44f10
0x00007f0ac1b44db0:   00007f0adaac99a8 00007f0ac1b44de0
0x00007f0ac1b44dc0:   00007f0ac1b44e80 00007f0ada13c5cd
0x00007f0ac1b44dd0:   00007f0ac1b44f80 00007f0ad4148800
0x00007f0ac1b44de0:   00007f0ac1b40000 0000000000000000
0x00007f0ac1b44df0:   00007f0ac1b44f40 0000001c00000000
0x00007f0ac1b44e00:   00007f0adaa925d0 00007f0ac30d0288
0x00007f0ac1b44e10:   00007f0ad4140100 0000000000000000 

Instructions: (pc=0x00007f0ada135206)
0x00007f0ada1351e6:   8b 40 08 48 8b 58 08 48 89 df e8 9b 19 f0 ff 48
0x00007f0ada1351f6:   89 df 89 c6 e8 41 1a f0 ff 48 98 48 8b 44 c3 50
0x00007f0ada135206:   0f b6 40 08 3c 4c 0f 84 d6 00 00 00 3c 5b 0f 84
0x00007f0ada135216:   ce 00 00 00 3c 4a 0f 84 9e 01 00 00 3c 44 0f 1f 

Register to memory mapping:

RAX=0x0000000000000000 is an unknown value
RBX=0x00007f0ac30cfab8 is pointing into metadata
RCX=0x00000000000000ca is an unknown value
RDX=0x00007f0ac30d3220 is pointing into metadata
RSP=0x00007f0ac1b44c20 is an unknown value
RBP=0x00007f0ac1b44c80 is an unknown value
RSI=0x0000000000000000 is an unknown value
RDI=0x00007f0ac30cfab8 is pointing into metadata
R8 =0x000000000000001d is an unknown value
R9 ={method} {0x00007f0ac30d0288} 'createUserSuperiorNotFoundTest' '()V' in 'com/future/OfficeInventorySystem/service/UserServiceImplTest'
R10=0x0000000000000007 is an unknown value
R11=0x0000000000000000 is an unknown value
R12=0x000000000000001d is an unknown value
R13=0x00007f0ac1b44f10 is an unknown value
R14=0x00007f0adaaf9320: <offset 0xfb9320> in /usr/lib/jvm/java-8-oracle/jre/lib/amd64/server/libjvm.so at 0x00007f0ad9b40000
R15=0x0000000000000001 is an unknown value


Stack: [0x00007f0ac1a47000,0x00007f0ac1b47000],  sp=0x00007f0ac1b44c20,  free space=1015k
Native frames: (J=compiled Java code, j=interpreted, Vv=VM code, C=native code)
V  [libjvm.so+0x5f5206]  GenerateOopMap::do_field(int, int, int, int)+0x46
V  [libjvm.so+0x5fb34b]  GenerateOopMap::interp_bb(BasicBlock*)+0x2fb
V  [libjvm.so+0x5fc21a]  GenerateOopMap::do_interpretation()+0x17a
V  [libjvm.so+0x5fc5cd]  GenerateOopMap::compute_map(Thread*)+0x34d
V  [libjvm.so+0x91fcd4]  OopMapForCacheEntry::compute_map(Thread*)+0xb4
V  [libjvm.so+0x921a92]  OopMapCacheEntry::fill(methodHandle, int)+0x2d2
V  [libjvm.so+0x922244]  OopMapCache::compute_one_oop_map(methodHandle, int, InterpreterOopMap*)+0x124
V  [libjvm.so+0x922bee]  OopMapCache::lookup(methodHandle, int, InterpreterOopMap*) const+0x6de
V  [libjvm.so+0x64ab92]  InstanceKlass::mask_for(methodHandle, int, InterpreterOopMap*)+0x82
V  [libjvm.so+0x8bd3fd]  Method::mask_for(int, InterpreterOopMap*)+0x9d
V  [libjvm.so+0x7affb4]  VM_GetOrSetLocal::doit()+0x54
V  [libjvm.so+0xadb745]  VM_Operation::evaluate()+0x55
V  [libjvm.so+0xad9b0a]  VMThread::evaluate_operation(VM_Operation*)+0xba
V  [libjvm.so+0xad9e8e]  VMThread::loop()+0x1ce
V  [libjvm.so+0xada300]  VMThread::run()+0x70
V  [libjvm.so+0x930198]  java_start(Thread*)+0x108

VM_Operation (0x00007f0ac153d990): GetOrSetLocal, mode: safepoint, requested by thread 0x00007f0ad4194800


---------------  P R O C E S S  ---------------

Java Threads: ( => current thread )
  0x00007f0ad45b3000 JavaThread "Service Thread" daemon [_thread_blocked, id=19427, stack(0x00007f0ac0ad5000,0x00007f0ac0bd6000)]
  0x00007f0ad45af000 JavaThread "C1 CompilerThread2" daemon [_thread_blocked, id=19426, stack(0x00007f0ac0bd7000,0x00007f0ac0cd7000)]
  0x00007f0ad45ad000 JavaThread "C2 CompilerThread1" daemon [_thread_blocked, id=19425, stack(0x00007f0ac0cd8000,0x00007f0ac0dd8000)]
  0x00007f0ad45a6800 JavaThread "C2 CompilerThread0" daemon [_thread_blocked, id=19424, stack(0x00007f0ac0dd9000,0x00007f0ac0ed9000)]
  0x00007f0a94001000 JavaThread "JDWP Command Reader" daemon [_thread_in_native, id=19423, stack(0x00007f0ac123c000,0x00007f0ac133d000)]
  0x00007f0ad4198000 JavaThread "JDWP Event Helper Thread" daemon [_thread_blocked, id=19421, stack(0x00007f0ac133d000,0x00007f0ac143e000)]
  0x00007f0ad4194800 JavaThread "JDWP Transport Listener: dt_socket" daemon [_thread_blocked, id=19420, stack(0x00007f0ac143e000,0x00007f0ac153f000)]
  0x00007f0ad4186000 JavaThread "Signal Dispatcher" daemon [_thread_blocked, id=19418, stack(0x00007f0ac1743000,0x00007f0ac1844000)]
  0x00007f0ad4154800 JavaThread "Finalizer" daemon [_thread_blocked, id=19414, stack(0x00007f0ac1844000,0x00007f0ac1945000)]
  0x00007f0ad4152000 JavaThread "Reference Handler" daemon [_thread_blocked, id=19410, stack(0x00007f0ac1945000,0x00007f0ac1a46000)]
  0x00007f0ad4013000 JavaThread "main" [_thread_blocked, id=19402, stack(0x00007f0adb673000,0x00007f0adb773000)]

Other Threads:
=>0x00007f0ad4148800 VMThread [stack: 0x00007f0ac1a47000,0x00007f0ac1b47000] [id=19409]
  0x00007f0ad45b8000 WatcherThread [stack: 0x00007f0ac09d5000,0x00007f0ac0ad5000] [id=19428]

VM state:at safepoint (normal execution)

VM Mutex/Monitor currently owned by a thread:  ([mutex/lock_event])
[0x00007f0ad4007e70] Threads_lock - owner thread: 0x00007f0ad4148800

Heap:
 PSYoungGen      total 36864K, used 22379K [0x00000000d7200000, 0x00000000d9b00000, 0x0000000100000000)
  eden space 31744K, 60% used [0x00000000d7200000,0x00000000d84b2520,0x00000000d9100000)
  from space 5120K, 63% used [0x00000000d9600000,0x00000000d9928770,0x00000000d9b00000)
  to   space 5120K, 0% used [0x00000000d9100000,0x00000000d9100000,0x00000000d9600000)
 ParOldGen       total 84992K, used 16K [0x0000000085600000, 0x000000008a900000, 0x00000000d7200000)
  object space 84992K, 0% used [0x0000000085600000,0x0000000085604000,0x000000008a900000)
 Metaspace       used 9294K, capacity 9464K, committed 9728K, reserved 1056768K
  class space    used 1382K, capacity 1420K, committed 1536K, reserved 1048576K

Card table byte_map: [0x00007f0ac3e0c000,0x00007f0ac41e2000] byte_map_base: 0x00007f0ac39e1000

Marking Bits: (ParMarkBitMap*) 0x00007f0adab140a0
 Begin Bits: [0x00007f0ab82b0000, 0x00007f0aba158000)
 End Bits:   [0x00007f0aba158000, 0x00007f0abc000000)

Polling page: 0x00007f0adb791000

CodeCache: size=245760Kb used=3515Kb max_used=3515Kb free=242244Kb
 bounds [0x00007f0ac45a2000, 0x00007f0ac4922000, 0x00007f0ad35a2000]
 total_blobs=1281 nmethods=997 adapters=205
 compilation: enabled

Compilation events (10 events):
Event: 1.471 Thread 0x00007f0ad45af000  993       1       sun.misc.PerfCounter::getFindClassTime (4 bytes)
Event: 1.471 Thread 0x00007f0ad45af000 nmethod 993 0x00007f0ac4911b90 code [0x00007f0ac4911ce0, 0x00007f0ac4911dd0]
Event: 1.471 Thread 0x00007f0ad45af000  994       1       sun.misc.PerfCounter::getFindClasses (4 bytes)
Event: 1.471 Thread 0x00007f0ad45af000 nmethod 994 0x00007f0ac4911e50 code [0x00007f0ac4911fa0, 0x00007f0ac4912090]
Event: 1.591 Thread 0x00007f0ad45af000  995       3       java.lang.ThreadLocal::get (38 bytes)
Event: 1.591 Thread 0x00007f0ad45af000 nmethod 995 0x00007f0ac4912110 code [0x00007f0ac49122a0, 0x00007f0ac4912678]
Event: 1.599 Thread 0x00007f0ad45af000  996       3       java.lang.AbstractStringBuilder::append (50 bytes)
Event: 1.600 Thread 0x00007f0ad45af000 nmethod 996 0x00007f0ac4912890 code [0x00007f0ac4912a60, 0x00007f0ac4913198]
Event: 94.796 Thread 0x00007f0ad45af000  997       3       java.lang.StringBuilder::append (8 bytes)
Event: 94.797 Thread 0x00007f0ad45af000 nmethod 997 0x00007f0ac49134d0 code [0x00007f0ac4913640, 0x00007f0ac49137e8]

GC Heap History (4 events):
Event: 0.748 GC heap before
{Heap before GC invocations=1 (full 0):
 PSYoungGen      total 36864K, used 31744K [0x00000000d7200000, 0x00000000d9b00000, 0x0000000100000000)
  eden space 31744K, 100% used [0x00000000d7200000,0x00000000d9100000,0x00000000d9100000)
  from space 5120K, 0% used [0x00000000d9600000,0x00000000d9600000,0x00000000d9b00000)
  to   space 5120K, 0% used [0x00000000d9100000,0x00000000d9100000,0x00000000d9600000)
 ParOldGen       total 84992K, used 0K [0x0000000085600000, 0x000000008a900000, 0x00000000d7200000)
  object space 84992K, 0% used [0x0000000085600000,0x0000000085600000,0x000000008a900000)
 Metaspace       used 6068K, capacity 6406K, committed 6528K, reserved 1056768K
  class space    used 771K, capacity 817K, committed 896K, reserved 1048576K
Event: 0.751 GC heap after
Heap after GC invocations=1 (full 0):
 PSYoungGen      total 36864K, used 2805K [0x00000000d7200000, 0x00000000d9b00000, 0x0000000100000000)
  eden space 31744K, 0% used [0x00000000d7200000,0x00000000d7200000,0x00000000d9100000)
  from space 5120K, 54% used [0x00000000d9100000,0x00000000d93bd788,0x00000000d9600000)
  to   space 5120K, 0% used [0x00000000d9600000,0x00000000d9600000,0x00000000d9b00000)
 ParOldGen       total 84992K, used 8K [0x0000000085600000, 0x000000008a900000, 0x00000000d7200000)
  object space 84992K, 0% used [0x0000000085600000,0x0000000085602000,0x000000008a900000)
 Metaspace       used 6068K, capacity 6406K, committed 6528K, reserved 1056768K
  class space    used 771K, capacity 817K, committed 896K, reserved 1048576K
}
Event: 1.139 GC heap before
{Heap before GC invocations=2 (full 0):
 PSYoungGen      total 36864K, used 34549K [0x00000000d7200000, 0x00000000d9b00000, 0x0000000100000000)
  eden space 31744K, 100% used [0x00000000d7200000,0x00000000d9100000,0x00000000d9100000)
  from space 5120K, 54% used [0x00000000d9100000,0x00000000d93bd788,0x00000000d9600000)
  to   space 5120K, 0% used [0x00000000d9600000,0x00000000d9600000,0x00000000d9b00000)
 ParOldGen       total 84992K, used 8K [0x0000000085600000, 0x000000008a900000, 0x00000000d7200000)
  object space 84992K, 0% used [0x0000000085600000,0x0000000085602000,0x000000008a900000)
 Metaspace       used 8088K, capacity 8318K, committed 8448K, reserved 1056768K
  class space    used 1176K, capacity 1221K, committed 1280K, reserved 1048576K
Event: 1.145 GC heap after
Heap after GC invocations=2 (full 0):
 PSYoungGen      total 36864K, used 3233K [0x00000000d7200000, 0x00000000d9b00000, 0x0000000100000000)
  eden space 31744K, 0% used [0x00000000d7200000,0x00000000d7200000,0x00000000d9100000)
  from space 5120K, 63% used [0x00000000d9600000,0x00000000d9928770,0x00000000d9b00000)
  to   space 5120K, 0% used [0x00000000d9100000,0x00000000d9100000,0x00000000d9600000)
 ParOldGen       total 84992K, used 16K [0x0000000085600000, 0x000000008a900000, 0x00000000d7200000)
  object space 84992K, 0% used [0x0000000085600000,0x0000000085604000,0x000000008a900000)
 Metaspace       used 8088K, capacity 8318K, committed 8448K, reserved 1056768K
  class space    used 1176K, capacity 1221K, committed 1280K, reserved 1048576K
}

Deoptimization events (3 events):
Event: 0.951 Thread 0x00007f0ad4013000 Uncommon trap: reason=range_check action=make_not_entrant pc=0x00007f0ac48028f0 method=sun.reflect.generics.parser.SignatureParser.current()C @ 34
Event: 1.546 Thread 0x00007f0ad4013000 Uncommon trap: reason=unstable_if action=reinterpret pc=0x00007f0ac47955ac method=java.lang.AbstractStringBuilder.append(Ljava/lang/String;)Ljava/lang/AbstractStringBuilder; @ 1
Event: 1.546 Thread 0x00007f0ad4013000 Uncommon trap: reason=unstable_if action=reinterpret pc=0x00007f0ac4799c24 method=java.lang.AbstractStringBuilder.append(Ljava/lang/String;)Ljava/lang/AbstractStringBuilder; @ 1

Classes redefined (4 events):
Event: 94.647 Thread 0x00007f0ad4148800 redefined class name=com.future.OfficeInventorySystem.service.UserServiceImplTest, count=1
Event: 156.259 Thread 0x00007f0ad4148800 redefined class name=com.future.OfficeInventorySystem.service.UserServiceImplTest, count=2
Event: 729.371 Thread 0x00007f0ad4148800 redefined class name=com.future.OfficeInventorySystem.service.UserServiceImplTest, count=3
Event: 952.326 Thread 0x00007f0ad4148800 redefined class name=com.future.OfficeInventorySystem.service.UserServiceImplTest, count=4

Internal exceptions (10 events):
Event: 0.032 Thread 0x00007f0ad4013000 Exception <a 'java/lang/NoSuchMethodError': Method sun.misc.Unsafe.defineClass(Ljava/lang/String;[BII)Ljava/lang/Class; name or signature does not match> (0x00000000d7207cb0) thrown at [/HUDSON/workspace/8-2-build-linux-amd64/jdk8u181/11358/hotspot/src/sh
Event: 0.032 Thread 0x00007f0ad4013000 Exception <a 'java/lang/NoSuchMethodError': Method sun.misc.Unsafe.prefetchRead(Ljava/lang/Object;J)V name or signature does not match> (0x00000000d7207f98) thrown at [/HUDSON/workspace/8-2-build-linux-amd64/jdk8u181/11358/hotspot/src/share/vm/prims/jni.c
Event: 0.283 Thread 0x00007f0ad4013000 Exception <a 'java/io/FileNotFoundException'> (0x00000000d771eb58) thrown at [/HUDSON/workspace/8-2-build-linux-amd64/jdk8u181/11358/hotspot/src/share/vm/prims/jni.cpp, line 709]
Event: 0.320 Thread 0x00007f0ad4013000 Exception <a 'java/security/PrivilegedActionException'> (0x00000000d7774fc0) thrown at [/HUDSON/workspace/8-2-build-linux-amd64/jdk8u181/11358/hotspot/src/share/vm/prims/jvm.cpp, line 1435]
Event: 0.320 Thread 0x00007f0ad4013000 Exception <a 'java/security/PrivilegedActionException'> (0x00000000d77751d0) thrown at [/HUDSON/workspace/8-2-build-linux-amd64/jdk8u181/11358/hotspot/src/share/vm/prims/jvm.cpp, line 1435]
Event: 0.320 Thread 0x00007f0ad4013000 Exception <a 'java/security/PrivilegedActionException'> (0x00000000d7777638) thrown at [/HUDSON/workspace/8-2-build-linux-amd64/jdk8u181/11358/hotspot/src/share/vm/prims/jvm.cpp, line 1435]
Event: 0.320 Thread 0x00007f0ad4013000 Exception <a 'java/security/PrivilegedActionException'> (0x00000000d7777848) thrown at [/HUDSON/workspace/8-2-build-linux-amd64/jdk8u181/11358/hotspot/src/share/vm/prims/jvm.cpp, line 1435]
Event: 0.951 Thread 0x00007f0ad4013000 Exception <a 'java/lang/ArrayIndexOutOfBoundsException': 18> (0x00000000d835e480) thrown at [/HUDSON/workspace/8-2-build-linux-amd64/jdk8u181/11358/hotspot/src/share/vm/interpreter/interpreterRuntime.cpp, line 366]
Event: 1.545 Thread 0x00007f0ad4013000 Implicit null exception at 0x00007f0ac4795076 to 0x00007f0ac4795591
Event: 1.546 Thread 0x00007f0ad4013000 Implicit null exception at 0x00007f0ac4799734 to 0x00007f0ac4799c0d

Events (10 events):
Event: 952.371 Executing VM operation: GetOrSetLocal done
Event: 952.374 Executing VM operation: GetOrSetLocal
Event: 952.374 Executing VM operation: GetOrSetLocal done
Event: 952.375 Executing VM operation: GetOrSetLocal
Event: 952.375 Executing VM operation: GetOrSetLocal done
Event: 952.376 Executing VM operation: GetOrSetLocal
Event: 952.376 Executing VM operation: GetOrSetLocal done
Event: 952.388 Executing VM operation: GetOrSetLocal
Event: 952.388 Executing VM operation: GetOrSetLocal done
Event: 952.394 Executing VM operation: GetOrSetLocal


Dynamic libraries:
00400000-00401000 r-xp 00000000 08:15 2906702                            /usr/lib/jvm/java-8-oracle/bin/java
00600000-00601000 rw-p 00000000 08:15 2906702                            /usr/lib/jvm/java-8-oracle/bin/java
00deb000-00e0c000 rw-p 00000000 00:00 0                                  [heap]
85600000-8a900000 rw-p 00000000 00:00 0 
8a900000-d7200000 ---p 00000000 00:00 0 
d7200000-d9b00000 rw-p 00000000 00:00 0 
d9b00000-100000000 ---p 00000000 00:00 0 
100000000-100180000 rw-p 00000000 00:00 0 
100180000-140000000 ---p 00000000 00:00 0 
7f0a7c000000-7f0a7c2e0000 rw-p 00000000 00:00 0 
7f0a7c2e0000-7f0a80000000 ---p 00000000 00:00 0 
7f0a80000000-7f0a80021000 rw-p 00000000 00:00 0 
7f0a80021000-7f0a84000000 ---p 00000000 00:00 0 
7f0a84000000-7f0a84021000 rw-p 00000000 00:00 0 
7f0a84021000-7f0a88000000 ---p 00000000 00:00 0 
7f0a88000000-7f0a882ba000 rw-p 00000000 00:00 0 
7f0a882ba000-7f0a8c000000 ---p 00000000 00:00 0 
7f0a8c000000-7f0a8c021000 rw-p 00000000 00:00 0 
7f0a8c021000-7f0a90000000 ---p 00000000 00:00 0 
7f0a90000000-7f0a902c9000 rw-p 00000000 00:00 0 
7f0a902c9000-7f0a94000000 ---p 00000000 00:00 0 
7f0a94000000-7f0a94021000 rw-p 00000000 00:00 0 
7f0a94021000-7f0a98000000 ---p 00000000 00:00 0 
7f0a98000000-7f0a98029000 rw-p 00000000 00:00 0 
7f0a98029000-7f0a9c000000 ---p 00000000 00:00 0 
7f0a9c000000-7f0a9c021000 rw-p 00000000 00:00 0 
7f0a9c021000-7f0aa0000000 ---p 00000000 00:00 0 
7f0aa0000000-7f0aa0021000 rw-p 00000000 00:00 0 
7f0aa0021000-7f0aa4000000 ---p 00000000 00:00 0 
7f0aa4000000-7f0aa4296000 rw-p 00000000 00:00 0 
7f0aa4296000-7f0aa8000000 ---p 00000000 00:00 0 
7f0aa8000000-7f0aa8021000 rw-p 00000000 00:00 0 
7f0aa8021000-7f0aac000000 ---p 00000000 00:00 0 
7f0aac000000-7f0aac021000 rw-p 00000000 00:00 0 
7f0aac021000-7f0ab0000000 ---p 00000000 00:00 0 
7f0ab0000000-7f0ab0021000 rw-p 00000000 00:00 0 
7f0ab0021000-7f0ab4000000 ---p 00000000 00:00 0 
7f0ab4000000-7f0ab4021000 rw-p 00000000 00:00 0 
7f0ab4021000-7f0ab8000000 ---p 00000000 00:00 0 
7f0ab82b0000-7f0abc000000 rw-p 00000000 00:00 0 
7f0abc000000-7f0abc021000 rw-p 00000000 00:00 0 
7f0abc021000-7f0ac0000000 ---p 00000000 00:00 0 
7f0ac09d4000-7f0ac09d5000 ---p 00000000 00:00 0 
7f0ac09d5000-7f0ac0ad5000 rw-p 00000000 00:00 0 
7f0ac0ad5000-7f0ac0ad8000 ---p 00000000 00:00 0 
7f0ac0ad8000-7f0ac0bd6000 rw-p 00000000 00:00 0 
7f0ac0bd6000-7f0ac0bd7000 ---p 00000000 00:00 0 
7f0ac0bd7000-7f0ac0bda000 ---p 00000000 00:00 0 
7f0ac0bda000-7f0ac0cd7000 rw-p 00000000 00:00 0 
7f0ac0cd7000-7f0ac0cd8000 ---p 00000000 00:00 0 
7f0ac0cd8000-7f0ac0cdb000 ---p 00000000 00:00 0 
7f0ac0cdb000-7f0ac0dd8000 rw-p 00000000 00:00 0 
7f0ac0dd8000-7f0ac0dd9000 ---p 00000000 00:00 0 
7f0ac0dd9000-7f0ac0ddc000 ---p 00000000 00:00 0 
7f0ac0ddc000-7f0ac0ed9000 rw-p 00000000 00:00 0 
7f0ac0ed9000-7f0ac0ee0000 r--s 00064000 08:15 1316049                    /opt/idea-IU-182.4323.46/lib/rt/debugger-agent.jar
7f0ac0ee0000-7f0ac0ef0000 r--s 001c7000 08:15 2507489                    /home/priagung/.m2/repository/com/h2database/h2/1.4.197/h2-1.4.197.jar
7f0ac0ef0000-7f0ac0ef5000 r--s 00022000 08:15 1577597                    /home/priagung/.m2/repository/org/xmlunit/xmlunit-core/2.5.1/xmlunit-core-2.5.1.jar
7f0ac0ef5000-7f0ac0f02000 r--s 00087000 08:15 1577591                    /home/priagung/.m2/repository/org/springframework/spring-test/5.0.8.RELEASE/spring-test-5.0.8.RELEASE.jar
7f0ac0f02000-7f0ac0f04000 r--s 00004000 08:15 1446675                    /home/priagung/.m2/repository/org/springframework/spring-jcl/5.0.8.RELEASE/spring-jcl-5.0.8.RELEASE.jar
7f0ac0f04000-7f0ac0f1c000 r--s 00114000 08:15 1446658                    /home/priagung/.m2/repository/org/springframework/spring-core/5.0.8.RELEASE/spring-core-5.0.8.RELEASE.jar
7f0ac0f1c000-7f0ac0f1d000 r--s 00004000 08:15 1577590                    /home/priagung/.m2/repository/com/vaadin/external/google/android-json/0.0.20131108.vaadin1/android-json-0.0.20131108.vaadin1.jar
7f0ac0f1d000-7f0ac0f1f000 r--s 00006000 08:15 1577593                    /home/priagung/.m2/repository/org/skyscreamer/jsonassert/1.5.0/jsonassert-1.5.0.jar
7f0ac0f1f000-7f0ac0f20000 r--s 0000c000 08:15 1577577                    /home/priagung/.m2/repository/org/hamcrest/hamcrest-library/1.3/hamcrest-library-1.3.jar
7f0ac0f20000-7f0ac0f22000 r--s 00009000 08:15 1577592                    /home/priagung/.m2/repository/org/hamcrest/hamcrest-core/1.3/hamcrest-core-1.3.jar
7f0ac0f22000-7f0ac0f24000 r--s 0000c000 08:15 1577588                    /home/priagung/.m2/repository/org/objenesis/objenesis/2.6/objenesis-2.6.jar
7f0ac0f24000-7f0ac0f26000 r--s 00009000 08:15 1577586                    /home/priagung/.m2/repository/net/bytebuddy/byte-buddy-agent/1.7.11/byte-buddy-agent-1.7.11.jar
7f0ac0f26000-7f0ac0f62000 r--s 00290000 08:15 1577584                    /home/priagung/.m2/repository/net/bytebuddy/byte-buddy/1.7.11/byte-buddy-1.7.11.jar
7f0ac0f62000-7f0ac0f72000 r--s 00075000 08:15 1577582                    /home/priagung/.m2/repository/org/mockito/mockito-core/2.15.0/mockito-core-2.15.0.jar
7f0ac0f72000-7f0ac0fc7000 r--s 00367000 08:15 1577579                    /home/priagung/.m2/repository/org/assertj/assertj-core/3.9.1/assertj-core-3.9.1.jar
7f0ac0fc7000-7f0ac0fcf000 r--s 00045000 08:15 1577564                    /home/priagung/.m2/repository/junit/junit/4.12/junit-4.12.jar
7f0ac0fcf000-7f0ac0fd1000 r--s 0000c000 08:15 1577575                    /home/priagung/.m2/repository/org/ow2/asm/asm/5.0.4/asm-5.0.4.jar
7f0ac0fd1000-7f0ac0fd3000 r--s 00006000 08:15 1577573                    /home/priagung/.m2/repository/net/minidev/accessors-smart/1.2/accessors-smart-1.2.jar
7f0ac0fd3000-7f0ac0fd6000 r--s 0001b000 08:15 1577569                    /home/priagung/.m2/repository/net/minidev/json-smart/2.3/json-smart-2.3.jar
7f0ac0fd6000-7f0ac0fdc000 r--s 00031000 08:15 1577567                    /home/priagung/.m2/repository/com/jayway/jsonpath/json-path/2.4.0/json-path-2.4.0.jar
7f0ac0fdc000-7f0ac0fe3000 r--s 00020000 08:15 1577566                    /home/priagung/.m2/repository/org/springframework/boot/spring-boot-test-autoconfigure/2.0.4.RELEASE/spring-boot-test-autoconfigure-2.0.4.RELEASE.jar
7f0ac0fe3000-7f0ac0fe8000 r--s 0002b000 08:15 1577571                    /home/priagung/.m2/repository/org/springframework/boot/spring-boot-test/2.0.4.RELEASE/spring-boot-test-2.0.4.RELEASE.jar
7f0ac0fe8000-7f0ac0fe9000 r--s 00000000 08:15 1577559                    /home/priagung/.m2/repository/org/springframework/boot/spring-boot-starter-test/2.0.4.RELEASE/spring-boot-starter-test-2.0.4.RELEASE.jar
7f0ac0fe9000-7f0ac0fee000 r--s 00040000 08:15 1446667                    /home/priagung/.m2/repository/org/springframework/spring-expression/5.0.8.RELEASE/spring-expression-5.0.8.RELEASE.jar
7f0ac0fee000-7f0ac0ffe000 r--s 000b2000 08:15 1577532                    /home/priagung/.m2/repository/org/springframework/spring-webmvc/5.0.8.RELEASE/spring-webmvc-5.0.8.RELEASE.jar
7f0ac0ffe000-7f0ac1018000 r--s 0011b000 08:15 1577552                    /home/priagung/.m2/repository/org/springframework/spring-web/5.0.8.RELEASE/spring-web-5.0.8.RELEASE.jar
7f0ac1018000-7f0ac101d000 r--s 00012000 08:15 1577555                    /home/priagung/.m2/repository/javax/validation/validation-api/2.0.1.Final/validation-api-2.0.1.Final.jar
7f0ac101d000-7f0ac103a000 r--s 000fe000 08:15 1577526                    /home/priagung/.m2/repository/org/hibernate/validator/hibernate-validator/6.0.11.Final/hibernate-validator-6.0.11.Final.jar
7f0ac103a000-7f0ac103f000 r--s 0003a000 08:15 1577553                    /home/priagung/.m2/repository/org/apache/tomcat/embed/tomcat-embed-websocket/8.5.32/tomcat-embed-websocket-8.5.32.jar
7f0ac103f000-7f0ac1044000 r--s 00037000 08:15 1577551                    /home/priagung/.m2/repository/org/apache/tomcat/embed/tomcat-embed-el/8.5.32/tomcat-embed-el-8.5.32.jar
7f0ac1044000-7f0ac106d000 r--s 002d3000 08:15 1577533                    /home/priagung/.m2/repository/org/apache/tomcat/embed/tomcat-embed-core/8.5.32/tomcat-embed-core-8.5.32.jar
7f0ac106d000-7f0ac106e000 r--s 00000000 08:15 1577534                    /home/priagung/.m2/repository/org/springframework/boot/spring-boot-starter-tomcat/2.0.4.RELEASE/spring-boot-starter-tomcat-2.0.4.RELEASE.jar
7f0ac106e000-7f0ac1070000 r--s 00001000 08:15 1577535                    /home/priagung/.m2/repository/com/fasterxml/jackson/module/jackson-module-parameter-names/2.9.6/jackson-module-parameter-names-2.9.6.jar
7f0ac1070000-7f0ac1073000 r--s 00016000 08:15 1577543                    /home/priagung/.m2/repository/com/fasterxml/jackson/datatype/jackson-datatype-jsr310/2.9.6/jackson-datatype-jsr310-2.9.6.jar
7f0ac1073000-7f0ac1075000 r--s 00007000 08:15 1577539                    /home/priagung/.m2/repository/com/fasterxml/jackson/datatype/jackson-datatype-jdk8/2.9.6/jackson-datatype-jdk8-2.9.6.jar
7f0ac1075000-7f0ac107a000 r--s 0004b000 08:15 1577542                    /home/priagung/.m2/repository/com/fasterxml/jackson/core/jackson-core/2.9.6/jackson-core-2.9.6.jar
7f0ac107a000-7f0ac107d000 r--s 0000e000 08:15 1577548                    /home/priagung/.m2/repository/com/fasterxml/jackson/core/jackson-annotations/2.9.0/jackson-annotations-2.9.0.jar
7f0ac107d000-7f0ac1090000 r--s 00137000 08:15 1577545                    /home/priagung/.m2/repository/com/fasterxml/jackson/core/jackson-databind/2.9.6/jackson-databind-2.9.6.jar
7f0ac1090000-7f0ac1091000 r--s 00000000 08:15 1577530                    /home/priagung/.m2/repository/org/springframework/boot/spring-boot-starter-json/2.0.4.RELEASE/spring-boot-starter-json-2.0.4.RELEASE.jar
7f0ac1091000-7f0ac1092000 r--s 00000000 08:15 1446650                    /home/priagung/.m2/repository/org/springframework/boot/spring-boot-starter-web/2.0.4.RELEASE/spring-boot-starter-web-2.0.4.RELEASE.jar
7f0ac1092000-7f0ac109c000 r--s 000bd000 08:15 1971275                    /home/priagung/.m2/repository/org/postgresql/postgresql/42.2.4/postgresql-42.2.4.jar
7f0ac109c000-7f0ac10b3000 r--s 00173000 08:15 1971277                    /home/priagung/.m2/repository/org/projectlombok/lombok/1.16.22/lombok-1.16.22.jar
7f0ac10b3000-7f0ac10b5000 r--s 0000a000 08:15 1971247                    /home/priagung/.m2/repository/org/springframework/spring-aspects/5.0.8.RELEASE/spring-aspects-5.0.8.RELEASE.jar
7f0ac10b5000-7f0ac10b7000 r--s 00009000 08:15 1446681                    /home/priagung/.m2/repository/org/slf4j/slf4j-api/1.7.25/slf4j-api-1.7.25.jar
7f0ac10b7000-7f0ac10c4000 r--s 00095000 08:15 1446684                    /home/priagung/.m2/repository/org/springframework/spring-beans/5.0.8.RELEASE/spring-beans-5.0.8.RELEASE.jar
7f0ac10c4000-7f0ac10cc000 r--s 00037000 08:15 1446951                    /home/priagung/.m2/repository/org/springframework/spring-tx/5.0.8.RELEASE/spring-tx-5.0.8.RELEASE.jar
7f0ac10cc000-7f0ac10e6000 r--s 000f1000 08:15 1446683                    /home/priagung/.m2/repository/org/springframework/spring-context/5.0.8.RELEASE/spring-context-5.0.8.RELEASE.jar
7f0ac10e6000-7f0ac10ea000 r--s 0002b000 08:15 1971252                    /home/priagung/.m2/repository/org/springframework/spring-orm/5.0.8.RELEASE/spring-orm-5.0.8.RELEASE.jar
7f0ac10ea000-7f0ac1101000 r--s 000f1000 08:15 1446953                    /home/priagung/.m2/repository/org/springframework/data/spring-data-commons/2.0.9.RELEASE/spring-data-commons-2.0.9.RELEASE.jar
7f0ac1101000-7f0ac1109000 r--s 0004b000 08:15 1971250                    /home/priagung/.m2/repository/org/springframework/data/spring-data-jpa/2.0.9.RELEASE/spring-data-jpa-2.0.9.RELEASE.jar
7f0ac1109000-7f0ac110b000 r--s 00006000 08:15 1971248                    /home/priagung/.m2/repository/javax/transaction/javax.transaction-api/1.2/javax.transaction-api-1.2.jar
7f0ac110b000-7f0ac110e000 r--s 00010000 08:15 1971246                    /home/priagung/.m2/repository/org/hibernate/common/hibernate-commons-annotations/5.0.1.Final/hibernate-commons-annotations-5.0.1.Final.jar
7f0ac110e000-7f0ac1113000 r--s 00048000 08:15 1971244                    /home/priagung/.m2/repository/dom4j/dom4j/1.6.1/dom4j-1.6.1.jar
7f0ac1113000-7f0ac1115000 r--s 0000e000 08:15 1446653                    /home/priagung/.m2/repository/com/fasterxml/classmate/1.3.4/classmate-1.3.4.jar
7f0ac1115000-7f0ac1118000 r--s 0002b000 08:15 1709576                    /home/priagung/.m2/repository/org/jboss/jandex/2.0.3.Final/jandex-2.0.3.Final.jar
7f0ac1118000-7f0ac111d000 r--s 00068000 08:15 1971236                    /home/priagung/.m2/repository/antlr/antlr/2.7.7/antlr-2.7.7.jar
7f0ac111d000-7f0ac1127000 r--s 000ab000 08:15 1971232                    /home/priagung/.m2/repository/org/javassist/javassist/3.22.0-GA/javassist-3.22.0-GA.jar
7f0ac1127000-7f0ac112c000 r--s 00017000 08:15 1971230                    /home/priagung/.m2/repository/org/hibernate/javax/persistence/hibernate-jpa-2.1-api/1.0.2.Final/hibernate-jpa-2.1-api-1.0.2.Final.jar
7f0ac112c000-7f0ac112e000 r--s 0000f000 08:15 1577557                    /home/priagung/.m2/repository/org/jboss/logging/jboss-logging/3.3.2.Final/jboss-logging-3.3.2.Final.jar
7f0ac112e000-7f0ac11ac000 r--s 005f0000 08:15 1846057                    /home/priagung/.m2/repository/org/hibernate/hibernate-core/5.2.17.Final/hibernate-core-5.2.17.Final.jar
7f0ac11ac000-7f0ac11b5000 r--s 00059000 08:15 1846054                    /home/priagung/.m2/repository/org/springframework/spring-jdbc/5.0.8.RELEASE/spring-jdbc-5.0.8.RELEASE.jar
7f0ac11b5000-7f0ac11b9000 r--s 00020000 08:15 1846052                    /home/priagung/.m2/repository/com/zaxxer/HikariCP/2.7.9/HikariCP-2.7.9.jar
7f0ac11b9000-7f0ac11ba000 r--s 00000000 08:15 1846050                    /home/priagung/.m2/repository/org/springframework/boot/spring-boot-starter-jdbc/2.0.4.RELEASE/spring-boot-starter-jdbc-2.0.4.RELEASE.jar
7f0ac11ba000-7f0ac11d3000 r--s 001bf000 08:15 1846044                    /home/priagung/.m2/repository/org/aspectj/aspectjweaver/1.8.13/aspectjweaver-1.8.13.jar
7f0ac11d3000-7f0ac11dc000 r--s 00051000 08:15 1446674                    /home/priagung/.m2/repository/org/springframework/spring-aop/5.0.8.RELEASE/spring-aop-5.0.8.RELEASE.jar
7f0ac11dc000-7f0ac11dd000 r--s 00000000 08:15 1709574                    /home/priagung/.m2/repository/org/springframework/boot/spring-boot-starter-aop/2.0.4.RELEASE/spring-boot-starter-aop-2.0.4.RELEASE.jar
7f0ac11dd000-7f0ac11e4000 r--s 00042000 08:15 1577529                    /home/priagung/.m2/repository/org/yaml/snakeyaml/1.19/snakeyaml-1.19.jar
7f0ac11e4000-7f0ac11e6000 r--s 00005000 08:15 1577549                    /home/priagung/.m2/repository/javax/annotation/javax.annotation-api/1.3.2/javax.annotation-api-1.3.2.jar
7f0ac11e6000-7f0ac11e8000 r--s 00000000 08:15 1577523                    /home/priagung/.m2/repository/org/slf4j/jul-to-slf4j/1.7.25/jul-to-slf4j-1.7.25.jar
7f0ac11e8000-7f0ac11f3000 r--s 00069000 08:15 1446666                    /home/priagung/.m2/repository/ch/qos/logback/logback-core/1.2.3/logback-core-1.2.3.jar
7f0ac11f3000-7f0ac1214000 r--s 000fd000 08:15 1446668                    /home/priagung/.m2/repository/org/springframework/boot/spring-boot-autoconfigure/2.0.4.RELEASE/spring-boot-autoconfigure-2.0.4.RELEASE.jar
7f0ac1214000-7f0ac1229000 r--s 000d0000 08:15 1446657                    /home/priagung/.m2/repository/org/springframework/boot/spring-boot/2.0.4.RELEASE/spring-boot-2.0.4.RELEASE.jar
7f0ac1229000-7f0ac123c000 r--s 00345000 08:15 3023519                    /usr/lib/jvm/java-8-oracle/jre/lib/resources.jar
7f0ac123c000-7f0ac123f000 ---p 00000000 00:00 0 
7f0ac123f000-7f0ac133d000 rw-p 00000000 00:00 0 
7f0ac133d000-7f0ac1340000 ---p 00000000 00:00 0 
7f0ac1340000-7f0ac143e000 rw-p 00000000 00:00 0 
7f0ac143e000-7f0ac1441000 ---p 00000000 00:00 0 
7f0ac1441000-7f0ac153f000 rw-p 00000000 00:00 0 
7f0ac153f000-7f0ac1543000 r-xp 00000000 08:15 3023552                    /usr/lib/jvm/java-8-oracle/jre/lib/amd64/libdt_socket.so
7f0ac1543000-7f0ac1742000 ---p 00004000 08:15 3023552                    /usr/lib/jvm/java-8-oracle/jre/lib/amd64/libdt_socket.so
7f0ac1742000-7f0ac1743000 rw-p 00003000 08:15 3023552                    /usr/lib/jvm/java-8-oracle/jre/lib/amd64/libdt_socket.so
7f0ac1743000-7f0ac1746000 ---p 00000000 00:00 0 
7f0ac1746000-7f0ac1844000 rw-p 00000000 00:00 0 
7f0ac1844000-7f0ac1847000 ---p 00000000 00:00 0 
7f0ac1847000-7f0ac1945000 rw-p 00000000 00:00 0 
7f0ac1945000-7f0ac1948000 ---p 00000000 00:00 0 
7f0ac1948000-7f0ac1a46000 rw-p 00000000 00:00 0 
7f0ac1a46000-7f0ac1a47000 ---p 00000000 00:00 0 
7f0ac1a47000-7f0ac2a56000 rw-p 00000000 00:00 0 
7f0ac2a56000-7f0ac2c30000 r--s 03d6b000 08:15 3023515                    /usr/lib/jvm/java-8-oracle/jre/lib/rt.jar
7f0ac2c30000-7f0ac387b000 rw-p 00000000 00:00 0 
7f0ac387b000-7f0ac387c000 ---p 00000000 00:00 0 
7f0ac387c000-7f0ac397c000 rw-p 00000000 00:00 0 
7f0ac397c000-7f0ac397d000 ---p 00000000 00:00 0 
7f0ac397d000-7f0ac3a7d000 rw-p 00000000 00:00 0 
7f0ac3a7d000-7f0ac3a7e000 ---p 00000000 00:00 0 
7f0ac3a7e000-7f0ac3ba8000 rw-p 00000000 00:00 0 
7f0ac3ba8000-7f0ac3e0c000 ---p 00000000 00:00 0 
7f0ac3e0c000-7f0ac3e36000 rw-p 00000000 00:00 0 
7f0ac3e36000-7f0ac409a000 ---p 00000000 00:00 0 
7f0ac409a000-7f0ac40af000 rw-p 00000000 00:00 0 
7f0ac40af000-7f0ac41e1000 ---p 00000000 00:00 0 
7f0ac41e1000-7f0ac41f0000 rw-p 00000000 00:00 0 
7f0ac41f0000-7f0ac45a2000 ---p 00000000 00:00 0 
7f0ac45a2000-7f0ac4922000 rwxp 00000000 00:00 0 
7f0ac4922000-7f0ad35a2000 ---p 00000000 00:00 0 
7f0ad35a2000-7f0ad35bd000 r-xp 00000000 08:15 3023581                    /usr/lib/jvm/java-8-oracle/jre/lib/amd64/libzip.so
7f0ad35bd000-7f0ad37bd000 ---p 0001b000 08:15 3023581                    /usr/lib/jvm/java-8-oracle/jre/lib/amd64/libzip.so
7f0ad37bd000-7f0ad37be000 rw-p 0001b000 08:15 3023581                    /usr/lib/jvm/java-8-oracle/jre/lib/amd64/libzip.so
7f0ad37be000-7f0ad37c9000 r-xp 00000000 08:15 923132                     /lib/x86_64-linux-gnu/libnss_files-2.27.so
7f0ad37c9000-7f0ad39c8000 ---p 0000b000 08:15 923132                     /lib/x86_64-linux-gnu/libnss_files-2.27.so
7f0ad39c8000-7f0ad39c9000 r--p 0000a000 08:15 923132                     /lib/x86_64-linux-gnu/libnss_files-2.27.so
7f0ad39c9000-7f0ad39ca000 rw-p 0000b000 08:15 923132                     /lib/x86_64-linux-gnu/libnss_files-2.27.so
7f0ad39ca000-7f0ad39d0000 rw-p 00000000 00:00 0 
7f0ad39d0000-7f0ad39e7000 r-xp 00000000 08:15 923126                     /lib/x86_64-linux-gnu/libnsl-2.27.so
7f0ad39e7000-7f0ad3be6000 ---p 00017000 08:15 923126                     /lib/x86_64-linux-gnu/libnsl-2.27.so
7f0ad3be6000-7f0ad3be7000 r--p 00016000 08:15 923126                     /lib/x86_64-linux-gnu/libnsl-2.27.so
7f0ad3be7000-7f0ad3be8000 rw-p 00017000 08:15 923126                     /lib/x86_64-linux-gnu/libnsl-2.27.so
7f0ad3be8000-7f0ad3bea000 rw-p 00000000 00:00 0 
7f0ad3bea000-7f0ad3bf5000 r-xp 00000000 08:15 923143                     /lib/x86_64-linux-gnu/libnss_nis-2.27.so
7f0ad3bf5000-7f0ad3df4000 ---p 0000b000 08:15 923143                     /lib/x86_64-linux-gnu/libnss_nis-2.27.so
7f0ad3df4000-7f0ad3df5000 r--p 0000a000 08:15 923143                     /lib/x86_64-linux-gnu/libnss_nis-2.27.so
7f0ad3df5000-7f0ad3df6000 rw-p 0000b000 08:15 923143                     /lib/x86_64-linux-gnu/libnss_nis-2.27.so
7f0ad3df6000-7f0ad3dfe000 r-xp 00000000 08:15 923128                     /lib/x86_64-linux-gnu/libnss_compat-2.27.so
7f0ad3dfe000-7f0ad3ffe000 ---p 00008000 08:15 923128                     /lib/x86_64-linux-gnu/libnss_compat-2.27.so
7f0ad3ffe000-7f0ad3fff000 r--p 00008000 08:15 923128                     /lib/x86_64-linux-gnu/libnss_compat-2.27.so
7f0ad3fff000-7f0ad4000000 rw-p 00009000 08:15 923128                     /lib/x86_64-linux-gnu/libnss_compat-2.27.so
7f0ad4000000-7f0ad488f000 rw-p 00000000 00:00 0 
7f0ad488f000-7f0ad8000000 ---p 00000000 00:00 0 
7f0ad8000000-7f0ad8006000 r--s 00039000 08:15 1577521                    /home/priagung/.m2/repository/org/apache/logging/log4j/log4j-api/2.10.0/log4j-api-2.10.0.jar
7f0ad8006000-7f0ad8008000 r--s 00003000 08:15 1446670                    /home/priagung/.m2/repository/org/apache/logging/log4j/log4j-to-slf4j/2.10.0/log4j-to-slf4j-2.10.0.jar
7f0ad8008000-7f0ad800e000 r--s 00041000 08:15 1446664                    /home/priagung/.m2/repository/ch/qos/logback/logback-classic/1.2.3/logback-classic-1.2.3.jar
7f0ad800e000-7f0ad800f000 r--s 00000000 08:15 1446662                    /home/priagung/.m2/repository/org/springframework/boot/spring-boot-starter-logging/2.0.4.RELEASE/spring-boot-starter-logging-2.0.4.RELEASE.jar
7f0ad800f000-7f0ad8010000 r--s 00000000 08:15 1446677                    /home/priagung/.m2/repository/org/springframework/boot/spring-boot-starter/2.0.4.RELEASE/spring-boot-starter-2.0.4.RELEASE.jar
7f0ad8010000-7f0ad8023000 r--s 000d6000 08:15 3023500                    /usr/lib/jvm/java-8-oracle/jre/lib/plugin.jar
7f0ad8023000-7f0ad8028000 r--s 0009d000 08:15 3023520                    /usr/lib/jvm/java-8-oracle/jre/lib/jsse.jar
7f0ad8028000-7f0ad802a000 r--s 00007000 08:15 3023528                    /usr/lib/jvm/java-8-oracle/jre/lib/jfxswt.jar
7f0ad802a000-7f0ad8046000 r--s 0020b000 08:15 3023487                    /usr/lib/jvm/java-8-oracle/jre/lib/deploy.jar
7f0ad8046000-7f0ad8047000 ---p 00000000 00:00 0 
7f0ad8047000-7f0ad8147000 rw-p 00000000 00:00 0 
7f0ad8147000-7f0ad8151000 r-xp 00000000 08:15 3023590                    /usr/lib/jvm/java-8-oracle/jre/lib/amd64/libinstrument.so
7f0ad8151000-7f0ad8350000 ---p 0000a000 08:15 3023590                    /usr/lib/jvm/java-8-oracle/jre/lib/amd64/libinstrument.so
7f0ad8350000-7f0ad8351000 rw-p 00009000 08:15 3023590                    /usr/lib/jvm/java-8-oracle/jre/lib/amd64/libinstrument.so
7f0ad8351000-7f0ad8d21000 r--p 00000000 08:15 2759365                    /usr/lib/locale/locale-archive
7f0ad8d21000-7f0ad8d23000 r-xp 00000000 08:15 3023554                    /usr/lib/jvm/java-8-oracle/jre/lib/amd64/libnpt.so
7f0ad8d23000-7f0ad8f23000 ---p 00002000 08:15 3023554                    /usr/lib/jvm/java-8-oracle/jre/lib/amd64/libnpt.so
7f0ad8f23000-7f0ad8f24000 rw-p 00002000 08:15 3023554                    /usr/lib/jvm/java-8-oracle/jre/lib/amd64/libnpt.so
7f0ad8f24000-7f0ad8f5e000 r-xp 00000000 08:15 3023568                    /usr/lib/jvm/java-8-oracle/jre/lib/amd64/libjdwp.so
7f0ad8f5e000-7f0ad915d000 ---p 0003a000 08:15 3023568                    /usr/lib/jvm/java-8-oracle/jre/lib/amd64/libjdwp.so
7f0ad915d000-7f0ad915e000 rw-p 00039000 08:15 3023568                    /usr/lib/jvm/java-8-oracle/jre/lib/amd64/libjdwp.so
7f0ad915e000-7f0ad915f000 rw-p 00000000 00:00 0 
7f0ad915f000-7f0ad918a000 r-xp 00000000 08:15 3023575                    /usr/lib/jvm/java-8-oracle/jre/lib/amd64/libjava.so
7f0ad918a000-7f0ad9389000 ---p 0002b000 08:15 3023575                    /usr/lib/jvm/java-8-oracle/jre/lib/amd64/libjava.so
7f0ad9389000-7f0ad938b000 rw-p 0002a000 08:15 3023575                    /usr/lib/jvm/java-8-oracle/jre/lib/amd64/libjava.so
7f0ad938b000-7f0ad9398000 r-xp 00000000 08:15 3023580                    /usr/lib/jvm/java-8-oracle/jre/lib/amd64/libverify.so
7f0ad9398000-7f0ad9598000 ---p 0000d000 08:15 3023580                    /usr/lib/jvm/java-8-oracle/jre/lib/amd64/libverify.so
7f0ad9598000-7f0ad959a000 rw-p 0000d000 08:15 3023580                    /usr/lib/jvm/java-8-oracle/jre/lib/amd64/libverify.so
7f0ad959a000-7f0ad95a1000 r-xp 00000000 08:15 923183                     /lib/x86_64-linux-gnu/librt-2.27.so
7f0ad95a1000-7f0ad97a0000 ---p 00007000 08:15 923183                     /lib/x86_64-linux-gnu/librt-2.27.so
7f0ad97a0000-7f0ad97a1000 r--p 00006000 08:15 923183                     /lib/x86_64-linux-gnu/librt-2.27.so
7f0ad97a1000-7f0ad97a2000 rw-p 00007000 08:15 923183                     /lib/x86_64-linux-gnu/librt-2.27.so
7f0ad97a2000-7f0ad993f000 r-xp 00000000 08:15 923105                     /lib/x86_64-linux-gnu/libm-2.27.so
7f0ad993f000-7f0ad9b3e000 ---p 0019d000 08:15 923105                     /lib/x86_64-linux-gnu/libm-2.27.so
7f0ad9b3e000-7f0ad9b3f000 r--p 0019c000 08:15 923105                     /lib/x86_64-linux-gnu/libm-2.27.so
7f0ad9b3f000-7f0ad9b40000 rw-p 0019d000 08:15 923105                     /lib/x86_64-linux-gnu/libm-2.27.so
7f0ad9b40000-7f0ada81c000 r-xp 00000000 08:15 3157549                    /usr/lib/jvm/java-8-oracle/jre/lib/amd64/server/libjvm.so
7f0ada81c000-7f0adaa1c000 ---p 00cdc000 08:15 3157549                    /usr/lib/jvm/java-8-oracle/jre/lib/amd64/server/libjvm.so
7f0adaa1c000-7f0adaaf6000 rw-p 00cdc000 08:15 3157549                    /usr/lib/jvm/java-8-oracle/jre/lib/amd64/server/libjvm.so
7f0adaaf6000-7f0adab41000 rw-p 00000000 00:00 0 
7f0adab41000-7f0adad28000 r-xp 00000000 08:15 923042                     /lib/x86_64-linux-gnu/libc-2.27.so
7f0adad28000-7f0adaf28000 ---p 001e7000 08:15 923042                     /lib/x86_64-linux-gnu/libc-2.27.so
7f0adaf28000-7f0adaf2c000 r--p 001e7000 08:15 923042                     /lib/x86_64-linux-gnu/libc-2.27.so
7f0adaf2c000-7f0adaf2e000 rw-p 001eb000 08:15 923042                     /lib/x86_64-linux-gnu/libc-2.27.so
7f0adaf2e000-7f0adaf32000 rw-p 00000000 00:00 0 
7f0adaf32000-7f0adaf35000 r-xp 00000000 08:15 923065                     /lib/x86_64-linux-gnu/libdl-2.27.so
7f0adaf35000-7f0adb134000 ---p 00003000 08:15 923065                     /lib/x86_64-linux-gnu/libdl-2.27.so
7f0adb134000-7f0adb135000 r--p 00002000 08:15 923065                     /lib/x86_64-linux-gnu/libdl-2.27.so
7f0adb135000-7f0adb136000 rw-p 00003000 08:15 923065                     /lib/x86_64-linux-gnu/libdl-2.27.so
7f0adb136000-7f0adb14c000 r-xp 00000000 08:15 3283644                    /usr/lib/jvm/java-8-oracle/lib/amd64/jli/libjli.so
7f0adb14c000-7f0adb34b000 ---p 00016000 08:15 3283644                    /usr/lib/jvm/java-8-oracle/lib/amd64/jli/libjli.so
7f0adb34b000-7f0adb34c000 rw-p 00015000 08:15 3283644                    /usr/lib/jvm/java-8-oracle/lib/amd64/jli/libjli.so
7f0adb34c000-7f0adb366000 r-xp 00000000 08:15 923175                     /lib/x86_64-linux-gnu/libpthread-2.27.so
7f0adb366000-7f0adb565000 ---p 0001a000 08:15 923175                     /lib/x86_64-linux-gnu/libpthread-2.27.so
7f0adb565000-7f0adb566000 r--p 00019000 08:15 923175                     /lib/x86_64-linux-gnu/libpthread-2.27.so
7f0adb566000-7f0adb567000 rw-p 0001a000 08:15 923175                     /lib/x86_64-linux-gnu/libpthread-2.27.so
7f0adb567000-7f0adb56b000 rw-p 00000000 00:00 0 
7f0adb56b000-7f0adb592000 r-xp 00000000 08:15 923014                     /lib/x86_64-linux-gnu/ld-2.27.so
7f0adb592000-7f0adb593000 r--s 00000000 08:15 1709572                    /home/priagung/.m2/repository/org/springframework/boot/spring-boot-starter-data-jpa/2.0.4.RELEASE/spring-boot-starter-data-jpa-2.0.4.RELEASE.jar
7f0adb593000-7f0adb598000 r--s 00084000 08:15 3023486                    /usr/lib/jvm/java-8-oracle/jre/lib/jfr.jar
7f0adb598000-7f0adb5a1000 r--s 0006d000 08:15 3023496                    /usr/lib/jvm/java-8-oracle/jre/lib/javaws.jar
7f0adb5a1000-7f0adb672000 rw-p 00000000 00:00 0 
7f0adb672000-7f0adb673000 ---p 00000000 00:00 0 
7f0adb673000-7f0adb676000 ---p 00000000 00:00 0 
7f0adb676000-7f0adb777000 rw-p 00000000 00:00 0 
7f0adb777000-7f0adb778000 r--s 00000000 08:15 3023493                    /usr/lib/jvm/java-8-oracle/jre/lib/management-agent.jar
7f0adb778000-7f0adb77b000 r--s 0001a000 08:15 3023526                    /usr/lib/jvm/java-8-oracle/jre/lib/jce.jar
7f0adb77b000-7f0adb780000 r--s 002f9000 08:15 3023513                    /usr/lib/jvm/java-8-oracle/jre/lib/charsets.jar
7f0adb780000-7f0adb782000 r--s 00008000 08:15 1967934                    /opt/idea-IU-182.4323.46/plugins/junit/lib/junit5-rt.jar
7f0adb782000-7f0adb784000 r--s 00020000 08:15 1967933                    /opt/idea-IU-182.4323.46/plugins/junit/lib/junit-rt.jar
7f0adb784000-7f0adb786000 r--s 0001a000 08:15 1188030                    /opt/idea-IU-182.4323.46/lib/idea_rt.jar
7f0adb786000-7f0adb788000 r--s 00001000 08:15 1316048                    /opt/idea-IU-182.4323.46/lib/rt/debugger-agent-storage.jar
7f0adb788000-7f0adb790000 rw-s 00000000 08:15 2907607                    /tmp/hsperfdata_priagung/19400
7f0adb790000-7f0adb791000 rw-p 00000000 00:00 0 
7f0adb791000-7f0adb792000 ---p 00000000 00:00 0 
7f0adb792000-7f0adb793000 r--p 00027000 08:15 923014                     /lib/x86_64-linux-gnu/ld-2.27.so
7f0adb793000-7f0adb794000 rw-p 00028000 08:15 923014                     /lib/x86_64-linux-gnu/ld-2.27.so
7f0adb794000-7f0adb795000 rw-p 00000000 00:00 0 
7ffe89e07000-7ffe89e2a000 rw-p 00000000 00:00 0                          [stack]
7ffe89e82000-7ffe89e85000 r--p 00000000 00:00 0                          [vvar]
7ffe89e85000-7ffe89e87000 r-xp 00000000 00:00 0                          [vdso]
ffffffffff600000-ffffffffff601000 r-xp 00000000 00:00 0                  [vsyscall]

VM Arguments:
jvm_args: -agentlib:jdwp=transport=dt_socket,address=127.0.0.1:43525,suspend=y,server=n -ea -Didea.test.cyclic.buffer.size=1048576 -javaagent:/opt/idea-IU-182.4323.46/lib/rt/debugger-agent.jar=file:/tmp/capture.props -Dfile.encoding=UTF-8 
java_command: com.intellij.rt.execution.junit.JUnitStarter -ideVersion5 -junit4 com.future.OfficeInventorySystem.service.UserServiceImplTest,createUserSuperiorNotFoundTest
java_class_path (initial): /opt/idea-IU-182.4323.46/lib/idea_rt.jar:/opt/idea-IU-182.4323.46/plugins/junit/lib/junit-rt.jar:/opt/idea-IU-182.4323.46/plugins/junit/lib/junit5-rt.jar:/usr/lib/jvm/java-8-oracle/jre/lib/charsets.jar:/usr/lib/jvm/java-8-oracle/jre/lib/deploy.jar:/usr/lib/jvm/java-8-oracle/jre/lib/ext/cldrdata.jar:/usr/lib/jvm/java-8-oracle/jre/lib/ext/dnsns.jar:/usr/lib/jvm/java-8-oracle/jre/lib/ext/jaccess.jar:/usr/lib/jvm/java-8-oracle/jre/lib/ext/jfxrt.jar:/usr/lib/jvm/java-8-oracle/jre/lib/ext/localedata.jar:/usr/lib/jvm/java-8-oracle/jre/lib/ext/nashorn.jar:/usr/lib/jvm/java-8-oracle/jre/lib/ext/sunec.jar:/usr/lib/jvm/java-8-oracle/jre/lib/ext/sunjce_provider.jar:/usr/lib/jvm/java-8-oracle/jre/lib/ext/sunpkcs11.jar:/usr/lib/jvm/java-8-oracle/jre/lib/ext/zipfs.jar:/usr/lib/jvm/java-8-oracle/jre/lib/javaws.jar:/usr/lib/jvm/java-8-oracle/jre/lib/jce.jar:/usr/lib/jvm/java-8-oracle/jre/lib/jfr.jar:/usr/lib/jvm/java-8-oracle/jre/lib/jfxswt.jar:/usr/lib/jvm/java-8-oracle/jre/lib/jsse.jar:/usr/lib/jvm/java-8-oracle/jre/lib/management-agent.jar:/usr/lib/jvm/java-8-oracle/jre/lib/plugin.jar:/usr/lib/jvm/java-8-oracle/jre/lib/resources.jar:/usr/lib/jvm/java-8-oracle/jre/lib/rt.jar:/home/priagung/future-project-office-inventory-system/target/test-classes:/home/priagung/future-project-office-inventory-system/target/classes:/home/priagung/.m2/repository/org/springframework/boot/spring-boot-starter-data-jpa/2.0.4.RELEASE/spring-boot-starter-data-jpa-2.0.4.RELEASE.jar:/home/priagung/.m2/repository/org/springframework/boot/spring-boot-starter/2.0.4.RELEASE/spring-boot-starter-2.0.4.RELEASE.jar:/home/priagung/.m2/repository/org/springframework/boot/spring-boot/2.0.4.RELEASE/spring-boot-2.0.4.RELEASE.jar:/home/priagung/.m2/repository/org/springframework/boot/spring-boot-autoconfigure/2.0.4.RELEASE/spring-boot-autoconfigure-2.0.4.RELEASE.jar:/home/priagung/.m2/repository/org/springframework/boot/spring-boot-starter-logging/2.0.4.RELEASE/spring-boot-starter-logging-2.
Launcher Type: SUN_STANDARD

Environment Variables:
JAVA_HOME=/usr/lib/jvm/java-8-oracle
PATH=/home/priagung/.local/bin:/usr/local/sbin:/usr/local/bin:/usr/sbin:/usr/bin:/sbin:/bin:/usr/games:/usr/local/games:/snap/bin:/usr/lib/jvm/java-8-oracle/bin:/usr/lib/jvm/java-8-oracle/db/bin:/usr/lib/jvm/java-8-oracle/jre/bin
USERNAME=priagung
SHELL=/usr/bin/zsh
DISPLAY=:0

Signal Handlers:
SIGSEGV: [libjvm.so+0xad2a40], sa_mask[0]=11111111011111111101111111111110, sa_flags=SA_RESTART|SA_SIGINFO
SIGBUS: [libjvm.so+0xad2a40], sa_mask[0]=11111111011111111101111111111110, sa_flags=SA_RESTART|SA_SIGINFO
SIGFPE: [libjvm.so+0x92a610], sa_mask[0]=11111111011111111101111111111110, sa_flags=SA_RESTART|SA_SIGINFO
SIGPIPE: [libjvm.so+0x92a610], sa_mask[0]=11111111011111111101111111111110, sa_flags=SA_RESTART|SA_SIGINFO
SIGXFSZ: [libjvm.so+0x92a610], sa_mask[0]=11111111011111111101111111111110, sa_flags=SA_RESTART|SA_SIGINFO
SIGILL: [libjvm.so+0x92a610], sa_mask[0]=11111111011111111101111111111110, sa_flags=SA_RESTART|SA_SIGINFO
SIGUSR1: SIG_DFL, sa_mask[0]=00000000000000000000000000000000, sa_flags=none
SIGUSR2: [libjvm.so+0x92be70], sa_mask[0]=00100000000000000000000000000000, sa_flags=SA_RESTART|SA_SIGINFO
SIGHUP: [libjvm.so+0x92d270], sa_mask[0]=11111111011111111101111111111110, sa_flags=SA_RESTART|SA_SIGINFO
SIGINT: [libjvm.so+0x92d270], sa_mask[0]=11111111011111111101111111111110, sa_flags=SA_RESTART|SA_SIGINFO
SIGTERM: [libjvm.so+0x92d270], sa_mask[0]=11111111011111111101111111111110, sa_flags=SA_RESTART|SA_SIGINFO
SIGQUIT: [libjvm.so+0x92d270], sa_mask[0]=11111111011111111101111111111110, sa_flags=SA_RESTART|SA_SIGINFO


---------------  S Y S T E M  ---------------

OS:DISTRIB_ID=Ubuntu
DISTRIB_RELEASE=18.04
DISTRIB_CODENAME=bionic
DISTRIB_DESCRIPTION="Ubuntu 18.04.1 LTS"

uname:Linux 4.15.0-36-generic #39-Ubuntu SMP Mon Sep 24 16:19:09 UTC 2018 x86_64
libc:glibc 2.27 NPTL 2.27 
rlimit: STACK 8192k, CORE 0k, NPROC 30868, NOFILE 1048576, AS infinity
load average:2.15 1.93 1.55

/proc/meminfo:
MemTotal:        8033496 kB
MemFree:          195676 kB
MemAvailable:    2351600 kB
Buffers:          339140 kB
Cached:          2020164 kB
SwapCached:            0 kB
Active:          6393272 kB
Inactive:         825624 kB
Active(anon):    4831280 kB
Inactive(anon):   161364 kB
Active(file):    1561992 kB
Inactive(file):   664260 kB
Unevictable:         192 kB
Mlocked:             192 kB
SwapTotal:       2097148 kB
SwapFree:        2097148 kB
Dirty:             19424 kB
Writeback:             0 kB
AnonPages:       4860044 kB
Mapped:           618712 kB
Shmem:            133056 kB
Slab:             321708 kB
SReclaimable:     238512 kB
SUnreclaim:        83196 kB
KernelStack:       23168 kB
PageTables:       101700 kB
NFS_Unstable:          0 kB
Bounce:                0 kB
WritebackTmp:          0 kB
CommitLimit:     6113896 kB
Committed_AS:   17126212 kB
VmallocTotal:   34359738367 kB
VmallocUsed:           0 kB
VmallocChunk:          0 kB
HardwareCorrupted:     0 kB
AnonHugePages:     22528 kB
ShmemHugePages:        0 kB
ShmemPmdMapped:        0 kB
CmaTotal:              0 kB
CmaFree:               0 kB
HugePages_Total:       0
HugePages_Free:        0
HugePages_Rsvd:        0
HugePages_Surp:        0
Hugepagesize:       2048 kB
DirectMap4k:      514676 kB
DirectMap2M:     7739392 kB
DirectMap1G:           0 kB


CPU:total 4 (initial active 4) (2 cores per cpu, 2 threads per core) family 6 model 142 stepping 9, cmov, cx8, fxsr, mmx, sse, sse2, sse3, ssse3, sse4.1, sse4.2, popcnt, avx, avx2, aes, clmul, erms, 3dnowpref, lzcnt, ht, tsc, tscinvbit, bmi1, bmi2, adx

/proc/cpuinfo:
processor	: 0
vendor_id	: GenuineIntel
cpu family	: 6
model		: 142
model name	: Intel(R) Core(TM) i5-7200U CPU @ 2.50GHz
stepping	: 9
microcode	: 0x8e
cpu MHz		: 3100.000
cache size	: 3072 KB
physical id	: 0
siblings	: 4
core id		: 0
cpu cores	: 2
apicid		: 0
initial apicid	: 0
fpu		: yes
fpu_exception	: yes
cpuid level	: 22
wp		: yes
flags		: fpu vme de pse tsc msr pae mce cx8 apic sep mtrr pge mca cmov pat pse36 clflush dts acpi mmx fxsr sse sse2 ss ht tm pbe syscall nx pdpe1gb rdtscp lm constant_tsc art arch_perfmon pebs bts rep_good nopl xtopology nonstop_tsc cpuid aperfmperf tsc_known_freq pni pclmulqdq dtes64 monitor ds_cpl vmx est tm2 ssse3 sdbg fma cx16 xtpr pdcm pcid sse4_1 sse4_2 x2apic movbe popcnt tsc_deadline_timer aes xsave avx f16c rdrand lahf_lm abm 3dnowprefetch cpuid_fault epb invpcid_single pti ssbd ibrs ibpb stibp tpr_shadow vnmi flexpriority ept vpid fsgsbase tsc_adjust bmi1 avx2 smep bmi2 erms invpcid mpx rdseed adx smap clflushopt intel_pt xsaveopt xsavec xgetbv1 xsaves dtherm ida arat pln pts hwp hwp_notify hwp_act_window hwp_epp flush_l1d
bugs		: cpu_meltdown spectre_v1 spectre_v2 spec_store_bypass l1tf
bogomips	: 5424.00
clflush size	: 64
cache_alignment	: 64
address sizes	: 39 bits physical, 48 bits virtual
power management:

processor	: 1
vendor_id	: GenuineIntel
cpu family	: 6
model		: 142
model name	: Intel(R) Core(TM) i5-7200U CPU @ 2.50GHz
stepping	: 9
microcode	: 0x8e
cpu MHz		: 3100.001
cache size	: 3072 KB
physical id	: 0
siblings	: 4
core id		: 1
cpu cores	: 2
apicid		: 2
initial apicid	: 2
fpu		: yes
fpu_exception	: yes
cpuid level	: 22
wp		: yes
flags		: fpu vme de pse tsc msr pae mce cx8 apic sep mtrr pge mca cmov pat pse36 clflush dts acpi mmx fxsr sse sse2 ss ht tm pbe syscall nx pdpe1gb rdtscp lm constant_tsc art arch_perfmon pebs bts rep_good nopl xtopology nonstop_tsc cpuid aperfmperf tsc_known_freq pni pclmulqdq dtes64 monitor ds_cpl vmx est tm2 ssse3 sdbg fma cx16 xtpr pdcm pcid sse4_1 sse4_2 x2apic movbe popcnt tsc_deadline_timer aes xsave avx f16c rdrand lahf_lm abm 3dnowprefetch cpuid_fault epb invpcid_single pti tpr_shadow vnmi flexpriority ept vpid fsgsbase tsc_adjust bmi1 avx2 smep bmi2 erms invpcid mpx rdseed adx smap clflushopt intel_pt xsaveopt xsavec xgetbv1 xsaves dtherm ida arat pln pts hwp hwp_notify hwp_act_window hwp_epp
bugs		: cpu_meltdown spectre_v1 spectre_v2 spec_store_bypass l1tf
bogomips	: 5424.00
clflush size	: 64
cache_alignment	: 64
address sizes	: 39 bits physical, 48 bits virtual
power management:

processor	: 2
vendor_id	: GenuineIntel
cpu family	: 6
model		: 142
model name	: Intel(R) Core(TM) i5-7200U CPU @ 2.50GHz
stepping	: 9
microcode	: 0x8e
cpu MHz		: 3099.998
cache size	: 3072 KB
physical id	: 0
siblings	: 4
core id		: 0
cpu cores	: 2
apicid		: 1
initial apicid	: 1
fpu		: yes
fpu_exception	: yes
cpuid level	: 22
wp		: yes
flags		: fpu vme de pse tsc msr pae mce cx8 apic sep mtrr pge mca cmov pat pse36 clflush dts acpi mmx fxsr sse sse2 ss ht tm pbe syscall nx pdpe1gb rdtscp lm constant_tsc art arch_perfmon pebs bts rep_good nopl xtopology nonstop_tsc cpuid aperfmperf tsc_known_freq pni pclmulqdq dtes64 monitor ds_cpl vmx est tm2 ssse3 sdbg fma cx16 xtpr pdcm pcid sse4_1 sse4_2 x2apic movbe popcnt tsc_deadline_timer aes xsave avx f16c rdrand lahf_lm abm 3dnowprefetch cpuid_fault epb invpcid_single pti ssbd ibrs ibpb stibp tpr_shadow vnmi flexpriority ept vpid fsgsbase tsc_adjust bmi1 avx2 smep bmi2 erms invpcid mpx rdseed adx smap clflushopt intel_pt xsaveopt xsavec xgetbv1 xsaves dtherm ida arat pln pts hwp hwp_notify hwp_act_window hwp_epp flush_l1d
bugs		: cpu_meltdown spectre_v1 spectre_v2 spec_store_bypass l1tf
bogomips	: 5424.00
clflush size	: 64
cache_alignment	: 64
address sizes	: 39 bits physical, 48 bits virtual
power management:

processor	: 3
vendor_id	: GenuineIntel
cpu family	: 6
model		: 142
model name	: Intel(R) Core(TM) i5-7200U CPU @ 2.50GHz
stepping	: 9
microcode	: 0x8e
cpu MHz		: 3099.999
cache size	: 3072 KB
physical id	: 0
siblings	: 4
core id		: 1
cpu cores	: 2
apicid		: 3
initial apicid	: 3
fpu		: yes
fpu_exception	: yes
cpuid level	: 22
wp		: yes
flags		: fpu vme de pse tsc msr pae mce cx8 apic sep mtrr pge mca cmov pat pse36 clflush dts acpi mmx fxsr sse sse2 ss ht tm pbe syscall nx pdpe1gb rdtscp lm constant_tsc art arch_perfmon pebs bts rep_good nopl xtopology nonstop_tsc cpuid aperfmperf tsc_known_freq pni pclmulqdq dtes64 monitor ds_cpl vmx est tm2 ssse3 sdbg fma cx16 xtpr pdcm pcid sse4_1 sse4_2 x2apic movbe popcnt tsc_deadline_timer aes xsave avx f16c rdrand lahf_lm abm 3dnowprefetch cpuid_fault epb invpcid_single pti ssbd ibrs ibpb stibp tpr_shadow vnmi flexpriority ept vpid fsgsbase tsc_adjust bmi1 avx2 smep bmi2 erms invpcid mpx rdseed adx smap clflushopt intel_pt xsaveopt xsavec xgetbv1 xsaves dtherm ida arat pln pts hwp hwp_notify hwp_act_window hwp_epp flush_l1d
bugs		: cpu_meltdown spectre_v1 spectre_v2 spec_store_bypass l1tf
bogomips	: 5424.00
clflush size	: 64
cache_alignment	: 64
address sizes	: 39 bits physical, 48 bits virtual
power management:



Memory: 4k page, physical 8033496k(195180k free), swap 2097148k(2097148k free)

vm_info: Java HotSpot(TM) 64-Bit Server VM (25.181-b13) for linux-amd64 JRE (1.8.0_181-b13), built on Jul  7 2018 00:56:38 by "java_re" with gcc 4.3.0 20080428 (Red Hat 4.3.0-8)

time: Sun Oct 21 14:31:12 2018
elapsed time: 952 seconds (0d 0h 15m 52s)

