#
# A fatal error has been detected by the Java Runtime Environment:
#
#  SIGSEGV (0xb) at pc=0x00007faf89fa7206, pid=19048, tid=0x00007faf719b2700
#
# JRE version: Java(TM) SE Runtime Environment (8.0_181-b13) (build 1.8.0_181-b13)
# Java VM: Java HotSpot(TM) 64-Bit Server VM (25.181-b13 mixed mode linux-amd64 compressed oops)
# Problematic frame:
# V  [libjvm.so+0x5f5206]  GenerateOopMap::do_field(int, int, int, int)+0x46
#
# Failed to write core dump. Core dumps have been disabled. To enable core dumping, try "ulimit -c unlimited" before starting Java again
#
# If you would like to submit a bug report, please visit:
#   http://bugreport.java.com/bugreport/crash.jsp
#

---------------  T H R E A D  ---------------

Current thread (0x00007faf84148800):  VMThread [stack: 0x00007faf718b3000,0x00007faf719b3000] [id=19058]

siginfo: si_signo: 11 (SIGSEGV), si_code: 1 (SEGV_MAPERR), si_addr: 0x0000000000000008

Registers:
RAX=0x0000000000000000, RBX=0x00007faf72ec5ab8, RCX=0x000000000000002b, RDX=0x00007faf72ec9210
RSP=0x00007faf719b0c20, RBP=0x00007faf719b0c80, RSI=0x0000000000000000, RDI=0x00007faf72ec5ab8
R8 =0x000000000000001d, R9 =0x00007faf72ec6278, R10=0x0000000000000007, R11=0x0000000000000000
R12=0x000000000000001d, R13=0x00007faf719b0f10, R14=0x00007faf8a96b320, R15=0x0000000000000001
RIP=0x00007faf89fa7206, EFLAGS=0x0000000000010206, CSGSFS=0x002b000000000033, ERR=0x0000000000000004
  TRAPNO=0x000000000000000e

Top of Stack: (sp=0x00007faf719b0c20)
0x00007faf719b0c20:   000000000000001d 00000000719b0cc0
0x00007faf719b0c30:   00007faf719b0c80 00007faf89fac65c
0x00007faf719b0c40:   0000000046000016 00007faf89faf2ad
0x00007faf719b0c50:   00007faf72ec6278 00000000000000b4
0x00007faf719b0c60:   00000000000000b4 00007faf719b0f10
0x00007faf719b0c70:   00007faf8a96b320 00007faf72ec623d
0x00007faf719b0c80:   00007faf719b0d60 00007faf89fad34b
0x00007faf719b0c90:   0000000000000001 00007faf719b0cf0
0x00007faf719b0ca0:   00007faf719b0cc8 00007faf719b0cc0
0x00007faf719b0cb0:   00007faf84057990 0000002b719b0d00
0x00007faf719b0cc0:   00007faf719b0cd8 00007faf72ec6278
0x00007faf719b0cd0:   00007faf84148800 000000200000001d
0x00007faf719b0ce0:   000000b40000002b 000000b400000000
0x00007faf719b0cf0:   00007faf72ec6278 00007faf84148800
0x00007faf719b0d00:   00007faf72ec6278 00007faf84148800
0x00007faf719b0d10:   00007faf72ec6278 00007faf84148800
0x00007faf719b0d20:   00007faf72ec6278 00007faf72ec6278
0x00007faf719b0d30:   00007faf84148800 0000000000000000
0x00007faf719b0d40:   0000000000000000 00007faf719b0f10
0x00007faf719b0d50:   00007faf719b0d70 00007faf719b0e10
0x00007faf719b0d60:   00007faf719b0dc0 00007faf89fae21a
0x00007faf719b0d70:   00007faf8a91ead0 00007faf8b466330
0x00007faf719b0d80:   0000000000000002 00007faf72ec6278
0x00007faf719b0d90:   00007faf840579c0 00007faf00000001
0x00007faf719b0da0:   00007faf719b0e40 00007faf719b0f10
0x00007faf719b0db0:   00007faf8a93b9a8 00007faf719b0de0
0x00007faf719b0dc0:   00007faf719b0e80 00007faf89fae5cd
0x00007faf719b0dd0:   00007faf719b0f80 00007faf84148800
0x00007faf719b0de0:   00007faf72ea0000 0000000000000000
0x00007faf719b0df0:   00007faf719b0f40 0000000400000000
0x00007faf719b0e00:   00007faf8a9045d0 00007faf72ec6278
0x00007faf719b0e10:   00007faf84140100 0000000000000000 

Instructions: (pc=0x00007faf89fa7206)
0x00007faf89fa71e6:   8b 40 08 48 8b 58 08 48 89 df e8 9b 19 f0 ff 48
0x00007faf89fa71f6:   89 df 89 c6 e8 41 1a f0 ff 48 98 48 8b 44 c3 50
0x00007faf89fa7206:   0f b6 40 08 3c 4c 0f 84 d6 00 00 00 3c 5b 0f 84
0x00007faf89fa7216:   ce 00 00 00 3c 4a 0f 84 9e 01 00 00 3c 44 0f 1f 

Register to memory mapping:

RAX=0x0000000000000000 is an unknown value
RBX=0x00007faf72ec5ab8 is pointing into metadata
RCX=0x000000000000002b is an unknown value
RDX=0x00007faf72ec9210 is pointing into metadata
RSP=0x00007faf719b0c20 is an unknown value
RBP=0x00007faf719b0c80 is an unknown value
RSI=0x0000000000000000 is an unknown value
RDI=0x00007faf72ec5ab8 is pointing into metadata
R8 =0x000000000000001d is an unknown value
R9 ={method} {0x00007faf72ec6278} 'createUserSuperiorNotFoundTest' '()V' in 'com/future/OfficeInventorySystem/service/UserServiceImplTest'
R10=0x0000000000000007 is an unknown value
R11=0x0000000000000000 is an unknown value
R12=0x000000000000001d is an unknown value
R13=0x00007faf719b0f10 is an unknown value
R14=0x00007faf8a96b320: <offset 0xfb9320> in /usr/lib/jvm/java-8-oracle/jre/lib/amd64/server/libjvm.so at 0x00007faf899b2000
R15=0x0000000000000001 is an unknown value


Stack: [0x00007faf718b3000,0x00007faf719b3000],  sp=0x00007faf719b0c20,  free space=1015k
Native frames: (J=compiled Java code, j=interpreted, Vv=VM code, C=native code)
V  [libjvm.so+0x5f5206]  GenerateOopMap::do_field(int, int, int, int)+0x46
V  [libjvm.so+0x5fb34b]  GenerateOopMap::interp_bb(BasicBlock*)+0x2fb
V  [libjvm.so+0x5fc21a]  GenerateOopMap::do_interpretation()+0x17a
V  [libjvm.so+0x5fc5cd]  GenerateOopMap::compute_map(Thread*)+0x34d
V  [libjvm.so+0x91fcd4]  OopMapForCacheEntry::compute_map(Thread*)+0xb4
V  [libjvm.so+0x921a92]  OopMapCacheEntry::fill(methodHandle, int)+0x2d2
V  [libjvm.so+0x922244]  OopMapCache::compute_one_oop_map(methodHandle, int, InterpreterOopMap*)+0x124
V  [libjvm.so+0x922bee]  OopMapCache::lookup(methodHandle, int, InterpreterOopMap*) const+0x6de
V  [libjvm.so+0x64ab92]  InstanceKlass::mask_for(methodHandle, int, InterpreterOopMap*)+0x82
V  [libjvm.so+0x8bd3fd]  Method::mask_for(int, InterpreterOopMap*)+0x9d
V  [libjvm.so+0x7affb4]  VM_GetOrSetLocal::doit()+0x54
V  [libjvm.so+0xadb745]  VM_Operation::evaluate()+0x55
V  [libjvm.so+0xad9b0a]  VMThread::evaluate_operation(VM_Operation*)+0xba
V  [libjvm.so+0xad9e8e]  VMThread::loop()+0x1ce
V  [libjvm.so+0xada300]  VMThread::run()+0x70
V  [libjvm.so+0x930198]  java_start(Thread*)+0x108

VM_Operation (0x00007faf713a99c0): GetOrSetLocal, mode: safepoint, requested by thread 0x00007faf84194800


---------------  P R O C E S S  ---------------

Java Threads: ( => current thread )
  0x00007faf845b2800 JavaThread "Service Thread" daemon [_thread_blocked, id=19075, stack(0x00007faf70947000,0x00007faf70a48000)]
  0x00007faf845af000 JavaThread "C1 CompilerThread2" daemon [_thread_blocked, id=19074, stack(0x00007faf70a49000,0x00007faf70b49000)]
  0x00007faf845ad000 JavaThread "C2 CompilerThread1" daemon [_thread_blocked, id=19073, stack(0x00007faf70b4a000,0x00007faf70c4a000)]
  0x00007faf845a6800 JavaThread "C2 CompilerThread0" daemon [_thread_blocked, id=19072, stack(0x00007faf70c4b000,0x00007faf70d4b000)]
  0x00007faf48001000 JavaThread "JDWP Command Reader" daemon [_thread_in_native, id=19070, stack(0x00007faf710a8000,0x00007faf711a9000)]
  0x00007faf84198000 JavaThread "JDWP Event Helper Thread" daemon [_thread_blocked, id=19069, stack(0x00007faf711a9000,0x00007faf712aa000)]
  0x00007faf84194800 JavaThread "JDWP Transport Listener: dt_socket" daemon [_thread_blocked, id=19067, stack(0x00007faf712aa000,0x00007faf713ab000)]
  0x00007faf84186000 JavaThread "Signal Dispatcher" daemon [_thread_blocked, id=19066, stack(0x00007faf715af000,0x00007faf716b0000)]
  0x00007faf84154800 JavaThread "Finalizer" daemon [_thread_blocked, id=19062, stack(0x00007faf716b0000,0x00007faf717b1000)]
  0x00007faf84152000 JavaThread "Reference Handler" daemon [_thread_blocked, id=19060, stack(0x00007faf717b1000,0x00007faf718b2000)]
  0x00007faf84013000 JavaThread "main" [_thread_blocked, id=19050, stack(0x00007faf8b4e5000,0x00007faf8b5e5000)]

Other Threads:
=>0x00007faf84148800 VMThread [stack: 0x00007faf718b3000,0x00007faf719b3000] [id=19058]
  0x00007faf845b8000 WatcherThread [stack: 0x00007faf70847000,0x00007faf70947000] [id=19076]

VM state:at safepoint (normal execution)

VM Mutex/Monitor currently owned by a thread:  ([mutex/lock_event])
[0x00007faf84007e70] Threads_lock - owner thread: 0x00007faf84148800

Heap:
 PSYoungGen      total 36864K, used 14093K [0x00000000d7200000, 0x00000000d9b00000, 0x0000000100000000)
  eden space 31744K, 44% used [0x00000000d7200000,0x00000000d7fc35e0,0x00000000d9100000)
  from space 5120K, 0% used [0x00000000d9600000,0x00000000d9600000,0x00000000d9b00000)
  to   space 5120K, 0% used [0x00000000d9100000,0x00000000d9100000,0x00000000d9600000)
 ParOldGen       total 84992K, used 0K [0x0000000085600000, 0x000000008a900000, 0x00000000d7200000)
  object space 84992K, 0% used [0x0000000085600000,0x0000000085600000,0x000000008a900000)
 Metaspace       used 4873K, capacity 5350K, committed 5504K, reserved 1056768K
  class space    used 559K, capacity 593K, committed 640K, reserved 1048576K

Card table byte_map: [0x00007faf73c02000,0x00007faf73fd8000] byte_map_base: 0x00007faf737d7000

Marking Bits: (ParMarkBitMap*) 0x00007faf8a9860a0
 Begin Bits: [0x00007faf682b0000, 0x00007faf6a158000)
 End Bits:   [0x00007faf6a158000, 0x00007faf6c000000)

Polling page: 0x00007faf8b603000

CodeCache: size=245760Kb used=1946Kb max_used=1946Kb free=243813Kb
 bounds [0x00007faf74398000, 0x00007faf74608000, 0x00007faf83398000]
 total_blobs=583 nmethods=326 adapters=179
 compilation: enabled

Compilation events (10 events):
Event: 0.793 Thread 0x00007faf845af000  319       3       sun.reflect.ClassFileAssembler::emitByte (11 bytes)
Event: 0.793 Thread 0x00007faf845af000 nmethod 319 0x00007faf7457ca50 code [0x00007faf7457cbc0, 0x00007faf7457cda8]
Event: 0.793 Thread 0x00007faf845af000  320       3       sun.reflect.ByteVectorImpl::add (38 bytes)
Event: 0.794 Thread 0x00007faf845af000 nmethod 320 0x00007faf7457c590 code [0x00007faf7457c700, 0x00007faf7457c928]
Event: 0.794 Thread 0x00007faf845af000  321       3       java.util.HashMap::<init> (11 bytes)
Event: 0.794 Thread 0x00007faf845af000 nmethod 321 0x00007faf7457c110 code [0x00007faf7457c280, 0x00007faf7457c490]
Event: 0.794 Thread 0x00007faf845af000  324       3       java.util.jar.Attributes::getValue (9 bytes)
Event: 0.794 Thread 0x00007faf845af000 nmethod 324 0x00007faf7457bad0 code [0x00007faf7457bc60, 0x00007faf7457bfe8]
Event: 119.037 Thread 0x00007faf845af000  326       3       java.lang.AbstractStringBuilder::append (50 bytes)
Event: 119.037 Thread 0x00007faf845af000 nmethod 326 0x00007faf7457ae90 code [0x00007faf7457b060, 0x00007faf7457b798]

GC Heap History (0 events):
No events

Deoptimization events (1 events):
Event: 0.902 Thread 0x00007faf84013000 Uncommon trap: reason=unstable_if action=reinterpret pc=0x00007faf745694b8 method=java.lang.AbstractStringBuilder.append(Ljava/lang/String;)Ljava/lang/AbstractStringBuilder; @ 1

Classes redefined (7 events):
Event: 118.888 Thread 0x00007faf84148800 redefined class name=com.future.OfficeInventorySystem.service.UserServiceImplTest, count=1
Event: 191.624 Thread 0x00007faf84148800 redefined class name=com.future.OfficeInventorySystem.service.UserServiceImplTest, count=2
Event: 303.897 Thread 0x00007faf84148800 redefined class name=com.future.OfficeInventorySystem.service.UserServiceImplTest, count=3
Event: 365.491 Thread 0x00007faf84148800 redefined class name=com.future.OfficeInventorySystem.service.UserServiceImplTest, count=4
Event: 938.611 Thread 0x00007faf84148800 redefined class name=com.future.OfficeInventorySystem.service.UserServiceImplTest, count=5
Event: 1161.534 Thread 0x00007faf84148800 redefined class name=com.future.OfficeInventorySystem.service.UserServiceImplTest, count=6
Event: 1498.541 Thread 0x00007faf84148800 redefined class name=com.future.OfficeInventorySystem.service.UserServiceImplTest, count=7

Internal exceptions (8 events):
Event: 0.059 Thread 0x00007faf84013000 Exception <a 'java/lang/NoSuchMethodError': Method sun.misc.Unsafe.defineClass(Ljava/lang/String;[BII)Ljava/lang/Class; name or signature does not match> (0x00000000d7207cb0) thrown at [/HUDSON/workspace/8-2-build-linux-amd64/jdk8u181/11358/hotspot/src/sh
Event: 0.059 Thread 0x00007faf84013000 Exception <a 'java/lang/NoSuchMethodError': Method sun.misc.Unsafe.prefetchRead(Ljava/lang/Object;J)V name or signature does not match> (0x00000000d7207f98) thrown at [/HUDSON/workspace/8-2-build-linux-amd64/jdk8u181/11358/hotspot/src/share/vm/prims/jni.c
Event: 0.371 Thread 0x00007faf84013000 Exception <a 'java/io/FileNotFoundException'> (0x00000000d771eb58) thrown at [/HUDSON/workspace/8-2-build-linux-amd64/jdk8u181/11358/hotspot/src/share/vm/prims/jni.cpp, line 709]
Event: 0.390 Thread 0x00007faf84013000 Exception <a 'java/security/PrivilegedActionException'> (0x00000000d7774fc0) thrown at [/HUDSON/workspace/8-2-build-linux-amd64/jdk8u181/11358/hotspot/src/share/vm/prims/jvm.cpp, line 1435]
Event: 0.390 Thread 0x00007faf84013000 Exception <a 'java/security/PrivilegedActionException'> (0x00000000d77751d0) thrown at [/HUDSON/workspace/8-2-build-linux-amd64/jdk8u181/11358/hotspot/src/share/vm/prims/jvm.cpp, line 1435]
Event: 0.390 Thread 0x00007faf84013000 Exception <a 'java/security/PrivilegedActionException'> (0x00000000d7777638) thrown at [/HUDSON/workspace/8-2-build-linux-amd64/jdk8u181/11358/hotspot/src/share/vm/prims/jvm.cpp, line 1435]
Event: 0.390 Thread 0x00007faf84013000 Exception <a 'java/security/PrivilegedActionException'> (0x00000000d7777848) thrown at [/HUDSON/workspace/8-2-build-linux-amd64/jdk8u181/11358/hotspot/src/share/vm/prims/jvm.cpp, line 1435]
Event: 0.902 Thread 0x00007faf84013000 Implicit null exception at 0x00007faf74568fb6 to 0x00007faf745694a1

Events (10 events):
Event: 1161.712 Executing VM operation: GetOrSetLocal done
Event: 1161.720 Executing VM operation: GetOrSetLocal
Event: 1161.720 Executing VM operation: GetOrSetLocal done
Event: 1161.723 Executing VM operation: GetOrSetLocal
Event: 1161.723 Executing VM operation: GetOrSetLocal done
Event: 1187.840 Executing VM operation: ChangeBreakpoints
Event: 1187.840 Executing VM operation: ChangeBreakpoints done
Event: 1498.539 Executing VM operation: RedefineClasses
Event: 1498.541 Executing VM operation: RedefineClasses done
Event: 1498.542 Executing VM operation: GetOrSetLocal


Dynamic libraries:
00400000-00401000 r-xp 00000000 08:15 2906702                            /usr/lib/jvm/java-8-oracle/bin/java
00600000-00601000 rw-p 00000000 08:15 2906702                            /usr/lib/jvm/java-8-oracle/bin/java
02418000-02439000 rw-p 00000000 00:00 0                                  [heap]
85600000-8a900000 rw-p 00000000 00:00 0 
8a900000-d7200000 ---p 00000000 00:00 0 
d7200000-d9b00000 rw-p 00000000 00:00 0 
d9b00000-100000000 ---p 00000000 00:00 0 
100000000-1000a0000 rw-p 00000000 00:00 0 
1000a0000-140000000 ---p 00000000 00:00 0 
7faf24000000-7faf24021000 rw-p 00000000 00:00 0 
7faf24021000-7faf28000000 ---p 00000000 00:00 0 
7faf2c000000-7faf2c199000 rw-p 00000000 00:00 0 
7faf2c199000-7faf30000000 ---p 00000000 00:00 0 
7faf30000000-7faf30021000 rw-p 00000000 00:00 0 
7faf30021000-7faf34000000 ---p 00000000 00:00 0 
7faf34000000-7faf34286000 rw-p 00000000 00:00 0 
7faf34286000-7faf38000000 ---p 00000000 00:00 0 
7faf38000000-7faf38212000 rw-p 00000000 00:00 0 
7faf38212000-7faf3c000000 ---p 00000000 00:00 0 
7faf3c000000-7faf3c021000 rw-p 00000000 00:00 0 
7faf3c021000-7faf40000000 ---p 00000000 00:00 0 
7faf40000000-7faf40021000 rw-p 00000000 00:00 0 
7faf40021000-7faf44000000 ---p 00000000 00:00 0 
7faf44000000-7faf44021000 rw-p 00000000 00:00 0 
7faf44021000-7faf48000000 ---p 00000000 00:00 0 
7faf48000000-7faf48021000 rw-p 00000000 00:00 0 
7faf48021000-7faf4c000000 ---p 00000000 00:00 0 
7faf4c000000-7faf4c021000 rw-p 00000000 00:00 0 
7faf4c021000-7faf50000000 ---p 00000000 00:00 0 
7faf50000000-7faf50021000 rw-p 00000000 00:00 0 
7faf50021000-7faf54000000 ---p 00000000 00:00 0 
7faf54000000-7faf54021000 rw-p 00000000 00:00 0 
7faf54021000-7faf58000000 ---p 00000000 00:00 0 
7faf58000000-7faf5829b000 rw-p 00000000 00:00 0 
7faf5829b000-7faf5c000000 ---p 00000000 00:00 0 
7faf5c000000-7faf5c021000 rw-p 00000000 00:00 0 
7faf5c021000-7faf60000000 ---p 00000000 00:00 0 
7faf64000000-7faf64021000 rw-p 00000000 00:00 0 
7faf64021000-7faf68000000 ---p 00000000 00:00 0 
7faf682b0000-7faf6c000000 rw-p 00000000 00:00 0 
7faf6c000000-7faf6c021000 rw-p 00000000 00:00 0 
7faf6c021000-7faf70000000 ---p 00000000 00:00 0 
7faf70846000-7faf70847000 ---p 00000000 00:00 0 
7faf70847000-7faf70947000 rw-p 00000000 00:00 0 
7faf70947000-7faf7094a000 ---p 00000000 00:00 0 
7faf7094a000-7faf70a48000 rw-p 00000000 00:00 0 
7faf70a48000-7faf70a49000 ---p 00000000 00:00 0 
7faf70a49000-7faf70a4c000 ---p 00000000 00:00 0 
7faf70a4c000-7faf70b49000 rw-p 00000000 00:00 0 
7faf70b49000-7faf70b4a000 ---p 00000000 00:00 0 
7faf70b4a000-7faf70b4d000 ---p 00000000 00:00 0 
7faf70b4d000-7faf70c4a000 rw-p 00000000 00:00 0 
7faf70c4a000-7faf70c4b000 ---p 00000000 00:00 0 
7faf70c4b000-7faf70c4e000 ---p 00000000 00:00 0 
7faf70c4e000-7faf70d4b000 rw-p 00000000 00:00 0 
7faf70d4b000-7faf70d52000 r--s 00064000 08:15 1316049                    /opt/idea-IU-182.4323.46/lib/rt/debugger-agent.jar
7faf70d52000-7faf70d62000 r--s 001c7000 08:15 2507489                    /home/priagung/.m2/repository/com/h2database/h2/1.4.197/h2-1.4.197.jar
7faf70d62000-7faf70d67000 r--s 00022000 08:15 1577597                    /home/priagung/.m2/repository/org/xmlunit/xmlunit-core/2.5.1/xmlunit-core-2.5.1.jar
7faf70d67000-7faf70d74000 r--s 00087000 08:15 1577591                    /home/priagung/.m2/repository/org/springframework/spring-test/5.0.8.RELEASE/spring-test-5.0.8.RELEASE.jar
7faf70d74000-7faf70d76000 r--s 00004000 08:15 1446675                    /home/priagung/.m2/repository/org/springframework/spring-jcl/5.0.8.RELEASE/spring-jcl-5.0.8.RELEASE.jar
7faf70d76000-7faf70d8e000 r--s 00114000 08:15 1446658                    /home/priagung/.m2/repository/org/springframework/spring-core/5.0.8.RELEASE/spring-core-5.0.8.RELEASE.jar
7faf70d8e000-7faf70d8f000 r--s 00004000 08:15 1577590                    /home/priagung/.m2/repository/com/vaadin/external/google/android-json/0.0.20131108.vaadin1/android-json-0.0.20131108.vaadin1.jar
7faf70d8f000-7faf70d91000 r--s 00006000 08:15 1577593                    /home/priagung/.m2/repository/org/skyscreamer/jsonassert/1.5.0/jsonassert-1.5.0.jar
7faf70d91000-7faf70d92000 r--s 0000c000 08:15 1577577                    /home/priagung/.m2/repository/org/hamcrest/hamcrest-library/1.3/hamcrest-library-1.3.jar
7faf70d92000-7faf70d94000 r--s 00009000 08:15 1577592                    /home/priagung/.m2/repository/org/hamcrest/hamcrest-core/1.3/hamcrest-core-1.3.jar
7faf70d94000-7faf70d96000 r--s 0000c000 08:15 1577588                    /home/priagung/.m2/repository/org/objenesis/objenesis/2.6/objenesis-2.6.jar
7faf70d96000-7faf70d98000 r--s 00009000 08:15 1577586                    /home/priagung/.m2/repository/net/bytebuddy/byte-buddy-agent/1.7.11/byte-buddy-agent-1.7.11.jar
7faf70d98000-7faf70dd4000 r--s 00290000 08:15 1577584                    /home/priagung/.m2/repository/net/bytebuddy/byte-buddy/1.7.11/byte-buddy-1.7.11.jar
7faf70dd4000-7faf70de4000 r--s 00075000 08:15 1577582                    /home/priagung/.m2/repository/org/mockito/mockito-core/2.15.0/mockito-core-2.15.0.jar
7faf70de4000-7faf70e39000 r--s 00367000 08:15 1577579                    /home/priagung/.m2/repository/org/assertj/assertj-core/3.9.1/assertj-core-3.9.1.jar
7faf70e39000-7faf70e41000 r--s 00045000 08:15 1577564                    /home/priagung/.m2/repository/junit/junit/4.12/junit-4.12.jar
7faf70e41000-7faf70e43000 r--s 0000c000 08:15 1577575                    /home/priagung/.m2/repository/org/ow2/asm/asm/5.0.4/asm-5.0.4.jar
7faf70e43000-7faf70e45000 r--s 00006000 08:15 1577573                    /home/priagung/.m2/repository/net/minidev/accessors-smart/1.2/accessors-smart-1.2.jar
7faf70e45000-7faf70e48000 r--s 0001b000 08:15 1577569                    /home/priagung/.m2/repository/net/minidev/json-smart/2.3/json-smart-2.3.jar
7faf70e48000-7faf70e4e000 r--s 00031000 08:15 1577567                    /home/priagung/.m2/repository/com/jayway/jsonpath/json-path/2.4.0/json-path-2.4.0.jar
7faf70e4e000-7faf70e55000 r--s 00020000 08:15 1577566                    /home/priagung/.m2/repository/org/springframework/boot/spring-boot-test-autoconfigure/2.0.4.RELEASE/spring-boot-test-autoconfigure-2.0.4.RELEASE.jar
7faf70e55000-7faf70e5a000 r--s 0002b000 08:15 1577571                    /home/priagung/.m2/repository/org/springframework/boot/spring-boot-test/2.0.4.RELEASE/spring-boot-test-2.0.4.RELEASE.jar
7faf70e5a000-7faf70e5b000 r--s 00000000 08:15 1577559                    /home/priagung/.m2/repository/org/springframework/boot/spring-boot-starter-test/2.0.4.RELEASE/spring-boot-starter-test-2.0.4.RELEASE.jar
7faf70e5b000-7faf70e60000 r--s 00040000 08:15 1446667                    /home/priagung/.m2/repository/org/springframework/spring-expression/5.0.8.RELEASE/spring-expression-5.0.8.RELEASE.jar
7faf70e60000-7faf70e70000 r--s 000b2000 08:15 1577532                    /home/priagung/.m2/repository/org/springframework/spring-webmvc/5.0.8.RELEASE/spring-webmvc-5.0.8.RELEASE.jar
7faf70e70000-7faf70e8a000 r--s 0011b000 08:15 1577552                    /home/priagung/.m2/repository/org/springframework/spring-web/5.0.8.RELEASE/spring-web-5.0.8.RELEASE.jar
7faf70e8a000-7faf70e8f000 r--s 00012000 08:15 1577555                    /home/priagung/.m2/repository/javax/validation/validation-api/2.0.1.Final/validation-api-2.0.1.Final.jar
7faf70e8f000-7faf70eac000 r--s 000fe000 08:15 1577526                    /home/priagung/.m2/repository/org/hibernate/validator/hibernate-validator/6.0.11.Final/hibernate-validator-6.0.11.Final.jar
7faf70eac000-7faf70eb1000 r--s 0003a000 08:15 1577553                    /home/priagung/.m2/repository/org/apache/tomcat/embed/tomcat-embed-websocket/8.5.32/tomcat-embed-websocket-8.5.32.jar
7faf70eb1000-7faf70eb6000 r--s 00037000 08:15 1577551                    /home/priagung/.m2/repository/org/apache/tomcat/embed/tomcat-embed-el/8.5.32/tomcat-embed-el-8.5.32.jar
7faf70eb6000-7faf70edf000 r--s 002d3000 08:15 1577533                    /home/priagung/.m2/repository/org/apache/tomcat/embed/tomcat-embed-core/8.5.32/tomcat-embed-core-8.5.32.jar
7faf70edf000-7faf70ee0000 r--s 00000000 08:15 1577534                    /home/priagung/.m2/repository/org/springframework/boot/spring-boot-starter-tomcat/2.0.4.RELEASE/spring-boot-starter-tomcat-2.0.4.RELEASE.jar
7faf70ee0000-7faf70ee2000 r--s 00001000 08:15 1577535                    /home/priagung/.m2/repository/com/fasterxml/jackson/module/jackson-module-parameter-names/2.9.6/jackson-module-parameter-names-2.9.6.jar
7faf70ee2000-7faf70ee5000 r--s 00016000 08:15 1577543                    /home/priagung/.m2/repository/com/fasterxml/jackson/datatype/jackson-datatype-jsr310/2.9.6/jackson-datatype-jsr310-2.9.6.jar
7faf70ee5000-7faf70ee7000 r--s 00007000 08:15 1577539                    /home/priagung/.m2/repository/com/fasterxml/jackson/datatype/jackson-datatype-jdk8/2.9.6/jackson-datatype-jdk8-2.9.6.jar
7faf70ee7000-7faf70eec000 r--s 0004b000 08:15 1577542                    /home/priagung/.m2/repository/com/fasterxml/jackson/core/jackson-core/2.9.6/jackson-core-2.9.6.jar
7faf70eec000-7faf70eef000 r--s 0000e000 08:15 1577548                    /home/priagung/.m2/repository/com/fasterxml/jackson/core/jackson-annotations/2.9.0/jackson-annotations-2.9.0.jar
7faf70eef000-7faf70f02000 r--s 00137000 08:15 1577545                    /home/priagung/.m2/repository/com/fasterxml/jackson/core/jackson-databind/2.9.6/jackson-databind-2.9.6.jar
7faf70f02000-7faf70f03000 r--s 00000000 08:15 1577530                    /home/priagung/.m2/repository/org/springframework/boot/spring-boot-starter-json/2.0.4.RELEASE/spring-boot-starter-json-2.0.4.RELEASE.jar
7faf70f03000-7faf70f04000 r--s 00000000 08:15 1446650                    /home/priagung/.m2/repository/org/springframework/boot/spring-boot-starter-web/2.0.4.RELEASE/spring-boot-starter-web-2.0.4.RELEASE.jar
7faf70f04000-7faf70f0e000 r--s 000bd000 08:15 1971275                    /home/priagung/.m2/repository/org/postgresql/postgresql/42.2.4/postgresql-42.2.4.jar
7faf70f0e000-7faf70f25000 r--s 00173000 08:15 1971277                    /home/priagung/.m2/repository/org/projectlombok/lombok/1.16.22/lombok-1.16.22.jar
7faf70f25000-7faf70f27000 r--s 0000a000 08:15 1971247                    /home/priagung/.m2/repository/org/springframework/spring-aspects/5.0.8.RELEASE/spring-aspects-5.0.8.RELEASE.jar
7faf70f27000-7faf70f29000 r--s 00009000 08:15 1446681                    /home/priagung/.m2/repository/org/slf4j/slf4j-api/1.7.25/slf4j-api-1.7.25.jar
7faf70f29000-7faf70f36000 r--s 00095000 08:15 1446684                    /home/priagung/.m2/repository/org/springframework/spring-beans/5.0.8.RELEASE/spring-beans-5.0.8.RELEASE.jar
7faf70f36000-7faf70f3e000 r--s 00037000 08:15 1446951                    /home/priagung/.m2/repository/org/springframework/spring-tx/5.0.8.RELEASE/spring-tx-5.0.8.RELEASE.jar
7faf70f3e000-7faf70f58000 r--s 000f1000 08:15 1446683                    /home/priagung/.m2/repository/org/springframework/spring-context/5.0.8.RELEASE/spring-context-5.0.8.RELEASE.jar
7faf70f58000-7faf70f5c000 r--s 0002b000 08:15 1971252                    /home/priagung/.m2/repository/org/springframework/spring-orm/5.0.8.RELEASE/spring-orm-5.0.8.RELEASE.jar
7faf70f5c000-7faf70f73000 r--s 000f1000 08:15 1446953                    /home/priagung/.m2/repository/org/springframework/data/spring-data-commons/2.0.9.RELEASE/spring-data-commons-2.0.9.RELEASE.jar
7faf70f73000-7faf70f7b000 r--s 0004b000 08:15 1971250                    /home/priagung/.m2/repository/org/springframework/data/spring-data-jpa/2.0.9.RELEASE/spring-data-jpa-2.0.9.RELEASE.jar
7faf70f7b000-7faf70f7d000 r--s 00006000 08:15 1971248                    /home/priagung/.m2/repository/javax/transaction/javax.transaction-api/1.2/javax.transaction-api-1.2.jar
7faf70f7d000-7faf70f80000 r--s 00010000 08:15 1971246                    /home/priagung/.m2/repository/org/hibernate/common/hibernate-commons-annotations/5.0.1.Final/hibernate-commons-annotations-5.0.1.Final.jar
7faf70f80000-7faf70f85000 r--s 00048000 08:15 1971244                    /home/priagung/.m2/repository/dom4j/dom4j/1.6.1/dom4j-1.6.1.jar
7faf70f85000-7faf70f87000 r--s 0000e000 08:15 1446653                    /home/priagung/.m2/repository/com/fasterxml/classmate/1.3.4/classmate-1.3.4.jar
7faf70f87000-7faf70f8a000 r--s 0002b000 08:15 1709576                    /home/priagung/.m2/repository/org/jboss/jandex/2.0.3.Final/jandex-2.0.3.Final.jar
7faf70f8a000-7faf70f8f000 r--s 00068000 08:15 1971236                    /home/priagung/.m2/repository/antlr/antlr/2.7.7/antlr-2.7.7.jar
7faf70f8f000-7faf70f99000 r--s 000ab000 08:15 1971232                    /home/priagung/.m2/repository/org/javassist/javassist/3.22.0-GA/javassist-3.22.0-GA.jar
7faf70f99000-7faf70f9e000 r--s 00017000 08:15 1971230                    /home/priagung/.m2/repository/org/hibernate/javax/persistence/hibernate-jpa-2.1-api/1.0.2.Final/hibernate-jpa-2.1-api-1.0.2.Final.jar
7faf70f9e000-7faf70fa0000 r--s 0000f000 08:15 1577557                    /home/priagung/.m2/repository/org/jboss/logging/jboss-logging/3.3.2.Final/jboss-logging-3.3.2.Final.jar
7faf70fa0000-7faf7101e000 r--s 005f0000 08:15 1846057                    /home/priagung/.m2/repository/org/hibernate/hibernate-core/5.2.17.Final/hibernate-core-5.2.17.Final.jar
7faf7101e000-7faf71027000 r--s 00059000 08:15 1846054                    /home/priagung/.m2/repository/org/springframework/spring-jdbc/5.0.8.RELEASE/spring-jdbc-5.0.8.RELEASE.jar
7faf71027000-7faf7102b000 r--s 00020000 08:15 1846052                    /home/priagung/.m2/repository/com/zaxxer/HikariCP/2.7.9/HikariCP-2.7.9.jar
7faf7102b000-7faf7102c000 r--s 00000000 08:15 1846050                    /home/priagung/.m2/repository/org/springframework/boot/spring-boot-starter-jdbc/2.0.4.RELEASE/spring-boot-starter-jdbc-2.0.4.RELEASE.jar
7faf7102c000-7faf71045000 r--s 001bf000 08:15 1846044                    /home/priagung/.m2/repository/org/aspectj/aspectjweaver/1.8.13/aspectjweaver-1.8.13.jar
7faf71045000-7faf7104e000 r--s 00051000 08:15 1446674                    /home/priagung/.m2/repository/org/springframework/spring-aop/5.0.8.RELEASE/spring-aop-5.0.8.RELEASE.jar
7faf7104e000-7faf71055000 r--s 00042000 08:15 1577529                    /home/priagung/.m2/repository/org/yaml/snakeyaml/1.19/snakeyaml-1.19.jar
7faf71055000-7faf71057000 r--s 00005000 08:15 1577549                    /home/priagung/.m2/repository/javax/annotation/javax.annotation-api/1.3.2/javax.annotation-api-1.3.2.jar
7faf71057000-7faf71059000 r--s 00000000 08:15 1577523                    /home/priagung/.m2/repository/org/slf4j/jul-to-slf4j/1.7.25/jul-to-slf4j-1.7.25.jar
7faf71059000-7faf7105f000 r--s 00039000 08:15 1577521                    /home/priagung/.m2/repository/org/apache/logging/log4j/log4j-api/2.10.0/log4j-api-2.10.0.jar
7faf7105f000-7faf71061000 r--s 00003000 08:15 1446670                    /home/priagung/.m2/repository/org/apache/logging/log4j/log4j-to-slf4j/2.10.0/log4j-to-slf4j-2.10.0.jar
7faf71061000-7faf7106c000 r--s 00069000 08:15 1446666                    /home/priagung/.m2/repository/ch/qos/logback/logback-core/1.2.3/logback-core-1.2.3.jar
7faf7106c000-7faf71072000 r--s 00041000 08:15 1446664                    /home/priagung/.m2/repository/ch/qos/logback/logback-classic/1.2.3/logback-classic-1.2.3.jar
7faf71072000-7faf71093000 r--s 000fd000 08:15 1446668                    /home/priagung/.m2/repository/org/springframework/boot/spring-boot-autoconfigure/2.0.4.RELEASE/spring-boot-autoconfigure-2.0.4.RELEASE.jar
7faf71093000-7faf710a8000 r--s 000d0000 08:15 1446657                    /home/priagung/.m2/repository/org/springframework/boot/spring-boot/2.0.4.RELEASE/spring-boot-2.0.4.RELEASE.jar
7faf710a8000-7faf710ab000 ---p 00000000 00:00 0 
7faf710ab000-7faf711a9000 rw-p 00000000 00:00 0 
7faf711a9000-7faf711ac000 ---p 00000000 00:00 0 
7faf711ac000-7faf712aa000 rw-p 00000000 00:00 0 
7faf712aa000-7faf712ad000 ---p 00000000 00:00 0 
7faf712ad000-7faf713ab000 rw-p 00000000 00:00 0 
7faf713ab000-7faf713af000 r-xp 00000000 08:15 3023552                    /usr/lib/jvm/java-8-oracle/jre/lib/amd64/libdt_socket.so
7faf713af000-7faf715ae000 ---p 00004000 08:15 3023552                    /usr/lib/jvm/java-8-oracle/jre/lib/amd64/libdt_socket.so
7faf715ae000-7faf715af000 rw-p 00003000 08:15 3023552                    /usr/lib/jvm/java-8-oracle/jre/lib/amd64/libdt_socket.so
7faf715af000-7faf715b2000 ---p 00000000 00:00 0 
7faf715b2000-7faf716b0000 rw-p 00000000 00:00 0 
7faf716b0000-7faf716b3000 ---p 00000000 00:00 0 
7faf716b3000-7faf717b1000 rw-p 00000000 00:00 0 
7faf717b1000-7faf717b4000 ---p 00000000 00:00 0 
7faf717b4000-7faf718b2000 rw-p 00000000 00:00 0 
7faf718b2000-7faf718b3000 ---p 00000000 00:00 0 
7faf718b3000-7faf728c2000 rw-p 00000000 00:00 0 
7faf728c2000-7faf72a9c000 r--s 03d6b000 08:15 3023515                    /usr/lib/jvm/java-8-oracle/jre/lib/rt.jar
7faf72a9c000-7faf72f5c000 rw-p 00000000 00:00 0 
7faf72f5c000-7faf7329c000 ---p 00000000 00:00 0 
7faf7329c000-7faf73671000 rw-p 00000000 00:00 0 
7faf73671000-7faf73672000 ---p 00000000 00:00 0 
7faf73672000-7faf73772000 rw-p 00000000 00:00 0 
7faf73772000-7faf73773000 ---p 00000000 00:00 0 
7faf73773000-7faf73873000 rw-p 00000000 00:00 0 
7faf73873000-7faf73874000 ---p 00000000 00:00 0 
7faf73874000-7faf7399e000 rw-p 00000000 00:00 0 
7faf7399e000-7faf73c02000 ---p 00000000 00:00 0 
7faf73c02000-7faf73c2c000 rw-p 00000000 00:00 0 
7faf73c2c000-7faf73e90000 ---p 00000000 00:00 0 
7faf73e90000-7faf73ea5000 rw-p 00000000 00:00 0 
7faf73ea5000-7faf73fd7000 ---p 00000000 00:00 0 
7faf73fd7000-7faf73fe2000 rw-p 00000000 00:00 0 
7faf73fe2000-7faf74398000 ---p 00000000 00:00 0 
7faf74398000-7faf74608000 rwxp 00000000 00:00 0 
7faf74608000-7faf83398000 ---p 00000000 00:00 0 
7faf83398000-7faf833b3000 r-xp 00000000 08:15 3023581                    /usr/lib/jvm/java-8-oracle/jre/lib/amd64/libzip.so
7faf833b3000-7faf835b3000 ---p 0001b000 08:15 3023581                    /usr/lib/jvm/java-8-oracle/jre/lib/amd64/libzip.so
7faf835b3000-7faf835b4000 rw-p 0001b000 08:15 3023581                    /usr/lib/jvm/java-8-oracle/jre/lib/amd64/libzip.so
7faf835b4000-7faf835bf000 r-xp 00000000 08:15 923132                     /lib/x86_64-linux-gnu/libnss_files-2.27.so
7faf835bf000-7faf837be000 ---p 0000b000 08:15 923132                     /lib/x86_64-linux-gnu/libnss_files-2.27.so
7faf837be000-7faf837bf000 r--p 0000a000 08:15 923132                     /lib/x86_64-linux-gnu/libnss_files-2.27.so
7faf837bf000-7faf837c0000 rw-p 0000b000 08:15 923132                     /lib/x86_64-linux-gnu/libnss_files-2.27.so
7faf837c0000-7faf837c6000 rw-p 00000000 00:00 0 
7faf837c6000-7faf837dd000 r-xp 00000000 08:15 923126                     /lib/x86_64-linux-gnu/libnsl-2.27.so
7faf837dd000-7faf839dc000 ---p 00017000 08:15 923126                     /lib/x86_64-linux-gnu/libnsl-2.27.so
7faf839dc000-7faf839dd000 r--p 00016000 08:15 923126                     /lib/x86_64-linux-gnu/libnsl-2.27.so
7faf839dd000-7faf839de000 rw-p 00017000 08:15 923126                     /lib/x86_64-linux-gnu/libnsl-2.27.so
7faf839de000-7faf839e0000 rw-p 00000000 00:00 0 
7faf839e0000-7faf839eb000 r-xp 00000000 08:15 923143                     /lib/x86_64-linux-gnu/libnss_nis-2.27.so
7faf839eb000-7faf83bea000 ---p 0000b000 08:15 923143                     /lib/x86_64-linux-gnu/libnss_nis-2.27.so
7faf83bea000-7faf83beb000 r--p 0000a000 08:15 923143                     /lib/x86_64-linux-gnu/libnss_nis-2.27.so
7faf83beb000-7faf83bec000 rw-p 0000b000 08:15 923143                     /lib/x86_64-linux-gnu/libnss_nis-2.27.so
7faf83bec000-7faf83bf4000 r-xp 00000000 08:15 923128                     /lib/x86_64-linux-gnu/libnss_compat-2.27.so
7faf83bf4000-7faf83df4000 ---p 00008000 08:15 923128                     /lib/x86_64-linux-gnu/libnss_compat-2.27.so
7faf83df4000-7faf83df5000 r--p 00008000 08:15 923128                     /lib/x86_64-linux-gnu/libnss_compat-2.27.so
7faf83df5000-7faf83df6000 rw-p 00009000 08:15 923128                     /lib/x86_64-linux-gnu/libnss_compat-2.27.so
7faf83df6000-7faf83e00000 r-xp 00000000 08:15 3023590                    /usr/lib/jvm/java-8-oracle/jre/lib/amd64/libinstrument.so
7faf83e00000-7faf83fff000 ---p 0000a000 08:15 3023590                    /usr/lib/jvm/java-8-oracle/jre/lib/amd64/libinstrument.so
7faf83fff000-7faf84000000 rw-p 00009000 08:15 3023590                    /usr/lib/jvm/java-8-oracle/jre/lib/amd64/libinstrument.so
7faf84000000-7faf848c8000 rw-p 00000000 00:00 0 
7faf848c8000-7faf88000000 ---p 00000000 00:00 0 
7faf88000000-7faf88001000 r--s 00000000 08:15 1709574                    /home/priagung/.m2/repository/org/springframework/boot/spring-boot-starter-aop/2.0.4.RELEASE/spring-boot-starter-aop-2.0.4.RELEASE.jar
7faf88001000-7faf88002000 r--s 00000000 08:15 1446662                    /home/priagung/.m2/repository/org/springframework/boot/spring-boot-starter-logging/2.0.4.RELEASE/spring-boot-starter-logging-2.0.4.RELEASE.jar
7faf88002000-7faf88003000 r--s 00000000 08:15 1446677                    /home/priagung/.m2/repository/org/springframework/boot/spring-boot-starter/2.0.4.RELEASE/spring-boot-starter-2.0.4.RELEASE.jar
7faf88003000-7faf88016000 r--s 00345000 08:15 3023519                    /usr/lib/jvm/java-8-oracle/jre/lib/resources.jar
7faf88016000-7faf88029000 r--s 000d6000 08:15 3023500                    /usr/lib/jvm/java-8-oracle/jre/lib/plugin.jar
7faf88029000-7faf8802e000 r--s 0009d000 08:15 3023520                    /usr/lib/jvm/java-8-oracle/jre/lib/jsse.jar
7faf8802e000-7faf88030000 r--s 00007000 08:15 3023528                    /usr/lib/jvm/java-8-oracle/jre/lib/jfxswt.jar
7faf88030000-7faf8804c000 r--s 0020b000 08:15 3023487                    /usr/lib/jvm/java-8-oracle/jre/lib/deploy.jar
7faf8804c000-7faf880c2000 rw-p 00000000 00:00 0 
7faf880c2000-7faf880c3000 ---p 00000000 00:00 0 
7faf880c3000-7faf881c3000 rw-p 00000000 00:00 0 
7faf881c3000-7faf88b93000 r--p 00000000 08:15 2759365                    /usr/lib/locale/locale-archive
7faf88b93000-7faf88b95000 r-xp 00000000 08:15 3023554                    /usr/lib/jvm/java-8-oracle/jre/lib/amd64/libnpt.so
7faf88b95000-7faf88d95000 ---p 00002000 08:15 3023554                    /usr/lib/jvm/java-8-oracle/jre/lib/amd64/libnpt.so
7faf88d95000-7faf88d96000 rw-p 00002000 08:15 3023554                    /usr/lib/jvm/java-8-oracle/jre/lib/amd64/libnpt.so
7faf88d96000-7faf88dd0000 r-xp 00000000 08:15 3023568                    /usr/lib/jvm/java-8-oracle/jre/lib/amd64/libjdwp.so
7faf88dd0000-7faf88fcf000 ---p 0003a000 08:15 3023568                    /usr/lib/jvm/java-8-oracle/jre/lib/amd64/libjdwp.so
7faf88fcf000-7faf88fd0000 rw-p 00039000 08:15 3023568                    /usr/lib/jvm/java-8-oracle/jre/lib/amd64/libjdwp.so
7faf88fd0000-7faf88fd1000 rw-p 00000000 00:00 0 
7faf88fd1000-7faf88ffc000 r-xp 00000000 08:15 3023575                    /usr/lib/jvm/java-8-oracle/jre/lib/amd64/libjava.so
7faf88ffc000-7faf891fb000 ---p 0002b000 08:15 3023575                    /usr/lib/jvm/java-8-oracle/jre/lib/amd64/libjava.so
7faf891fb000-7faf891fd000 rw-p 0002a000 08:15 3023575                    /usr/lib/jvm/java-8-oracle/jre/lib/amd64/libjava.so
7faf891fd000-7faf8920a000 r-xp 00000000 08:15 3023580                    /usr/lib/jvm/java-8-oracle/jre/lib/amd64/libverify.so
7faf8920a000-7faf8940a000 ---p 0000d000 08:15 3023580                    /usr/lib/jvm/java-8-oracle/jre/lib/amd64/libverify.so
7faf8940a000-7faf8940c000 rw-p 0000d000 08:15 3023580                    /usr/lib/jvm/java-8-oracle/jre/lib/amd64/libverify.so
7faf8940c000-7faf89413000 r-xp 00000000 08:15 923183                     /lib/x86_64-linux-gnu/librt-2.27.so
7faf89413000-7faf89612000 ---p 00007000 08:15 923183                     /lib/x86_64-linux-gnu/librt-2.27.so
7faf89612000-7faf89613000 r--p 00006000 08:15 923183                     /lib/x86_64-linux-gnu/librt-2.27.so
7faf89613000-7faf89614000 rw-p 00007000 08:15 923183                     /lib/x86_64-linux-gnu/librt-2.27.so
7faf89614000-7faf897b1000 r-xp 00000000 08:15 923105                     /lib/x86_64-linux-gnu/libm-2.27.so
7faf897b1000-7faf899b0000 ---p 0019d000 08:15 923105                     /lib/x86_64-linux-gnu/libm-2.27.so
7faf899b0000-7faf899b1000 r--p 0019c000 08:15 923105                     /lib/x86_64-linux-gnu/libm-2.27.so
7faf899b1000-7faf899b2000 rw-p 0019d000 08:15 923105                     /lib/x86_64-linux-gnu/libm-2.27.so
7faf899b2000-7faf8a68e000 r-xp 00000000 08:15 3157549                    /usr/lib/jvm/java-8-oracle/jre/lib/amd64/server/libjvm.so
7faf8a68e000-7faf8a88e000 ---p 00cdc000 08:15 3157549                    /usr/lib/jvm/java-8-oracle/jre/lib/amd64/server/libjvm.so
7faf8a88e000-7faf8a968000 rw-p 00cdc000 08:15 3157549                    /usr/lib/jvm/java-8-oracle/jre/lib/amd64/server/libjvm.so
7faf8a968000-7faf8a9b3000 rw-p 00000000 00:00 0 
7faf8a9b3000-7faf8ab9a000 r-xp 00000000 08:15 923042                     /lib/x86_64-linux-gnu/libc-2.27.so
7faf8ab9a000-7faf8ad9a000 ---p 001e7000 08:15 923042                     /lib/x86_64-linux-gnu/libc-2.27.so
7faf8ad9a000-7faf8ad9e000 r--p 001e7000 08:15 923042                     /lib/x86_64-linux-gnu/libc-2.27.so
7faf8ad9e000-7faf8ada0000 rw-p 001eb000 08:15 923042                     /lib/x86_64-linux-gnu/libc-2.27.so
7faf8ada0000-7faf8ada4000 rw-p 00000000 00:00 0 
7faf8ada4000-7faf8ada7000 r-xp 00000000 08:15 923065                     /lib/x86_64-linux-gnu/libdl-2.27.so
7faf8ada7000-7faf8afa6000 ---p 00003000 08:15 923065                     /lib/x86_64-linux-gnu/libdl-2.27.so
7faf8afa6000-7faf8afa7000 r--p 00002000 08:15 923065                     /lib/x86_64-linux-gnu/libdl-2.27.so
7faf8afa7000-7faf8afa8000 rw-p 00003000 08:15 923065                     /lib/x86_64-linux-gnu/libdl-2.27.so
7faf8afa8000-7faf8afbe000 r-xp 00000000 08:15 3283644                    /usr/lib/jvm/java-8-oracle/lib/amd64/jli/libjli.so
7faf8afbe000-7faf8b1bd000 ---p 00016000 08:15 3283644                    /usr/lib/jvm/java-8-oracle/lib/amd64/jli/libjli.so
7faf8b1bd000-7faf8b1be000 rw-p 00015000 08:15 3283644                    /usr/lib/jvm/java-8-oracle/lib/amd64/jli/libjli.so
7faf8b1be000-7faf8b1d8000 r-xp 00000000 08:15 923175                     /lib/x86_64-linux-gnu/libpthread-2.27.so
7faf8b1d8000-7faf8b3d7000 ---p 0001a000 08:15 923175                     /lib/x86_64-linux-gnu/libpthread-2.27.so
7faf8b3d7000-7faf8b3d8000 r--p 00019000 08:15 923175                     /lib/x86_64-linux-gnu/libpthread-2.27.so
7faf8b3d8000-7faf8b3d9000 rw-p 0001a000 08:15 923175                     /lib/x86_64-linux-gnu/libpthread-2.27.so
7faf8b3d9000-7faf8b3dd000 rw-p 00000000 00:00 0 
7faf8b3dd000-7faf8b404000 r-xp 00000000 08:15 923014                     /lib/x86_64-linux-gnu/ld-2.27.so
7faf8b404000-7faf8b405000 r--s 00000000 08:15 1709572                    /home/priagung/.m2/repository/org/springframework/boot/spring-boot-starter-data-jpa/2.0.4.RELEASE/spring-boot-starter-data-jpa-2.0.4.RELEASE.jar
7faf8b405000-7faf8b40a000 r--s 00084000 08:15 3023486                    /usr/lib/jvm/java-8-oracle/jre/lib/jfr.jar
7faf8b40a000-7faf8b413000 r--s 0006d000 08:15 3023496                    /usr/lib/jvm/java-8-oracle/jre/lib/javaws.jar
7faf8b413000-7faf8b4e4000 rw-p 00000000 00:00 0 
7faf8b4e4000-7faf8b4e5000 ---p 00000000 00:00 0 
7faf8b4e5000-7faf8b4e8000 ---p 00000000 00:00 0 
7faf8b4e8000-7faf8b5e9000 rw-p 00000000 00:00 0 
7faf8b5e9000-7faf8b5ea000 r--s 00000000 08:15 3023493                    /usr/lib/jvm/java-8-oracle/jre/lib/management-agent.jar
7faf8b5ea000-7faf8b5ed000 r--s 0001a000 08:15 3023526                    /usr/lib/jvm/java-8-oracle/jre/lib/jce.jar
7faf8b5ed000-7faf8b5f2000 r--s 002f9000 08:15 3023513                    /usr/lib/jvm/java-8-oracle/jre/lib/charsets.jar
7faf8b5f2000-7faf8b5f4000 r--s 00008000 08:15 1967934                    /opt/idea-IU-182.4323.46/plugins/junit/lib/junit5-rt.jar
7faf8b5f4000-7faf8b5f6000 r--s 00020000 08:15 1967933                    /opt/idea-IU-182.4323.46/plugins/junit/lib/junit-rt.jar
7faf8b5f6000-7faf8b5f8000 r--s 0001a000 08:15 1188030                    /opt/idea-IU-182.4323.46/lib/idea_rt.jar
7faf8b5f8000-7faf8b5fa000 r--s 00001000 08:15 1316048                    /opt/idea-IU-182.4323.46/lib/rt/debugger-agent-storage.jar
7faf8b5fa000-7faf8b602000 rw-s 00000000 08:15 2907604                    /tmp/hsperfdata_priagung/19048
7faf8b602000-7faf8b603000 rw-p 00000000 00:00 0 
7faf8b603000-7faf8b604000 ---p 00000000 00:00 0 
7faf8b604000-7faf8b605000 r--p 00027000 08:15 923014                     /lib/x86_64-linux-gnu/ld-2.27.so
7faf8b605000-7faf8b606000 rw-p 00028000 08:15 923014                     /lib/x86_64-linux-gnu/ld-2.27.so
7faf8b606000-7faf8b607000 rw-p 00000000 00:00 0 
7ffe00d4f000-7ffe00d72000 rw-p 00000000 00:00 0                          [stack]
7ffe00de0000-7ffe00de3000 r--p 00000000 00:00 0                          [vvar]
7ffe00de3000-7ffe00de5000 r-xp 00000000 00:00 0                          [vdso]
ffffffffff600000-ffffffffff601000 r-xp 00000000 00:00 0                  [vsyscall]

VM Arguments:
jvm_args: -agentlib:jdwp=transport=dt_socket,address=127.0.0.1:41887,suspend=y,server=n -ea -Didea.test.cyclic.buffer.size=1048576 -javaagent:/opt/idea-IU-182.4323.46/lib/rt/debugger-agent.jar=file:/tmp/capture.props -Dfile.encoding=UTF-8 
java_command: com.intellij.rt.execution.junit.JUnitStarter -ideVersion5 -junit4 com.future.OfficeInventorySystem.service.UserServiceImplTest,createUserSuperiorNotFoundTest
java_class_path (initial): /opt/idea-IU-182.4323.46/lib/idea_rt.jar:/opt/idea-IU-182.4323.46/plugins/junit/lib/junit-rt.jar:/opt/idea-IU-182.4323.46/plugins/junit/lib/junit5-rt.jar:/usr/lib/jvm/java-8-oracle/jre/lib/charsets.jar:/usr/lib/jvm/java-8-oracle/jre/lib/deploy.jar:/usr/lib/jvm/java-8-oracle/jre/lib/ext/cldrdata.jar:/usr/lib/jvm/java-8-oracle/jre/lib/ext/dnsns.jar:/usr/lib/jvm/java-8-oracle/jre/lib/ext/jaccess.jar:/usr/lib/jvm/java-8-oracle/jre/lib/ext/jfxrt.jar:/usr/lib/jvm/java-8-oracle/jre/lib/ext/localedata.jar:/usr/lib/jvm/java-8-oracle/jre/lib/ext/nashorn.jar:/usr/lib/jvm/java-8-oracle/jre/lib/ext/sunec.jar:/usr/lib/jvm/java-8-oracle/jre/lib/ext/sunjce_provider.jar:/usr/lib/jvm/java-8-oracle/jre/lib/ext/sunpkcs11.jar:/usr/lib/jvm/java-8-oracle/jre/lib/ext/zipfs.jar:/usr/lib/jvm/java-8-oracle/jre/lib/javaws.jar:/usr/lib/jvm/java-8-oracle/jre/lib/jce.jar:/usr/lib/jvm/java-8-oracle/jre/lib/jfr.jar:/usr/lib/jvm/java-8-oracle/jre/lib/jfxswt.jar:/usr/lib/jvm/java-8-oracle/jre/lib/jsse.jar:/usr/lib/jvm/java-8-oracle/jre/lib/management-agent.jar:/usr/lib/jvm/java-8-oracle/jre/lib/plugin.jar:/usr/lib/jvm/java-8-oracle/jre/lib/resources.jar:/usr/lib/jvm/java-8-oracle/jre/lib/rt.jar:/home/priagung/future-project-office-inventory-system/target/test-classes:/home/priagung/future-project-office-inventory-system/target/classes:/home/priagung/.m2/repository/org/springframework/boot/spring-boot-starter-data-jpa/2.0.4.RELEASE/spring-boot-starter-data-jpa-2.0.4.RELEASE.jar:/home/priagung/.m2/repository/org/springframework/boot/spring-boot-starter/2.0.4.RELEASE/spring-boot-starter-2.0.4.RELEASE.jar:/home/priagung/.m2/repository/org/springframework/boot/spring-boot/2.0.4.RELEASE/spring-boot-2.0.4.RELEASE.jar:/home/priagung/.m2/repository/org/springframework/boot/spring-boot-autoconfigure/2.0.4.RELEASE/spring-boot-autoconfigure-2.0.4.RELEASE.jar:/home/priagung/.m2/repository/org/springframework/boot/spring-boot-starter-logging/2.0.4.RELEASE/spring-boot-starter-logging-2.
Launcher Type: SUN_STANDARD

Environment Variables:
JAVA_HOME=/usr/lib/jvm/java-8-oracle
PATH=/home/priagung/.local/bin:/usr/local/sbin:/usr/local/bin:/usr/sbin:/usr/bin:/sbin:/bin:/usr/games:/usr/local/games:/snap/bin:/usr/lib/jvm/java-8-oracle/bin:/usr/lib/jvm/java-8-oracle/db/bin:/usr/lib/jvm/java-8-oracle/jre/bin
USERNAME=priagung
SHELL=/usr/bin/zsh
DISPLAY=:0

Signal Handlers:
SIGSEGV: [libjvm.so+0xad2a40], sa_mask[0]=11111111011111111101111111111110, sa_flags=SA_RESTART|SA_SIGINFO
SIGBUS: [libjvm.so+0xad2a40], sa_mask[0]=11111111011111111101111111111110, sa_flags=SA_RESTART|SA_SIGINFO
SIGFPE: [libjvm.so+0x92a610], sa_mask[0]=11111111011111111101111111111110, sa_flags=SA_RESTART|SA_SIGINFO
SIGPIPE: [libjvm.so+0x92a610], sa_mask[0]=11111111011111111101111111111110, sa_flags=SA_RESTART|SA_SIGINFO
SIGXFSZ: [libjvm.so+0x92a610], sa_mask[0]=11111111011111111101111111111110, sa_flags=SA_RESTART|SA_SIGINFO
SIGILL: [libjvm.so+0x92a610], sa_mask[0]=11111111011111111101111111111110, sa_flags=SA_RESTART|SA_SIGINFO
SIGUSR1: SIG_DFL, sa_mask[0]=00000000000000000000000000000000, sa_flags=none
SIGUSR2: [libjvm.so+0x92be70], sa_mask[0]=00100000000000000000000000000000, sa_flags=SA_RESTART|SA_SIGINFO
SIGHUP: [libjvm.so+0x92d270], sa_mask[0]=11111111011111111101111111111110, sa_flags=SA_RESTART|SA_SIGINFO
SIGINT: [libjvm.so+0x92d270], sa_mask[0]=11111111011111111101111111111110, sa_flags=SA_RESTART|SA_SIGINFO
SIGTERM: [libjvm.so+0x92d270], sa_mask[0]=11111111011111111101111111111110, sa_flags=SA_RESTART|SA_SIGINFO
SIGQUIT: [libjvm.so+0x92d270], sa_mask[0]=11111111011111111101111111111110, sa_flags=SA_RESTART|SA_SIGINFO


---------------  S Y S T E M  ---------------

OS:DISTRIB_ID=Ubuntu
DISTRIB_RELEASE=18.04
DISTRIB_CODENAME=bionic
DISTRIB_DESCRIPTION="Ubuntu 18.04.1 LTS"

uname:Linux 4.15.0-36-generic #39-Ubuntu SMP Mon Sep 24 16:19:09 UTC 2018 x86_64
libc:glibc 2.27 NPTL 2.27 
rlimit: STACK 8192k, CORE 0k, NPROC 30868, NOFILE 1048576, AS infinity
load average:2.15 2.78 2.29

/proc/meminfo:
MemTotal:        8033496 kB
MemFree:          444728 kB
MemAvailable:    2047248 kB
Buffers:          307248 kB
Cached:          1535300 kB
SwapCached:           12 kB
Active:          6358624 kB
Inactive:         643084 kB
Active(anon):    5036288 kB
Inactive(anon):   257724 kB
Active(file):    1322336 kB
Inactive(file):   385360 kB
Unevictable:         192 kB
Mlocked:             192 kB
SwapTotal:       2097148 kB
SwapFree:        2096892 kB
Dirty:               700 kB
Writeback:             0 kB
AnonPages:       5159480 kB
Mapped:           619924 kB
Shmem:            134852 kB
Slab:             287552 kB
SReclaimable:     203664 kB
SUnreclaim:        83888 kB
KernelStack:       22480 kB
PageTables:       104184 kB
NFS_Unstable:          0 kB
Bounce:                0 kB
WritebackTmp:          0 kB
CommitLimit:     6113896 kB
Committed_AS:   16895628 kB
VmallocTotal:   34359738367 kB
VmallocUsed:           0 kB
VmallocChunk:          0 kB
HardwareCorrupted:     0 kB
AnonHugePages:     22528 kB
ShmemHugePages:        0 kB
ShmemPmdMapped:        0 kB
CmaTotal:              0 kB
CmaFree:               0 kB
HugePages_Total:       0
HugePages_Free:        0
HugePages_Rsvd:        0
HugePages_Surp:        0
Hugepagesize:       2048 kB
DirectMap4k:      514676 kB
DirectMap2M:     7739392 kB
DirectMap1G:           0 kB


CPU:total 4 (initial active 4) (2 cores per cpu, 2 threads per core) family 6 model 142 stepping 9, cmov, cx8, fxsr, mmx, sse, sse2, sse3, ssse3, sse4.1, sse4.2, popcnt, avx, avx2, aes, clmul, erms, 3dnowpref, lzcnt, ht, tsc, tscinvbit, bmi1, bmi2, adx

/proc/cpuinfo:
processor	: 0
vendor_id	: GenuineIntel
cpu family	: 6
model		: 142
model name	: Intel(R) Core(TM) i5-7200U CPU @ 2.50GHz
stepping	: 9
microcode	: 0x8e
cpu MHz		: 3099.999
cache size	: 3072 KB
physical id	: 0
siblings	: 4
core id		: 0
cpu cores	: 2
apicid		: 0
initial apicid	: 0
fpu		: yes
fpu_exception	: yes
cpuid level	: 22
wp		: yes
flags		: fpu vme de pse tsc msr pae mce cx8 apic sep mtrr pge mca cmov pat pse36 clflush dts acpi mmx fxsr sse sse2 ss ht tm pbe syscall nx pdpe1gb rdtscp lm constant_tsc art arch_perfmon pebs bts rep_good nopl xtopology nonstop_tsc cpuid aperfmperf tsc_known_freq pni pclmulqdq dtes64 monitor ds_cpl vmx est tm2 ssse3 sdbg fma cx16 xtpr pdcm pcid sse4_1 sse4_2 x2apic movbe popcnt tsc_deadline_timer aes xsave avx f16c rdrand lahf_lm abm 3dnowprefetch cpuid_fault epb invpcid_single pti ssbd ibrs ibpb stibp tpr_shadow vnmi flexpriority ept vpid fsgsbase tsc_adjust bmi1 avx2 smep bmi2 erms invpcid mpx rdseed adx smap clflushopt intel_pt xsaveopt xsavec xgetbv1 xsaves dtherm ida arat pln pts hwp hwp_notify hwp_act_window hwp_epp flush_l1d
bugs		: cpu_meltdown spectre_v1 spectre_v2 spec_store_bypass l1tf
bogomips	: 5424.00
clflush size	: 64
cache_alignment	: 64
address sizes	: 39 bits physical, 48 bits virtual
power management:

processor	: 1
vendor_id	: GenuineIntel
cpu family	: 6
model		: 142
model name	: Intel(R) Core(TM) i5-7200U CPU @ 2.50GHz
stepping	: 9
microcode	: 0x8e
cpu MHz		: 3100.001
cache size	: 3072 KB
physical id	: 0
siblings	: 4
core id		: 1
cpu cores	: 2
apicid		: 2
initial apicid	: 2
fpu		: yes
fpu_exception	: yes
cpuid level	: 22
wp		: yes
flags		: fpu vme de pse tsc msr pae mce cx8 apic sep mtrr pge mca cmov pat pse36 clflush dts acpi mmx fxsr sse sse2 ss ht tm pbe syscall nx pdpe1gb rdtscp lm constant_tsc art arch_perfmon pebs bts rep_good nopl xtopology nonstop_tsc cpuid aperfmperf tsc_known_freq pni pclmulqdq dtes64 monitor ds_cpl vmx est tm2 ssse3 sdbg fma cx16 xtpr pdcm pcid sse4_1 sse4_2 x2apic movbe popcnt tsc_deadline_timer aes xsave avx f16c rdrand lahf_lm abm 3dnowprefetch cpuid_fault epb invpcid_single pti tpr_shadow vnmi flexpriority ept vpid fsgsbase tsc_adjust bmi1 avx2 smep bmi2 erms invpcid mpx rdseed adx smap clflushopt intel_pt xsaveopt xsavec xgetbv1 xsaves dtherm ida arat pln pts hwp hwp_notify hwp_act_window hwp_epp
bugs		: cpu_meltdown spectre_v1 spectre_v2 spec_store_bypass l1tf
bogomips	: 5424.00
clflush size	: 64
cache_alignment	: 64
address sizes	: 39 bits physical, 48 bits virtual
power management:

processor	: 2
vendor_id	: GenuineIntel
cpu family	: 6
model		: 142
model name	: Intel(R) Core(TM) i5-7200U CPU @ 2.50GHz
stepping	: 9
microcode	: 0x8e
cpu MHz		: 3100.000
cache size	: 3072 KB
physical id	: 0
siblings	: 4
core id		: 0
cpu cores	: 2
apicid		: 1
initial apicid	: 1
fpu		: yes
fpu_exception	: yes
cpuid level	: 22
wp		: yes
flags		: fpu vme de pse tsc msr pae mce cx8 apic sep mtrr pge mca cmov pat pse36 clflush dts acpi mmx fxsr sse sse2 ss ht tm pbe syscall nx pdpe1gb rdtscp lm constant_tsc art arch_perfmon pebs bts rep_good nopl xtopology nonstop_tsc cpuid aperfmperf tsc_known_freq pni pclmulqdq dtes64 monitor ds_cpl vmx est tm2 ssse3 sdbg fma cx16 xtpr pdcm pcid sse4_1 sse4_2 x2apic movbe popcnt tsc_deadline_timer aes xsave avx f16c rdrand lahf_lm abm 3dnowprefetch cpuid_fault epb invpcid_single pti ssbd ibrs ibpb stibp tpr_shadow vnmi flexpriority ept vpid fsgsbase tsc_adjust bmi1 avx2 smep bmi2 erms invpcid mpx rdseed adx smap clflushopt intel_pt xsaveopt xsavec xgetbv1 xsaves dtherm ida arat pln pts hwp hwp_notify hwp_act_window hwp_epp flush_l1d
bugs		: cpu_meltdown spectre_v1 spectre_v2 spec_store_bypass l1tf
bogomips	: 5424.00
clflush size	: 64
cache_alignment	: 64
address sizes	: 39 bits physical, 48 bits virtual
power management:

processor	: 3
vendor_id	: GenuineIntel
cpu family	: 6
model		: 142
model name	: Intel(R) Core(TM) i5-7200U CPU @ 2.50GHz
stepping	: 9
microcode	: 0x8e
cpu MHz		: 3099.998
cache size	: 3072 KB
physical id	: 0
siblings	: 4
core id		: 1
cpu cores	: 2
apicid		: 3
initial apicid	: 3
fpu		: yes
fpu_exception	: yes
cpuid level	: 22
wp		: yes
flags		: fpu vme de pse tsc msr pae mce cx8 apic sep mtrr pge mca cmov pat pse36 clflush dts acpi mmx fxsr sse sse2 ss ht tm pbe syscall nx pdpe1gb rdtscp lm constant_tsc art arch_perfmon pebs bts rep_good nopl xtopology nonstop_tsc cpuid aperfmperf tsc_known_freq pni pclmulqdq dtes64 monitor ds_cpl vmx est tm2 ssse3 sdbg fma cx16 xtpr pdcm pcid sse4_1 sse4_2 x2apic movbe popcnt tsc_deadline_timer aes xsave avx f16c rdrand lahf_lm abm 3dnowprefetch cpuid_fault epb invpcid_single pti ssbd ibrs ibpb stibp tpr_shadow vnmi flexpriority ept vpid fsgsbase tsc_adjust bmi1 avx2 smep bmi2 erms invpcid mpx rdseed adx smap clflushopt intel_pt xsaveopt xsavec xgetbv1 xsaves dtherm ida arat pln pts hwp hwp_notify hwp_act_window hwp_epp flush_l1d
bugs		: cpu_meltdown spectre_v1 spectre_v2 spec_store_bypass l1tf
bogomips	: 5424.00
clflush size	: 64
cache_alignment	: 64
address sizes	: 39 bits physical, 48 bits virtual
power management:



Memory: 4k page, physical 8033496k(443284k free), swap 2097148k(2096892k free)

vm_info: Java HotSpot(TM) 64-Bit Server VM (25.181-b13) for linux-amd64 JRE (1.8.0_181-b13), built on Jul  7 2018 00:56:38 by "java_re" with gcc 4.3.0 20080428 (Red Hat 4.3.0-8)

time: Sun Oct 21 14:36:49 2018
elapsed time: 1498 seconds (0d 0h 24m 58s)

