#
# A fatal error has been detected by the Java Runtime Environment:
#
#  SIGSEGV (0xb) at pc=0x00007f966478d206, pid=19156, tid=0x00007f96382af700
#
# JRE version: Java(TM) SE Runtime Environment (8.0_181-b13) (build 1.8.0_181-b13)
# Java VM: Java HotSpot(TM) 64-Bit Server VM (25.181-b13 mixed mode linux-amd64 compressed oops)
# Problematic frame:
# V  [libjvm.so+0x5f5206]  GenerateOopMap::do_field(int, int, int, int)+0x46
#
# Failed to write core dump. Core dumps have been disabled. To enable core dumping, try "ulimit -c unlimited" before starting Java again
#
# If you would like to submit a bug report, please visit:
#   http://bugreport.java.com/bugreport/crash.jsp
#

---------------  T H R E A D  ---------------

Current thread (0x00007f965c148800):  VMThread [stack: 0x00007f96381b0000,0x00007f96382b0000] [id=19163]

siginfo: si_signo: 11 (SIGSEGV), si_code: 1 (SEGV_MAPERR), si_addr: 0x0000000000000008

Registers:
RAX=0x0000000000000000, RBX=0x00007f966076dab8, RCX=0x000000000000002b, RDX=0x00007f9660771210
RSP=0x00007f96382ade20, RBP=0x00007f96382ade80, RSI=0x0000000000000000, RDI=0x00007f966076dab8
R8 =0x000000000000001d, R9 =0x00007f966076e278, R10=0x0000000000000007, R11=0x0000000000000000
R12=0x000000000000001d, R13=0x00007f96382ae110, R14=0x00007f9665151320, R15=0x0000000000000001
RIP=0x00007f966478d206, EFLAGS=0x0000000000010206, CSGSFS=0x002b000000000033, ERR=0x0000000000000004
  TRAPNO=0x000000000000000e

Top of Stack: (sp=0x00007f96382ade20)
0x00007f96382ade20:   000000000000001d 00000000382adec0
0x00007f96382ade30:   00007f96382ade80 00007f966479265c
0x00007f96382ade40:   0000000046000016 00007f96647952ad
0x00007f96382ade50:   00007f966076e278 00000000000000b4
0x00007f96382ade60:   00000000000000b4 00007f96382ae110
0x00007f96382ade70:   00007f9665151320 00007f966076e23d
0x00007f96382ade80:   00007f96382adf60 00007f966479334b
0x00007f96382ade90:   0000000000000001 00007f96382adef0
0x00007f96382adea0:   00007f96382adec8 00007f96382adec0
0x00007f96382adeb0:   00007f965c057990 0000002b382adf00
0x00007f96382adec0:   00007f96382aded8 00007f966076e278
0x00007f96382aded0:   00007f965c148800 000000200000001d
0x00007f96382adee0:   000000b40000002b 000000b400000000
0x00007f96382adef0:   00007f966076e278 00007f965c148800
0x00007f96382adf00:   00007f966076e278 00007f965c148800
0x00007f96382adf10:   00007f966076e278 00007f965c148800
0x00007f96382adf20:   00007f966076e278 00007f966076e278
0x00007f96382adf30:   00007f965c148800 0000000000000000
0x00007f96382adf40:   0000000000000000 00007f96382ae110
0x00007f96382adf50:   00007f96382adf70 00007f96382ae010
0x00007f96382adf60:   00007f96382adfc0 00007f966479421a
0x00007f96382adf70:   00007f9665104ad0 00007f9665c4c330
0x00007f96382adf80:   0000000000000002 00007f966076e278
0x00007f96382adf90:   00007f965c0579c0 00007f9600000001
0x00007f96382adfa0:   00007f96382ae040 00007f96382ae110
0x00007f96382adfb0:   00007f96651219a8 00007f96382adfe0
0x00007f96382adfc0:   00007f96382ae080 00007f96647945cd
0x00007f96382adfd0:   00007f96382ae180 00007f965c148800
0x00007f96382adfe0:   00007f9660750000 0000000000000000
0x00007f96382adff0:   00007f96382ae140 0000000400000000
0x00007f96382ae000:   00007f96650ea5d0 00007f966076e278
0x00007f96382ae010:   00007f965c140100 0000000000000000 

Instructions: (pc=0x00007f966478d206)
0x00007f966478d1e6:   8b 40 08 48 8b 58 08 48 89 df e8 9b 19 f0 ff 48
0x00007f966478d1f6:   89 df 89 c6 e8 41 1a f0 ff 48 98 48 8b 44 c3 50
0x00007f966478d206:   0f b6 40 08 3c 4c 0f 84 d6 00 00 00 3c 5b 0f 84
0x00007f966478d216:   ce 00 00 00 3c 4a 0f 84 9e 01 00 00 3c 44 0f 1f 

Register to memory mapping:

RAX=0x0000000000000000 is an unknown value
RBX=0x00007f966076dab8 is pointing into metadata
RCX=0x000000000000002b is an unknown value
RDX=0x00007f9660771210 is pointing into metadata
RSP=0x00007f96382ade20 is an unknown value
RBP=0x00007f96382ade80 is an unknown value
RSI=0x0000000000000000 is an unknown value
RDI=0x00007f966076dab8 is pointing into metadata
R8 =0x000000000000001d is an unknown value
R9 ={method} {0x00007f966076e278} 'createUserSuperiorNotFoundTest' '()V' in 'com/future/OfficeInventorySystem/service/UserServiceImplTest'
R10=0x0000000000000007 is an unknown value
R11=0x0000000000000000 is an unknown value
R12=0x000000000000001d is an unknown value
R13=0x00007f96382ae110 is an unknown value
R14=0x00007f9665151320: <offset 0xfb9320> in /usr/lib/jvm/java-8-oracle/jre/lib/amd64/server/libjvm.so at 0x00007f9664198000
R15=0x0000000000000001 is an unknown value


Stack: [0x00007f96381b0000,0x00007f96382b0000],  sp=0x00007f96382ade20,  free space=1015k
Native frames: (J=compiled Java code, j=interpreted, Vv=VM code, C=native code)
V  [libjvm.so+0x5f5206]  GenerateOopMap::do_field(int, int, int, int)+0x46
V  [libjvm.so+0x5fb34b]  GenerateOopMap::interp_bb(BasicBlock*)+0x2fb
V  [libjvm.so+0x5fc21a]  GenerateOopMap::do_interpretation()+0x17a
V  [libjvm.so+0x5fc5cd]  GenerateOopMap::compute_map(Thread*)+0x34d
V  [libjvm.so+0x91fcd4]  OopMapForCacheEntry::compute_map(Thread*)+0xb4
V  [libjvm.so+0x921a92]  OopMapCacheEntry::fill(methodHandle, int)+0x2d2
V  [libjvm.so+0x922244]  OopMapCache::compute_one_oop_map(methodHandle, int, InterpreterOopMap*)+0x124
V  [libjvm.so+0x922bee]  OopMapCache::lookup(methodHandle, int, InterpreterOopMap*) const+0x6de
V  [libjvm.so+0x64ab92]  InstanceKlass::mask_for(methodHandle, int, InterpreterOopMap*)+0x82
V  [libjvm.so+0x8bd3fd]  Method::mask_for(int, InterpreterOopMap*)+0x9d
V  [libjvm.so+0x7affb4]  VM_GetOrSetLocal::doit()+0x54
V  [libjvm.so+0xadb745]  VM_Operation::evaluate()+0x55
V  [libjvm.so+0xad9b0a]  VMThread::evaluate_operation(VM_Operation*)+0xba
V  [libjvm.so+0xad9e8e]  VMThread::loop()+0x1ce
V  [libjvm.so+0xada300]  VMThread::run()+0x70
V  [libjvm.so+0x930198]  java_start(Thread*)+0x108

VM_Operation (0x00007f9633bf87c0): GetOrSetLocal, mode: safepoint, requested by thread 0x00007f965c194800


---------------  P R O C E S S  ---------------

Java Threads: ( => current thread )
  0x00007f965c5b2800 JavaThread "Service Thread" daemon [_thread_blocked, id=19181, stack(0x00007f96333dd000,0x00007f96334de000)]
  0x00007f965c5af000 JavaThread "C1 CompilerThread2" daemon [_thread_blocked, id=19180, stack(0x00007f96334df000,0x00007f96335df000)]
  0x00007f965c5ad000 JavaThread "C2 CompilerThread1" daemon [_thread_blocked, id=19179, stack(0x00007f96335e0000,0x00007f96336e0000)]
  0x00007f965c5a6800 JavaThread "C2 CompilerThread0" daemon [_thread_blocked, id=19178, stack(0x00007f96336e1000,0x00007f96337e1000)]
  0x00007f961c001000 JavaThread "JDWP Command Reader" daemon [_thread_in_native, id=19177, stack(0x00007f96338f7000,0x00007f96339f8000)]
  0x00007f965c198000 JavaThread "JDWP Event Helper Thread" daemon [_thread_blocked, id=19175, stack(0x00007f96339f8000,0x00007f9633af9000)]
  0x00007f965c194800 JavaThread "JDWP Transport Listener: dt_socket" daemon [_thread_blocked, id=19173, stack(0x00007f9633af9000,0x00007f9633bfa000)]
  0x00007f965c186000 JavaThread "Signal Dispatcher" daemon [_thread_blocked, id=19172, stack(0x00007f9633dfe000,0x00007f9633eff000)]
  0x00007f965c154800 JavaThread "Finalizer" daemon [_thread_blocked, id=19165, stack(0x00007f9633eff000,0x00007f9634000000)]
  0x00007f965c152000 JavaThread "Reference Handler" daemon [_thread_blocked, id=19164, stack(0x00007f96380ae000,0x00007f96381af000)]
  0x00007f965c013000 JavaThread "main" [_thread_blocked, id=19158, stack(0x00007f9665ccb000,0x00007f9665dcb000)]

Other Threads:
=>0x00007f965c148800 VMThread [stack: 0x00007f96381b0000,0x00007f96382b0000] [id=19163]
  0x00007f965c5b8000 WatcherThread [stack: 0x00007f96332dd000,0x00007f96333dd000] [id=19182]

VM state:at safepoint (normal execution)

VM Mutex/Monitor currently owned by a thread:  ([mutex/lock_event])
[0x00007f965c007e70] Threads_lock - owner thread: 0x00007f965c148800

Heap:
 PSYoungGen      total 36864K, used 14122K [0x00000000d7200000, 0x00000000d9b00000, 0x0000000100000000)
  eden space 31744K, 44% used [0x00000000d7200000,0x00000000d7fcabd0,0x00000000d9100000)
  from space 5120K, 0% used [0x00000000d9600000,0x00000000d9600000,0x00000000d9b00000)
  to   space 5120K, 0% used [0x00000000d9100000,0x00000000d9100000,0x00000000d9600000)
 ParOldGen       total 84992K, used 0K [0x0000000085600000, 0x000000008a900000, 0x00000000d7200000)
  object space 84992K, 0% used [0x0000000085600000,0x0000000085600000,0x000000008a900000)
 Metaspace       used 4868K, capacity 5350K, committed 5504K, reserved 1056768K
  class space    used 559K, capacity 593K, committed 640K, reserved 1048576K

Card table byte_map: [0x00007f96615ab000,0x00007f9661981000] byte_map_base: 0x00007f9661180000

Marking Bits: (ParMarkBitMap*) 0x00007f966516c0a0
 Begin Bits: [0x00007f96382b0000, 0x00007f963a158000)
 End Bits:   [0x00007f963a158000, 0x00007f963c000000)

Polling page: 0x00007f9665de9000

CodeCache: size=245760Kb used=1905Kb max_used=1913Kb free=243854Kb
 bounds [0x00007f964d000000, 0x00007f964d270000, 0x00007f965c000000]
 total_blobs=566 nmethods=309 adapters=179
 compilation: enabled

Compilation events (10 events):
Event: 0.491 Thread 0x00007f965c5ad000  305       4       java.util.HashMap::get (23 bytes)
Event: 0.496 Thread 0x00007f965c5af000  308       3       com.intellij.rt.execution.junit.MapSerializerUtil$1::escape (124 bytes)
Event: 0.501 Thread 0x00007f965c5af000 nmethod 308 0x00007f964d1dd2d0 code [0x00007f964d1dd440, 0x00007f964d1dd6b0]
Event: 0.501 Thread 0x00007f965c5af000  306   !   3       java.util.zip.Inflater::needsDictionary (19 bytes)
Event: 0.501 Thread 0x00007f965c5af000 nmethod 306 0x00007f964d1dcd90 code [0x00007f964d1dcf00, 0x00007f964d1dd1f0]
Event: 0.501 Thread 0x00007f965c5af000  307   !   3       java.util.zip.Inflater::needsInput (27 bytes)
Event: 0.501 Thread 0x00007f965c5af000 nmethod 307 0x00007f964d1dc7d0 code [0x00007f964d1dc940, 0x00007f964d1dcc90]
Event: 0.503 Thread 0x00007f965c5ad000 nmethod 305 0x00007f964d1d5f10 code [0x00007f964d1d6080, 0x00007f964d1d63b8]
Event: 0.623 Thread 0x00007f965c5af000  309       3       java.lang.AbstractStringBuilder::append (50 bytes)
Event: 0.623 Thread 0x00007f965c5af000 nmethod 309 0x00007f964d1dbad0 code [0x00007f964d1dbca0, 0x00007f964d1dc3d8]

GC Heap History (0 events):
No events

Deoptimization events (1 events):
Event: 0.584 Thread 0x00007f965c013000 Uncommon trap: reason=unstable_if action=reinterpret pc=0x00007f964d1dddf8 method=java.lang.AbstractStringBuilder.append(Ljava/lang/String;)Ljava/lang/AbstractStringBuilder; @ 1

Classes redefined (7 events):
Event: 76.152 Thread 0x00007f965c148800 redefined class name=com.future.OfficeInventorySystem.service.UserServiceImplTest, count=1
Event: 148.846 Thread 0x00007f965c148800 redefined class name=com.future.OfficeInventorySystem.service.UserServiceImplTest, count=2
Event: 261.116 Thread 0x00007f965c148800 redefined class name=com.future.OfficeInventorySystem.service.UserServiceImplTest, count=3
Event: 322.687 Thread 0x00007f965c148800 redefined class name=com.future.OfficeInventorySystem.service.UserServiceImplTest, count=4
Event: 895.895 Thread 0x00007f965c148800 redefined class name=com.future.OfficeInventorySystem.service.UserServiceImplTest, count=5
Event: 1118.904 Thread 0x00007f965c148800 redefined class name=com.future.OfficeInventorySystem.service.UserServiceImplTest, count=6
Event: 1464.832 Thread 0x00007f965c148800 redefined class name=com.future.OfficeInventorySystem.service.UserServiceImplTest, count=7

Internal exceptions (8 events):
Event: 0.025 Thread 0x00007f965c013000 Exception <a 'java/lang/NoSuchMethodError': Method sun.misc.Unsafe.defineClass(Ljava/lang/String;[BII)Ljava/lang/Class; name or signature does not match> (0x00000000d7207cb0) thrown at [/HUDSON/workspace/8-2-build-linux-amd64/jdk8u181/11358/hotspot/src/sh
Event: 0.025 Thread 0x00007f965c013000 Exception <a 'java/lang/NoSuchMethodError': Method sun.misc.Unsafe.prefetchRead(Ljava/lang/Object;J)V name or signature does not match> (0x00000000d7207f98) thrown at [/HUDSON/workspace/8-2-build-linux-amd64/jdk8u181/11358/hotspot/src/share/vm/prims/jni.c
Event: 0.263 Thread 0x00007f965c013000 Exception <a 'java/io/FileNotFoundException'> (0x00000000d771eb70) thrown at [/HUDSON/workspace/8-2-build-linux-amd64/jdk8u181/11358/hotspot/src/share/vm/prims/jni.cpp, line 709]
Event: 0.285 Thread 0x00007f965c013000 Exception <a 'java/security/PrivilegedActionException'> (0x00000000d7774fd8) thrown at [/HUDSON/workspace/8-2-build-linux-amd64/jdk8u181/11358/hotspot/src/share/vm/prims/jvm.cpp, line 1435]
Event: 0.285 Thread 0x00007f965c013000 Exception <a 'java/security/PrivilegedActionException'> (0x00000000d77751e8) thrown at [/HUDSON/workspace/8-2-build-linux-amd64/jdk8u181/11358/hotspot/src/share/vm/prims/jvm.cpp, line 1435]
Event: 0.285 Thread 0x00007f965c013000 Exception <a 'java/security/PrivilegedActionException'> (0x00000000d7777650) thrown at [/HUDSON/workspace/8-2-build-linux-amd64/jdk8u181/11358/hotspot/src/share/vm/prims/jvm.cpp, line 1435]
Event: 0.285 Thread 0x00007f965c013000 Exception <a 'java/security/PrivilegedActionException'> (0x00000000d7777860) thrown at [/HUDSON/workspace/8-2-build-linux-amd64/jdk8u181/11358/hotspot/src/share/vm/prims/jvm.cpp, line 1435]
Event: 0.584 Thread 0x00007f965c013000 Implicit null exception at 0x00007f964d1dd8f6 to 0x00007f964d1ddde1

Events (10 events):
Event: 1118.996 Executing VM operation: GetOrSetLocal done
Event: 1118.997 Executing VM operation: GetOrSetLocal
Event: 1118.998 Executing VM operation: GetOrSetLocal done
Event: 1118.999 Executing VM operation: GetOrSetLocal
Event: 1118.999 Executing VM operation: GetOrSetLocal done
Event: 1144.957 Executing VM operation: ChangeBreakpoints
Event: 1144.957 Executing VM operation: ChangeBreakpoints done
Event: 1464.830 Executing VM operation: RedefineClasses
Event: 1464.832 Executing VM operation: RedefineClasses done
Event: 1464.833 Executing VM operation: GetOrSetLocal


Dynamic libraries:
00400000-00401000 r-xp 00000000 08:15 2906702                            /usr/lib/jvm/java-8-oracle/bin/java
00600000-00601000 rw-p 00000000 08:15 2906702                            /usr/lib/jvm/java-8-oracle/bin/java
00f6b000-00f8c000 rw-p 00000000 00:00 0                                  [heap]
85600000-8a900000 rw-p 00000000 00:00 0 
8a900000-d7200000 ---p 00000000 00:00 0 
d7200000-d9b00000 rw-p 00000000 00:00 0 
d9b00000-100000000 ---p 00000000 00:00 0 
100000000-1000a0000 rw-p 00000000 00:00 0 
1000a0000-140000000 ---p 00000000 00:00 0 
7f9604000000-7f9604021000 rw-p 00000000 00:00 0 
7f9604021000-7f9608000000 ---p 00000000 00:00 0 
7f9608000000-7f9608021000 rw-p 00000000 00:00 0 
7f9608021000-7f960c000000 ---p 00000000 00:00 0 
7f960c000000-7f960c217000 rw-p 00000000 00:00 0 
7f960c217000-7f9610000000 ---p 00000000 00:00 0 
7f9610000000-7f9610240000 rw-p 00000000 00:00 0 
7f9610240000-7f9614000000 ---p 00000000 00:00 0 
7f9614000000-7f9614021000 rw-p 00000000 00:00 0 
7f9614021000-7f9618000000 ---p 00000000 00:00 0 
7f9618000000-7f96182c5000 rw-p 00000000 00:00 0 
7f96182c5000-7f961c000000 ---p 00000000 00:00 0 
7f961c000000-7f961c021000 rw-p 00000000 00:00 0 
7f961c021000-7f9620000000 ---p 00000000 00:00 0 
7f9620000000-7f9620021000 rw-p 00000000 00:00 0 
7f9620021000-7f9624000000 ---p 00000000 00:00 0 
7f9624000000-7f9624021000 rw-p 00000000 00:00 0 
7f9624021000-7f9628000000 ---p 00000000 00:00 0 
7f9628000000-7f9628021000 rw-p 00000000 00:00 0 
7f9628021000-7f962c000000 ---p 00000000 00:00 0 
7f962c000000-7f962c021000 rw-p 00000000 00:00 0 
7f962c021000-7f9630000000 ---p 00000000 00:00 0 
7f96332dc000-7f96332dd000 ---p 00000000 00:00 0 
7f96332dd000-7f96333dd000 rw-p 00000000 00:00 0 
7f96333dd000-7f96333e0000 ---p 00000000 00:00 0 
7f96333e0000-7f96334de000 rw-p 00000000 00:00 0 
7f96334de000-7f96334df000 ---p 00000000 00:00 0 
7f96334df000-7f96334e2000 ---p 00000000 00:00 0 
7f96334e2000-7f96335df000 rw-p 00000000 00:00 0 
7f96335df000-7f96335e0000 ---p 00000000 00:00 0 
7f96335e0000-7f96335e3000 ---p 00000000 00:00 0 
7f96335e3000-7f96336e0000 rw-p 00000000 00:00 0 
7f96336e0000-7f96336e1000 ---p 00000000 00:00 0 
7f96336e1000-7f96336e4000 ---p 00000000 00:00 0 
7f96336e4000-7f96337e1000 rw-p 00000000 00:00 0 
7f96337e1000-7f96337e8000 r--s 00064000 08:15 1316049                    /opt/idea-IU-182.4323.46/lib/rt/debugger-agent.jar
7f96337e8000-7f96337f8000 r--s 001c7000 08:15 2507489                    /home/priagung/.m2/repository/com/h2database/h2/1.4.197/h2-1.4.197.jar
7f96337f8000-7f96337fd000 r--s 00022000 08:15 1577597                    /home/priagung/.m2/repository/org/xmlunit/xmlunit-core/2.5.1/xmlunit-core-2.5.1.jar
7f96337fd000-7f963380a000 r--s 00087000 08:15 1577591                    /home/priagung/.m2/repository/org/springframework/spring-test/5.0.8.RELEASE/spring-test-5.0.8.RELEASE.jar
7f963380a000-7f963380c000 r--s 00004000 08:15 1446675                    /home/priagung/.m2/repository/org/springframework/spring-jcl/5.0.8.RELEASE/spring-jcl-5.0.8.RELEASE.jar
7f963380c000-7f9633824000 r--s 00114000 08:15 1446658                    /home/priagung/.m2/repository/org/springframework/spring-core/5.0.8.RELEASE/spring-core-5.0.8.RELEASE.jar
7f9633824000-7f9633825000 r--s 00004000 08:15 1577590                    /home/priagung/.m2/repository/com/vaadin/external/google/android-json/0.0.20131108.vaadin1/android-json-0.0.20131108.vaadin1.jar
7f9633825000-7f9633827000 r--s 00006000 08:15 1577593                    /home/priagung/.m2/repository/org/skyscreamer/jsonassert/1.5.0/jsonassert-1.5.0.jar
7f9633827000-7f9633829000 r--s 00009000 08:15 1577592                    /home/priagung/.m2/repository/org/hamcrest/hamcrest-core/1.3/hamcrest-core-1.3.jar
7f9633829000-7f963382b000 r--s 0000c000 08:15 1577588                    /home/priagung/.m2/repository/org/objenesis/objenesis/2.6/objenesis-2.6.jar
7f963382b000-7f963382d000 r--s 00009000 08:15 1577586                    /home/priagung/.m2/repository/net/bytebuddy/byte-buddy-agent/1.7.11/byte-buddy-agent-1.7.11.jar
7f963382d000-7f9633869000 r--s 00290000 08:15 1577584                    /home/priagung/.m2/repository/net/bytebuddy/byte-buddy/1.7.11/byte-buddy-1.7.11.jar
7f9633869000-7f9633879000 r--s 00075000 08:15 1577582                    /home/priagung/.m2/repository/org/mockito/mockito-core/2.15.0/mockito-core-2.15.0.jar
7f9633879000-7f96338ce000 r--s 00367000 08:15 1577579                    /home/priagung/.m2/repository/org/assertj/assertj-core/3.9.1/assertj-core-3.9.1.jar
7f96338ce000-7f96338d6000 r--s 00045000 08:15 1577564                    /home/priagung/.m2/repository/junit/junit/4.12/junit-4.12.jar
7f96338d6000-7f96338d8000 r--s 0000c000 08:15 1577575                    /home/priagung/.m2/repository/org/ow2/asm/asm/5.0.4/asm-5.0.4.jar
7f96338d8000-7f96338da000 r--s 00006000 08:15 1577573                    /home/priagung/.m2/repository/net/minidev/accessors-smart/1.2/accessors-smart-1.2.jar
7f96338da000-7f96338e0000 r--s 00031000 08:15 1577567                    /home/priagung/.m2/repository/com/jayway/jsonpath/json-path/2.4.0/json-path-2.4.0.jar
7f96338e0000-7f96338e7000 r--s 00020000 08:15 1577566                    /home/priagung/.m2/repository/org/springframework/boot/spring-boot-test-autoconfigure/2.0.4.RELEASE/spring-boot-test-autoconfigure-2.0.4.RELEASE.jar
7f96338e7000-7f96338f7000 r--s 000b2000 08:15 1577532                    /home/priagung/.m2/repository/org/springframework/spring-webmvc/5.0.8.RELEASE/spring-webmvc-5.0.8.RELEASE.jar
7f96338f7000-7f96338fa000 ---p 00000000 00:00 0 
7f96338fa000-7f96339f8000 rw-p 00000000 00:00 0 
7f96339f8000-7f96339fb000 ---p 00000000 00:00 0 
7f96339fb000-7f9633af9000 rw-p 00000000 00:00 0 
7f9633af9000-7f9633afc000 ---p 00000000 00:00 0 
7f9633afc000-7f9633bfa000 rw-p 00000000 00:00 0 
7f9633bfa000-7f9633bfe000 r-xp 00000000 08:15 3023552                    /usr/lib/jvm/java-8-oracle/jre/lib/amd64/libdt_socket.so
7f9633bfe000-7f9633dfd000 ---p 00004000 08:15 3023552                    /usr/lib/jvm/java-8-oracle/jre/lib/amd64/libdt_socket.so
7f9633dfd000-7f9633dfe000 rw-p 00003000 08:15 3023552                    /usr/lib/jvm/java-8-oracle/jre/lib/amd64/libdt_socket.so
7f9633dfe000-7f9633e01000 ---p 00000000 00:00 0 
7f9633e01000-7f9633eff000 rw-p 00000000 00:00 0 
7f9633eff000-7f9633f02000 ---p 00000000 00:00 0 
7f9633f02000-7f9634000000 rw-p 00000000 00:00 0 
7f9634000000-7f963429b000 rw-p 00000000 00:00 0 
7f963429b000-7f9638000000 ---p 00000000 00:00 0 
7f9638000000-7f9638001000 r--s 0000c000 08:15 1577577                    /home/priagung/.m2/repository/org/hamcrest/hamcrest-library/1.3/hamcrest-library-1.3.jar
7f9638001000-7f9638004000 r--s 0001b000 08:15 1577569                    /home/priagung/.m2/repository/net/minidev/json-smart/2.3/json-smart-2.3.jar
7f9638004000-7f9638009000 r--s 0002b000 08:15 1577571                    /home/priagung/.m2/repository/org/springframework/boot/spring-boot-test/2.0.4.RELEASE/spring-boot-test-2.0.4.RELEASE.jar
7f9638009000-7f963800a000 r--s 00000000 08:15 1577559                    /home/priagung/.m2/repository/org/springframework/boot/spring-boot-starter-test/2.0.4.RELEASE/spring-boot-starter-test-2.0.4.RELEASE.jar
7f963800a000-7f963800f000 r--s 00040000 08:15 1446667                    /home/priagung/.m2/repository/org/springframework/spring-expression/5.0.8.RELEASE/spring-expression-5.0.8.RELEASE.jar
7f963800f000-7f9638029000 r--s 0011b000 08:15 1577552                    /home/priagung/.m2/repository/org/springframework/spring-web/5.0.8.RELEASE/spring-web-5.0.8.RELEASE.jar
7f9638029000-7f963802e000 r--s 00012000 08:15 1577555                    /home/priagung/.m2/repository/javax/validation/validation-api/2.0.1.Final/validation-api-2.0.1.Final.jar
7f963802e000-7f963804b000 r--s 000fe000 08:15 1577526                    /home/priagung/.m2/repository/org/hibernate/validator/hibernate-validator/6.0.11.Final/hibernate-validator-6.0.11.Final.jar
7f963804b000-7f9638050000 r--s 0003a000 08:15 1577553                    /home/priagung/.m2/repository/org/apache/tomcat/embed/tomcat-embed-websocket/8.5.32/tomcat-embed-websocket-8.5.32.jar
7f9638050000-7f9638055000 r--s 00037000 08:15 1577551                    /home/priagung/.m2/repository/org/apache/tomcat/embed/tomcat-embed-el/8.5.32/tomcat-embed-el-8.5.32.jar
7f9638055000-7f963807e000 r--s 002d3000 08:15 1577533                    /home/priagung/.m2/repository/org/apache/tomcat/embed/tomcat-embed-core/8.5.32/tomcat-embed-core-8.5.32.jar
7f963807e000-7f963807f000 r--s 00000000 08:15 1577534                    /home/priagung/.m2/repository/org/springframework/boot/spring-boot-starter-tomcat/2.0.4.RELEASE/spring-boot-starter-tomcat-2.0.4.RELEASE.jar
7f963807f000-7f9638081000 r--s 00001000 08:15 1577535                    /home/priagung/.m2/repository/com/fasterxml/jackson/module/jackson-module-parameter-names/2.9.6/jackson-module-parameter-names-2.9.6.jar
7f9638081000-7f9638084000 r--s 00016000 08:15 1577543                    /home/priagung/.m2/repository/com/fasterxml/jackson/datatype/jackson-datatype-jsr310/2.9.6/jackson-datatype-jsr310-2.9.6.jar
7f9638084000-7f9638097000 r--s 00137000 08:15 1577545                    /home/priagung/.m2/repository/com/fasterxml/jackson/core/jackson-databind/2.9.6/jackson-databind-2.9.6.jar
7f9638097000-7f96380ae000 r--s 00173000 08:15 1971277                    /home/priagung/.m2/repository/org/projectlombok/lombok/1.16.22/lombok-1.16.22.jar
7f96380ae000-7f96380b1000 ---p 00000000 00:00 0 
7f96380b1000-7f96381af000 rw-p 00000000 00:00 0 
7f96381af000-7f96381b0000 ---p 00000000 00:00 0 
7f96381b0000-7f963c000000 rw-p 00000000 00:00 0 
7f963c000000-7f963c021000 rw-p 00000000 00:00 0 
7f963c021000-7f9640000000 ---p 00000000 00:00 0 
7f9640000000-7f9640021000 rw-p 00000000 00:00 0 
7f9640021000-7f9644000000 ---p 00000000 00:00 0 
7f9644000000-7f9644021000 rw-p 00000000 00:00 0 
7f9644021000-7f9648000000 ---p 00000000 00:00 0 
7f9648000000-7f9648021000 rw-p 00000000 00:00 0 
7f9648021000-7f964c000000 ---p 00000000 00:00 0 
7f964c000000-7f964c002000 r--s 00007000 08:15 1577539                    /home/priagung/.m2/repository/com/fasterxml/jackson/datatype/jackson-datatype-jdk8/2.9.6/jackson-datatype-jdk8-2.9.6.jar
7f964c002000-7f964c007000 r--s 0004b000 08:15 1577542                    /home/priagung/.m2/repository/com/fasterxml/jackson/core/jackson-core/2.9.6/jackson-core-2.9.6.jar
7f964c007000-7f964c00a000 r--s 0000e000 08:15 1577548                    /home/priagung/.m2/repository/com/fasterxml/jackson/core/jackson-annotations/2.9.0/jackson-annotations-2.9.0.jar
7f964c00a000-7f964c00b000 r--s 00000000 08:15 1577530                    /home/priagung/.m2/repository/org/springframework/boot/spring-boot-starter-json/2.0.4.RELEASE/spring-boot-starter-json-2.0.4.RELEASE.jar
7f964c00b000-7f964c00c000 r--s 00000000 08:15 1446650                    /home/priagung/.m2/repository/org/springframework/boot/spring-boot-starter-web/2.0.4.RELEASE/spring-boot-starter-web-2.0.4.RELEASE.jar
7f964c00c000-7f964c016000 r--s 000bd000 08:15 1971275                    /home/priagung/.m2/repository/org/postgresql/postgresql/42.2.4/postgresql-42.2.4.jar
7f964c016000-7f964c018000 r--s 0000a000 08:15 1971247                    /home/priagung/.m2/repository/org/springframework/spring-aspects/5.0.8.RELEASE/spring-aspects-5.0.8.RELEASE.jar
7f964c018000-7f964c01a000 r--s 00009000 08:15 1446681                    /home/priagung/.m2/repository/org/slf4j/slf4j-api/1.7.25/slf4j-api-1.7.25.jar
7f964c01a000-7f964c027000 r--s 00095000 08:15 1446684                    /home/priagung/.m2/repository/org/springframework/spring-beans/5.0.8.RELEASE/spring-beans-5.0.8.RELEASE.jar
7f964c027000-7f964c02f000 r--s 00037000 08:15 1446951                    /home/priagung/.m2/repository/org/springframework/spring-tx/5.0.8.RELEASE/spring-tx-5.0.8.RELEASE.jar
7f964c02f000-7f964c049000 r--s 000f1000 08:15 1446683                    /home/priagung/.m2/repository/org/springframework/spring-context/5.0.8.RELEASE/spring-context-5.0.8.RELEASE.jar
7f964c049000-7f964c04d000 r--s 0002b000 08:15 1971252                    /home/priagung/.m2/repository/org/springframework/spring-orm/5.0.8.RELEASE/spring-orm-5.0.8.RELEASE.jar
7f964c04d000-7f964c064000 r--s 000f1000 08:15 1446953                    /home/priagung/.m2/repository/org/springframework/data/spring-data-commons/2.0.9.RELEASE/spring-data-commons-2.0.9.RELEASE.jar
7f964c064000-7f964c06c000 r--s 0004b000 08:15 1971250                    /home/priagung/.m2/repository/org/springframework/data/spring-data-jpa/2.0.9.RELEASE/spring-data-jpa-2.0.9.RELEASE.jar
7f964c06c000-7f964c06e000 r--s 00006000 08:15 1971248                    /home/priagung/.m2/repository/javax/transaction/javax.transaction-api/1.2/javax.transaction-api-1.2.jar
7f964c06e000-7f964c073000 r--s 00048000 08:15 1971244                    /home/priagung/.m2/repository/dom4j/dom4j/1.6.1/dom4j-1.6.1.jar
7f964c073000-7f964c0f1000 r--s 005f0000 08:15 1846057                    /home/priagung/.m2/repository/org/hibernate/hibernate-core/5.2.17.Final/hibernate-core-5.2.17.Final.jar
7f964c0f1000-7f964d000000 rw-p 00000000 00:00 0 
7f964d000000-7f964d270000 rwxp 00000000 00:00 0 
7f964d270000-7f965c000000 ---p 00000000 00:00 0 
7f965c000000-7f965c86e000 rw-p 00000000 00:00 0 
7f965c86e000-7f9660000000 ---p 00000000 00:00 0 
7f9660000000-7f9660003000 r--s 00010000 08:15 1971246                    /home/priagung/.m2/repository/org/hibernate/common/hibernate-commons-annotations/5.0.1.Final/hibernate-commons-annotations-5.0.1.Final.jar
7f9660003000-7f9660005000 r--s 0000e000 08:15 1446653                    /home/priagung/.m2/repository/com/fasterxml/classmate/1.3.4/classmate-1.3.4.jar
7f9660005000-7f9660008000 r--s 0002b000 08:15 1709576                    /home/priagung/.m2/repository/org/jboss/jandex/2.0.3.Final/jandex-2.0.3.Final.jar
7f9660008000-7f966000d000 r--s 00068000 08:15 1971236                    /home/priagung/.m2/repository/antlr/antlr/2.7.7/antlr-2.7.7.jar
7f966000d000-7f9660017000 r--s 000ab000 08:15 1971232                    /home/priagung/.m2/repository/org/javassist/javassist/3.22.0-GA/javassist-3.22.0-GA.jar
7f9660017000-7f966001c000 r--s 00017000 08:15 1971230                    /home/priagung/.m2/repository/org/hibernate/javax/persistence/hibernate-jpa-2.1-api/1.0.2.Final/hibernate-jpa-2.1-api-1.0.2.Final.jar
7f966001c000-7f966001e000 r--s 0000f000 08:15 1577557                    /home/priagung/.m2/repository/org/jboss/logging/jboss-logging/3.3.2.Final/jboss-logging-3.3.2.Final.jar
7f966001e000-7f9660027000 r--s 00059000 08:15 1846054                    /home/priagung/.m2/repository/org/springframework/spring-jdbc/5.0.8.RELEASE/spring-jdbc-5.0.8.RELEASE.jar
7f9660027000-7f966002b000 r--s 00020000 08:15 1846052                    /home/priagung/.m2/repository/com/zaxxer/HikariCP/2.7.9/HikariCP-2.7.9.jar
7f966002b000-7f966002c000 r--s 00000000 08:15 1846050                    /home/priagung/.m2/repository/org/springframework/boot/spring-boot-starter-jdbc/2.0.4.RELEASE/spring-boot-starter-jdbc-2.0.4.RELEASE.jar
7f966002c000-7f9660045000 r--s 001bf000 08:15 1846044                    /home/priagung/.m2/repository/org/aspectj/aspectjweaver/1.8.13/aspectjweaver-1.8.13.jar
7f9660045000-7f966004e000 r--s 00051000 08:15 1446674                    /home/priagung/.m2/repository/org/springframework/spring-aop/5.0.8.RELEASE/spring-aop-5.0.8.RELEASE.jar
7f966004e000-7f966004f000 r--s 00000000 08:15 1709574                    /home/priagung/.m2/repository/org/springframework/boot/spring-boot-starter-aop/2.0.4.RELEASE/spring-boot-starter-aop-2.0.4.RELEASE.jar
7f966004f000-7f9660056000 r--s 00042000 08:15 1577529                    /home/priagung/.m2/repository/org/yaml/snakeyaml/1.19/snakeyaml-1.19.jar
7f9660056000-7f9660058000 r--s 00005000 08:15 1577549                    /home/priagung/.m2/repository/javax/annotation/javax.annotation-api/1.3.2/javax.annotation-api-1.3.2.jar
7f9660058000-7f966005a000 r--s 00000000 08:15 1577523                    /home/priagung/.m2/repository/org/slf4j/jul-to-slf4j/1.7.25/jul-to-slf4j-1.7.25.jar
7f966005a000-7f9660060000 r--s 00039000 08:15 1577521                    /home/priagung/.m2/repository/org/apache/logging/log4j/log4j-api/2.10.0/log4j-api-2.10.0.jar
7f9660060000-7f9660062000 r--s 00003000 08:15 1446670                    /home/priagung/.m2/repository/org/apache/logging/log4j/log4j-to-slf4j/2.10.0/log4j-to-slf4j-2.10.0.jar
7f9660062000-7f966006d000 r--s 00069000 08:15 1446666                    /home/priagung/.m2/repository/ch/qos/logback/logback-core/1.2.3/logback-core-1.2.3.jar
7f966006d000-7f9660073000 r--s 00041000 08:15 1446664                    /home/priagung/.m2/repository/ch/qos/logback/logback-classic/1.2.3/logback-classic-1.2.3.jar
7f9660073000-7f9660074000 r--s 00000000 08:15 1446662                    /home/priagung/.m2/repository/org/springframework/boot/spring-boot-starter-logging/2.0.4.RELEASE/spring-boot-starter-logging-2.0.4.RELEASE.jar
7f9660074000-7f9660095000 r--s 000fd000 08:15 1446668                    /home/priagung/.m2/repository/org/springframework/boot/spring-boot-autoconfigure/2.0.4.RELEASE/spring-boot-autoconfigure-2.0.4.RELEASE.jar
7f9660095000-7f96600aa000 r--s 000d0000 08:15 1446657                    /home/priagung/.m2/repository/org/springframework/boot/spring-boot/2.0.4.RELEASE/spring-boot-2.0.4.RELEASE.jar
7f96600aa000-7f96600ab000 r--s 00000000 08:15 1446677                    /home/priagung/.m2/repository/org/springframework/boot/spring-boot-starter/2.0.4.RELEASE/spring-boot-starter-2.0.4.RELEASE.jar
7f96600ab000-7f96600be000 r--s 00345000 08:15 3023519                    /usr/lib/jvm/java-8-oracle/jre/lib/resources.jar
7f96600be000-7f96600d1000 r--s 000d6000 08:15 3023500                    /usr/lib/jvm/java-8-oracle/jre/lib/plugin.jar
7f96600d1000-7f96600d6000 r--s 0009d000 08:15 3023520                    /usr/lib/jvm/java-8-oracle/jre/lib/jsse.jar
7f96600d6000-7f96600d8000 r--s 00007000 08:15 3023528                    /usr/lib/jvm/java-8-oracle/jre/lib/jfxswt.jar
7f96600d8000-7f96600f4000 r--s 0020b000 08:15 3023487                    /usr/lib/jvm/java-8-oracle/jre/lib/deploy.jar
7f96600f4000-7f96602ce000 r--s 03d6b000 08:15 3023515                    /usr/lib/jvm/java-8-oracle/jre/lib/rt.jar
7f96602ce000-7f9660804000 rw-p 00000000 00:00 0 
7f9660804000-7f9660b44000 ---p 00000000 00:00 0 
7f9660b44000-7f9660f19000 rw-p 00000000 00:00 0 
7f9660f19000-7f9660f1a000 ---p 00000000 00:00 0 
7f9660f1a000-7f966101a000 rw-p 00000000 00:00 0 
7f966101a000-7f966101b000 ---p 00000000 00:00 0 
7f966101b000-7f966111b000 rw-p 00000000 00:00 0 
7f966111b000-7f966111c000 ---p 00000000 00:00 0 
7f966111c000-7f966121c000 rw-p 00000000 00:00 0 
7f966121c000-7f966121d000 ---p 00000000 00:00 0 
7f966121d000-7f9661347000 rw-p 00000000 00:00 0 
7f9661347000-7f96615ab000 ---p 00000000 00:00 0 
7f96615ab000-7f96615d5000 rw-p 00000000 00:00 0 
7f96615d5000-7f9661839000 ---p 00000000 00:00 0 
7f9661839000-7f966184e000 rw-p 00000000 00:00 0 
7f966184e000-7f9661980000 ---p 00000000 00:00 0 
7f9661980000-7f966198b000 rw-p 00000000 00:00 0 
7f966198b000-7f9661d41000 ---p 00000000 00:00 0 
7f9661d41000-7f9661d5c000 r-xp 00000000 08:15 3023581                    /usr/lib/jvm/java-8-oracle/jre/lib/amd64/libzip.so
7f9661d5c000-7f9661f5c000 ---p 0001b000 08:15 3023581                    /usr/lib/jvm/java-8-oracle/jre/lib/amd64/libzip.so
7f9661f5c000-7f9661f5d000 rw-p 0001b000 08:15 3023581                    /usr/lib/jvm/java-8-oracle/jre/lib/amd64/libzip.so
7f9661f5d000-7f9661f68000 r-xp 00000000 08:15 923132                     /lib/x86_64-linux-gnu/libnss_files-2.27.so
7f9661f68000-7f9662167000 ---p 0000b000 08:15 923132                     /lib/x86_64-linux-gnu/libnss_files-2.27.so
7f9662167000-7f9662168000 r--p 0000a000 08:15 923132                     /lib/x86_64-linux-gnu/libnss_files-2.27.so
7f9662168000-7f9662169000 rw-p 0000b000 08:15 923132                     /lib/x86_64-linux-gnu/libnss_files-2.27.so
7f9662169000-7f966216f000 rw-p 00000000 00:00 0 
7f966216f000-7f9662186000 r-xp 00000000 08:15 923126                     /lib/x86_64-linux-gnu/libnsl-2.27.so
7f9662186000-7f9662385000 ---p 00017000 08:15 923126                     /lib/x86_64-linux-gnu/libnsl-2.27.so
7f9662385000-7f9662386000 r--p 00016000 08:15 923126                     /lib/x86_64-linux-gnu/libnsl-2.27.so
7f9662386000-7f9662387000 rw-p 00017000 08:15 923126                     /lib/x86_64-linux-gnu/libnsl-2.27.so
7f9662387000-7f9662389000 rw-p 00000000 00:00 0 
7f9662389000-7f9662394000 r-xp 00000000 08:15 923143                     /lib/x86_64-linux-gnu/libnss_nis-2.27.so
7f9662394000-7f9662593000 ---p 0000b000 08:15 923143                     /lib/x86_64-linux-gnu/libnss_nis-2.27.so
7f9662593000-7f9662594000 r--p 0000a000 08:15 923143                     /lib/x86_64-linux-gnu/libnss_nis-2.27.so
7f9662594000-7f9662595000 rw-p 0000b000 08:15 923143                     /lib/x86_64-linux-gnu/libnss_nis-2.27.so
7f9662595000-7f966259d000 r-xp 00000000 08:15 923128                     /lib/x86_64-linux-gnu/libnss_compat-2.27.so
7f966259d000-7f966279d000 ---p 00008000 08:15 923128                     /lib/x86_64-linux-gnu/libnss_compat-2.27.so
7f966279d000-7f966279e000 r--p 00008000 08:15 923128                     /lib/x86_64-linux-gnu/libnss_compat-2.27.so
7f966279e000-7f966279f000 rw-p 00009000 08:15 923128                     /lib/x86_64-linux-gnu/libnss_compat-2.27.so
7f966279f000-7f96627a9000 r-xp 00000000 08:15 3023590                    /usr/lib/jvm/java-8-oracle/jre/lib/amd64/libinstrument.so
7f96627a9000-7f96629a8000 ---p 0000a000 08:15 3023590                    /usr/lib/jvm/java-8-oracle/jre/lib/amd64/libinstrument.so
7f96629a8000-7f96629a9000 rw-p 00009000 08:15 3023590                    /usr/lib/jvm/java-8-oracle/jre/lib/amd64/libinstrument.so
7f96629a9000-7f9663379000 r--p 00000000 08:15 2759365                    /usr/lib/locale/locale-archive
7f9663379000-7f966337b000 r-xp 00000000 08:15 3023554                    /usr/lib/jvm/java-8-oracle/jre/lib/amd64/libnpt.so
7f966337b000-7f966357b000 ---p 00002000 08:15 3023554                    /usr/lib/jvm/java-8-oracle/jre/lib/amd64/libnpt.so
7f966357b000-7f966357c000 rw-p 00002000 08:15 3023554                    /usr/lib/jvm/java-8-oracle/jre/lib/amd64/libnpt.so
7f966357c000-7f96635b6000 r-xp 00000000 08:15 3023568                    /usr/lib/jvm/java-8-oracle/jre/lib/amd64/libjdwp.so
7f96635b6000-7f96637b5000 ---p 0003a000 08:15 3023568                    /usr/lib/jvm/java-8-oracle/jre/lib/amd64/libjdwp.so
7f96637b5000-7f96637b6000 rw-p 00039000 08:15 3023568                    /usr/lib/jvm/java-8-oracle/jre/lib/amd64/libjdwp.so
7f96637b6000-7f96637b7000 rw-p 00000000 00:00 0 
7f96637b7000-7f96637e2000 r-xp 00000000 08:15 3023575                    /usr/lib/jvm/java-8-oracle/jre/lib/amd64/libjava.so
7f96637e2000-7f96639e1000 ---p 0002b000 08:15 3023575                    /usr/lib/jvm/java-8-oracle/jre/lib/amd64/libjava.so
7f96639e1000-7f96639e3000 rw-p 0002a000 08:15 3023575                    /usr/lib/jvm/java-8-oracle/jre/lib/amd64/libjava.so
7f96639e3000-7f96639f0000 r-xp 00000000 08:15 3023580                    /usr/lib/jvm/java-8-oracle/jre/lib/amd64/libverify.so
7f96639f0000-7f9663bf0000 ---p 0000d000 08:15 3023580                    /usr/lib/jvm/java-8-oracle/jre/lib/amd64/libverify.so
7f9663bf0000-7f9663bf2000 rw-p 0000d000 08:15 3023580                    /usr/lib/jvm/java-8-oracle/jre/lib/amd64/libverify.so
7f9663bf2000-7f9663bf9000 r-xp 00000000 08:15 923183                     /lib/x86_64-linux-gnu/librt-2.27.so
7f9663bf9000-7f9663df8000 ---p 00007000 08:15 923183                     /lib/x86_64-linux-gnu/librt-2.27.so
7f9663df8000-7f9663df9000 r--p 00006000 08:15 923183                     /lib/x86_64-linux-gnu/librt-2.27.so
7f9663df9000-7f9663dfa000 rw-p 00007000 08:15 923183                     /lib/x86_64-linux-gnu/librt-2.27.so
7f9663dfa000-7f9663f97000 r-xp 00000000 08:15 923105                     /lib/x86_64-linux-gnu/libm-2.27.so
7f9663f97000-7f9664196000 ---p 0019d000 08:15 923105                     /lib/x86_64-linux-gnu/libm-2.27.so
7f9664196000-7f9664197000 r--p 0019c000 08:15 923105                     /lib/x86_64-linux-gnu/libm-2.27.so
7f9664197000-7f9664198000 rw-p 0019d000 08:15 923105                     /lib/x86_64-linux-gnu/libm-2.27.so
7f9664198000-7f9664e74000 r-xp 00000000 08:15 3157549                    /usr/lib/jvm/java-8-oracle/jre/lib/amd64/server/libjvm.so
7f9664e74000-7f9665074000 ---p 00cdc000 08:15 3157549                    /usr/lib/jvm/java-8-oracle/jre/lib/amd64/server/libjvm.so
7f9665074000-7f966514e000 rw-p 00cdc000 08:15 3157549                    /usr/lib/jvm/java-8-oracle/jre/lib/amd64/server/libjvm.so
7f966514e000-7f9665199000 rw-p 00000000 00:00 0 
7f9665199000-7f9665380000 r-xp 00000000 08:15 923042                     /lib/x86_64-linux-gnu/libc-2.27.so
7f9665380000-7f9665580000 ---p 001e7000 08:15 923042                     /lib/x86_64-linux-gnu/libc-2.27.so
7f9665580000-7f9665584000 r--p 001e7000 08:15 923042                     /lib/x86_64-linux-gnu/libc-2.27.so
7f9665584000-7f9665586000 rw-p 001eb000 08:15 923042                     /lib/x86_64-linux-gnu/libc-2.27.so
7f9665586000-7f966558a000 rw-p 00000000 00:00 0 
7f966558a000-7f966558d000 r-xp 00000000 08:15 923065                     /lib/x86_64-linux-gnu/libdl-2.27.so
7f966558d000-7f966578c000 ---p 00003000 08:15 923065                     /lib/x86_64-linux-gnu/libdl-2.27.so
7f966578c000-7f966578d000 r--p 00002000 08:15 923065                     /lib/x86_64-linux-gnu/libdl-2.27.so
7f966578d000-7f966578e000 rw-p 00003000 08:15 923065                     /lib/x86_64-linux-gnu/libdl-2.27.so
7f966578e000-7f96657a4000 r-xp 00000000 08:15 3283644                    /usr/lib/jvm/java-8-oracle/lib/amd64/jli/libjli.so
7f96657a4000-7f96659a3000 ---p 00016000 08:15 3283644                    /usr/lib/jvm/java-8-oracle/lib/amd64/jli/libjli.so
7f96659a3000-7f96659a4000 rw-p 00015000 08:15 3283644                    /usr/lib/jvm/java-8-oracle/lib/amd64/jli/libjli.so
7f96659a4000-7f96659be000 r-xp 00000000 08:15 923175                     /lib/x86_64-linux-gnu/libpthread-2.27.so
7f96659be000-7f9665bbd000 ---p 0001a000 08:15 923175                     /lib/x86_64-linux-gnu/libpthread-2.27.so
7f9665bbd000-7f9665bbe000 r--p 00019000 08:15 923175                     /lib/x86_64-linux-gnu/libpthread-2.27.so
7f9665bbe000-7f9665bbf000 rw-p 0001a000 08:15 923175                     /lib/x86_64-linux-gnu/libpthread-2.27.so
7f9665bbf000-7f9665bc3000 rw-p 00000000 00:00 0 
7f9665bc3000-7f9665bea000 r-xp 00000000 08:15 923014                     /lib/x86_64-linux-gnu/ld-2.27.so
7f9665bea000-7f9665beb000 r--s 00000000 08:15 1709572                    /home/priagung/.m2/repository/org/springframework/boot/spring-boot-starter-data-jpa/2.0.4.RELEASE/spring-boot-starter-data-jpa-2.0.4.RELEASE.jar
7f9665beb000-7f9665bf0000 r--s 00084000 08:15 3023486                    /usr/lib/jvm/java-8-oracle/jre/lib/jfr.jar
7f9665bf0000-7f9665bf9000 r--s 0006d000 08:15 3023496                    /usr/lib/jvm/java-8-oracle/jre/lib/javaws.jar
7f9665bf9000-7f9665cca000 rw-p 00000000 00:00 0 
7f9665cca000-7f9665ccb000 ---p 00000000 00:00 0 
7f9665ccb000-7f9665cce000 ---p 00000000 00:00 0 
7f9665cce000-7f9665dcf000 rw-p 00000000 00:00 0 
7f9665dcf000-7f9665dd0000 r--s 00000000 08:15 3023493                    /usr/lib/jvm/java-8-oracle/jre/lib/management-agent.jar
7f9665dd0000-7f9665dd3000 r--s 0001a000 08:15 3023526                    /usr/lib/jvm/java-8-oracle/jre/lib/jce.jar
7f9665dd3000-7f9665dd8000 r--s 002f9000 08:15 3023513                    /usr/lib/jvm/java-8-oracle/jre/lib/charsets.jar
7f9665dd8000-7f9665dda000 r--s 00008000 08:15 1967934                    /opt/idea-IU-182.4323.46/plugins/junit/lib/junit5-rt.jar
7f9665dda000-7f9665ddc000 r--s 00020000 08:15 1967933                    /opt/idea-IU-182.4323.46/plugins/junit/lib/junit-rt.jar
7f9665ddc000-7f9665dde000 r--s 0001a000 08:15 1188030                    /opt/idea-IU-182.4323.46/lib/idea_rt.jar
7f9665dde000-7f9665de0000 r--s 00001000 08:15 1316048                    /opt/idea-IU-182.4323.46/lib/rt/debugger-agent-storage.jar
7f9665de0000-7f9665de8000 rw-s 00000000 08:15 2907605                    /tmp/hsperfdata_priagung/19156
7f9665de8000-7f9665de9000 rw-p 00000000 00:00 0 
7f9665de9000-7f9665dea000 ---p 00000000 00:00 0 
7f9665dea000-7f9665deb000 r--p 00027000 08:15 923014                     /lib/x86_64-linux-gnu/ld-2.27.so
7f9665deb000-7f9665dec000 rw-p 00028000 08:15 923014                     /lib/x86_64-linux-gnu/ld-2.27.so
7f9665dec000-7f9665ded000 rw-p 00000000 00:00 0 
7ffc510d3000-7ffc510f6000 rw-p 00000000 00:00 0                          [stack]
7ffc51169000-7ffc5116c000 r--p 00000000 00:00 0                          [vvar]
7ffc5116c000-7ffc5116e000 r-xp 00000000 00:00 0                          [vdso]
ffffffffff600000-ffffffffff601000 r-xp 00000000 00:00 0                  [vsyscall]

VM Arguments:
jvm_args: -agentlib:jdwp=transport=dt_socket,address=127.0.0.1:42857,suspend=y,server=n -ea -Didea.test.cyclic.buffer.size=1048576 -javaagent:/opt/idea-IU-182.4323.46/lib/rt/debugger-agent.jar=file:/tmp/capture.props -Dfile.encoding=UTF-8 
java_command: com.intellij.rt.execution.junit.JUnitStarter -ideVersion5 -junit4 com.future.OfficeInventorySystem.service.UserServiceImplTest,createUserSuperiorNotFoundTest
java_class_path (initial): /opt/idea-IU-182.4323.46/lib/idea_rt.jar:/opt/idea-IU-182.4323.46/plugins/junit/lib/junit-rt.jar:/opt/idea-IU-182.4323.46/plugins/junit/lib/junit5-rt.jar:/usr/lib/jvm/java-8-oracle/jre/lib/charsets.jar:/usr/lib/jvm/java-8-oracle/jre/lib/deploy.jar:/usr/lib/jvm/java-8-oracle/jre/lib/ext/cldrdata.jar:/usr/lib/jvm/java-8-oracle/jre/lib/ext/dnsns.jar:/usr/lib/jvm/java-8-oracle/jre/lib/ext/jaccess.jar:/usr/lib/jvm/java-8-oracle/jre/lib/ext/jfxrt.jar:/usr/lib/jvm/java-8-oracle/jre/lib/ext/localedata.jar:/usr/lib/jvm/java-8-oracle/jre/lib/ext/nashorn.jar:/usr/lib/jvm/java-8-oracle/jre/lib/ext/sunec.jar:/usr/lib/jvm/java-8-oracle/jre/lib/ext/sunjce_provider.jar:/usr/lib/jvm/java-8-oracle/jre/lib/ext/sunpkcs11.jar:/usr/lib/jvm/java-8-oracle/jre/lib/ext/zipfs.jar:/usr/lib/jvm/java-8-oracle/jre/lib/javaws.jar:/usr/lib/jvm/java-8-oracle/jre/lib/jce.jar:/usr/lib/jvm/java-8-oracle/jre/lib/jfr.jar:/usr/lib/jvm/java-8-oracle/jre/lib/jfxswt.jar:/usr/lib/jvm/java-8-oracle/jre/lib/jsse.jar:/usr/lib/jvm/java-8-oracle/jre/lib/management-agent.jar:/usr/lib/jvm/java-8-oracle/jre/lib/plugin.jar:/usr/lib/jvm/java-8-oracle/jre/lib/resources.jar:/usr/lib/jvm/java-8-oracle/jre/lib/rt.jar:/home/priagung/future-project-office-inventory-system/target/test-classes:/home/priagung/future-project-office-inventory-system/target/classes:/home/priagung/.m2/repository/org/springframework/boot/spring-boot-starter-data-jpa/2.0.4.RELEASE/spring-boot-starter-data-jpa-2.0.4.RELEASE.jar:/home/priagung/.m2/repository/org/springframework/boot/spring-boot-starter/2.0.4.RELEASE/spring-boot-starter-2.0.4.RELEASE.jar:/home/priagung/.m2/repository/org/springframework/boot/spring-boot/2.0.4.RELEASE/spring-boot-2.0.4.RELEASE.jar:/home/priagung/.m2/repository/org/springframework/boot/spring-boot-autoconfigure/2.0.4.RELEASE/spring-boot-autoconfigure-2.0.4.RELEASE.jar:/home/priagung/.m2/repository/org/springframework/boot/spring-boot-starter-logging/2.0.4.RELEASE/spring-boot-starter-logging-2.
Launcher Type: SUN_STANDARD

Environment Variables:
JAVA_HOME=/usr/lib/jvm/java-8-oracle
PATH=/home/priagung/.local/bin:/usr/local/sbin:/usr/local/bin:/usr/sbin:/usr/bin:/sbin:/bin:/usr/games:/usr/local/games:/snap/bin:/usr/lib/jvm/java-8-oracle/bin:/usr/lib/jvm/java-8-oracle/db/bin:/usr/lib/jvm/java-8-oracle/jre/bin
USERNAME=priagung
SHELL=/usr/bin/zsh
DISPLAY=:0

Signal Handlers:
SIGSEGV: [libjvm.so+0xad2a40], sa_mask[0]=11111111011111111101111111111110, sa_flags=SA_RESTART|SA_SIGINFO
SIGBUS: [libjvm.so+0xad2a40], sa_mask[0]=11111111011111111101111111111110, sa_flags=SA_RESTART|SA_SIGINFO
SIGFPE: [libjvm.so+0x92a610], sa_mask[0]=11111111011111111101111111111110, sa_flags=SA_RESTART|SA_SIGINFO
SIGPIPE: [libjvm.so+0x92a610], sa_mask[0]=11111111011111111101111111111110, sa_flags=SA_RESTART|SA_SIGINFO
SIGXFSZ: [libjvm.so+0x92a610], sa_mask[0]=11111111011111111101111111111110, sa_flags=SA_RESTART|SA_SIGINFO
SIGILL: [libjvm.so+0x92a610], sa_mask[0]=11111111011111111101111111111110, sa_flags=SA_RESTART|SA_SIGINFO
SIGUSR1: SIG_DFL, sa_mask[0]=00000000000000000000000000000000, sa_flags=none
SIGUSR2: [libjvm.so+0x92be70], sa_mask[0]=00100000000000000000000000000000, sa_flags=SA_RESTART|SA_SIGINFO
SIGHUP: [libjvm.so+0x92d270], sa_mask[0]=11111111011111111101111111111110, sa_flags=SA_RESTART|SA_SIGINFO
SIGINT: [libjvm.so+0x92d270], sa_mask[0]=11111111011111111101111111111110, sa_flags=SA_RESTART|SA_SIGINFO
SIGTERM: [libjvm.so+0x92d270], sa_mask[0]=11111111011111111101111111111110, sa_flags=SA_RESTART|SA_SIGINFO
SIGQUIT: [libjvm.so+0x92d270], sa_mask[0]=11111111011111111101111111111110, sa_flags=SA_RESTART|SA_SIGINFO


---------------  S Y S T E M  ---------------

OS:DISTRIB_ID=Ubuntu
DISTRIB_RELEASE=18.04
DISTRIB_CODENAME=bionic
DISTRIB_DESCRIPTION="Ubuntu 18.04.1 LTS"

uname:Linux 4.15.0-36-generic #39-Ubuntu SMP Mon Sep 24 16:19:09 UTC 2018 x86_64
libc:glibc 2.27 NPTL 2.27 
rlimit: STACK 8192k, CORE 0k, NPROC 30868, NOFILE 1048576, AS infinity
load average:5.67 3.51 2.53

/proc/meminfo:
MemTotal:        8033496 kB
MemFree:          598532 kB
MemAvailable:    2106696 kB
Buffers:          285984 kB
Cached:          1467636 kB
SwapCached:            0 kB
Active:          6149596 kB
Inactive:         702536 kB
Active(anon):    4937296 kB
Inactive(anon):   296132 kB
Active(file):    1212300 kB
Inactive(file):   406404 kB
Unevictable:         192 kB
Mlocked:             192 kB
SwapTotal:       2097148 kB
SwapFree:        2096892 kB
Dirty:             32800 kB
Writeback:             0 kB
AnonPages:       5098672 kB
Mapped:           593612 kB
Shmem:            134916 kB
Slab:             282164 kB
SReclaimable:     198300 kB
SUnreclaim:        83864 kB
KernelStack:       21960 kB
PageTables:       103540 kB
NFS_Unstable:          0 kB
Bounce:                0 kB
WritebackTmp:          0 kB
CommitLimit:     6113896 kB
Committed_AS:   16362328 kB
VmallocTotal:   34359738367 kB
VmallocUsed:           0 kB
VmallocChunk:          0 kB
HardwareCorrupted:     0 kB
AnonHugePages:     22528 kB
ShmemHugePages:        0 kB
ShmemPmdMapped:        0 kB
CmaTotal:              0 kB
CmaFree:               0 kB
HugePages_Total:       0
HugePages_Free:        0
HugePages_Rsvd:        0
HugePages_Surp:        0
Hugepagesize:       2048 kB
DirectMap4k:      514676 kB
DirectMap2M:     7739392 kB
DirectMap1G:           0 kB


CPU:total 4 (initial active 4) (2 cores per cpu, 2 threads per core) family 6 model 142 stepping 9, cmov, cx8, fxsr, mmx, sse, sse2, sse3, ssse3, sse4.1, sse4.2, popcnt, avx, avx2, aes, clmul, erms, 3dnowpref, lzcnt, ht, tsc, tscinvbit, bmi1, bmi2, adx

/proc/cpuinfo:
processor	: 0
vendor_id	: GenuineIntel
cpu family	: 6
model		: 142
model name	: Intel(R) Core(TM) i5-7200U CPU @ 2.50GHz
stepping	: 9
microcode	: 0x8e
cpu MHz		: 3100.000
cache size	: 3072 KB
physical id	: 0
siblings	: 4
core id		: 0
cpu cores	: 2
apicid		: 0
initial apicid	: 0
fpu		: yes
fpu_exception	: yes
cpuid level	: 22
wp		: yes
flags		: fpu vme de pse tsc msr pae mce cx8 apic sep mtrr pge mca cmov pat pse36 clflush dts acpi mmx fxsr sse sse2 ss ht tm pbe syscall nx pdpe1gb rdtscp lm constant_tsc art arch_perfmon pebs bts rep_good nopl xtopology nonstop_tsc cpuid aperfmperf tsc_known_freq pni pclmulqdq dtes64 monitor ds_cpl vmx est tm2 ssse3 sdbg fma cx16 xtpr pdcm pcid sse4_1 sse4_2 x2apic movbe popcnt tsc_deadline_timer aes xsave avx f16c rdrand lahf_lm abm 3dnowprefetch cpuid_fault epb invpcid_single pti ssbd ibrs ibpb stibp tpr_shadow vnmi flexpriority ept vpid fsgsbase tsc_adjust bmi1 avx2 smep bmi2 erms invpcid mpx rdseed adx smap clflushopt intel_pt xsaveopt xsavec xgetbv1 xsaves dtherm ida arat pln pts hwp hwp_notify hwp_act_window hwp_epp flush_l1d
bugs		: cpu_meltdown spectre_v1 spectre_v2 spec_store_bypass l1tf
bogomips	: 5424.00
clflush size	: 64
cache_alignment	: 64
address sizes	: 39 bits physical, 48 bits virtual
power management:

processor	: 1
vendor_id	: GenuineIntel
cpu family	: 6
model		: 142
model name	: Intel(R) Core(TM) i5-7200U CPU @ 2.50GHz
stepping	: 9
microcode	: 0x8e
cpu MHz		: 3099.999
cache size	: 3072 KB
physical id	: 0
siblings	: 4
core id		: 1
cpu cores	: 2
apicid		: 2
initial apicid	: 2
fpu		: yes
fpu_exception	: yes
cpuid level	: 22
wp		: yes
flags		: fpu vme de pse tsc msr pae mce cx8 apic sep mtrr pge mca cmov pat pse36 clflush dts acpi mmx fxsr sse sse2 ss ht tm pbe syscall nx pdpe1gb rdtscp lm constant_tsc art arch_perfmon pebs bts rep_good nopl xtopology nonstop_tsc cpuid aperfmperf tsc_known_freq pni pclmulqdq dtes64 monitor ds_cpl vmx est tm2 ssse3 sdbg fma cx16 xtpr pdcm pcid sse4_1 sse4_2 x2apic movbe popcnt tsc_deadline_timer aes xsave avx f16c rdrand lahf_lm abm 3dnowprefetch cpuid_fault epb invpcid_single pti tpr_shadow vnmi flexpriority ept vpid fsgsbase tsc_adjust bmi1 avx2 smep bmi2 erms invpcid mpx rdseed adx smap clflushopt intel_pt xsaveopt xsavec xgetbv1 xsaves dtherm ida arat pln pts hwp hwp_notify hwp_act_window hwp_epp
bugs		: cpu_meltdown spectre_v1 spectre_v2 spec_store_bypass l1tf
bogomips	: 5424.00
clflush size	: 64
cache_alignment	: 64
address sizes	: 39 bits physical, 48 bits virtual
power management:

processor	: 2
vendor_id	: GenuineIntel
cpu family	: 6
model		: 142
model name	: Intel(R) Core(TM) i5-7200U CPU @ 2.50GHz
stepping	: 9
microcode	: 0x8e
cpu MHz		: 3099.997
cache size	: 3072 KB
physical id	: 0
siblings	: 4
core id		: 0
cpu cores	: 2
apicid		: 1
initial apicid	: 1
fpu		: yes
fpu_exception	: yes
cpuid level	: 22
wp		: yes
flags		: fpu vme de pse tsc msr pae mce cx8 apic sep mtrr pge mca cmov pat pse36 clflush dts acpi mmx fxsr sse sse2 ss ht tm pbe syscall nx pdpe1gb rdtscp lm constant_tsc art arch_perfmon pebs bts rep_good nopl xtopology nonstop_tsc cpuid aperfmperf tsc_known_freq pni pclmulqdq dtes64 monitor ds_cpl vmx est tm2 ssse3 sdbg fma cx16 xtpr pdcm pcid sse4_1 sse4_2 x2apic movbe popcnt tsc_deadline_timer aes xsave avx f16c rdrand lahf_lm abm 3dnowprefetch cpuid_fault epb invpcid_single pti ssbd ibrs ibpb stibp tpr_shadow vnmi flexpriority ept vpid fsgsbase tsc_adjust bmi1 avx2 smep bmi2 erms invpcid mpx rdseed adx smap clflushopt intel_pt xsaveopt xsavec xgetbv1 xsaves dtherm ida arat pln pts hwp hwp_notify hwp_act_window hwp_epp flush_l1d
bugs		: cpu_meltdown spectre_v1 spectre_v2 spec_store_bypass l1tf
bogomips	: 5424.00
clflush size	: 64
cache_alignment	: 64
address sizes	: 39 bits physical, 48 bits virtual
power management:

processor	: 3
vendor_id	: GenuineIntel
cpu family	: 6
model		: 142
model name	: Intel(R) Core(TM) i5-7200U CPU @ 2.50GHz
stepping	: 9
microcode	: 0x8e
cpu MHz		: 3100.000
cache size	: 3072 KB
physical id	: 0
siblings	: 4
core id		: 1
cpu cores	: 2
apicid		: 3
initial apicid	: 3
fpu		: yes
fpu_exception	: yes
cpuid level	: 22
wp		: yes
flags		: fpu vme de pse tsc msr pae mce cx8 apic sep mtrr pge mca cmov pat pse36 clflush dts acpi mmx fxsr sse sse2 ss ht tm pbe syscall nx pdpe1gb rdtscp lm constant_tsc art arch_perfmon pebs bts rep_good nopl xtopology nonstop_tsc cpuid aperfmperf tsc_known_freq pni pclmulqdq dtes64 monitor ds_cpl vmx est tm2 ssse3 sdbg fma cx16 xtpr pdcm pcid sse4_1 sse4_2 x2apic movbe popcnt tsc_deadline_timer aes xsave avx f16c rdrand lahf_lm abm 3dnowprefetch cpuid_fault epb invpcid_single pti ssbd ibrs ibpb stibp tpr_shadow vnmi flexpriority ept vpid fsgsbase tsc_adjust bmi1 avx2 smep bmi2 erms invpcid mpx rdseed adx smap clflushopt intel_pt xsaveopt xsavec xgetbv1 xsaves dtherm ida arat pln pts hwp hwp_notify hwp_act_window hwp_epp flush_l1d
bugs		: cpu_meltdown spectre_v1 spectre_v2 spec_store_bypass l1tf
bogomips	: 5424.00
clflush size	: 64
cache_alignment	: 64
address sizes	: 39 bits physical, 48 bits virtual
power management:



Memory: 4k page, physical 8033496k(598544k free), swap 2097148k(2096892k free)

vm_info: Java HotSpot(TM) 64-Bit Server VM (25.181-b13) for linux-amd64 JRE (1.8.0_181-b13), built on Jul  7 2018 00:56:38 by "java_re" with gcc 4.3.0 20080428 (Red Hat 4.3.0-8)

time: Sun Oct 21 14:36:58 2018
elapsed time: 1464 seconds (0d 0h 24m 24s)

