#
# A fatal error has been detected by the Java Runtime Environment:
#
#  SIGSEGV (0xb) at pc=0x00007f830c9e7206, pid=18941, tid=0x00007f82f43ea700
#
# JRE version: Java(TM) SE Runtime Environment (8.0_181-b13) (build 1.8.0_181-b13)
# Java VM: Java HotSpot(TM) 64-Bit Server VM (25.181-b13 mixed mode linux-amd64 compressed oops)
# Problematic frame:
# V  [libjvm.so+0x5f5206]  GenerateOopMap::do_field(int, int, int, int)+0x46
#
# Failed to write core dump. Core dumps have been disabled. To enable core dumping, try "ulimit -c unlimited" before starting Java again
#
# If you would like to submit a bug report, please visit:
#   http://bugreport.java.com/bugreport/crash.jsp
#

---------------  T H R E A D  ---------------

Current thread (0x00007f8308148800):  VMThread [stack: 0x00007f82f42eb000,0x00007f82f43eb000] [id=18954]

siginfo: si_signo: 11 (SIGSEGV), si_code: 1 (SEGV_MAPERR), si_addr: 0x0000000000220029

Registers:
RAX=0x0000000000220021, RBX=0x00007f82f5973ad8, RCX=0x000000000000002b, RDX=0x00007f82f59a1260
RSP=0x00007f82f43e8da0, RBP=0x00007f82f43e8e00, RSI=0x0000000000000014, RDI=0x00007f82f5973ad8
R8 =0x000000000000001d, R9 =0x00007f82f5974298, R10=0x0000000000000007, R11=0x0000000000000000
R12=0x000000000000001d, R13=0x00007f82f43e9090, R14=0x00007f830d3ab320, R15=0x0000000000000001
RIP=0x00007f830c9e7206, EFLAGS=0x0000000000010206, CSGSFS=0x002b000000000033, ERR=0x0000000000000004
  TRAPNO=0x000000000000000e

Top of Stack: (sp=0x00007f82f43e8da0)
0x00007f82f43e8da0:   000000000000001d 00000000f43e8e40
0x00007f82f43e8db0:   00007f82f43e8e00 00007f830c9ec65c
0x00007f82f43e8dc0:   0000000046000016 00007f830c9ef2ad
0x00007f82f43e8dd0:   00007f82f5974298 00000000000000b4
0x00007f82f43e8de0:   00000000000000b4 00007f82f43e9090
0x00007f82f43e8df0:   00007f830d3ab320 00007f82f597425d
0x00007f82f43e8e00:   00007f82f43e8ee0 00007f830c9ed34b
0x00007f82f43e8e10:   0000000000000001 00007f82f43e8e70
0x00007f82f43e8e20:   00007f82f43e8e48 00007f82f43e8e40
0x00007f82f43e8e30:   00007f8308057950 0000002bf43e8e80
0x00007f82f43e8e40:   00007f82f43e8e58 00007f82f5974298
0x00007f82f43e8e50:   00007f8308148800 000000200000001d
0x00007f82f43e8e60:   000000b40000002b 000000b400000000
0x00007f82f43e8e70:   00007f82f5974298 00007f8308148800
0x00007f82f43e8e80:   00007f82f5974298 00007f8308148800
0x00007f82f43e8e90:   00007f82f5974298 00007f8308148800
0x00007f82f43e8ea0:   00007f82f5974298 00007f82f5974298
0x00007f82f43e8eb0:   00007f8308148800 0000000000000000
0x00007f82f43e8ec0:   0000000000000000 00007f82f43e9090
0x00007f82f43e8ed0:   00007f82f43e8ef0 00007f82f43e8f90
0x00007f82f43e8ee0:   00007f82f43e8f40 00007f830c9ee21a
0x00007f82f43e8ef0:   00007f830d35ead0 00007f830dea6330
0x00007f82f43e8f00:   0000000000000002 00007f82f5974298
0x00007f82f43e8f10:   00007f8308057980 00007f8200000001
0x00007f82f43e8f20:   00007f82f43e8fc0 00007f82f43e9090
0x00007f82f43e8f30:   00007f830d37b9a8 00007f82f43e8f60
0x00007f82f43e8f40:   00007f82f43e9000 00007f830c9ee5cd
0x00007f82f43e8f50:   00007f82f43e9100 00007f8308148800
0x00007f82f43e8f60:   00007f82f5950000 0000000000000000
0x00007f82f43e8f70:   00007f82f43e90c0 0000000400000000
0x00007f82f43e8f80:   00007f830d3445d0 00007f82f5974298
0x00007f82f43e8f90:   00007f8308140100 0000000000000000 

Instructions: (pc=0x00007f830c9e7206)
0x00007f830c9e71e6:   8b 40 08 48 8b 58 08 48 89 df e8 9b 19 f0 ff 48
0x00007f830c9e71f6:   89 df 89 c6 e8 41 1a f0 ff 48 98 48 8b 44 c3 50
0x00007f830c9e7206:   0f b6 40 08 3c 4c 0f 84 d6 00 00 00 3c 5b 0f 84
0x00007f830c9e7216:   ce 00 00 00 3c 4a 0f 84 9e 01 00 00 3c 44 0f 1f 

Register to memory mapping:

RAX=0x0000000000220021 is an unknown value
RBX=0x00007f82f5973ad8 is pointing into metadata
RCX=0x000000000000002b is an unknown value
RDX=0x00007f82f59a1260 is pointing into metadata
RSP=0x00007f82f43e8da0 is an unknown value
RBP=0x00007f82f43e8e00 is an unknown value
RSI=0x0000000000000014 is an unknown value
RDI=0x00007f82f5973ad8 is pointing into metadata
R8 =0x000000000000001d is an unknown value
R9 ={method} {0x00007f82f5974298} 'createUserSuperiorNotFoundTest' '()V' in 'com/future/OfficeInventorySystem/service/UserServiceImplTest'
R10=0x0000000000000007 is an unknown value
R11=0x0000000000000000 is an unknown value
R12=0x000000000000001d is an unknown value
R13=0x00007f82f43e9090 is an unknown value
R14=0x00007f830d3ab320: <offset 0xfb9320> in /usr/lib/jvm/java-8-oracle/jre/lib/amd64/server/libjvm.so at 0x00007f830c3f2000
R15=0x0000000000000001 is an unknown value


Stack: [0x00007f82f42eb000,0x00007f82f43eb000],  sp=0x00007f82f43e8da0,  free space=1015k
Native frames: (J=compiled Java code, j=interpreted, Vv=VM code, C=native code)
V  [libjvm.so+0x5f5206]  GenerateOopMap::do_field(int, int, int, int)+0x46
V  [libjvm.so+0x5fb34b]  GenerateOopMap::interp_bb(BasicBlock*)+0x2fb
V  [libjvm.so+0x5fc21a]  GenerateOopMap::do_interpretation()+0x17a
V  [libjvm.so+0x5fc5cd]  GenerateOopMap::compute_map(Thread*)+0x34d
V  [libjvm.so+0x91fcd4]  OopMapForCacheEntry::compute_map(Thread*)+0xb4
V  [libjvm.so+0x921a92]  OopMapCacheEntry::fill(methodHandle, int)+0x2d2
V  [libjvm.so+0x922244]  OopMapCache::compute_one_oop_map(methodHandle, int, InterpreterOopMap*)+0x124
V  [libjvm.so+0x922bee]  OopMapCache::lookup(methodHandle, int, InterpreterOopMap*) const+0x6de
V  [libjvm.so+0x64ab92]  InstanceKlass::mask_for(methodHandle, int, InterpreterOopMap*)+0x82
V  [libjvm.so+0x8bd3fd]  Method::mask_for(int, InterpreterOopMap*)+0x9d
V  [libjvm.so+0x7affb4]  VM_GetOrSetLocal::doit()+0x54
V  [libjvm.so+0xadb745]  VM_Operation::evaluate()+0x55
V  [libjvm.so+0xad9b0a]  VMThread::evaluate_operation(VM_Operation*)+0xba
V  [libjvm.so+0xad9e8e]  VMThread::loop()+0x1ce
V  [libjvm.so+0xada300]  VMThread::run()+0x70
V  [libjvm.so+0x930198]  java_start(Thread*)+0x108

VM_Operation (0x00007f82e01ad740): GetOrSetLocal, mode: safepoint, requested by thread 0x00007f8308194800


---------------  P R O C E S S  ---------------

Java Threads: ( => current thread )
  0x00007f83085b3000 JavaThread "Service Thread" daemon [_thread_blocked, id=18974, stack(0x00007f82d3637000,0x00007f82d3738000)]
  0x00007f83085af000 JavaThread "C1 CompilerThread2" daemon [_thread_blocked, id=18973, stack(0x00007f82d3739000,0x00007f82d3839000)]
  0x00007f83085ad000 JavaThread "C2 CompilerThread1" daemon [_thread_blocked, id=18972, stack(0x00007f82d383a000,0x00007f82d393a000)]
  0x00007f83085a6800 JavaThread "C2 CompilerThread0" daemon [_thread_blocked, id=18971, stack(0x00007f82d393b000,0x00007f82d3a3b000)]
  0x00007f82c4001000 JavaThread "JDWP Command Reader" daemon [_thread_in_native, id=18967, stack(0x00007f82d3bfa000,0x00007f82d3cfb000)]
  0x00007f8308198000 JavaThread "JDWP Event Helper Thread" daemon [_thread_blocked, id=18966, stack(0x00007f82d3cfb000,0x00007f82d3dfc000)]
  0x00007f8308194800 JavaThread "JDWP Transport Listener: dt_socket" daemon [_thread_blocked, id=18963, stack(0x00007f82e00ae000,0x00007f82e01af000)]
  0x00007f8308186000 JavaThread "Signal Dispatcher" daemon [_thread_blocked, id=18962, stack(0x00007f82e01af000,0x00007f82e02b0000)]
  0x00007f8308154800 JavaThread "Finalizer" daemon [_thread_blocked, id=18959, stack(0x00007f82f40e8000,0x00007f82f41e9000)]
  0x00007f8308152000 JavaThread "Reference Handler" daemon [_thread_blocked, id=18957, stack(0x00007f82f41e9000,0x00007f82f42ea000)]
  0x00007f8308013000 JavaThread "main" [_thread_blocked, id=18945, stack(0x00007f830df25000,0x00007f830e025000)]

Other Threads:
=>0x00007f8308148800 VMThread [stack: 0x00007f82f42eb000,0x00007f82f43eb000] [id=18954]
  0x00007f83085b8000 WatcherThread [stack: 0x00007f82d3537000,0x00007f82d3637000] [id=18975]

VM state:at safepoint (normal execution)

VM Mutex/Monitor currently owned by a thread:  ([mutex/lock_event])
[0x00007f8308007e70] Threads_lock - owner thread: 0x00007f8308148800

Heap:
 PSYoungGen      total 36864K, used 14723K [0x00000000d7200000, 0x00000000d9b00000, 0x0000000100000000)
  eden space 31744K, 46% used [0x00000000d7200000,0x00000000d8060cb8,0x00000000d9100000)
  from space 5120K, 0% used [0x00000000d9600000,0x00000000d9600000,0x00000000d9b00000)
  to   space 5120K, 0% used [0x00000000d9100000,0x00000000d9100000,0x00000000d9600000)
 ParOldGen       total 84992K, used 0K [0x0000000085600000, 0x000000008a900000, 0x00000000d7200000)
  object space 84992K, 0% used [0x0000000085600000,0x0000000085600000,0x000000008a900000)
 Metaspace       used 4952K, capacity 5350K, committed 5504K, reserved 1056768K
  class space    used 566K, capacity 593K, committed 640K, reserved 1048576K

Card table byte_map: [0x00007f82f67b1000,0x00007f82f6b87000] byte_map_base: 0x00007f82f6386000

Marking Bits: (ParMarkBitMap*) 0x00007f830d3c60a0
 Begin Bits: [0x00007f82e02b0000, 0x00007f82e2158000)
 End Bits:   [0x00007f82e2158000, 0x00007f82e4000000)

Polling page: 0x00007f830e043000

CodeCache: size=245760Kb used=2028Kb max_used=2028Kb free=243731Kb
 bounds [0x00007f82f6f47000, 0x00007f82f71b7000, 0x00007f8305f47000]
 total_blobs=620 nmethods=363 adapters=179
 compilation: enabled

Compilation events (10 events):
Event: 0.812 Thread 0x00007f83085af000  360       3       sun.misc.PerfCounter::increment (6 bytes)
Event: 0.813 Thread 0x00007f83085af000 nmethod 360 0x00007f82f7140b10 code [0x00007f82f7140cc0, 0x00007f82f71413d8]
Event: 0.813 Thread 0x00007f83085af000  358   !   3       java.util.zip.ZipFile$ZipFileInflaterInputStream::close (67 bytes)
Event: 0.813 Thread 0x00007f83085af000 nmethod 358 0x00007f82f713fd10 code [0x00007f82f713ff00, 0x00007f82f7140718]
Event: 0.813 Thread 0x00007f83085af000  359       3       java.util.zip.InflaterInputStream::close (34 bytes)
Event: 0.813 Thread 0x00007f83085af000 nmethod 359 0x00007f82f713f790 code [0x00007f82f713f920, 0x00007f82f713fc18]
Event: 0.948 Thread 0x00007f83085af000  363       3       java.lang.StringBuilder::append (8 bytes)
Event: 0.948 Thread 0x00007f83085af000 nmethod 363 0x00007f82f713f3d0 code [0x00007f82f713f540, 0x00007f82f713f6e8]
Event: 0.971 Thread 0x00007f83085af000  364       3       java.lang.AbstractStringBuilder::append (50 bytes)
Event: 0.972 Thread 0x00007f83085af000 nmethod 364 0x00007f82f7142950 code [0x00007f82f7142b20, 0x00007f82f7143258]

GC Heap History (0 events):
No events

Deoptimization events (2 events):
Event: 0.948 Thread 0x00007f8308013000 Uncommon trap: reason=unstable_if action=reinterpret pc=0x00007f82f713b108 method=java.lang.AbstractStringBuilder.append(Ljava/lang/String;)Ljava/lang/AbstractStringBuilder; @ 1
Event: 0.948 Thread 0x00007f8308013000 Uncommon trap: reason=unstable_if action=reinterpret pc=0x00007f82f713bd24 method=java.lang.AbstractStringBuilder.append(Ljava/lang/String;)Ljava/lang/AbstractStringBuilder; @ 1

Classes redefined (7 events):
Event: 136.696 Thread 0x00007f8308148800 redefined class name=com.future.OfficeInventorySystem.service.UserServiceImplTest, count=1
Event: 209.416 Thread 0x00007f8308148800 redefined class name=com.future.OfficeInventorySystem.service.UserServiceImplTest, count=2
Event: 321.790 Thread 0x00007f8308148800 redefined class name=com.future.OfficeInventorySystem.service.UserServiceImplTest, count=3
Event: 383.398 Thread 0x00007f8308148800 redefined class name=com.future.OfficeInventorySystem.service.UserServiceImplTest, count=4
Event: 956.655 Thread 0x00007f8308148800 redefined class name=com.future.OfficeInventorySystem.service.UserServiceImplTest, count=5
Event: 1179.620 Thread 0x00007f8308148800 redefined class name=com.future.OfficeInventorySystem.service.UserServiceImplTest, count=6
Event: 1525.711 Thread 0x00007f8308148800 redefined class name=com.future.OfficeInventorySystem.service.UserServiceImplTest, count=7

Internal exceptions (9 events):
Event: 0.060 Thread 0x00007f8308013000 Exception <a 'java/lang/NoSuchMethodError': Method sun.misc.Unsafe.defineClass(Ljava/lang/String;[BII)Ljava/lang/Class; name or signature does not match> (0x00000000d7207cb0) thrown at [/HUDSON/workspace/8-2-build-linux-amd64/jdk8u181/11358/hotspot/src/sh
Event: 0.070 Thread 0x00007f8308013000 Exception <a 'java/lang/NoSuchMethodError': Method sun.misc.Unsafe.prefetchRead(Ljava/lang/Object;J)V name or signature does not match> (0x00000000d7207f98) thrown at [/HUDSON/workspace/8-2-build-linux-amd64/jdk8u181/11358/hotspot/src/share/vm/prims/jni.c
Event: 0.408 Thread 0x00007f8308013000 Exception <a 'java/io/FileNotFoundException'> (0x00000000d771eb10) thrown at [/HUDSON/workspace/8-2-build-linux-amd64/jdk8u181/11358/hotspot/src/share/vm/prims/jni.cpp, line 709]
Event: 0.442 Thread 0x00007f8308013000 Exception <a 'java/security/PrivilegedActionException'> (0x00000000d7774f78) thrown at [/HUDSON/workspace/8-2-build-linux-amd64/jdk8u181/11358/hotspot/src/share/vm/prims/jvm.cpp, line 1435]
Event: 0.442 Thread 0x00007f8308013000 Exception <a 'java/security/PrivilegedActionException'> (0x00000000d7775188) thrown at [/HUDSON/workspace/8-2-build-linux-amd64/jdk8u181/11358/hotspot/src/share/vm/prims/jvm.cpp, line 1435]
Event: 0.442 Thread 0x00007f8308013000 Exception <a 'java/security/PrivilegedActionException'> (0x00000000d77775f0) thrown at [/HUDSON/workspace/8-2-build-linux-amd64/jdk8u181/11358/hotspot/src/share/vm/prims/jvm.cpp, line 1435]
Event: 0.442 Thread 0x00007f8308013000 Exception <a 'java/security/PrivilegedActionException'> (0x00000000d7777800) thrown at [/HUDSON/workspace/8-2-build-linux-amd64/jdk8u181/11358/hotspot/src/share/vm/prims/jvm.cpp, line 1435]
Event: 0.948 Thread 0x00007f8308013000 Implicit null exception at 0x00007f82f713abf4 to 0x00007f82f713b0ed
Event: 0.948 Thread 0x00007f8308013000 Implicit null exception at 0x00007f82f713b834 to 0x00007f82f713bd0d

Events (10 events):
Event: 1179.941 Executing VM operation: GetOrSetLocal done
Event: 1179.941 Executing VM operation: GetOrSetLocal
Event: 1179.941 Executing VM operation: GetOrSetLocal done
Event: 1179.942 Executing VM operation: GetOrSetLocal
Event: 1179.942 Executing VM operation: GetOrSetLocal done
Event: 1205.600 Executing VM operation: ChangeBreakpoints
Event: 1205.600 Executing VM operation: ChangeBreakpoints done
Event: 1525.709 Executing VM operation: RedefineClasses
Event: 1525.711 Executing VM operation: RedefineClasses done
Event: 1525.711 Executing VM operation: GetOrSetLocal


Dynamic libraries:
00400000-00401000 r-xp 00000000 08:15 2906702                            /usr/lib/jvm/java-8-oracle/bin/java
00600000-00601000 rw-p 00000000 08:15 2906702                            /usr/lib/jvm/java-8-oracle/bin/java
00ceb000-00d0c000 rw-p 00000000 00:00 0                                  [heap]
85600000-8a900000 rw-p 00000000 00:00 0 
8a900000-d7200000 ---p 00000000 00:00 0 
d7200000-d9b00000 rw-p 00000000 00:00 0 
d9b00000-100000000 ---p 00000000 00:00 0 
100000000-1000a0000 rw-p 00000000 00:00 0 
1000a0000-140000000 ---p 00000000 00:00 0 
7f82ac000000-7f82ac021000 rw-p 00000000 00:00 0 
7f82ac021000-7f82b0000000 ---p 00000000 00:00 0 
7f82b0000000-7f82b0021000 rw-p 00000000 00:00 0 
7f82b0021000-7f82b4000000 ---p 00000000 00:00 0 
7f82b4000000-7f82b42d5000 rw-p 00000000 00:00 0 
7f82b42d5000-7f82b8000000 ---p 00000000 00:00 0 
7f82b8000000-7f82b8265000 rw-p 00000000 00:00 0 
7f82b8265000-7f82bc000000 ---p 00000000 00:00 0 
7f82bc000000-7f82bc021000 rw-p 00000000 00:00 0 
7f82bc021000-7f82c0000000 ---p 00000000 00:00 0 
7f82c0000000-7f82c016b000 rw-p 00000000 00:00 0 
7f82c016b000-7f82c4000000 ---p 00000000 00:00 0 
7f82c4000000-7f82c4021000 rw-p 00000000 00:00 0 
7f82c4021000-7f82c8000000 ---p 00000000 00:00 0 
7f82c8000000-7f82c8021000 rw-p 00000000 00:00 0 
7f82c8021000-7f82cc000000 ---p 00000000 00:00 0 
7f82cc000000-7f82cc021000 rw-p 00000000 00:00 0 
7f82cc021000-7f82d0000000 ---p 00000000 00:00 0 
7f82d3536000-7f82d3537000 ---p 00000000 00:00 0 
7f82d3537000-7f82d3637000 rw-p 00000000 00:00 0 
7f82d3637000-7f82d363a000 ---p 00000000 00:00 0 
7f82d363a000-7f82d3738000 rw-p 00000000 00:00 0 
7f82d3738000-7f82d3739000 ---p 00000000 00:00 0 
7f82d3739000-7f82d373c000 ---p 00000000 00:00 0 
7f82d373c000-7f82d3839000 rw-p 00000000 00:00 0 
7f82d3839000-7f82d383a000 ---p 00000000 00:00 0 
7f82d383a000-7f82d383d000 ---p 00000000 00:00 0 
7f82d383d000-7f82d393a000 rw-p 00000000 00:00 0 
7f82d393a000-7f82d393b000 ---p 00000000 00:00 0 
7f82d393b000-7f82d393e000 ---p 00000000 00:00 0 
7f82d393e000-7f82d3a3b000 rw-p 00000000 00:00 0 
7f82d3a3b000-7f82d3a42000 r--s 00064000 08:15 1316049                    /opt/idea-IU-182.4323.46/lib/rt/debugger-agent.jar
7f82d3a42000-7f82d3a52000 r--s 001c7000 08:15 2507489                    /home/priagung/.m2/repository/com/h2database/h2/1.4.197/h2-1.4.197.jar
7f82d3a52000-7f82d3a57000 r--s 00022000 08:15 1577597                    /home/priagung/.m2/repository/org/xmlunit/xmlunit-core/2.5.1/xmlunit-core-2.5.1.jar
7f82d3a57000-7f82d3a64000 r--s 00087000 08:15 1577591                    /home/priagung/.m2/repository/org/springframework/spring-test/5.0.8.RELEASE/spring-test-5.0.8.RELEASE.jar
7f82d3a64000-7f82d3a66000 r--s 00004000 08:15 1446675                    /home/priagung/.m2/repository/org/springframework/spring-jcl/5.0.8.RELEASE/spring-jcl-5.0.8.RELEASE.jar
7f82d3a66000-7f82d3a7e000 r--s 00114000 08:15 1446658                    /home/priagung/.m2/repository/org/springframework/spring-core/5.0.8.RELEASE/spring-core-5.0.8.RELEASE.jar
7f82d3a7e000-7f82d3a7f000 r--s 00004000 08:15 1577590                    /home/priagung/.m2/repository/com/vaadin/external/google/android-json/0.0.20131108.vaadin1/android-json-0.0.20131108.vaadin1.jar
7f82d3a7f000-7f82d3a81000 r--s 00006000 08:15 1577593                    /home/priagung/.m2/repository/org/skyscreamer/jsonassert/1.5.0/jsonassert-1.5.0.jar
7f82d3a81000-7f82d3a82000 r--s 0000c000 08:15 1577577                    /home/priagung/.m2/repository/org/hamcrest/hamcrest-library/1.3/hamcrest-library-1.3.jar
7f82d3a82000-7f82d3a84000 r--s 00009000 08:15 1577592                    /home/priagung/.m2/repository/org/hamcrest/hamcrest-core/1.3/hamcrest-core-1.3.jar
7f82d3a84000-7f82d3a86000 r--s 0000c000 08:15 1577588                    /home/priagung/.m2/repository/org/objenesis/objenesis/2.6/objenesis-2.6.jar
7f82d3a86000-7f82d3a88000 r--s 00009000 08:15 1577586                    /home/priagung/.m2/repository/net/bytebuddy/byte-buddy-agent/1.7.11/byte-buddy-agent-1.7.11.jar
7f82d3a88000-7f82d3ac4000 r--s 00290000 08:15 1577584                    /home/priagung/.m2/repository/net/bytebuddy/byte-buddy/1.7.11/byte-buddy-1.7.11.jar
7f82d3ac4000-7f82d3ad4000 r--s 00075000 08:15 1577582                    /home/priagung/.m2/repository/org/mockito/mockito-core/2.15.0/mockito-core-2.15.0.jar
7f82d3ad4000-7f82d3b29000 r--s 00367000 08:15 1577579                    /home/priagung/.m2/repository/org/assertj/assertj-core/3.9.1/assertj-core-3.9.1.jar
7f82d3b29000-7f82d3b31000 r--s 00045000 08:15 1577564                    /home/priagung/.m2/repository/junit/junit/4.12/junit-4.12.jar
7f82d3b31000-7f82d3b33000 r--s 0000c000 08:15 1577575                    /home/priagung/.m2/repository/org/ow2/asm/asm/5.0.4/asm-5.0.4.jar
7f82d3b33000-7f82d3b35000 r--s 00006000 08:15 1577573                    /home/priagung/.m2/repository/net/minidev/accessors-smart/1.2/accessors-smart-1.2.jar
7f82d3b35000-7f82d3b38000 r--s 0001b000 08:15 1577569                    /home/priagung/.m2/repository/net/minidev/json-smart/2.3/json-smart-2.3.jar
7f82d3b38000-7f82d3b3e000 r--s 00031000 08:15 1577567                    /home/priagung/.m2/repository/com/jayway/jsonpath/json-path/2.4.0/json-path-2.4.0.jar
7f82d3b3e000-7f82d3b45000 r--s 00020000 08:15 1577566                    /home/priagung/.m2/repository/org/springframework/boot/spring-boot-test-autoconfigure/2.0.4.RELEASE/spring-boot-test-autoconfigure-2.0.4.RELEASE.jar
7f82d3b45000-7f82d3b4a000 r--s 0002b000 08:15 1577571                    /home/priagung/.m2/repository/org/springframework/boot/spring-boot-test/2.0.4.RELEASE/spring-boot-test-2.0.4.RELEASE.jar
7f82d3b4a000-7f82d3b4b000 r--s 00000000 08:15 1577559                    /home/priagung/.m2/repository/org/springframework/boot/spring-boot-starter-test/2.0.4.RELEASE/spring-boot-starter-test-2.0.4.RELEASE.jar
7f82d3b4b000-7f82d3b50000 r--s 00040000 08:15 1446667                    /home/priagung/.m2/repository/org/springframework/spring-expression/5.0.8.RELEASE/spring-expression-5.0.8.RELEASE.jar
7f82d3b50000-7f82d3b60000 r--s 000b2000 08:15 1577532                    /home/priagung/.m2/repository/org/springframework/spring-webmvc/5.0.8.RELEASE/spring-webmvc-5.0.8.RELEASE.jar
7f82d3b60000-7f82d3b7a000 r--s 0011b000 08:15 1577552                    /home/priagung/.m2/repository/org/springframework/spring-web/5.0.8.RELEASE/spring-web-5.0.8.RELEASE.jar
7f82d3b7a000-7f82d3b7f000 r--s 00012000 08:15 1577555                    /home/priagung/.m2/repository/javax/validation/validation-api/2.0.1.Final/validation-api-2.0.1.Final.jar
7f82d3b7f000-7f82d3b9c000 r--s 000fe000 08:15 1577526                    /home/priagung/.m2/repository/org/hibernate/validator/hibernate-validator/6.0.11.Final/hibernate-validator-6.0.11.Final.jar
7f82d3b9c000-7f82d3ba1000 r--s 0003a000 08:15 1577553                    /home/priagung/.m2/repository/org/apache/tomcat/embed/tomcat-embed-websocket/8.5.32/tomcat-embed-websocket-8.5.32.jar
7f82d3ba1000-7f82d3ba6000 r--s 00037000 08:15 1577551                    /home/priagung/.m2/repository/org/apache/tomcat/embed/tomcat-embed-el/8.5.32/tomcat-embed-el-8.5.32.jar
7f82d3ba6000-7f82d3bcf000 r--s 002d3000 08:15 1577533                    /home/priagung/.m2/repository/org/apache/tomcat/embed/tomcat-embed-core/8.5.32/tomcat-embed-core-8.5.32.jar
7f82d3bcf000-7f82d3bd0000 r--s 00000000 08:15 1577534                    /home/priagung/.m2/repository/org/springframework/boot/spring-boot-starter-tomcat/2.0.4.RELEASE/spring-boot-starter-tomcat-2.0.4.RELEASE.jar
7f82d3bd0000-7f82d3bd2000 r--s 00001000 08:15 1577535                    /home/priagung/.m2/repository/com/fasterxml/jackson/module/jackson-module-parameter-names/2.9.6/jackson-module-parameter-names-2.9.6.jar
7f82d3bd2000-7f82d3bd5000 r--s 00016000 08:15 1577543                    /home/priagung/.m2/repository/com/fasterxml/jackson/datatype/jackson-datatype-jsr310/2.9.6/jackson-datatype-jsr310-2.9.6.jar
7f82d3bd5000-7f82d3bda000 r--s 0004b000 08:15 1577542                    /home/priagung/.m2/repository/com/fasterxml/jackson/core/jackson-core/2.9.6/jackson-core-2.9.6.jar
7f82d3bda000-7f82d3bdd000 r--s 0000e000 08:15 1577548                    /home/priagung/.m2/repository/com/fasterxml/jackson/core/jackson-annotations/2.9.0/jackson-annotations-2.9.0.jar
7f82d3bdd000-7f82d3bf0000 r--s 00137000 08:15 1577545                    /home/priagung/.m2/repository/com/fasterxml/jackson/core/jackson-databind/2.9.6/jackson-databind-2.9.6.jar
7f82d3bf0000-7f82d3bfa000 r--s 000bd000 08:15 1971275                    /home/priagung/.m2/repository/org/postgresql/postgresql/42.2.4/postgresql-42.2.4.jar
7f82d3bfa000-7f82d3bfd000 ---p 00000000 00:00 0 
7f82d3bfd000-7f82d3cfb000 rw-p 00000000 00:00 0 
7f82d3cfb000-7f82d3cfe000 ---p 00000000 00:00 0 
7f82d3cfe000-7f82d3dfc000 rw-p 00000000 00:00 0 
7f82d3dfc000-7f82d3e00000 r-xp 00000000 08:15 3023552                    /usr/lib/jvm/java-8-oracle/jre/lib/amd64/libdt_socket.so
7f82d3e00000-7f82d3fff000 ---p 00004000 08:15 3023552                    /usr/lib/jvm/java-8-oracle/jre/lib/amd64/libdt_socket.so
7f82d3fff000-7f82d4000000 rw-p 00003000 08:15 3023552                    /usr/lib/jvm/java-8-oracle/jre/lib/amd64/libdt_socket.so
7f82d4000000-7f82d4021000 rw-p 00000000 00:00 0 
7f82d4021000-7f82d8000000 ---p 00000000 00:00 0 
7f82d8000000-7f82d8021000 rw-p 00000000 00:00 0 
7f82d8021000-7f82dc000000 ---p 00000000 00:00 0 
7f82dc000000-7f82dc29b000 rw-p 00000000 00:00 0 
7f82dc29b000-7f82e0000000 ---p 00000000 00:00 0 
7f82e0000000-7f82e0002000 r--s 00007000 08:15 1577539                    /home/priagung/.m2/repository/com/fasterxml/jackson/datatype/jackson-datatype-jdk8/2.9.6/jackson-datatype-jdk8-2.9.6.jar
7f82e0002000-7f82e0003000 r--s 00000000 08:15 1577530                    /home/priagung/.m2/repository/org/springframework/boot/spring-boot-starter-json/2.0.4.RELEASE/spring-boot-starter-json-2.0.4.RELEASE.jar
7f82e0003000-7f82e0004000 r--s 00000000 08:15 1446650                    /home/priagung/.m2/repository/org/springframework/boot/spring-boot-starter-web/2.0.4.RELEASE/spring-boot-starter-web-2.0.4.RELEASE.jar
7f82e0004000-7f82e001b000 r--s 00173000 08:15 1971277                    /home/priagung/.m2/repository/org/projectlombok/lombok/1.16.22/lombok-1.16.22.jar
7f82e001b000-7f82e0028000 r--s 00095000 08:15 1446684                    /home/priagung/.m2/repository/org/springframework/spring-beans/5.0.8.RELEASE/spring-beans-5.0.8.RELEASE.jar
7f82e0028000-7f82e0030000 r--s 00037000 08:15 1446951                    /home/priagung/.m2/repository/org/springframework/spring-tx/5.0.8.RELEASE/spring-tx-5.0.8.RELEASE.jar
7f82e0030000-7f82e00ae000 r--s 005f0000 08:15 1846057                    /home/priagung/.m2/repository/org/hibernate/hibernate-core/5.2.17.Final/hibernate-core-5.2.17.Final.jar
7f82e00ae000-7f82e00b1000 ---p 00000000 00:00 0 
7f82e00b1000-7f82e01af000 rw-p 00000000 00:00 0 
7f82e01af000-7f82e01b2000 ---p 00000000 00:00 0 
7f82e01b2000-7f82e4000000 rw-p 00000000 00:00 0 
7f82e4000000-7f82e4021000 rw-p 00000000 00:00 0 
7f82e4021000-7f82e8000000 ---p 00000000 00:00 0 
7f82e8000000-7f82e8021000 rw-p 00000000 00:00 0 
7f82e8021000-7f82ec000000 ---p 00000000 00:00 0 
7f82ec000000-7f82ec021000 rw-p 00000000 00:00 0 
7f82ec021000-7f82f0000000 ---p 00000000 00:00 0 
7f82f0000000-7f82f0021000 rw-p 00000000 00:00 0 
7f82f0021000-7f82f4000000 ---p 00000000 00:00 0 
7f82f4000000-7f82f4002000 r--s 0000a000 08:15 1971247                    /home/priagung/.m2/repository/org/springframework/spring-aspects/5.0.8.RELEASE/spring-aspects-5.0.8.RELEASE.jar
7f82f4002000-7f82f4004000 r--s 00009000 08:15 1446681                    /home/priagung/.m2/repository/org/slf4j/slf4j-api/1.7.25/slf4j-api-1.7.25.jar
7f82f4004000-7f82f401e000 r--s 000f1000 08:15 1446683                    /home/priagung/.m2/repository/org/springframework/spring-context/5.0.8.RELEASE/spring-context-5.0.8.RELEASE.jar
7f82f401e000-7f82f4022000 r--s 0002b000 08:15 1971252                    /home/priagung/.m2/repository/org/springframework/spring-orm/5.0.8.RELEASE/spring-orm-5.0.8.RELEASE.jar
7f82f4022000-7f82f4039000 r--s 000f1000 08:15 1446953                    /home/priagung/.m2/repository/org/springframework/data/spring-data-commons/2.0.9.RELEASE/spring-data-commons-2.0.9.RELEASE.jar
7f82f4039000-7f82f4041000 r--s 0004b000 08:15 1971250                    /home/priagung/.m2/repository/org/springframework/data/spring-data-jpa/2.0.9.RELEASE/spring-data-jpa-2.0.9.RELEASE.jar
7f82f4041000-7f82f4043000 r--s 00006000 08:15 1971248                    /home/priagung/.m2/repository/javax/transaction/javax.transaction-api/1.2/javax.transaction-api-1.2.jar
7f82f4043000-7f82f4046000 r--s 00010000 08:15 1971246                    /home/priagung/.m2/repository/org/hibernate/common/hibernate-commons-annotations/5.0.1.Final/hibernate-commons-annotations-5.0.1.Final.jar
7f82f4046000-7f82f404b000 r--s 00048000 08:15 1971244                    /home/priagung/.m2/repository/dom4j/dom4j/1.6.1/dom4j-1.6.1.jar
7f82f404b000-7f82f404d000 r--s 0000e000 08:15 1446653                    /home/priagung/.m2/repository/com/fasterxml/classmate/1.3.4/classmate-1.3.4.jar
7f82f404d000-7f82f4050000 r--s 0002b000 08:15 1709576                    /home/priagung/.m2/repository/org/jboss/jandex/2.0.3.Final/jandex-2.0.3.Final.jar
7f82f4050000-7f82f4055000 r--s 00068000 08:15 1971236                    /home/priagung/.m2/repository/antlr/antlr/2.7.7/antlr-2.7.7.jar
7f82f4055000-7f82f405f000 r--s 000ab000 08:15 1971232                    /home/priagung/.m2/repository/org/javassist/javassist/3.22.0-GA/javassist-3.22.0-GA.jar
7f82f405f000-7f82f4064000 r--s 00017000 08:15 1971230                    /home/priagung/.m2/repository/org/hibernate/javax/persistence/hibernate-jpa-2.1-api/1.0.2.Final/hibernate-jpa-2.1-api-1.0.2.Final.jar
7f82f4064000-7f82f4066000 r--s 0000f000 08:15 1577557                    /home/priagung/.m2/repository/org/jboss/logging/jboss-logging/3.3.2.Final/jboss-logging-3.3.2.Final.jar
7f82f4066000-7f82f406f000 r--s 00059000 08:15 1846054                    /home/priagung/.m2/repository/org/springframework/spring-jdbc/5.0.8.RELEASE/spring-jdbc-5.0.8.RELEASE.jar
7f82f406f000-7f82f4073000 r--s 00020000 08:15 1846052                    /home/priagung/.m2/repository/com/zaxxer/HikariCP/2.7.9/HikariCP-2.7.9.jar
7f82f4073000-7f82f4074000 r--s 00000000 08:15 1846050                    /home/priagung/.m2/repository/org/springframework/boot/spring-boot-starter-jdbc/2.0.4.RELEASE/spring-boot-starter-jdbc-2.0.4.RELEASE.jar
7f82f4074000-7f82f408d000 r--s 001bf000 08:15 1846044                    /home/priagung/.m2/repository/org/aspectj/aspectjweaver/1.8.13/aspectjweaver-1.8.13.jar
7f82f408d000-7f82f4096000 r--s 00051000 08:15 1446674                    /home/priagung/.m2/repository/org/springframework/spring-aop/5.0.8.RELEASE/spring-aop-5.0.8.RELEASE.jar
7f82f4096000-7f82f409d000 r--s 00042000 08:15 1577529                    /home/priagung/.m2/repository/org/yaml/snakeyaml/1.19/snakeyaml-1.19.jar
7f82f409d000-7f82f409f000 r--s 00005000 08:15 1577549                    /home/priagung/.m2/repository/javax/annotation/javax.annotation-api/1.3.2/javax.annotation-api-1.3.2.jar
7f82f409f000-7f82f40a1000 r--s 00000000 08:15 1577523                    /home/priagung/.m2/repository/org/slf4j/jul-to-slf4j/1.7.25/jul-to-slf4j-1.7.25.jar
7f82f40a1000-7f82f40a7000 r--s 00039000 08:15 1577521                    /home/priagung/.m2/repository/org/apache/logging/log4j/log4j-api/2.10.0/log4j-api-2.10.0.jar
7f82f40a7000-7f82f40b2000 r--s 00069000 08:15 1446666                    /home/priagung/.m2/repository/ch/qos/logback/logback-core/1.2.3/logback-core-1.2.3.jar
7f82f40b2000-7f82f40d3000 r--s 000fd000 08:15 1446668                    /home/priagung/.m2/repository/org/springframework/boot/spring-boot-autoconfigure/2.0.4.RELEASE/spring-boot-autoconfigure-2.0.4.RELEASE.jar
7f82f40d3000-7f82f40e8000 r--s 000d0000 08:15 1446657                    /home/priagung/.m2/repository/org/springframework/boot/spring-boot/2.0.4.RELEASE/spring-boot-2.0.4.RELEASE.jar
7f82f40e8000-7f82f40eb000 ---p 00000000 00:00 0 
7f82f40eb000-7f82f41e9000 rw-p 00000000 00:00 0 
7f82f41e9000-7f82f41ec000 ---p 00000000 00:00 0 
7f82f41ec000-7f82f42ea000 rw-p 00000000 00:00 0 
7f82f42ea000-7f82f42eb000 ---p 00000000 00:00 0 
7f82f42eb000-7f82f52fa000 rw-p 00000000 00:00 0 
7f82f52fa000-7f82f54d4000 r--s 03d6b000 08:15 3023515                    /usr/lib/jvm/java-8-oracle/jre/lib/rt.jar
7f82f54d4000-7f82f5a0a000 rw-p 00000000 00:00 0 
7f82f5a0a000-7f82f5d4a000 ---p 00000000 00:00 0 
7f82f5d4a000-7f82f611f000 rw-p 00000000 00:00 0 
7f82f611f000-7f82f6120000 ---p 00000000 00:00 0 
7f82f6120000-7f82f6220000 rw-p 00000000 00:00 0 
7f82f6220000-7f82f6221000 ---p 00000000 00:00 0 
7f82f6221000-7f82f6321000 rw-p 00000000 00:00 0 
7f82f6321000-7f82f6322000 ---p 00000000 00:00 0 
7f82f6322000-7f82f6422000 rw-p 00000000 00:00 0 
7f82f6422000-7f82f6423000 ---p 00000000 00:00 0 
7f82f6423000-7f82f654d000 rw-p 00000000 00:00 0 
7f82f654d000-7f82f67b1000 ---p 00000000 00:00 0 
7f82f67b1000-7f82f67db000 rw-p 00000000 00:00 0 
7f82f67db000-7f82f6a3f000 ---p 00000000 00:00 0 
7f82f6a3f000-7f82f6a54000 rw-p 00000000 00:00 0 
7f82f6a54000-7f82f6b86000 ---p 00000000 00:00 0 
7f82f6b86000-7f82f6b91000 rw-p 00000000 00:00 0 
7f82f6b91000-7f82f6f47000 ---p 00000000 00:00 0 
7f82f6f47000-7f82f71b7000 rwxp 00000000 00:00 0 
7f82f71b7000-7f8305f47000 ---p 00000000 00:00 0 
7f8305f47000-7f8305f62000 r-xp 00000000 08:15 3023581                    /usr/lib/jvm/java-8-oracle/jre/lib/amd64/libzip.so
7f8305f62000-7f8306162000 ---p 0001b000 08:15 3023581                    /usr/lib/jvm/java-8-oracle/jre/lib/amd64/libzip.so
7f8306162000-7f8306163000 rw-p 0001b000 08:15 3023581                    /usr/lib/jvm/java-8-oracle/jre/lib/amd64/libzip.so
7f8306163000-7f830616e000 r-xp 00000000 08:15 923132                     /lib/x86_64-linux-gnu/libnss_files-2.27.so
7f830616e000-7f830636d000 ---p 0000b000 08:15 923132                     /lib/x86_64-linux-gnu/libnss_files-2.27.so
7f830636d000-7f830636e000 r--p 0000a000 08:15 923132                     /lib/x86_64-linux-gnu/libnss_files-2.27.so
7f830636e000-7f830636f000 rw-p 0000b000 08:15 923132                     /lib/x86_64-linux-gnu/libnss_files-2.27.so
7f830636f000-7f8306375000 rw-p 00000000 00:00 0 
7f8306375000-7f830638c000 r-xp 00000000 08:15 923126                     /lib/x86_64-linux-gnu/libnsl-2.27.so
7f830638c000-7f830658b000 ---p 00017000 08:15 923126                     /lib/x86_64-linux-gnu/libnsl-2.27.so
7f830658b000-7f830658c000 r--p 00016000 08:15 923126                     /lib/x86_64-linux-gnu/libnsl-2.27.so
7f830658c000-7f830658d000 rw-p 00017000 08:15 923126                     /lib/x86_64-linux-gnu/libnsl-2.27.so
7f830658d000-7f830658f000 rw-p 00000000 00:00 0 
7f830658f000-7f830659a000 r-xp 00000000 08:15 923143                     /lib/x86_64-linux-gnu/libnss_nis-2.27.so
7f830659a000-7f8306799000 ---p 0000b000 08:15 923143                     /lib/x86_64-linux-gnu/libnss_nis-2.27.so
7f8306799000-7f830679a000 r--p 0000a000 08:15 923143                     /lib/x86_64-linux-gnu/libnss_nis-2.27.so
7f830679a000-7f830679b000 rw-p 0000b000 08:15 923143                     /lib/x86_64-linux-gnu/libnss_nis-2.27.so
7f830679b000-7f83067a3000 r-xp 00000000 08:15 923128                     /lib/x86_64-linux-gnu/libnss_compat-2.27.so
7f83067a3000-7f83069a3000 ---p 00008000 08:15 923128                     /lib/x86_64-linux-gnu/libnss_compat-2.27.so
7f83069a3000-7f83069a4000 r--p 00008000 08:15 923128                     /lib/x86_64-linux-gnu/libnss_compat-2.27.so
7f83069a4000-7f83069a5000 rw-p 00009000 08:15 923128                     /lib/x86_64-linux-gnu/libnss_compat-2.27.so
7f83069a5000-7f83069af000 r-xp 00000000 08:15 3023590                    /usr/lib/jvm/java-8-oracle/jre/lib/amd64/libinstrument.so
7f83069af000-7f8306bae000 ---p 0000a000 08:15 3023590                    /usr/lib/jvm/java-8-oracle/jre/lib/amd64/libinstrument.so
7f8306bae000-7f8306baf000 rw-p 00009000 08:15 3023590                    /usr/lib/jvm/java-8-oracle/jre/lib/amd64/libinstrument.so
7f8306baf000-7f830757f000 r--p 00000000 08:15 2759365                    /usr/lib/locale/locale-archive
7f830757f000-7f8307581000 r-xp 00000000 08:15 3023554                    /usr/lib/jvm/java-8-oracle/jre/lib/amd64/libnpt.so
7f8307581000-7f8307781000 ---p 00002000 08:15 3023554                    /usr/lib/jvm/java-8-oracle/jre/lib/amd64/libnpt.so
7f8307781000-7f8307782000 rw-p 00002000 08:15 3023554                    /usr/lib/jvm/java-8-oracle/jre/lib/amd64/libnpt.so
7f8307782000-7f83077bc000 r-xp 00000000 08:15 3023568                    /usr/lib/jvm/java-8-oracle/jre/lib/amd64/libjdwp.so
7f83077bc000-7f83079bb000 ---p 0003a000 08:15 3023568                    /usr/lib/jvm/java-8-oracle/jre/lib/amd64/libjdwp.so
7f83079bb000-7f83079bc000 rw-p 00039000 08:15 3023568                    /usr/lib/jvm/java-8-oracle/jre/lib/amd64/libjdwp.so
7f83079bc000-7f83079bd000 rw-p 00000000 00:00 0 
7f83079bd000-7f83079e8000 r-xp 00000000 08:15 3023575                    /usr/lib/jvm/java-8-oracle/jre/lib/amd64/libjava.so
7f83079e8000-7f8307be7000 ---p 0002b000 08:15 3023575                    /usr/lib/jvm/java-8-oracle/jre/lib/amd64/libjava.so
7f8307be7000-7f8307be9000 rw-p 0002a000 08:15 3023575                    /usr/lib/jvm/java-8-oracle/jre/lib/amd64/libjava.so
7f8307be9000-7f8307bf6000 r-xp 00000000 08:15 3023580                    /usr/lib/jvm/java-8-oracle/jre/lib/amd64/libverify.so
7f8307bf6000-7f8307df6000 ---p 0000d000 08:15 3023580                    /usr/lib/jvm/java-8-oracle/jre/lib/amd64/libverify.so
7f8307df6000-7f8307df8000 rw-p 0000d000 08:15 3023580                    /usr/lib/jvm/java-8-oracle/jre/lib/amd64/libverify.so
7f8307df8000-7f8307dff000 r-xp 00000000 08:15 923183                     /lib/x86_64-linux-gnu/librt-2.27.so
7f8307dff000-7f8307ffe000 ---p 00007000 08:15 923183                     /lib/x86_64-linux-gnu/librt-2.27.so
7f8307ffe000-7f8307fff000 r--p 00006000 08:15 923183                     /lib/x86_64-linux-gnu/librt-2.27.so
7f8307fff000-7f8308000000 rw-p 00007000 08:15 923183                     /lib/x86_64-linux-gnu/librt-2.27.so
7f8308000000-7f8308885000 rw-p 00000000 00:00 0 
7f8308885000-7f830c000000 ---p 00000000 00:00 0 
7f830c000000-7f830c001000 r--s 00000000 08:15 1709574                    /home/priagung/.m2/repository/org/springframework/boot/spring-boot-starter-aop/2.0.4.RELEASE/spring-boot-starter-aop-2.0.4.RELEASE.jar
7f830c001000-7f830c003000 r--s 00003000 08:15 1446670                    /home/priagung/.m2/repository/org/apache/logging/log4j/log4j-to-slf4j/2.10.0/log4j-to-slf4j-2.10.0.jar
7f830c003000-7f830c009000 r--s 00041000 08:15 1446664                    /home/priagung/.m2/repository/ch/qos/logback/logback-classic/1.2.3/logback-classic-1.2.3.jar
7f830c009000-7f830c00a000 r--s 00000000 08:15 1446662                    /home/priagung/.m2/repository/org/springframework/boot/spring-boot-starter-logging/2.0.4.RELEASE/spring-boot-starter-logging-2.0.4.RELEASE.jar
7f830c00a000-7f830c00b000 r--s 00000000 08:15 1446677                    /home/priagung/.m2/repository/org/springframework/boot/spring-boot-starter/2.0.4.RELEASE/spring-boot-starter-2.0.4.RELEASE.jar
7f830c00b000-7f830c01e000 r--s 00345000 08:15 3023519                    /usr/lib/jvm/java-8-oracle/jre/lib/resources.jar
7f830c01e000-7f830c031000 r--s 000d6000 08:15 3023500                    /usr/lib/jvm/java-8-oracle/jre/lib/plugin.jar
7f830c031000-7f830c036000 r--s 0009d000 08:15 3023520                    /usr/lib/jvm/java-8-oracle/jre/lib/jsse.jar
7f830c036000-7f830c038000 r--s 00007000 08:15 3023528                    /usr/lib/jvm/java-8-oracle/jre/lib/jfxswt.jar
7f830c038000-7f830c054000 r--s 0020b000 08:15 3023487                    /usr/lib/jvm/java-8-oracle/jre/lib/deploy.jar
7f830c054000-7f830c1f1000 r-xp 00000000 08:15 923105                     /lib/x86_64-linux-gnu/libm-2.27.so
7f830c1f1000-7f830c3f0000 ---p 0019d000 08:15 923105                     /lib/x86_64-linux-gnu/libm-2.27.so
7f830c3f0000-7f830c3f1000 r--p 0019c000 08:15 923105                     /lib/x86_64-linux-gnu/libm-2.27.so
7f830c3f1000-7f830c3f2000 rw-p 0019d000 08:15 923105                     /lib/x86_64-linux-gnu/libm-2.27.so
7f830c3f2000-7f830d0ce000 r-xp 00000000 08:15 3157549                    /usr/lib/jvm/java-8-oracle/jre/lib/amd64/server/libjvm.so
7f830d0ce000-7f830d2ce000 ---p 00cdc000 08:15 3157549                    /usr/lib/jvm/java-8-oracle/jre/lib/amd64/server/libjvm.so
7f830d2ce000-7f830d3a8000 rw-p 00cdc000 08:15 3157549                    /usr/lib/jvm/java-8-oracle/jre/lib/amd64/server/libjvm.so
7f830d3a8000-7f830d3f3000 rw-p 00000000 00:00 0 
7f830d3f3000-7f830d5da000 r-xp 00000000 08:15 923042                     /lib/x86_64-linux-gnu/libc-2.27.so
7f830d5da000-7f830d7da000 ---p 001e7000 08:15 923042                     /lib/x86_64-linux-gnu/libc-2.27.so
7f830d7da000-7f830d7de000 r--p 001e7000 08:15 923042                     /lib/x86_64-linux-gnu/libc-2.27.so
7f830d7de000-7f830d7e0000 rw-p 001eb000 08:15 923042                     /lib/x86_64-linux-gnu/libc-2.27.so
7f830d7e0000-7f830d7e4000 rw-p 00000000 00:00 0 
7f830d7e4000-7f830d7e7000 r-xp 00000000 08:15 923065                     /lib/x86_64-linux-gnu/libdl-2.27.so
7f830d7e7000-7f830d9e6000 ---p 00003000 08:15 923065                     /lib/x86_64-linux-gnu/libdl-2.27.so
7f830d9e6000-7f830d9e7000 r--p 00002000 08:15 923065                     /lib/x86_64-linux-gnu/libdl-2.27.so
7f830d9e7000-7f830d9e8000 rw-p 00003000 08:15 923065                     /lib/x86_64-linux-gnu/libdl-2.27.so
7f830d9e8000-7f830d9fe000 r-xp 00000000 08:15 3283644                    /usr/lib/jvm/java-8-oracle/lib/amd64/jli/libjli.so
7f830d9fe000-7f830dbfd000 ---p 00016000 08:15 3283644                    /usr/lib/jvm/java-8-oracle/lib/amd64/jli/libjli.so
7f830dbfd000-7f830dbfe000 rw-p 00015000 08:15 3283644                    /usr/lib/jvm/java-8-oracle/lib/amd64/jli/libjli.so
7f830dbfe000-7f830dc18000 r-xp 00000000 08:15 923175                     /lib/x86_64-linux-gnu/libpthread-2.27.so
7f830dc18000-7f830de17000 ---p 0001a000 08:15 923175                     /lib/x86_64-linux-gnu/libpthread-2.27.so
7f830de17000-7f830de18000 r--p 00019000 08:15 923175                     /lib/x86_64-linux-gnu/libpthread-2.27.so
7f830de18000-7f830de19000 rw-p 0001a000 08:15 923175                     /lib/x86_64-linux-gnu/libpthread-2.27.so
7f830de19000-7f830de1d000 rw-p 00000000 00:00 0 
7f830de1d000-7f830de44000 r-xp 00000000 08:15 923014                     /lib/x86_64-linux-gnu/ld-2.27.so
7f830de44000-7f830de45000 r--s 00000000 08:15 1709572                    /home/priagung/.m2/repository/org/springframework/boot/spring-boot-starter-data-jpa/2.0.4.RELEASE/spring-boot-starter-data-jpa-2.0.4.RELEASE.jar
7f830de45000-7f830de4a000 r--s 00084000 08:15 3023486                    /usr/lib/jvm/java-8-oracle/jre/lib/jfr.jar
7f830de4a000-7f830de53000 r--s 0006d000 08:15 3023496                    /usr/lib/jvm/java-8-oracle/jre/lib/javaws.jar
7f830de53000-7f830df24000 rw-p 00000000 00:00 0 
7f830df24000-7f830df25000 ---p 00000000 00:00 0 
7f830df25000-7f830df28000 ---p 00000000 00:00 0 
7f830df28000-7f830e029000 rw-p 00000000 00:00 0 
7f830e029000-7f830e02a000 r--s 00000000 08:15 3023493                    /usr/lib/jvm/java-8-oracle/jre/lib/management-agent.jar
7f830e02a000-7f830e02d000 r--s 0001a000 08:15 3023526                    /usr/lib/jvm/java-8-oracle/jre/lib/jce.jar
7f830e02d000-7f830e032000 r--s 002f9000 08:15 3023513                    /usr/lib/jvm/java-8-oracle/jre/lib/charsets.jar
7f830e032000-7f830e034000 r--s 00008000 08:15 1967934                    /opt/idea-IU-182.4323.46/plugins/junit/lib/junit5-rt.jar
7f830e034000-7f830e036000 r--s 00020000 08:15 1967933                    /opt/idea-IU-182.4323.46/plugins/junit/lib/junit-rt.jar
7f830e036000-7f830e038000 r--s 0001a000 08:15 1188030                    /opt/idea-IU-182.4323.46/lib/idea_rt.jar
7f830e038000-7f830e03a000 r--s 00001000 08:15 1316048                    /opt/idea-IU-182.4323.46/lib/rt/debugger-agent-storage.jar
7f830e03a000-7f830e042000 rw-s 00000000 08:15 2907603                    /tmp/hsperfdata_priagung/18941
7f830e042000-7f830e043000 rw-p 00000000 00:00 0 
7f830e043000-7f830e044000 ---p 00000000 00:00 0 
7f830e044000-7f830e045000 r--p 00027000 08:15 923014                     /lib/x86_64-linux-gnu/ld-2.27.so
7f830e045000-7f830e046000 rw-p 00028000 08:15 923014                     /lib/x86_64-linux-gnu/ld-2.27.so
7f830e046000-7f830e047000 rw-p 00000000 00:00 0 
7fff01aae000-7fff01ad1000 rw-p 00000000 00:00 0                          [stack]
7fff01b07000-7fff01b0a000 r--p 00000000 00:00 0                          [vvar]
7fff01b0a000-7fff01b0c000 r-xp 00000000 00:00 0                          [vdso]
ffffffffff600000-ffffffffff601000 r-xp 00000000 00:00 0                  [vsyscall]

VM Arguments:
jvm_args: -agentlib:jdwp=transport=dt_socket,address=127.0.0.1:34397,suspend=y,server=n -ea -Didea.test.cyclic.buffer.size=1048576 -javaagent:/opt/idea-IU-182.4323.46/lib/rt/debugger-agent.jar=file:/tmp/capture.props -Dfile.encoding=UTF-8 
java_command: com.intellij.rt.execution.junit.JUnitStarter -ideVersion5 -junit4 @w@/tmp/idea_working_dirs_junit.tmp @/tmp/idea_junit.tmp
java_class_path (initial): /opt/idea-IU-182.4323.46/lib/idea_rt.jar:/opt/idea-IU-182.4323.46/plugins/junit/lib/junit-rt.jar:/opt/idea-IU-182.4323.46/plugins/junit/lib/junit5-rt.jar:/usr/lib/jvm/java-8-oracle/jre/lib/charsets.jar:/usr/lib/jvm/java-8-oracle/jre/lib/deploy.jar:/usr/lib/jvm/java-8-oracle/jre/lib/ext/cldrdata.jar:/usr/lib/jvm/java-8-oracle/jre/lib/ext/dnsns.jar:/usr/lib/jvm/java-8-oracle/jre/lib/ext/jaccess.jar:/usr/lib/jvm/java-8-oracle/jre/lib/ext/jfxrt.jar:/usr/lib/jvm/java-8-oracle/jre/lib/ext/localedata.jar:/usr/lib/jvm/java-8-oracle/jre/lib/ext/nashorn.jar:/usr/lib/jvm/java-8-oracle/jre/lib/ext/sunec.jar:/usr/lib/jvm/java-8-oracle/jre/lib/ext/sunjce_provider.jar:/usr/lib/jvm/java-8-oracle/jre/lib/ext/sunpkcs11.jar:/usr/lib/jvm/java-8-oracle/jre/lib/ext/zipfs.jar:/usr/lib/jvm/java-8-oracle/jre/lib/javaws.jar:/usr/lib/jvm/java-8-oracle/jre/lib/jce.jar:/usr/lib/jvm/java-8-oracle/jre/lib/jfr.jar:/usr/lib/jvm/java-8-oracle/jre/lib/jfxswt.jar:/usr/lib/jvm/java-8-oracle/jre/lib/jsse.jar:/usr/lib/jvm/java-8-oracle/jre/lib/management-agent.jar:/usr/lib/jvm/java-8-oracle/jre/lib/plugin.jar:/usr/lib/jvm/java-8-oracle/jre/lib/resources.jar:/usr/lib/jvm/java-8-oracle/jre/lib/rt.jar:/home/priagung/future-project-office-inventory-system/target/test-classes:/home/priagung/future-project-office-inventory-system/target/classes:/home/priagung/.m2/repository/org/springframework/boot/spring-boot-starter-data-jpa/2.0.4.RELEASE/spring-boot-starter-data-jpa-2.0.4.RELEASE.jar:/home/priagung/.m2/repository/org/springframework/boot/spring-boot-starter/2.0.4.RELEASE/spring-boot-starter-2.0.4.RELEASE.jar:/home/priagung/.m2/repository/org/springframework/boot/spring-boot/2.0.4.RELEASE/spring-boot-2.0.4.RELEASE.jar:/home/priagung/.m2/repository/org/springframework/boot/spring-boot-autoconfigure/2.0.4.RELEASE/spring-boot-autoconfigure-2.0.4.RELEASE.jar:/home/priagung/.m2/repository/org/springframework/boot/spring-boot-starter-logging/2.0.4.RELEASE/spring-boot-starter-logging-2.
Launcher Type: SUN_STANDARD

Environment Variables:
JAVA_HOME=/usr/lib/jvm/java-8-oracle
PATH=/home/priagung/.local/bin:/usr/local/sbin:/usr/local/bin:/usr/sbin:/usr/bin:/sbin:/bin:/usr/games:/usr/local/games:/snap/bin:/usr/lib/jvm/java-8-oracle/bin:/usr/lib/jvm/java-8-oracle/db/bin:/usr/lib/jvm/java-8-oracle/jre/bin
USERNAME=priagung
SHELL=/usr/bin/zsh
DISPLAY=:0

Signal Handlers:
SIGSEGV: [libjvm.so+0xad2a40], sa_mask[0]=11111111011111111101111111111110, sa_flags=SA_RESTART|SA_SIGINFO
SIGBUS: [libjvm.so+0xad2a40], sa_mask[0]=11111111011111111101111111111110, sa_flags=SA_RESTART|SA_SIGINFO
SIGFPE: [libjvm.so+0x92a610], sa_mask[0]=11111111011111111101111111111110, sa_flags=SA_RESTART|SA_SIGINFO
SIGPIPE: [libjvm.so+0x92a610], sa_mask[0]=11111111011111111101111111111110, sa_flags=SA_RESTART|SA_SIGINFO
SIGXFSZ: [libjvm.so+0x92a610], sa_mask[0]=11111111011111111101111111111110, sa_flags=SA_RESTART|SA_SIGINFO
SIGILL: [libjvm.so+0x92a610], sa_mask[0]=11111111011111111101111111111110, sa_flags=SA_RESTART|SA_SIGINFO
SIGUSR1: SIG_DFL, sa_mask[0]=00000000000000000000000000000000, sa_flags=none
SIGUSR2: [libjvm.so+0x92be70], sa_mask[0]=00100000000000000000000000000000, sa_flags=SA_RESTART|SA_SIGINFO
SIGHUP: [libjvm.so+0x92d270], sa_mask[0]=11111111011111111101111111111110, sa_flags=SA_RESTART|SA_SIGINFO
SIGINT: [libjvm.so+0x92d270], sa_mask[0]=11111111011111111101111111111110, sa_flags=SA_RESTART|SA_SIGINFO
SIGTERM: [libjvm.so+0x92d270], sa_mask[0]=11111111011111111101111111111110, sa_flags=SA_RESTART|SA_SIGINFO
SIGQUIT: [libjvm.so+0x92d270], sa_mask[0]=11111111011111111101111111111110, sa_flags=SA_RESTART|SA_SIGINFO


---------------  S Y S T E M  ---------------

OS:DISTRIB_ID=Ubuntu
DISTRIB_RELEASE=18.04
DISTRIB_CODENAME=bionic
DISTRIB_DESCRIPTION="Ubuntu 18.04.1 LTS"

uname:Linux 4.15.0-36-generic #39-Ubuntu SMP Mon Sep 24 16:19:09 UTC 2018 x86_64
libc:glibc 2.27 NPTL 2.27 
rlimit: STACK 8192k, CORE 0k, NPROC 30868, NOFILE 1048576, AS infinity
load average:5.67 3.51 2.53

/proc/meminfo:
MemTotal:        8033496 kB
MemFree:          635388 kB
MemAvailable:    2143620 kB
Buffers:          285984 kB
Cached:          1467752 kB
SwapCached:            0 kB
Active:          6113712 kB
Inactive:         702632 kB
Active(anon):    4901408 kB
Inactive(anon):   296132 kB
Active(file):    1212304 kB
Inactive(file):   406500 kB
Unevictable:         192 kB
Mlocked:             192 kB
SwapTotal:       2097148 kB
SwapFree:        2096892 kB
Dirty:             32952 kB
Writeback:             0 kB
AnonPages:       5062832 kB
Mapped:           593564 kB
Shmem:            134916 kB
Slab:             282056 kB
SReclaimable:     198268 kB
SUnreclaim:        83788 kB
KernelStack:       21552 kB
PageTables:       103192 kB
NFS_Unstable:          0 kB
Bounce:                0 kB
WritebackTmp:          0 kB
CommitLimit:     6113896 kB
Committed_AS:   16124964 kB
VmallocTotal:   34359738367 kB
VmallocUsed:           0 kB
VmallocChunk:          0 kB
HardwareCorrupted:     0 kB
AnonHugePages:     22528 kB
ShmemHugePages:        0 kB
ShmemPmdMapped:        0 kB
CmaTotal:              0 kB
CmaFree:               0 kB
HugePages_Total:       0
HugePages_Free:        0
HugePages_Rsvd:        0
HugePages_Surp:        0
Hugepagesize:       2048 kB
DirectMap4k:      514676 kB
DirectMap2M:     7739392 kB
DirectMap1G:           0 kB


CPU:total 4 (initial active 4) (2 cores per cpu, 2 threads per core) family 6 model 142 stepping 9, cmov, cx8, fxsr, mmx, sse, sse2, sse3, ssse3, sse4.1, sse4.2, popcnt, avx, avx2, aes, clmul, erms, 3dnowpref, lzcnt, ht, tsc, tscinvbit, bmi1, bmi2, adx

/proc/cpuinfo:
processor	: 0
vendor_id	: GenuineIntel
cpu family	: 6
model		: 142
model name	: Intel(R) Core(TM) i5-7200U CPU @ 2.50GHz
stepping	: 9
microcode	: 0x8e
cpu MHz		: 3100.000
cache size	: 3072 KB
physical id	: 0
siblings	: 4
core id		: 0
cpu cores	: 2
apicid		: 0
initial apicid	: 0
fpu		: yes
fpu_exception	: yes
cpuid level	: 22
wp		: yes
flags		: fpu vme de pse tsc msr pae mce cx8 apic sep mtrr pge mca cmov pat pse36 clflush dts acpi mmx fxsr sse sse2 ss ht tm pbe syscall nx pdpe1gb rdtscp lm constant_tsc art arch_perfmon pebs bts rep_good nopl xtopology nonstop_tsc cpuid aperfmperf tsc_known_freq pni pclmulqdq dtes64 monitor ds_cpl vmx est tm2 ssse3 sdbg fma cx16 xtpr pdcm pcid sse4_1 sse4_2 x2apic movbe popcnt tsc_deadline_timer aes xsave avx f16c rdrand lahf_lm abm 3dnowprefetch cpuid_fault epb invpcid_single pti ssbd ibrs ibpb stibp tpr_shadow vnmi flexpriority ept vpid fsgsbase tsc_adjust bmi1 avx2 smep bmi2 erms invpcid mpx rdseed adx smap clflushopt intel_pt xsaveopt xsavec xgetbv1 xsaves dtherm ida arat pln pts hwp hwp_notify hwp_act_window hwp_epp flush_l1d
bugs		: cpu_meltdown spectre_v1 spectre_v2 spec_store_bypass l1tf
bogomips	: 5424.00
clflush size	: 64
cache_alignment	: 64
address sizes	: 39 bits physical, 48 bits virtual
power management:

processor	: 1
vendor_id	: GenuineIntel
cpu family	: 6
model		: 142
model name	: Intel(R) Core(TM) i5-7200U CPU @ 2.50GHz
stepping	: 9
microcode	: 0x8e
cpu MHz		: 3100.001
cache size	: 3072 KB
physical id	: 0
siblings	: 4
core id		: 1
cpu cores	: 2
apicid		: 2
initial apicid	: 2
fpu		: yes
fpu_exception	: yes
cpuid level	: 22
wp		: yes
flags		: fpu vme de pse tsc msr pae mce cx8 apic sep mtrr pge mca cmov pat pse36 clflush dts acpi mmx fxsr sse sse2 ss ht tm pbe syscall nx pdpe1gb rdtscp lm constant_tsc art arch_perfmon pebs bts rep_good nopl xtopology nonstop_tsc cpuid aperfmperf tsc_known_freq pni pclmulqdq dtes64 monitor ds_cpl vmx est tm2 ssse3 sdbg fma cx16 xtpr pdcm pcid sse4_1 sse4_2 x2apic movbe popcnt tsc_deadline_timer aes xsave avx f16c rdrand lahf_lm abm 3dnowprefetch cpuid_fault epb invpcid_single pti tpr_shadow vnmi flexpriority ept vpid fsgsbase tsc_adjust bmi1 avx2 smep bmi2 erms invpcid mpx rdseed adx smap clflushopt intel_pt xsaveopt xsavec xgetbv1 xsaves dtherm ida arat pln pts hwp hwp_notify hwp_act_window hwp_epp
bugs		: cpu_meltdown spectre_v1 spectre_v2 spec_store_bypass l1tf
bogomips	: 5424.00
clflush size	: 64
cache_alignment	: 64
address sizes	: 39 bits physical, 48 bits virtual
power management:

processor	: 2
vendor_id	: GenuineIntel
cpu family	: 6
model		: 142
model name	: Intel(R) Core(TM) i5-7200U CPU @ 2.50GHz
stepping	: 9
microcode	: 0x8e
cpu MHz		: 3099.999
cache size	: 3072 KB
physical id	: 0
siblings	: 4
core id		: 0
cpu cores	: 2
apicid		: 1
initial apicid	: 1
fpu		: yes
fpu_exception	: yes
cpuid level	: 22
wp		: yes
flags		: fpu vme de pse tsc msr pae mce cx8 apic sep mtrr pge mca cmov pat pse36 clflush dts acpi mmx fxsr sse sse2 ss ht tm pbe syscall nx pdpe1gb rdtscp lm constant_tsc art arch_perfmon pebs bts rep_good nopl xtopology nonstop_tsc cpuid aperfmperf tsc_known_freq pni pclmulqdq dtes64 monitor ds_cpl vmx est tm2 ssse3 sdbg fma cx16 xtpr pdcm pcid sse4_1 sse4_2 x2apic movbe popcnt tsc_deadline_timer aes xsave avx f16c rdrand lahf_lm abm 3dnowprefetch cpuid_fault epb invpcid_single pti ssbd ibrs ibpb stibp tpr_shadow vnmi flexpriority ept vpid fsgsbase tsc_adjust bmi1 avx2 smep bmi2 erms invpcid mpx rdseed adx smap clflushopt intel_pt xsaveopt xsavec xgetbv1 xsaves dtherm ida arat pln pts hwp hwp_notify hwp_act_window hwp_epp flush_l1d
bugs		: cpu_meltdown spectre_v1 spectre_v2 spec_store_bypass l1tf
bogomips	: 5424.00
clflush size	: 64
cache_alignment	: 64
address sizes	: 39 bits physical, 48 bits virtual
power management:

processor	: 3
vendor_id	: GenuineIntel
cpu family	: 6
model		: 142
model name	: Intel(R) Core(TM) i5-7200U CPU @ 2.50GHz
stepping	: 9
microcode	: 0x8e
cpu MHz		: 3100.000
cache size	: 3072 KB
physical id	: 0
siblings	: 4
core id		: 1
cpu cores	: 2
apicid		: 3
initial apicid	: 3
fpu		: yes
fpu_exception	: yes
cpuid level	: 22
wp		: yes
flags		: fpu vme de pse tsc msr pae mce cx8 apic sep mtrr pge mca cmov pat pse36 clflush dts acpi mmx fxsr sse sse2 ss ht tm pbe syscall nx pdpe1gb rdtscp lm constant_tsc art arch_perfmon pebs bts rep_good nopl xtopology nonstop_tsc cpuid aperfmperf tsc_known_freq pni pclmulqdq dtes64 monitor ds_cpl vmx est tm2 ssse3 sdbg fma cx16 xtpr pdcm pcid sse4_1 sse4_2 x2apic movbe popcnt tsc_deadline_timer aes xsave avx f16c rdrand lahf_lm abm 3dnowprefetch cpuid_fault epb invpcid_single pti ssbd ibrs ibpb stibp tpr_shadow vnmi flexpriority ept vpid fsgsbase tsc_adjust bmi1 avx2 smep bmi2 erms invpcid mpx rdseed adx smap clflushopt intel_pt xsaveopt xsavec xgetbv1 xsaves dtherm ida arat pln pts hwp hwp_notify hwp_act_window hwp_epp flush_l1d
bugs		: cpu_meltdown spectre_v1 spectre_v2 spec_store_bypass l1tf
bogomips	: 5424.00
clflush size	: 64
cache_alignment	: 64
address sizes	: 39 bits physical, 48 bits virtual
power management:



Memory: 4k page, physical 8033496k(635388k free), swap 2097148k(2096892k free)

vm_info: Java HotSpot(TM) 64-Bit Server VM (25.181-b13) for linux-amd64 JRE (1.8.0_181-b13), built on Jul  7 2018 00:56:38 by "java_re" with gcc 4.3.0 20080428 (Red Hat 4.3.0-8)

time: Sun Oct 21 14:36:58 2018
elapsed time: 1525 seconds (0d 0h 25m 25s)

